Initializing FlowMatchingModel with param_dim=107690
Training FedAvg...
Global model updated via Flow-Assisted Aggregation.
Round [1/200]	 Train Loss [1.4070]	 Train Acc [50.40]	 Train Time [89.03]
Training Flow Model...
Round 2 Flow Model Training Avg Loss: 0.5483
Global model updated via Flow-Assisted Aggregation.
Round [2/200]	 Train Loss [1.1411]	 Train Acc [58.79]	 Train Time [58.19]
Training Flow Model...
Round 3 Flow Model Training Avg Loss: 0.5205
Global model updated via Flow-Assisted Aggregation.
Round [3/200]	 Train Loss [0.9497]	 Train Acc [65.78]	 Train Time [65.19]
Training Flow Model...
Round 4 Flow Model Training Avg Loss: 0.5302
Global model updated via Flow-Assisted Aggregation.
Round [4/200]	 Train Loss [0.6834]	 Train Acc [76.02]	 Train Time [69.91]
Training Flow Model...
Round 5 Flow Model Training Avg Loss: 0.5228
Global model updated via Flow-Assisted Aggregation.
Round [5/200]	 Train Loss [0.5887]	 Train Acc [79.32]	 Train Time [79.68]
Training Flow Model...
Round 6 Flow Model Training Avg Loss: 0.5565
Global model updated via Flow-Assisted Aggregation.
Round [6/200]	 Train Loss [0.3980]	 Train Acc [86.56]	 Train Time [63.46]
Training Flow Model...
Round 7 Flow Model Training Avg Loss: 0.5484
Global model updated via Flow-Assisted Aggregation.
Round [7/200]	 Train Loss [0.3477]	 Train Acc [88.77]	 Train Time [76.15]
Training Flow Model...
Round 8 Flow Model Training Avg Loss: 0.5278
Global model updated via Flow-Assisted Aggregation.
Round [8/200]	 Train Loss [0.2947]	 Train Acc [90.68]	 Train Time [69.23]
Training Flow Model...
Round 9 Flow Model Training Avg Loss: 0.5381
Global model updated via Flow-Assisted Aggregation.
Round [9/200]	 Train Loss [0.2506]	 Train Acc [92.13]	 Train Time [90.46]
Training Flow Model...
Round 10 Flow Model Training Avg Loss: 0.5378
Global model updated via Flow-Assisted Aggregation.
Round [10/200]	 Train Loss [0.2127]	 Train Acc [93.44]	 Train Time [52.96]
Training Flow Model...
Round 11 Flow Model Training Avg Loss: 0.5707
Global model updated via Flow-Assisted Aggregation.
Round [11/200]	 Train Loss [0.2209]	 Train Acc [93.17]	 Train Time [62.27]
Training Flow Model...
Round 12 Flow Model Training Avg Loss: 0.5372
Global model updated via Flow-Assisted Aggregation.
Round [12/200]	 Train Loss [0.2016]	 Train Acc [93.76]	 Train Time [70.77]
Training Flow Model...
Round 13 Flow Model Training Avg Loss: 0.5352
Global model updated via Flow-Assisted Aggregation.
Round [13/200]	 Train Loss [0.1883]	 Train Acc [94.14]	 Train Time [71.89]
Training Flow Model...
Round 14 Flow Model Training Avg Loss: 0.5302
Global model updated via Flow-Assisted Aggregation.
Round [14/200]	 Train Loss [0.1935]	 Train Acc [94.03]	 Train Time [76.86]
Training Flow Model...
Round 15 Flow Model Training Avg Loss: 0.5009
Global model updated via Flow-Assisted Aggregation.
Round [15/200]	 Train Loss [0.1613]	 Train Acc [94.96]	 Train Time [61.09]
Training Flow Model...
Round 16 Flow Model Training Avg Loss: 0.5449
Global model updated via Flow-Assisted Aggregation.
Round [16/200]	 Train Loss [0.1686]	 Train Acc [94.86]	 Train Time [69.63]
Training Flow Model...
Round 17 Flow Model Training Avg Loss: 0.5440
Global model updated via Flow-Assisted Aggregation.
Round [17/200]	 Train Loss [0.1509]	 Train Acc [95.35]	 Train Time [52.86]
Training Flow Model...
Round 18 Flow Model Training Avg Loss: 0.5204
Global model updated via Flow-Assisted Aggregation.
Round [18/200]	 Train Loss [0.1493]	 Train Acc [95.41]	 Train Time [56.17]
Training Flow Model...
Round 19 Flow Model Training Avg Loss: 0.5029
Global model updated via Flow-Assisted Aggregation.
Round [19/200]	 Train Loss [0.1400]	 Train Acc [95.66]	 Train Time [76.55]
Training Flow Model...
Round 20 Flow Model Training Avg Loss: 0.5267
Global model updated via Flow-Assisted Aggregation.
Round [20/200]	 Train Loss [0.1414]	 Train Acc [95.63]	 Test Loss [1.8152|1.7297]	 Test Acc [46.38(15.23)|68.37(11.49)]	 Train Time [59.53]
Training Flow Model...
Round 21 Flow Model Training Avg Loss: 0.5452
Global model updated via Flow-Assisted Aggregation.
Round [21/200]	 Train Loss [0.1410]	 Train Acc [95.71]	 Train Time [84.79]
Training Flow Model...
Round 22 Flow Model Training Avg Loss: 0.5650
Global model updated via Flow-Assisted Aggregation.
Round [22/200]	 Train Loss [0.1343]	 Train Acc [95.88]	 Train Time [72.98]
Training Flow Model...
Round 23 Flow Model Training Avg Loss: 0.5102
Global model updated via Flow-Assisted Aggregation.
Round [23/200]	 Train Loss [0.1276]	 Train Acc [96.17]	 Train Time [56.80]
Training Flow Model...
Round 24 Flow Model Training Avg Loss: 0.5176
Global model updated via Flow-Assisted Aggregation.
Round [24/200]	 Train Loss [0.1353]	 Train Acc [95.92]	 Train Time [75.54]
Training Flow Model...
Round 25 Flow Model Training Avg Loss: 0.5216
Global model updated via Flow-Assisted Aggregation.
Round [25/200]	 Train Loss [0.1184]	 Train Acc [96.37]	 Train Time [60.85]
Training Flow Model...
Round 26 Flow Model Training Avg Loss: 0.5627
Global model updated via Flow-Assisted Aggregation.
Round [26/200]	 Train Loss [0.1315]	 Train Acc [96.01]	 Train Time [59.55]
Training Flow Model...
Round 27 Flow Model Training Avg Loss: 0.5093
Global model updated via Flow-Assisted Aggregation.
Round [27/200]	 Train Loss [0.1209]	 Train Acc [96.36]	 Train Time [84.19]
Training Flow Model...
Round 28 Flow Model Training Avg Loss: 0.5310
Global model updated via Flow-Assisted Aggregation.
Round [28/200]	 Train Loss [0.1102]	 Train Acc [96.62]	 Train Time [91.57]
Training Flow Model...
Round 29 Flow Model Training Avg Loss: 0.5295
Global model updated via Flow-Assisted Aggregation.
Round [29/200]	 Train Loss [0.1081]	 Train Acc [96.71]	 Train Time [65.67]
Training Flow Model...
Round 30 Flow Model Training Avg Loss: 0.5207
Global model updated via Flow-Assisted Aggregation.
Round [30/200]	 Train Loss [0.1140]	 Train Acc [96.54]	 Train Time [102.60]
Training Flow Model...
Round 31 Flow Model Training Avg Loss: 0.5390
Global model updated via Flow-Assisted Aggregation.
Round [31/200]	 Train Loss [0.1075]	 Train Acc [96.74]	 Train Time [59.97]
Training Flow Model...
Round 32 Flow Model Training Avg Loss: 0.5226
Global model updated via Flow-Assisted Aggregation.
Round [32/200]	 Train Loss [0.1041]	 Train Acc [96.87]	 Train Time [69.29]
Training Flow Model...
Round 33 Flow Model Training Avg Loss: 0.5342
Global model updated via Flow-Assisted Aggregation.
Round [33/200]	 Train Loss [0.1078]	 Train Acc [96.74]	 Train Time [56.99]
Training Flow Model...
Round 34 Flow Model Training Avg Loss: 0.5111
Global model updated via Flow-Assisted Aggregation.
Round [34/200]	 Train Loss [0.1060]	 Train Acc [96.80]	 Train Time [66.14]
Training Flow Model...
Round 35 Flow Model Training Avg Loss: 0.4901
Global model updated via Flow-Assisted Aggregation.
Round [35/200]	 Train Loss [0.1076]	 Train Acc [96.78]	 Train Time [63.04]
Training Flow Model...
Round 36 Flow Model Training Avg Loss: 0.4882
Global model updated via Flow-Assisted Aggregation.
Round [36/200]	 Train Loss [0.0995]	 Train Acc [97.02]	 Train Time [73.93]
Training Flow Model...
Round 37 Flow Model Training Avg Loss: 0.5355
Global model updated via Flow-Assisted Aggregation.
Round [37/200]	 Train Loss [0.0975]	 Train Acc [97.02]	 Train Time [66.29]
Training Flow Model...
Round 38 Flow Model Training Avg Loss: 0.5251
Global model updated via Flow-Assisted Aggregation.
Round [38/200]	 Train Loss [0.0929]	 Train Acc [97.18]	 Train Time [88.92]
Training Flow Model...
Round 39 Flow Model Training Avg Loss: 0.5423
Global model updated via Flow-Assisted Aggregation.
Round [39/200]	 Train Loss [0.0845]	 Train Acc [97.47]	 Train Time [68.82]
Training Flow Model...
Round 40 Flow Model Training Avg Loss: 0.5439
Global model updated via Flow-Assisted Aggregation.
Round [40/200]	 Train Loss [0.0966]	 Train Acc [97.13]	 Test Loss [1.5264|1.5356]	 Test Acc [55.23(12.60)|69.98(11.22)]	 Train Time [71.93]
Training Flow Model...
Round 41 Flow Model Training Avg Loss: 0.5265
Global model updated via Flow-Assisted Aggregation.
Round [41/200]	 Train Loss [0.0918]	 Train Acc [97.18]	 Train Time [64.43]
Training Flow Model...
Round 42 Flow Model Training Avg Loss: 0.5429
Global model updated via Flow-Assisted Aggregation.
Round [42/200]	 Train Loss [0.0896]	 Train Acc [97.31]	 Train Time [76.36]
Training Flow Model...
Round 43 Flow Model Training Avg Loss: 0.5059
Global model updated via Flow-Assisted Aggregation.
Round [43/200]	 Train Loss [0.0911]	 Train Acc [97.22]	 Train Time [43.95]
Training Flow Model...
Round 44 Flow Model Training Avg Loss: 0.5445
Global model updated via Flow-Assisted Aggregation.
Round [44/200]	 Train Loss [0.0907]	 Train Acc [97.24]	 Train Time [49.92]
Training Flow Model...
Round 45 Flow Model Training Avg Loss: 0.5486
Global model updated via Flow-Assisted Aggregation.
Round [45/200]	 Train Loss [0.0938]	 Train Acc [97.19]	 Train Time [65.06]
Training Flow Model...
Round 46 Flow Model Training Avg Loss: 0.5683
Global model updated via Flow-Assisted Aggregation.
Round [46/200]	 Train Loss [0.0881]	 Train Acc [97.31]	 Train Time [60.02]
Training Flow Model...
Round 47 Flow Model Training Avg Loss: 0.5453
Global model updated via Flow-Assisted Aggregation.
Round [47/200]	 Train Loss [0.0875]	 Train Acc [97.36]	 Train Time [68.66]
Training Flow Model...
Round 48 Flow Model Training Avg Loss: 0.5657
Global model updated via Flow-Assisted Aggregation.
Round [48/200]	 Train Loss [0.0814]	 Train Acc [97.48]	 Train Time [70.06]
Training Flow Model...
Round 49 Flow Model Training Avg Loss: 0.5640
Global model updated via Flow-Assisted Aggregation.
Round [49/200]	 Train Loss [0.0890]	 Train Acc [97.29]	 Train Time [65.33]
Training Flow Model...
Round 50 Flow Model Training Avg Loss: 0.5280
Global model updated via Flow-Assisted Aggregation.
Round [50/200]	 Train Loss [0.0803]	 Train Acc [97.56]	 Train Time [72.81]
Training Flow Model...
Round 51 Flow Model Training Avg Loss: 0.5444
Global model updated via Flow-Assisted Aggregation.
Round [51/200]	 Train Loss [0.0768]	 Train Acc [97.67]	 Train Time [55.99]
Training Flow Model...
Round 52 Flow Model Training Avg Loss: 0.5377
Global model updated via Flow-Assisted Aggregation.
Round [52/200]	 Train Loss [0.0858]	 Train Acc [97.44]	 Train Time [64.15]
Training Flow Model...
Round 53 Flow Model Training Avg Loss: 0.5443
Global model updated via Flow-Assisted Aggregation.
Round [53/200]	 Train Loss [0.0745]	 Train Acc [97.72]	 Train Time [71.16]
Training Flow Model...
Round 54 Flow Model Training Avg Loss: 0.5156
Global model updated via Flow-Assisted Aggregation.
Round [54/200]	 Train Loss [0.0834]	 Train Acc [97.48]	 Train Time [69.52]
Training Flow Model...
Round 55 Flow Model Training Avg Loss: 0.5485
Global model updated via Flow-Assisted Aggregation.
Round [55/200]	 Train Loss [0.0758]	 Train Acc [97.69]	 Train Time [73.47]
Training Flow Model...
Round 56 Flow Model Training Avg Loss: 0.5350
Global model updated via Flow-Assisted Aggregation.
Round [56/200]	 Train Loss [0.0780]	 Train Acc [97.66]	 Train Time [62.25]
Training Flow Model...
Round 57 Flow Model Training Avg Loss: 0.5446
Global model updated via Flow-Assisted Aggregation.
Round [57/200]	 Train Loss [0.0757]	 Train Acc [97.71]	 Train Time [65.63]
Training Flow Model...
Round 58 Flow Model Training Avg Loss: 0.5270
Global model updated via Flow-Assisted Aggregation.
Round [58/200]	 Train Loss [0.0806]	 Train Acc [97.55]	 Train Time [76.50]
Training Flow Model...
Round 59 Flow Model Training Avg Loss: 0.5316
Global model updated via Flow-Assisted Aggregation.
Round [59/200]	 Train Loss [0.0731]	 Train Acc [97.79]	 Train Time [68.01]
Training Flow Model...
Round 60 Flow Model Training Avg Loss: 0.5289
Global model updated via Flow-Assisted Aggregation.
Round [60/200]	 Train Loss [0.0772]	 Train Acc [97.68]	 Test Loss [1.5606|1.3741]	 Test Acc [54.97(13.79)|71.81(11.20)]	 Train Time [56.57]
Training Flow Model...
Round 61 Flow Model Training Avg Loss: 0.5402
Global model updated via Flow-Assisted Aggregation.
Round [61/200]	 Train Loss [0.0763]	 Train Acc [97.69]	 Train Time [61.68]
Training Flow Model...
Round 62 Flow Model Training Avg Loss: 0.5329
Global model updated via Flow-Assisted Aggregation.
Round [62/200]	 Train Loss [0.0723]	 Train Acc [97.84]	 Train Time [63.92]
Training Flow Model...
Round 63 Flow Model Training Avg Loss: 0.5673
Global model updated via Flow-Assisted Aggregation.
Round [63/200]	 Train Loss [0.0726]	 Train Acc [97.77]	 Train Time [54.22]
Training Flow Model...
Round 64 Flow Model Training Avg Loss: 0.5560
Global model updated via Flow-Assisted Aggregation.
Round [64/200]	 Train Loss [0.0785]	 Train Acc [97.62]	 Train Time [69.45]
Training Flow Model...
Round 65 Flow Model Training Avg Loss: 0.4974
Global model updated via Flow-Assisted Aggregation.
Round [65/200]	 Train Loss [0.0763]	 Train Acc [97.67]	 Train Time [59.72]
Training Flow Model...
Round 66 Flow Model Training Avg Loss: 0.5412
Global model updated via Flow-Assisted Aggregation.
Round [66/200]	 Train Loss [0.0746]	 Train Acc [97.74]	 Train Time [79.72]
Training Flow Model...
Round 67 Flow Model Training Avg Loss: 0.5602
Global model updated via Flow-Assisted Aggregation.
Round [67/200]	 Train Loss [0.0721]	 Train Acc [97.80]	 Train Time [75.21]
Training Flow Model...
Round 68 Flow Model Training Avg Loss: 0.5400
Global model updated via Flow-Assisted Aggregation.
Round [68/200]	 Train Loss [0.0692]	 Train Acc [97.92]	 Train Time [71.76]
Training Flow Model...
Round 69 Flow Model Training Avg Loss: 0.5893
Global model updated via Flow-Assisted Aggregation.
Round [69/200]	 Train Loss [0.0723]	 Train Acc [97.80]	 Train Time [66.86]
Training Flow Model...
Round 70 Flow Model Training Avg Loss: 0.5439
Global model updated via Flow-Assisted Aggregation.
Round [70/200]	 Train Loss [0.0678]	 Train Acc [97.90]	 Train Time [73.64]
Training Flow Model...
Round 71 Flow Model Training Avg Loss: 0.5235
Global model updated via Flow-Assisted Aggregation.
Round [71/200]	 Train Loss [0.0685]	 Train Acc [97.94]	 Train Time [66.89]
Training Flow Model...
Round 72 Flow Model Training Avg Loss: 0.5339
Global model updated via Flow-Assisted Aggregation.
Round [72/200]	 Train Loss [0.0648]	 Train Acc [98.03]	 Train Time [64.07]
Training Flow Model...
Round 73 Flow Model Training Avg Loss: 0.5417
Global model updated via Flow-Assisted Aggregation.
Round [73/200]	 Train Loss [0.0687]	 Train Acc [97.90]	 Train Time [64.10]
Training Flow Model...
Round 74 Flow Model Training Avg Loss: 0.5286
Global model updated via Flow-Assisted Aggregation.
Round [74/200]	 Train Loss [0.0641]	 Train Acc [98.05]	 Train Time [82.31]
Training Flow Model...
Round 75 Flow Model Training Avg Loss: 0.5637
Global model updated via Flow-Assisted Aggregation.
Round [75/200]	 Train Loss [0.0679]	 Train Acc [97.94]	 Train Time [73.88]
Training Flow Model...
Round 76 Flow Model Training Avg Loss: 0.5660
Global model updated via Flow-Assisted Aggregation.
Round [76/200]	 Train Loss [0.0650]	 Train Acc [98.03]	 Train Time [67.21]
Training Flow Model...
Round 77 Flow Model Training Avg Loss: 0.5099
Global model updated via Flow-Assisted Aggregation.
Round [77/200]	 Train Loss [0.0652]	 Train Acc [98.03]	 Train Time [58.74]
Training Flow Model...
Round 78 Flow Model Training Avg Loss: 0.5334
Global model updated via Flow-Assisted Aggregation.
Round [78/200]	 Train Loss [0.0640]	 Train Acc [98.03]	 Train Time [57.82]
Training Flow Model...
Round 79 Flow Model Training Avg Loss: 0.5552
Global model updated via Flow-Assisted Aggregation.
Round [79/200]	 Train Loss [0.0687]	 Train Acc [97.91]	 Train Time [61.91]
Training Flow Model...
Round 80 Flow Model Training Avg Loss: 0.5313
Global model updated via Flow-Assisted Aggregation.
Round [80/200]	 Train Loss [0.0609]	 Train Acc [98.13]	 Test Loss [1.4822|1.3427]	 Test Acc [57.95(12.67)|71.71(11.01)]	 Train Time [81.76]
Training Flow Model...
Round 81 Flow Model Training Avg Loss: 0.5339
Global model updated via Flow-Assisted Aggregation.
Round [81/200]	 Train Loss [0.0634]	 Train Acc [98.07]	 Train Time [68.02]
Training Flow Model...
Round 82 Flow Model Training Avg Loss: 0.5506
Global model updated via Flow-Assisted Aggregation.
Round [82/200]	 Train Loss [0.0694]	 Train Acc [97.89]	 Train Time [53.72]
Training Flow Model...
Round 83 Flow Model Training Avg Loss: 0.5273
Global model updated via Flow-Assisted Aggregation.
Round [83/200]	 Train Loss [0.0675]	 Train Acc [97.94]	 Train Time [66.44]
Training Flow Model...
Round 84 Flow Model Training Avg Loss: 0.5261
Global model updated via Flow-Assisted Aggregation.
Round [84/200]	 Train Loss [0.0659]	 Train Acc [97.98]	 Train Time [80.06]
Training Flow Model...
Round 85 Flow Model Training Avg Loss: 0.5885
Global model updated via Flow-Assisted Aggregation.
Round [85/200]	 Train Loss [0.0582]	 Train Acc [98.22]	 Train Time [59.60]
Training Flow Model...
Round 86 Flow Model Training Avg Loss: 0.5146
Global model updated via Flow-Assisted Aggregation.
Round [86/200]	 Train Loss [0.0606]	 Train Acc [98.11]	 Train Time [54.99]
Training Flow Model...
Round 87 Flow Model Training Avg Loss: 0.5471
Global model updated via Flow-Assisted Aggregation.
Round [87/200]	 Train Loss [0.0625]	 Train Acc [98.13]	 Train Time [76.25]
Training Flow Model...
Round 88 Flow Model Training Avg Loss: 0.5350
Global model updated via Flow-Assisted Aggregation.
Round [88/200]	 Train Loss [0.0589]	 Train Acc [98.20]	 Train Time [66.70]
Training Flow Model...
Round 89 Flow Model Training Avg Loss: 0.5448
Global model updated via Flow-Assisted Aggregation.
Round [89/200]	 Train Loss [0.0689]	 Train Acc [97.90]	 Train Time [66.59]
Training Flow Model...
Round 90 Flow Model Training Avg Loss: 0.5573
Global model updated via Flow-Assisted Aggregation.
Round [90/200]	 Train Loss [0.0663]	 Train Acc [97.97]	 Train Time [69.74]
Training Flow Model...
Round 91 Flow Model Training Avg Loss: 0.5492
Global model updated via Flow-Assisted Aggregation.
Round [91/200]	 Train Loss [0.0621]	 Train Acc [98.09]	 Train Time [71.34]
Training Flow Model...
Round 92 Flow Model Training Avg Loss: 0.5286
Global model updated via Flow-Assisted Aggregation.
Round [92/200]	 Train Loss [0.0582]	 Train Acc [98.23]	 Train Time [65.85]
Training Flow Model...
Round 93 Flow Model Training Avg Loss: 0.5418
Global model updated via Flow-Assisted Aggregation.
Round [93/200]	 Train Loss [0.0620]	 Train Acc [98.10]	 Train Time [70.08]
Training Flow Model...
Round 94 Flow Model Training Avg Loss: 0.5389
Global model updated via Flow-Assisted Aggregation.
Round [94/200]	 Train Loss [0.0652]	 Train Acc [98.00]	 Train Time [74.51]
Training Flow Model...
Round 95 Flow Model Training Avg Loss: 0.5163
Global model updated via Flow-Assisted Aggregation.
Round [95/200]	 Train Loss [0.0681]	 Train Acc [97.93]	 Train Time [54.73]
Training Flow Model...
Round 96 Flow Model Training Avg Loss: 0.5363
Global model updated via Flow-Assisted Aggregation.
Round [96/200]	 Train Loss [0.0598]	 Train Acc [98.18]	 Train Time [65.99]
Training Flow Model...
Round 97 Flow Model Training Avg Loss: 0.5366
Global model updated via Flow-Assisted Aggregation.
Round [97/200]	 Train Loss [0.0606]	 Train Acc [98.14]	 Train Time [67.44]
Training Flow Model...
Round 98 Flow Model Training Avg Loss: 0.5805
Global model updated via Flow-Assisted Aggregation.
Round [98/200]	 Train Loss [0.0593]	 Train Acc [98.21]	 Train Time [67.97]
Training Flow Model...
Round 99 Flow Model Training Avg Loss: 0.5482
Global model updated via Flow-Assisted Aggregation.
Round [99/200]	 Train Loss [0.0560]	 Train Acc [98.30]	 Train Time [63.20]
Training Flow Model...
Round 100 Flow Model Training Avg Loss: 0.5684
Global model updated via Flow-Assisted Aggregation.
Round [100/200]	 Train Loss [0.0604]	 Train Acc [98.16]	 Test Loss [1.4598|1.3421]	 Test Acc [58.47(13.19)|72.44(11.21)]	 Train Time [72.13]
Training Flow Model...
Round 101 Flow Model Training Avg Loss: 0.5133
Global model updated via Flow-Assisted Aggregation.
Round [101/200]	 Train Loss [0.0607]	 Train Acc [98.13]	 Train Time [75.00]
Training Flow Model...
Round 102 Flow Model Training Avg Loss: 0.5128
Global model updated via Flow-Assisted Aggregation.
Round [102/200]	 Train Loss [0.0576]	 Train Acc [98.29]	 Train Time [67.55]
Training Flow Model...
Round 103 Flow Model Training Avg Loss: 0.5528
Global model updated via Flow-Assisted Aggregation.
Round [103/200]	 Train Loss [0.0545]	 Train Acc [98.34]	 Train Time [72.94]
Training Flow Model...
Round 104 Flow Model Training Avg Loss: 0.5443
Global model updated via Flow-Assisted Aggregation.
Round [104/200]	 Train Loss [0.0542]	 Train Acc [98.36]	 Train Time [107.04]
Training Flow Model...
Round 105 Flow Model Training Avg Loss: 0.5286
Global model updated via Flow-Assisted Aggregation.
Round [105/200]	 Train Loss [0.0542]	 Train Acc [98.35]	 Train Time [60.49]
Training Flow Model...
Round 106 Flow Model Training Avg Loss: 0.5409
Global model updated via Flow-Assisted Aggregation.
Round [106/200]	 Train Loss [0.0594]	 Train Acc [98.22]	 Train Time [58.55]
Training Flow Model...
Round 107 Flow Model Training Avg Loss: 0.5156
Global model updated via Flow-Assisted Aggregation.
Round [107/200]	 Train Loss [0.0497]	 Train Acc [98.48]	 Train Time [57.21]
Training Flow Model...
Round 108 Flow Model Training Avg Loss: 0.5204
Global model updated via Flow-Assisted Aggregation.
Round [108/200]	 Train Loss [0.0518]	 Train Acc [98.42]	 Train Time [85.02]
Training Flow Model...
Round 109 Flow Model Training Avg Loss: 0.5460
Global model updated via Flow-Assisted Aggregation.
Round [109/200]	 Train Loss [0.0521]	 Train Acc [98.38]	 Train Time [75.46]
Training Flow Model...
Round 110 Flow Model Training Avg Loss: 0.5721
Global model updated via Flow-Assisted Aggregation.
Round [110/200]	 Train Loss [0.0500]	 Train Acc [98.43]	 Train Time [64.35]
Training Flow Model...
Round 111 Flow Model Training Avg Loss: 0.5653
Global model updated via Flow-Assisted Aggregation.
Round [111/200]	 Train Loss [0.0662]	 Train Acc [97.98]	 Train Time [60.09]
Training Flow Model...
Round 112 Flow Model Training Avg Loss: 0.5047
Global model updated via Flow-Assisted Aggregation.
Round [112/200]	 Train Loss [0.0557]	 Train Acc [98.28]	 Train Time [71.88]
Training Flow Model...
Round 113 Flow Model Training Avg Loss: 0.5288
Global model updated via Flow-Assisted Aggregation.
Round [113/200]	 Train Loss [0.0548]	 Train Acc [98.28]	 Train Time [60.51]
Training Flow Model...
Round 114 Flow Model Training Avg Loss: 0.5515
Global model updated via Flow-Assisted Aggregation.
Round [114/200]	 Train Loss [0.0611]	 Train Acc [98.13]	 Train Time [64.60]
Training Flow Model...
Round 115 Flow Model Training Avg Loss: 0.5792
Global model updated via Flow-Assisted Aggregation.
Round [115/200]	 Train Loss [0.0562]	 Train Acc [98.30]	 Train Time [49.72]
Training Flow Model...
Round 116 Flow Model Training Avg Loss: 0.5482
Global model updated via Flow-Assisted Aggregation.
Round [116/200]	 Train Loss [0.0565]	 Train Acc [98.28]	 Train Time [76.24]
Training Flow Model...
Round 117 Flow Model Training Avg Loss: 0.5329
Global model updated via Flow-Assisted Aggregation.
Round [117/200]	 Train Loss [0.0516]	 Train Acc [98.42]	 Train Time [72.58]
Training Flow Model...
Round 118 Flow Model Training Avg Loss: 0.5362
Global model updated via Flow-Assisted Aggregation.
Round [118/200]	 Train Loss [0.0544]	 Train Acc [98.37]	 Train Time [75.09]
Training Flow Model...
Round 119 Flow Model Training Avg Loss: 0.5851
Global model updated via Flow-Assisted Aggregation.
Round [119/200]	 Train Loss [0.0596]	 Train Acc [98.14]	 Train Time [49.49]
Training Flow Model...
Round 120 Flow Model Training Avg Loss: 0.5566
Global model updated via Flow-Assisted Aggregation.
Round [120/200]	 Train Loss [0.0574]	 Train Acc [98.22]	 Test Loss [1.3892|1.2865]	 Test Acc [58.80(11.43)|72.40(10.91)]	 Train Time [79.52]
Training Flow Model...
Round 121 Flow Model Training Avg Loss: 0.5409
Global model updated via Flow-Assisted Aggregation.
Round [121/200]	 Train Loss [0.0604]	 Train Acc [98.15]	 Train Time [71.24]
Training Flow Model...
Round 122 Flow Model Training Avg Loss: 0.5435
Global model updated via Flow-Assisted Aggregation.
Round [122/200]	 Train Loss [0.0557]	 Train Acc [98.31]	 Train Time [59.42]
Training Flow Model...
Round 123 Flow Model Training Avg Loss: 0.5587
Global model updated via Flow-Assisted Aggregation.
Round [123/200]	 Train Loss [0.0539]	 Train Acc [98.33]	 Train Time [63.46]
Training Flow Model...
Round 124 Flow Model Training Avg Loss: 0.5333
Global model updated via Flow-Assisted Aggregation.
Round [124/200]	 Train Loss [0.0548]	 Train Acc [98.30]	 Train Time [72.45]
Training Flow Model...
Round 125 Flow Model Training Avg Loss: 0.5636
Global model updated via Flow-Assisted Aggregation.
Round [125/200]	 Train Loss [0.0533]	 Train Acc [98.36]	 Train Time [81.79]
Training Flow Model...
Round 126 Flow Model Training Avg Loss: 0.5491
Global model updated via Flow-Assisted Aggregation.
Round [126/200]	 Train Loss [0.0537]	 Train Acc [98.36]	 Train Time [72.93]
Training Flow Model...
Round 127 Flow Model Training Avg Loss: 0.5431
Global model updated via Flow-Assisted Aggregation.
Round [127/200]	 Train Loss [0.0531]	 Train Acc [98.38]	 Train Time [70.79]
Training Flow Model...
Round 128 Flow Model Training Avg Loss: 0.5607
Global model updated via Flow-Assisted Aggregation.
Round [128/200]	 Train Loss [0.0547]	 Train Acc [98.34]	 Train Time [91.11]
Training Flow Model...
Round 129 Flow Model Training Avg Loss: 0.5176
Global model updated via Flow-Assisted Aggregation.
Round [129/200]	 Train Loss [0.0555]	 Train Acc [98.27]	 Train Time [73.58]
Training Flow Model...
Round 130 Flow Model Training Avg Loss: 0.5263
Global model updated via Flow-Assisted Aggregation.
Round [130/200]	 Train Loss [0.0515]	 Train Acc [98.43]	 Train Time [76.31]
Training Flow Model...
Round 131 Flow Model Training Avg Loss: 0.5631
Global model updated via Flow-Assisted Aggregation.
Round [131/200]	 Train Loss [0.0530]	 Train Acc [98.36]	 Train Time [84.98]
Training Flow Model...
Round 132 Flow Model Training Avg Loss: 0.5682
Global model updated via Flow-Assisted Aggregation.
Round [132/200]	 Train Loss [0.0523]	 Train Acc [98.37]	 Train Time [72.73]
Training Flow Model...
Round 133 Flow Model Training Avg Loss: 0.5748
Global model updated via Flow-Assisted Aggregation.
Round [133/200]	 Train Loss [0.0483]	 Train Acc [98.52]	 Train Time [66.01]
Training Flow Model...
Round 134 Flow Model Training Avg Loss: 0.5648
Global model updated via Flow-Assisted Aggregation.
Round [134/200]	 Train Loss [0.0523]	 Train Acc [98.40]	 Train Time [63.80]
Training Flow Model...
Round 135 Flow Model Training Avg Loss: 0.5515
Global model updated via Flow-Assisted Aggregation.
Round [135/200]	 Train Loss [0.0514]	 Train Acc [98.43]	 Train Time [82.82]
Training Flow Model...
Round 136 Flow Model Training Avg Loss: 0.5476
Global model updated via Flow-Assisted Aggregation.
Round [136/200]	 Train Loss [0.0514]	 Train Acc [98.39]	 Train Time [61.79]
Training Flow Model...
Round 137 Flow Model Training Avg Loss: 0.5566
Global model updated via Flow-Assisted Aggregation.
Round [137/200]	 Train Loss [0.0601]	 Train Acc [98.14]	 Train Time [86.60]
Training Flow Model...
Round 138 Flow Model Training Avg Loss: 0.5417
Global model updated via Flow-Assisted Aggregation.
Round [138/200]	 Train Loss [0.0496]	 Train Acc [98.48]	 Train Time [77.48]
Training Flow Model...
Round 139 Flow Model Training Avg Loss: 0.5701
Global model updated via Flow-Assisted Aggregation.
Round [139/200]	 Train Loss [0.0527]	 Train Acc [98.40]	 Train Time [71.08]
Training Flow Model...
Round 140 Flow Model Training Avg Loss: 0.5619
Global model updated via Flow-Assisted Aggregation.
Round [140/200]	 Train Loss [0.0487]	 Train Acc [98.49]	 Test Loss [1.5050|1.3134]	 Test Acc [59.32(13.31)|71.98(11.94)]	 Train Time [56.25]
Training Flow Model...
Round 141 Flow Model Training Avg Loss: 0.5460
Global model updated via Flow-Assisted Aggregation.
Round [141/200]	 Train Loss [0.0555]	 Train Acc [98.29]	 Train Time [67.56]
Training Flow Model...
Round 142 Flow Model Training Avg Loss: 0.5599
Global model updated via Flow-Assisted Aggregation.
Round [142/200]	 Train Loss [0.0448]	 Train Acc [98.62]	 Train Time [69.00]
Training Flow Model...
Round 143 Flow Model Training Avg Loss: 0.5106
Global model updated via Flow-Assisted Aggregation.
Round [143/200]	 Train Loss [0.0554]	 Train Acc [98.32]	 Train Time [56.41]
Training Flow Model...
Round 144 Flow Model Training Avg Loss: 0.5607
Global model updated via Flow-Assisted Aggregation.
Round [144/200]	 Train Loss [0.0460]	 Train Acc [98.59]	 Train Time [94.25]
Training Flow Model...
Round 145 Flow Model Training Avg Loss: 0.5668
Global model updated via Flow-Assisted Aggregation.
Round [145/200]	 Train Loss [0.0483]	 Train Acc [98.53]	 Train Time [84.33]
Training Flow Model...
Round 146 Flow Model Training Avg Loss: 0.5260
Global model updated via Flow-Assisted Aggregation.
Round [146/200]	 Train Loss [0.0482]	 Train Acc [98.51]	 Train Time [65.76]
Training Flow Model...
Round 147 Flow Model Training Avg Loss: 0.5713
Global model updated via Flow-Assisted Aggregation.
Round [147/200]	 Train Loss [0.0522]	 Train Acc [98.43]	 Train Time [72.74]
Training Flow Model...
Round 148 Flow Model Training Avg Loss: 0.5548
Global model updated via Flow-Assisted Aggregation.
Round [148/200]	 Train Loss [0.0489]	 Train Acc [98.51]	 Train Time [56.96]
Training Flow Model...
Round 149 Flow Model Training Avg Loss: 0.5590
Global model updated via Flow-Assisted Aggregation.
Round [149/200]	 Train Loss [0.0500]	 Train Acc [98.50]	 Train Time [80.32]
Training Flow Model...
Round 150 Flow Model Training Avg Loss: 0.5451
Global model updated via Flow-Assisted Aggregation.
Round [150/200]	 Train Loss [0.0513]	 Train Acc [98.45]	 Train Time [79.03]
Training Flow Model...
Round 151 Flow Model Training Avg Loss: 0.5297
Global model updated via Flow-Assisted Aggregation.
Round [151/200]	 Train Loss [0.0513]	 Train Acc [98.41]	 Train Time [83.66]
Training Flow Model...
Round 152 Flow Model Training Avg Loss: 0.5319
Global model updated via Flow-Assisted Aggregation.
Round [152/200]	 Train Loss [0.0511]	 Train Acc [98.40]	 Train Time [72.71]
Training Flow Model...
Round 153 Flow Model Training Avg Loss: 0.5585
Global model updated via Flow-Assisted Aggregation.
Round [153/200]	 Train Loss [0.0497]	 Train Acc [98.48]	 Train Time [86.78]
Training Flow Model...
Round 154 Flow Model Training Avg Loss: 0.5650
Global model updated via Flow-Assisted Aggregation.
Round [154/200]	 Train Loss [0.0473]	 Train Acc [98.58]	 Train Time [52.52]
Training Flow Model...
Round 155 Flow Model Training Avg Loss: 0.5574
Global model updated via Flow-Assisted Aggregation.
Round [155/200]	 Train Loss [0.0505]	 Train Acc [98.42]	 Train Time [72.30]
Training Flow Model...
Round 156 Flow Model Training Avg Loss: 0.5756
Global model updated via Flow-Assisted Aggregation.
Round [156/200]	 Train Loss [0.0514]	 Train Acc [98.45]	 Train Time [68.94]
Training Flow Model...
Round 157 Flow Model Training Avg Loss: 0.5584
Global model updated via Flow-Assisted Aggregation.
Round [157/200]	 Train Loss [0.0573]	 Train Acc [98.24]	 Train Time [51.46]
Training Flow Model...
Round 158 Flow Model Training Avg Loss: 0.5196
Global model updated via Flow-Assisted Aggregation.
Round [158/200]	 Train Loss [0.0553]	 Train Acc [98.31]	 Train Time [64.18]
Training Flow Model...
Round 159 Flow Model Training Avg Loss: 0.5662
Global model updated via Flow-Assisted Aggregation.
Round [159/200]	 Train Loss [0.0494]	 Train Acc [98.48]	 Train Time [82.38]
Training Flow Model...
Round 160 Flow Model Training Avg Loss: 0.5172
Global model updated via Flow-Assisted Aggregation.
Round [160/200]	 Train Loss [0.0465]	 Train Acc [98.57]	 Test Loss [1.4316|1.2972]	 Test Acc [60.60(11.98)|73.19(11.82)]	 Train Time [67.91]
Training Flow Model...
Round 161 Flow Model Training Avg Loss: 0.5125
Global model updated via Flow-Assisted Aggregation.
Round [161/200]	 Train Loss [0.0517]	 Train Acc [98.42]	 Train Time [63.46]
Training Flow Model...
Round 162 Flow Model Training Avg Loss: 0.5578
Global model updated via Flow-Assisted Aggregation.
Round [162/200]	 Train Loss [0.0479]	 Train Acc [98.54]	 Train Time [82.26]
Training Flow Model...
Round 163 Flow Model Training Avg Loss: 0.5442
Global model updated via Flow-Assisted Aggregation.
Round [163/200]	 Train Loss [0.0497]	 Train Acc [98.47]	 Train Time [78.26]
Training Flow Model...
Round 164 Flow Model Training Avg Loss: 0.5194
Global model updated via Flow-Assisted Aggregation.
Round [164/200]	 Train Loss [0.0503]	 Train Acc [98.46]	 Train Time [93.75]
Training Flow Model...
Round 165 Flow Model Training Avg Loss: 0.5366
Global model updated via Flow-Assisted Aggregation.
Round [165/200]	 Train Loss [0.0555]	 Train Acc [98.31]	 Train Time [89.90]
Training Flow Model...
Round 166 Flow Model Training Avg Loss: 0.5561
Global model updated via Flow-Assisted Aggregation.
Round [166/200]	 Train Loss [0.0494]	 Train Acc [98.46]	 Train Time [61.14]
Training Flow Model...
Round 167 Flow Model Training Avg Loss: 0.5486
Global model updated via Flow-Assisted Aggregation.
Round [167/200]	 Train Loss [0.0573]	 Train Acc [98.28]	 Train Time [64.13]
Training Flow Model...
Round 168 Flow Model Training Avg Loss: 0.5201
Global model updated via Flow-Assisted Aggregation.
Round [168/200]	 Train Loss [0.0457]	 Train Acc [98.61]	 Train Time [73.35]
Training Flow Model...
Round 169 Flow Model Training Avg Loss: 0.5025
Global model updated via Flow-Assisted Aggregation.
Round [169/200]	 Train Loss [0.0504]	 Train Acc [98.45]	 Train Time [69.94]
Training Flow Model...
Round 170 Flow Model Training Avg Loss: 0.5761
Global model updated via Flow-Assisted Aggregation.
Round [170/200]	 Train Loss [0.0456]	 Train Acc [98.64]	 Train Time [79.32]
Training Flow Model...
Round 171 Flow Model Training Avg Loss: 0.5463
Global model updated via Flow-Assisted Aggregation.
Round [171/200]	 Train Loss [0.0472]	 Train Acc [98.56]	 Train Time [56.72]
Training Flow Model...
Round 172 Flow Model Training Avg Loss: 0.5238
Global model updated via Flow-Assisted Aggregation.
Round [172/200]	 Train Loss [0.0527]	 Train Acc [98.40]	 Train Time [79.72]
Training Flow Model...
Round 173 Flow Model Training Avg Loss: 0.5358
Global model updated via Flow-Assisted Aggregation.
Round [173/200]	 Train Loss [0.0455]	 Train Acc [98.60]	 Train Time [72.83]
Training Flow Model...
Round 174 Flow Model Training Avg Loss: 0.5629
Global model updated via Flow-Assisted Aggregation.
Round [174/200]	 Train Loss [0.0476]	 Train Acc [98.53]	 Train Time [61.24]
Training Flow Model...
Round 175 Flow Model Training Avg Loss: 0.5378
Global model updated via Flow-Assisted Aggregation.
Round [175/200]	 Train Loss [0.0482]	 Train Acc [98.52]	 Train Time [59.84]
Training Flow Model...
Round 176 Flow Model Training Avg Loss: 0.6009
Global model updated via Flow-Assisted Aggregation.
Round [176/200]	 Train Loss [0.0457]	 Train Acc [98.59]	 Train Time [58.08]
Training Flow Model...
Round 177 Flow Model Training Avg Loss: 0.5508
Global model updated via Flow-Assisted Aggregation.
Round [177/200]	 Train Loss [0.0527]	 Train Acc [98.38]	 Train Time [84.94]
Training Flow Model...
Round 178 Flow Model Training Avg Loss: 0.5898
Global model updated via Flow-Assisted Aggregation.
Round [178/200]	 Train Loss [0.0549]	 Train Acc [98.34]	 Train Time [61.00]
Training Flow Model...
Round 179 Flow Model Training Avg Loss: 0.5609
Global model updated via Flow-Assisted Aggregation.
Round [179/200]	 Train Loss [0.0463]	 Train Acc [98.58]	 Train Time [85.30]
Training Flow Model...
Round 180 Flow Model Training Avg Loss: 0.5226
Global model updated via Flow-Assisted Aggregation.
Round [180/200]	 Train Loss [0.0476]	 Train Acc [98.49]	 Test Loss [1.5841|1.2516]	 Test Acc [55.78(13.49)|73.25(11.15)]	 Train Time [61.13]
Training Flow Model...
Round 181 Flow Model Training Avg Loss: 0.5408
Global model updated via Flow-Assisted Aggregation.
Round [181/200]	 Train Loss [0.0501]	 Train Acc [98.46]	 Train Time [79.60]
Training Flow Model...
Round 182 Flow Model Training Avg Loss: 0.5692
Global model updated via Flow-Assisted Aggregation.
Round [182/200]	 Train Loss [0.0513]	 Train Acc [98.37]	 Train Time [54.88]
Training Flow Model...
Round 183 Flow Model Training Avg Loss: 0.5509
Global model updated via Flow-Assisted Aggregation.
Round [183/200]	 Train Loss [0.0502]	 Train Acc [98.45]	 Train Time [60.41]
Training Flow Model...
Round 184 Flow Model Training Avg Loss: 0.5647
Global model updated via Flow-Assisted Aggregation.
Round [184/200]	 Train Loss [0.0478]	 Train Acc [98.54]	 Train Time [80.79]
Training Flow Model...
Round 185 Flow Model Training Avg Loss: 0.5406
Global model updated via Flow-Assisted Aggregation.
Round [185/200]	 Train Loss [0.0410]	 Train Acc [98.74]	 Train Time [94.92]
Training Flow Model...
Round 186 Flow Model Training Avg Loss: 0.5663
Global model updated via Flow-Assisted Aggregation.
Round [186/200]	 Train Loss [0.0447]	 Train Acc [98.59]	 Train Time [84.18]
Training Flow Model...
Round 187 Flow Model Training Avg Loss: 0.5457
Global model updated via Flow-Assisted Aggregation.
Round [187/200]	 Train Loss [0.0467]	 Train Acc [98.58]	 Train Time [73.50]
Training Flow Model...
Round 188 Flow Model Training Avg Loss: 0.5671
Global model updated via Flow-Assisted Aggregation.
Round [188/200]	 Train Loss [0.0471]	 Train Acc [98.53]	 Train Time [87.20]
Training Flow Model...
Round 189 Flow Model Training Avg Loss: 0.5670
Global model updated via Flow-Assisted Aggregation.
Round [189/200]	 Train Loss [0.0458]	 Train Acc [98.59]	 Train Time [77.67]
Training Flow Model...
Round 190 Flow Model Training Avg Loss: 0.5545
Global model updated via Flow-Assisted Aggregation.
Round [190/200]	 Train Loss [0.0479]	 Train Acc [98.53]	 Train Time [65.75]
Training Flow Model...
Round 191 Flow Model Training Avg Loss: 0.5316
Global model updated via Flow-Assisted Aggregation.
Round [191/200]	 Train Loss [0.0497]	 Train Acc [98.48]	 Train Time [69.37]
Training Flow Model...
Round 192 Flow Model Training Avg Loss: 0.5407
Global model updated via Flow-Assisted Aggregation.
Round [192/200]	 Train Loss [0.0435]	 Train Acc [98.66]	 Train Time [66.11]
Training Flow Model...
Round 193 Flow Model Training Avg Loss: 0.5755
Global model updated via Flow-Assisted Aggregation.
Round [193/200]	 Train Loss [0.0460]	 Train Acc [98.58]	 Train Time [76.96]
Training Flow Model...
Round 194 Flow Model Training Avg Loss: 0.5484
Global model updated via Flow-Assisted Aggregation.
Round [194/200]	 Train Loss [0.0465]	 Train Acc [98.56]	 Train Time [66.96]
Training Flow Model...
Round 195 Flow Model Training Avg Loss: 0.5164
Global model updated via Flow-Assisted Aggregation.
Round [195/200]	 Train Loss [0.0450]	 Train Acc [98.62]	 Train Time [79.18]
Training Flow Model...
Round 196 Flow Model Training Avg Loss: 0.5480
Global model updated via Flow-Assisted Aggregation.
Round [196/200]	 Train Loss [0.0402]	 Train Acc [98.79]	 Train Time [63.15]
Training Flow Model...
Round 197 Flow Model Training Avg Loss: 0.5209
Global model updated via Flow-Assisted Aggregation.
Round [197/200]	 Train Loss [0.0470]	 Train Acc [98.55]	 Train Time [72.34]
Training Flow Model...
Round 198 Flow Model Training Avg Loss: 0.5573
Global model updated via Flow-Assisted Aggregation.
Round [198/200]	 Train Loss [0.0446]	 Train Acc [98.62]	 Train Time [86.45]
Training Flow Model...
Round 199 Flow Model Training Avg Loss: 0.5447
Global model updated via Flow-Assisted Aggregation.
Round [199/200]	 Train Loss [0.0413]	 Train Acc [98.75]	 Train Time [88.92]
Training Flow Model...
Round 200 Flow Model Training Avg Loss: 0.5270
Global model updated via Flow-Assisted Aggregation.
Round [200/200]	 Train Loss [0.0462]	 Train Acc [98.59]	 Test Loss [1.3355|1.2495]	 Test Acc [62.31(10.91)|73.39(11.91)]	 Train Time [243.84]
Method took (70.90, 16.25) seconds per training iteration
Method took (14571.84) total seconds
