Training FedAvg...
Round [1/200]	 Train Loss [1.3302]	 Train Acc [53.75]	 Train Time [76.45]
Round [2/200]	 Train Loss [1.0979]	 Train Acc [60.82]	 Train Time [70.09]
Round [3/200]	 Train Loss [1.0487]	 Train Acc [61.57]	 Train Time [68.60]
Round [4/200]	 Train Loss [0.7785]	 Train Acc [72.15]	 Train Time [61.65]
Round [5/200]	 Train Loss [0.6169]	 Train Acc [78.04]	 Train Time [65.54]
Round [6/200]	 Train Loss [0.4438]	 Train Acc [84.94]	 Train Time [71.08]
Round [7/200]	 Train Loss [0.3508]	 Train Acc [88.62]	 Train Time [61.18]
Round [8/200]	 Train Loss [0.2856]	 Train Acc [90.81]	 Train Time [61.49]
Round [9/200]	 Train Loss [0.2484]	 Train Acc [92.20]	 Train Time [68.59]
Round [10/200]	 Train Loss [0.2528]	 Train Acc [92.19]	 Train Time [69.25]
Round [11/200]	 Train Loss [0.2260]	 Train Acc [92.79]	 Train Time [59.60]
Round [12/200]	 Train Loss [0.2248]	 Train Acc [92.97]	 Train Time [43.61]
Round [13/200]	 Train Loss [0.1870]	 Train Acc [94.18]	 Train Time [64.46]
Round [14/200]	 Train Loss [0.1793]	 Train Acc [94.49]	 Train Time [77.04]
Round [15/200]	 Train Loss [0.1675]	 Train Acc [94.85]	 Train Time [62.36]
Round [16/200]	 Train Loss [0.1645]	 Train Acc [94.92]	 Train Time [67.46]
Round [17/200]	 Train Loss [0.1597]	 Train Acc [95.07]	 Train Time [59.24]
Round [18/200]	 Train Loss [0.1654]	 Train Acc [94.86]	 Train Time [67.44]
Round [19/200]	 Train Loss [0.1407]	 Train Acc [95.70]	 Train Time [53.79]
Round [20/200]	 Train Loss [0.1469]	 Train Acc [95.48]	 Test Loss [1.7146|1.6413]	 Test Acc [48.44(14.78)|69.26(11.94)]	 Train Time [61.41]
Round [21/200]	 Train Loss [0.1524]	 Train Acc [95.31]	 Train Time [64.04]
Round [22/200]	 Train Loss [0.1405]	 Train Acc [95.70]	 Train Time [58.25]
Round [23/200]	 Train Loss [0.1353]	 Train Acc [95.89]	 Train Time [70.46]
Round [24/200]	 Train Loss [0.1319]	 Train Acc [95.91]	 Train Time [62.98]
Round [25/200]	 Train Loss [0.1189]	 Train Acc [96.38]	 Train Time [64.34]
Round [26/200]	 Train Loss [0.1207]	 Train Acc [96.31]	 Train Time [76.92]
Round [27/200]	 Train Loss [0.1255]	 Train Acc [96.21]	 Train Time [55.54]
Round [28/200]	 Train Loss [0.1451]	 Train Acc [95.60]	 Train Time [50.26]
Round [29/200]	 Train Loss [0.1195]	 Train Acc [96.35]	 Train Time [77.18]
Round [30/200]	 Train Loss [0.1213]	 Train Acc [96.33]	 Train Time [69.46]
Round [31/200]	 Train Loss [0.1129]	 Train Acc [96.49]	 Train Time [95.52]
Round [32/200]	 Train Loss [0.1083]	 Train Acc [96.76]	 Train Time [67.98]
Round [33/200]	 Train Loss [0.1001]	 Train Acc [96.94]	 Train Time [69.52]
Round [34/200]	 Train Loss [0.1096]	 Train Acc [96.69]	 Train Time [75.03]
Round [35/200]	 Train Loss [0.1023]	 Train Acc [96.85]	 Train Time [61.69]
Round [36/200]	 Train Loss [0.1014]	 Train Acc [96.92]	 Train Time [54.79]
Round [37/200]	 Train Loss [0.1133]	 Train Acc [96.61]	 Train Time [57.29]
Round [38/200]	 Train Loss [0.1031]	 Train Acc [96.89]	 Train Time [83.82]
Round [39/200]	 Train Loss [0.1002]	 Train Acc [96.98]	 Train Time [69.32]
Round [40/200]	 Train Loss [0.1030]	 Train Acc [96.89]	 Test Loss [1.4744|1.4664]	 Test Acc [56.90(12.58)|70.89(11.17)]	 Train Time [60.64]
Round [41/200]	 Train Loss [0.0931]	 Train Acc [97.21]	 Train Time [47.53]
Round [42/200]	 Train Loss [0.0937]	 Train Acc [97.13]	 Train Time [54.17]
Round [43/200]	 Train Loss [0.1058]	 Train Acc [96.83]	 Train Time [76.54]
Round [44/200]	 Train Loss [0.0895]	 Train Acc [97.28]	 Train Time [71.53]
Round [45/200]	 Train Loss [0.0911]	 Train Acc [97.23]	 Train Time [69.99]
Round [46/200]	 Train Loss [0.0902]	 Train Acc [97.26]	 Train Time [69.71]
Round [47/200]	 Train Loss [0.0910]	 Train Acc [97.28]	 Train Time [51.53]
Round [48/200]	 Train Loss [0.0869]	 Train Acc [97.38]	 Train Time [75.30]
Round [49/200]	 Train Loss [0.0881]	 Train Acc [97.38]	 Train Time [75.89]
Round [50/200]	 Train Loss [0.0811]	 Train Acc [97.57]	 Train Time [64.39]
Round [51/200]	 Train Loss [0.0827]	 Train Acc [97.48]	 Train Time [84.12]
Round [52/200]	 Train Loss [0.0874]	 Train Acc [97.36]	 Train Time [88.46]
Round [53/200]	 Train Loss [0.0848]	 Train Acc [97.52]	 Train Time [50.97]
Round [54/200]	 Train Loss [0.0838]	 Train Acc [97.48]	 Train Time [59.53]
Round [55/200]	 Train Loss [0.0817]	 Train Acc [97.56]	 Train Time [78.69]
Round [56/200]	 Train Loss [0.0851]	 Train Acc [97.45]	 Train Time [60.82]
Round [57/200]	 Train Loss [0.0798]	 Train Acc [97.61]	 Train Time [64.16]
Round [58/200]	 Train Loss [0.0811]	 Train Acc [97.57]	 Train Time [61.80]
Round [59/200]	 Train Loss [0.0784]	 Train Acc [97.66]	 Train Time [60.53]
Round [60/200]	 Train Loss [0.0802]	 Train Acc [97.56]	 Test Loss [1.3878|1.3671]	 Test Acc [58.28(12.70)|72.66(10.50)]	 Train Time [86.63]
Round [61/200]	 Train Loss [0.0717]	 Train Acc [97.84]	 Train Time [75.28]
Round [62/200]	 Train Loss [0.0809]	 Train Acc [97.57]	 Train Time [50.66]
Round [63/200]	 Train Loss [0.0741]	 Train Acc [97.76]	 Train Time [60.89]
Round [64/200]	 Train Loss [0.0712]	 Train Acc [97.85]	 Train Time [77.00]
Round [65/200]	 Train Loss [0.0730]	 Train Acc [97.81]	 Train Time [72.15]
Round [66/200]	 Train Loss [0.0736]	 Train Acc [97.76]	 Train Time [61.96]
Round [67/200]	 Train Loss [0.0710]	 Train Acc [97.85]	 Train Time [69.56]
Round [68/200]	 Train Loss [0.0779]	 Train Acc [97.67]	 Train Time [65.96]
Round [69/200]	 Train Loss [0.0759]	 Train Acc [97.67]	 Train Time [77.95]
Round [70/200]	 Train Loss [0.0706]	 Train Acc [97.84]	 Train Time [71.10]
Round [71/200]	 Train Loss [0.0722]	 Train Acc [97.82]	 Train Time [71.06]
Round [72/200]	 Train Loss [0.0735]	 Train Acc [97.79]	 Train Time [58.62]
Round [73/200]	 Train Loss [0.0772]	 Train Acc [97.69]	 Train Time [58.29]
Round [74/200]	 Train Loss [0.0738]	 Train Acc [97.77]	 Train Time [59.38]
Round [75/200]	 Train Loss [0.0700]	 Train Acc [97.86]	 Train Time [78.93]
Round [76/200]	 Train Loss [0.0737]	 Train Acc [97.78]	 Train Time [72.63]
Round [77/200]	 Train Loss [0.0661]	 Train Acc [97.96]	 Train Time [61.93]
Round [78/200]	 Train Loss [0.0664]	 Train Acc [97.99]	 Train Time [57.89]
Round [79/200]	 Train Loss [0.0759]	 Train Acc [97.70]	 Train Time [72.80]
Round [80/200]	 Train Loss [0.0650]	 Train Acc [98.06]	 Test Loss [1.4046|1.3285]	 Test Acc [59.69(12.41)|73.45(10.41)]	 Train Time [64.39]
Round [81/200]	 Train Loss [0.0650]	 Train Acc [98.05]	 Train Time [72.87]
Round [82/200]	 Train Loss [0.0656]	 Train Acc [98.03]	 Train Time [54.69]
Round [83/200]	 Train Loss [0.0630]	 Train Acc [98.05]	 Train Time [66.08]
Round [84/200]	 Train Loss [0.0641]	 Train Acc [98.06]	 Train Time [58.40]
Round [85/200]	 Train Loss [0.0670]	 Train Acc [97.97]	 Train Time [69.44]
Round [86/200]	 Train Loss [0.0640]	 Train Acc [98.06]	 Train Time [62.17]
Round [87/200]	 Train Loss [0.0601]	 Train Acc [98.17]	 Train Time [71.32]
Round [88/200]	 Train Loss [0.0572]	 Train Acc [98.24]	 Train Time [60.39]
Round [89/200]	 Train Loss [0.0667]	 Train Acc [98.01]	 Train Time [61.96]
Round [90/200]	 Train Loss [0.0645]	 Train Acc [98.02]	 Train Time [74.47]
Round [91/200]	 Train Loss [0.0574]	 Train Acc [98.26]	 Train Time [68.91]
Round [92/200]	 Train Loss [0.0667]	 Train Acc [97.97]	 Train Time [68.11]
Round [93/200]	 Train Loss [0.0530]	 Train Acc [98.41]	 Train Time [76.72]
Round [94/200]	 Train Loss [0.0594]	 Train Acc [98.21]	 Train Time [69.86]
Round [95/200]	 Train Loss [0.0627]	 Train Acc [98.08]	 Train Time [80.38]
Round [96/200]	 Train Loss [0.0602]	 Train Acc [98.16]	 Train Time [59.94]
Round [97/200]	 Train Loss [0.0622]	 Train Acc [98.10]	 Train Time [64.71]
Round [98/200]	 Train Loss [0.0666]	 Train Acc [97.97]	 Train Time [95.34]
Round [99/200]	 Train Loss [0.0673]	 Train Acc [97.97]	 Train Time [64.59]
Round [100/200]	 Train Loss [0.0625]	 Train Acc [98.09]	 Test Loss [1.3919|1.3130]	 Test Acc [59.55(11.69)|73.62(10.89)]	 Train Time [57.78]
Round [101/200]	 Train Loss [0.0554]	 Train Acc [98.28]	 Train Time [70.49]
Round [102/200]	 Train Loss [0.0627]	 Train Acc [98.08]	 Train Time [69.97]
Round [103/200]	 Train Loss [0.0614]	 Train Acc [98.13]	 Train Time [58.67]
Round [104/200]	 Train Loss [0.0606]	 Train Acc [98.18]	 Train Time [75.35]
Round [105/200]	 Train Loss [0.0571]	 Train Acc [98.25]	 Train Time [73.30]
Round [106/200]	 Train Loss [0.0594]	 Train Acc [98.19]	 Train Time [60.12]
Round [107/200]	 Train Loss [0.0613]	 Train Acc [98.15]	 Train Time [64.00]
Round [108/200]	 Train Loss [0.0610]	 Train Acc [98.16]	 Train Time [67.39]
Round [109/200]	 Train Loss [0.0525]	 Train Acc [98.43]	 Train Time [78.57]
Round [110/200]	 Train Loss [0.0573]	 Train Acc [98.25]	 Train Time [71.03]
Round [111/200]	 Train Loss [0.0577]	 Train Acc [98.26]	 Train Time [51.59]
Round [112/200]	 Train Loss [0.0610]	 Train Acc [98.13]	 Train Time [71.97]
Round [113/200]	 Train Loss [0.0558]	 Train Acc [98.31]	 Train Time [48.24]
Round [114/200]	 Train Loss [0.0597]	 Train Acc [98.19]	 Train Time [53.87]
Round [115/200]	 Train Loss [0.0554]	 Train Acc [98.32]	 Train Time [86.19]
Round [116/200]	 Train Loss [0.0501]	 Train Acc [98.50]	 Train Time [60.17]
Round [117/200]	 Train Loss [0.0580]	 Train Acc [98.22]	 Train Time [75.76]
Round [118/200]	 Train Loss [0.0570]	 Train Acc [98.26]	 Train Time [64.10]
Round [119/200]	 Train Loss [0.0580]	 Train Acc [98.24]	 Train Time [65.85]
Round [120/200]	 Train Loss [0.0562]	 Train Acc [98.24]	 Test Loss [1.3530|1.2984]	 Test Acc [61.23(11.32)|73.42(10.00)]	 Train Time [77.34]
Round [121/200]	 Train Loss [0.0556]	 Train Acc [98.31]	 Train Time [66.46]
Round [122/200]	 Train Loss [0.0525]	 Train Acc [98.43]	 Train Time [68.17]
Round [123/200]	 Train Loss [0.0517]	 Train Acc [98.42]	 Train Time [68.14]
Round [124/200]	 Train Loss [0.0576]	 Train Acc [98.27]	 Train Time [62.94]
Round [125/200]	 Train Loss [0.0558]	 Train Acc [98.34]	 Train Time [71.04]
Round [126/200]	 Train Loss [0.0597]	 Train Acc [98.17]	 Train Time [58.86]
Round [127/200]	 Train Loss [0.0574]	 Train Acc [98.26]	 Train Time [77.45]
Round [128/200]	 Train Loss [0.0494]	 Train Acc [98.51]	 Train Time [68.46]
Round [129/200]	 Train Loss [0.0465]	 Train Acc [98.60]	 Train Time [64.71]
Round [130/200]	 Train Loss [0.0593]	 Train Acc [98.15]	 Train Time [72.04]
Round [131/200]	 Train Loss [0.0570]	 Train Acc [98.24]	 Train Time [73.26]
Round [132/200]	 Train Loss [0.0540]	 Train Acc [98.33]	 Train Time [53.48]
Round [133/200]	 Train Loss [0.0495]	 Train Acc [98.48]	 Train Time [62.69]
Round [134/200]	 Train Loss [0.0562]	 Train Acc [98.27]	 Train Time [75.93]
Round [135/200]	 Train Loss [0.0564]	 Train Acc [98.28]	 Train Time [72.44]
Round [136/200]	 Train Loss [0.0516]	 Train Acc [98.43]	 Train Time [67.79]
Round [137/200]	 Train Loss [0.0516]	 Train Acc [98.41]	 Train Time [68.74]
Round [138/200]	 Train Loss [0.0519]	 Train Acc [98.39]	 Train Time [79.32]
Round [139/200]	 Train Loss [0.0506]	 Train Acc [98.45]	 Train Time [81.99]
Round [140/200]	 Train Loss [0.0492]	 Train Acc [98.46]	 Test Loss [1.3088|1.2812]	 Test Acc [61.52(10.17)|74.07(10.79)]	 Train Time [84.43]
Round [141/200]	 Train Loss [0.0513]	 Train Acc [98.43]	 Train Time [80.31]
Round [142/200]	 Train Loss [0.0519]	 Train Acc [98.42]	 Train Time [67.31]
Round [143/200]	 Train Loss [0.0494]	 Train Acc [98.52]	 Train Time [77.70]
Round [144/200]	 Train Loss [0.0543]	 Train Acc [98.39]	 Train Time [49.76]
Round [145/200]	 Train Loss [0.0525]	 Train Acc [98.39]	 Train Time [64.90]
Round [146/200]	 Train Loss [0.0494]	 Train Acc [98.46]	 Train Time [66.34]
Round [147/200]	 Train Loss [0.0593]	 Train Acc [98.17]	 Train Time [56.23]
Round [148/200]	 Train Loss [0.0502]	 Train Acc [98.43]	 Train Time [84.07]
Round [149/200]	 Train Loss [0.0551]	 Train Acc [98.36]	 Train Time [53.81]
Round [150/200]	 Train Loss [0.0603]	 Train Acc [98.13]	 Train Time [83.81]
Round [151/200]	 Train Loss [0.0534]	 Train Acc [98.37]	 Train Time [63.02]
Round [152/200]	 Train Loss [0.0548]	 Train Acc [98.34]	 Train Time [84.58]
Round [153/200]	 Train Loss [0.0514]	 Train Acc [98.43]	 Train Time [95.83]
Round [154/200]	 Train Loss [0.0468]	 Train Acc [98.57]	 Train Time [80.96]
Round [155/200]	 Train Loss [0.0549]	 Train Acc [98.34]	 Train Time [75.56]
Round [156/200]	 Train Loss [0.0490]	 Train Acc [98.48]	 Train Time [91.81]
Round [157/200]	 Train Loss [0.0451]	 Train Acc [98.60]	 Train Time [60.31]
Round [158/200]	 Train Loss [0.0488]	 Train Acc [98.47]	 Train Time [70.84]
Round [159/200]	 Train Loss [0.0485]	 Train Acc [98.50]	 Train Time [67.32]
Round [160/200]	 Train Loss [0.0490]	 Train Acc [98.51]	 Test Loss [1.3051|1.2545]	 Test Acc [62.05(10.60)|74.83(10.60)]	 Train Time [98.17]
Round [161/200]	 Train Loss [0.0503]	 Train Acc [98.46]	 Train Time [68.76]
Round [162/200]	 Train Loss [0.0500]	 Train Acc [98.47]	 Train Time [82.13]
Round [163/200]	 Train Loss [0.0508]	 Train Acc [98.48]	 Train Time [68.83]
Round [164/200]	 Train Loss [0.0482]	 Train Acc [98.52]	 Train Time [76.55]
Round [165/200]	 Train Loss [0.0516]	 Train Acc [98.43]	 Train Time [78.03]
Round [166/200]	 Train Loss [0.0469]	 Train Acc [98.57]	 Train Time [57.51]
Round [167/200]	 Train Loss [0.0496]	 Train Acc [98.47]	 Train Time [83.98]
Round [168/200]	 Train Loss [0.0508]	 Train Acc [98.45]	 Train Time [59.69]
Round [169/200]	 Train Loss [0.0575]	 Train Acc [98.26]	 Train Time [69.16]
Round [170/200]	 Train Loss [0.0533]	 Train Acc [98.38]	 Train Time [74.75]
Round [171/200]	 Train Loss [0.0511]	 Train Acc [98.41]	 Train Time [76.14]
Round [172/200]	 Train Loss [0.0450]	 Train Acc [98.63]	 Train Time [86.47]
Round [173/200]	 Train Loss [0.0457]	 Train Acc [98.60]	 Train Time [64.62]
Round [174/200]	 Train Loss [0.0474]	 Train Acc [98.52]	 Train Time [75.16]
Round [175/200]	 Train Loss [0.0453]	 Train Acc [98.64]	 Train Time [51.55]
Round [176/200]	 Train Loss [0.0464]	 Train Acc [98.56]	 Train Time [82.31]
Round [177/200]	 Train Loss [0.0450]	 Train Acc [98.63]	 Train Time [84.48]
Round [178/200]	 Train Loss [0.0450]	 Train Acc [98.60]	 Train Time [63.64]
Round [179/200]	 Train Loss [0.0528]	 Train Acc [98.41]	 Train Time [62.87]
Round [180/200]	 Train Loss [0.0459]	 Train Acc [98.60]	 Test Loss [1.3633|1.2400]	 Test Acc [60.80(10.99)|74.50(11.90)]	 Train Time [68.32]
Round [181/200]	 Train Loss [0.0468]	 Train Acc [98.57]	 Train Time [81.12]
Round [182/200]	 Train Loss [0.0484]	 Train Acc [98.48]	 Train Time [71.11]
Round [183/200]	 Train Loss [0.0474]	 Train Acc [98.55]	 Train Time [62.69]
Round [184/200]	 Train Loss [0.0499]	 Train Acc [98.49]	 Train Time [77.25]
Round [185/200]	 Train Loss [0.0448]	 Train Acc [98.62]	 Train Time [56.21]
Round [186/200]	 Train Loss [0.0507]	 Train Acc [98.44]	 Train Time [66.33]
Round [187/200]	 Train Loss [0.0502]	 Train Acc [98.43]	 Train Time [84.09]
Round [188/200]	 Train Loss [0.0473]	 Train Acc [98.53]	 Train Time [57.97]
Round [189/200]	 Train Loss [0.0479]	 Train Acc [98.50]	 Train Time [85.01]
Round [190/200]	 Train Loss [0.0463]	 Train Acc [98.57]	 Train Time [80.94]
Round [191/200]	 Train Loss [0.0462]	 Train Acc [98.56]	 Train Time [61.04]
Round [192/200]	 Train Loss [0.0492]	 Train Acc [98.47]	 Train Time [75.50]
Round [193/200]	 Train Loss [0.0455]	 Train Acc [98.62]	 Train Time [66.87]
Round [194/200]	 Train Loss [0.0471]	 Train Acc [98.56]	 Train Time [99.82]
Round [195/200]	 Train Loss [0.0428]	 Train Acc [98.69]	 Train Time [108.52]
Round [196/200]	 Train Loss [0.0437]	 Train Acc [98.66]	 Train Time [60.46]
Round [197/200]	 Train Loss [0.0460]	 Train Acc [98.61]	 Train Time [70.24]
Round [198/200]	 Train Loss [0.0463]	 Train Acc [98.58]	 Train Time [62.61]
Round [199/200]	 Train Loss [0.0457]	 Train Acc [98.58]	 Train Time [82.53]
Round [200/200]	 Train Loss [0.0443]	 Train Acc [98.65]	 Test Loss [1.2768|1.2370]	 Test Acc [62.44(10.34)|74.43(11.39)]	 Train Time [243.05]
Method took (69.94, 16.25) seconds per training iteration
Method took (13989.35) total seconds
