Training pFedFDA...
Round [1/200]	 Train Loss [1.3500]	 Train Acc [51.72]	 Train Time [59.29]
Round [2/200]	 Train Loss [1.0485]	 Train Acc [62.38]	 Train Time [47.10]
Round [3/200]	 Train Loss [0.7277]	 Train Acc [73.77]	 Train Time [49.07]
Round [4/200]	 Train Loss [0.5678]	 Train Acc [80.35]	 Train Time [53.39]
Round [5/200]	 Train Loss [0.4310]	 Train Acc [85.44]	 Train Time [33.02]
Round [6/200]	 Train Loss [0.3776]	 Train Acc [87.49]	 Train Time [64.41]
Round [7/200]	 Train Loss [0.3248]	 Train Acc [89.53]	 Train Time [62.30]
Round [8/200]	 Train Loss [0.2920]	 Train Acc [90.65]	 Train Time [62.75]
Round [9/200]	 Train Loss [0.2592]	 Train Acc [91.90]	 Train Time [66.83]
Round [10/200]	 Train Loss [0.2314]	 Train Acc [92.69]	 Train Time [65.66]
Round [11/200]	 Train Loss [0.2354]	 Train Acc [92.76]	 Train Time [41.84]
Round [12/200]	 Train Loss [0.2224]	 Train Acc [93.13]	 Train Time [51.16]
Round [13/200]	 Train Loss [0.2090]	 Train Acc [93.51]	 Train Time [62.87]
Round [14/200]	 Train Loss [0.2035]	 Train Acc [93.77]	 Train Time [59.65]
Round [15/200]	 Train Loss [0.1898]	 Train Acc [94.17]	 Train Time [62.82]
Round [16/200]	 Train Loss [0.1911]	 Train Acc [94.11]	 Train Time [51.46]
Round [17/200]	 Train Loss [0.1889]	 Train Acc [94.26]	 Train Time [54.36]
Round [18/200]	 Train Loss [0.1743]	 Train Acc [94.67]	 Train Time [46.06]
Round [19/200]	 Train Loss [0.1627]	 Train Acc [95.03]	 Train Time [55.48]
KL Divergence: μ=24.0784
Round [20/200]	 Train Loss [0.1800]	 Train Acc [94.45]	 Test Loss [0.8376]	 Test Acc [71.35(10.38)]	 Train Time [61.14]
Round [21/200]	 Train Loss [0.1686]	 Train Acc [94.86]	 Train Time [52.55]
Round [22/200]	 Train Loss [0.1565]	 Train Acc [95.27]	 Train Time [66.91]
Round [23/200]	 Train Loss [0.1533]	 Train Acc [95.41]	 Train Time [61.07]
Round [24/200]	 Train Loss [0.1411]	 Train Acc [95.72]	 Train Time [63.20]
Round [25/200]	 Train Loss [0.1511]	 Train Acc [95.42]	 Train Time [70.15]
Round [26/200]	 Train Loss [0.1487]	 Train Acc [95.42]	 Train Time [71.90]
Round [27/200]	 Train Loss [0.1342]	 Train Acc [96.01]	 Train Time [60.39]
Round [28/200]	 Train Loss [0.1284]	 Train Acc [96.07]	 Train Time [43.95]
Round [29/200]	 Train Loss [0.1425]	 Train Acc [95.68]	 Train Time [51.22]
Round [30/200]	 Train Loss [0.1299]	 Train Acc [96.16]	 Train Time [49.74]
Round [31/200]	 Train Loss [0.1294]	 Train Acc [96.11]	 Train Time [57.28]
Round [32/200]	 Train Loss [0.1367]	 Train Acc [95.82]	 Train Time [77.82]
Round [33/200]	 Train Loss [0.1221]	 Train Acc [96.28]	 Train Time [70.34]
Round [34/200]	 Train Loss [0.1258]	 Train Acc [96.14]	 Train Time [73.97]
Round [35/200]	 Train Loss [0.1160]	 Train Acc [96.48]	 Train Time [52.27]
Round [36/200]	 Train Loss [0.1246]	 Train Acc [96.26]	 Train Time [55.31]
Round [37/200]	 Train Loss [0.1387]	 Train Acc [95.82]	 Train Time [48.02]
Round [38/200]	 Train Loss [0.1163]	 Train Acc [96.49]	 Train Time [62.69]
Round [39/200]	 Train Loss [0.1201]	 Train Acc [96.31]	 Train Time [46.57]
KL Divergence: μ=17.0615
Round [40/200]	 Train Loss [0.1159]	 Train Acc [96.46]	 Test Loss [0.8498]	 Test Acc [72.80(9.99)]	 Train Time [41.87]
Round [41/200]	 Train Loss [0.1214]	 Train Acc [96.36]	 Train Time [59.31]
Round [42/200]	 Train Loss [0.1126]	 Train Acc [96.62]	 Train Time [71.08]
Round [43/200]	 Train Loss [0.1174]	 Train Acc [96.45]	 Train Time [56.63]
Round [44/200]	 Train Loss [0.1197]	 Train Acc [96.40]	 Train Time [52.14]
Round [45/200]	 Train Loss [0.1094]	 Train Acc [96.64]	 Train Time [41.93]
Round [46/200]	 Train Loss [0.1005]	 Train Acc [96.99]	 Train Time [48.87]
Round [47/200]	 Train Loss [0.1146]	 Train Acc [96.50]	 Train Time [54.10]
Round [48/200]	 Train Loss [0.1028]	 Train Acc [96.90]	 Train Time [40.42]
Round [49/200]	 Train Loss [0.1099]	 Train Acc [96.71]	 Train Time [51.60]
Round [50/200]	 Train Loss [0.1159]	 Train Acc [96.49]	 Train Time [47.70]
Round [51/200]	 Train Loss [0.0999]	 Train Acc [96.95]	 Train Time [58.03]
Round [52/200]	 Train Loss [0.1019]	 Train Acc [96.87]	 Train Time [63.48]
Round [53/200]	 Train Loss [0.0984]	 Train Acc [96.96]	 Train Time [39.02]
Round [54/200]	 Train Loss [0.0978]	 Train Acc [97.00]	 Train Time [42.67]
Round [55/200]	 Train Loss [0.1039]	 Train Acc [96.87]	 Train Time [58.83]
Round [56/200]	 Train Loss [0.0984]	 Train Acc [96.99]	 Train Time [83.53]
Round [57/200]	 Train Loss [0.0959]	 Train Acc [97.06]	 Train Time [55.01]
Round [58/200]	 Train Loss [0.0907]	 Train Acc [97.23]	 Train Time [39.84]
Round [59/200]	 Train Loss [0.1010]	 Train Acc [96.95]	 Train Time [81.27]
KL Divergence: μ=9.7360
Round [60/200]	 Train Loss [0.0944]	 Train Acc [97.16]	 Test Loss [0.8353]	 Test Acc [73.68(10.14)]	 Train Time [56.32]
Round [61/200]	 Train Loss [0.1041]	 Train Acc [96.88]	 Train Time [37.79]
Round [62/200]	 Train Loss [0.1068]	 Train Acc [96.78]	 Train Time [56.65]
Round [63/200]	 Train Loss [0.0923]	 Train Acc [97.18]	 Train Time [30.81]
Round [64/200]	 Train Loss [0.0970]	 Train Acc [97.08]	 Train Time [54.47]
Round [65/200]	 Train Loss [0.1040]	 Train Acc [96.84]	 Train Time [50.33]
Round [66/200]	 Train Loss [0.0992]	 Train Acc [97.01]	 Train Time [65.81]
Round [67/200]	 Train Loss [0.0951]	 Train Acc [97.12]	 Train Time [49.49]
Round [68/200]	 Train Loss [0.0940]	 Train Acc [97.13]	 Train Time [51.92]
Round [69/200]	 Train Loss [0.1052]	 Train Acc [96.83]	 Train Time [59.42]
Round [70/200]	 Train Loss [0.0874]	 Train Acc [97.30]	 Train Time [52.85]
Round [71/200]	 Train Loss [0.0911]	 Train Acc [97.21]	 Train Time [70.23]
Round [72/200]	 Train Loss [0.0975]	 Train Acc [97.03]	 Train Time [50.65]
Round [73/200]	 Train Loss [0.0897]	 Train Acc [97.26]	 Train Time [45.06]
Round [74/200]	 Train Loss [0.0925]	 Train Acc [97.17]	 Train Time [46.48]
Round [75/200]	 Train Loss [0.1101]	 Train Acc [96.68]	 Train Time [42.76]
Round [76/200]	 Train Loss [0.0881]	 Train Acc [97.32]	 Train Time [61.80]
Round [77/200]	 Train Loss [0.0899]	 Train Acc [97.23]	 Train Time [53.40]
Round [78/200]	 Train Loss [0.0894]	 Train Acc [97.24]	 Train Time [60.15]
Round [79/200]	 Train Loss [0.0837]	 Train Acc [97.43]	 Train Time [52.71]
KL Divergence: μ=6.6216
Round [80/200]	 Train Loss [0.0977]	 Train Acc [97.07]	 Test Loss [0.8370]	 Test Acc [74.53(11.18)]	 Train Time [41.32]
Round [81/200]	 Train Loss [0.0871]	 Train Acc [97.26]	 Train Time [64.45]
Round [82/200]	 Train Loss [0.0876]	 Train Acc [97.31]	 Train Time [63.10]
Round [83/200]	 Train Loss [0.0962]	 Train Acc [97.03]	 Train Time [41.63]
Round [84/200]	 Train Loss [0.0876]	 Train Acc [97.32]	 Train Time [60.31]
Round [85/200]	 Train Loss [0.0903]	 Train Acc [97.21]	 Train Time [67.64]
Round [86/200]	 Train Loss [0.0911]	 Train Acc [97.19]	 Train Time [59.85]
Round [87/200]	 Train Loss [0.0980]	 Train Acc [97.01]	 Train Time [64.83]
Round [88/200]	 Train Loss [0.0896]	 Train Acc [97.26]	 Train Time [70.55]
Round [89/200]	 Train Loss [0.0840]	 Train Acc [97.40]	 Train Time [43.40]
Round [90/200]	 Train Loss [0.0838]	 Train Acc [97.45]	 Train Time [51.35]
Round [91/200]	 Train Loss [0.0891]	 Train Acc [97.26]	 Train Time [77.16]
Round [92/200]	 Train Loss [0.0914]	 Train Acc [97.19]	 Train Time [57.92]
Round [93/200]	 Train Loss [0.0975]	 Train Acc [97.03]	 Train Time [49.84]
Round [94/200]	 Train Loss [0.0872]	 Train Acc [97.29]	 Train Time [49.87]
Round [95/200]	 Train Loss [0.0796]	 Train Acc [97.54]	 Train Time [60.60]
Round [96/200]	 Train Loss [0.0837]	 Train Acc [97.44]	 Train Time [61.53]
Round [97/200]	 Train Loss [0.0739]	 Train Acc [97.69]	 Train Time [60.29]
Round [98/200]	 Train Loss [0.0813]	 Train Acc [97.51]	 Train Time [48.56]
Round [99/200]	 Train Loss [0.0913]	 Train Acc [97.23]	 Train Time [65.05]
KL Divergence: μ=6.0374
Round [100/200]	 Train Loss [0.0891]	 Train Acc [97.23]	 Test Loss [0.8405]	 Test Acc [75.55(10.16)]	 Train Time [56.79]
Round [101/200]	 Train Loss [0.0885]	 Train Acc [97.26]	 Train Time [62.49]
Round [102/200]	 Train Loss [0.0782]	 Train Acc [97.65]	 Train Time [58.13]
Round [103/200]	 Train Loss [0.0784]	 Train Acc [97.62]	 Train Time [73.39]
Round [104/200]	 Train Loss [0.0744]	 Train Acc [97.70]	 Train Time [58.54]
Round [105/200]	 Train Loss [0.0860]	 Train Acc [97.34]	 Train Time [63.24]
Round [106/200]	 Train Loss [0.0827]	 Train Acc [97.50]	 Train Time [66.97]
Round [107/200]	 Train Loss [0.0765]	 Train Acc [97.64]	 Train Time [58.24]
Round [108/200]	 Train Loss [0.0771]	 Train Acc [97.65]	 Train Time [48.92]
Round [109/200]	 Train Loss [0.0800]	 Train Acc [97.54]	 Train Time [63.85]
Round [110/200]	 Train Loss [0.0798]	 Train Acc [97.55]	 Train Time [65.72]
Round [111/200]	 Train Loss [0.0930]	 Train Acc [97.15]	 Train Time [40.46]
Round [112/200]	 Train Loss [0.0725]	 Train Acc [97.77]	 Train Time [46.75]
Round [113/200]	 Train Loss [0.0761]	 Train Acc [97.65]	 Train Time [38.02]
Round [114/200]	 Train Loss [0.0808]	 Train Acc [97.51]	 Train Time [53.96]
Round [115/200]	 Train Loss [0.0735]	 Train Acc [97.76]	 Train Time [54.74]
Round [116/200]	 Train Loss [0.0817]	 Train Acc [97.49]	 Train Time [55.86]
Round [117/200]	 Train Loss [0.0819]	 Train Acc [97.51]	 Train Time [42.08]
Round [118/200]	 Train Loss [0.0738]	 Train Acc [97.69]	 Train Time [55.87]
Round [119/200]	 Train Loss [0.0785]	 Train Acc [97.61]	 Train Time [57.98]
KL Divergence: μ=6.0639
Round [120/200]	 Train Loss [0.0839]	 Train Acc [97.40]	 Test Loss [0.8392]	 Test Acc [75.91(9.86)]	 Train Time [55.48]
Round [121/200]	 Train Loss [0.0782]	 Train Acc [97.55]	 Train Time [58.00]
Round [122/200]	 Train Loss [0.0830]	 Train Acc [97.45]	 Train Time [58.69]
Round [123/200]	 Train Loss [0.0717]	 Train Acc [97.79]	 Train Time [52.40]
Round [124/200]	 Train Loss [0.0753]	 Train Acc [97.64]	 Train Time [64.41]
Round [125/200]	 Train Loss [0.0772]	 Train Acc [97.62]	 Train Time [59.28]
Round [126/200]	 Train Loss [0.0720]	 Train Acc [97.78]	 Train Time [69.56]
Round [127/200]	 Train Loss [0.0670]	 Train Acc [97.90]	 Train Time [52.54]
Round [128/200]	 Train Loss [0.0699]	 Train Acc [97.80]	 Train Time [57.63]
Round [129/200]	 Train Loss [0.0613]	 Train Acc [98.12]	 Train Time [45.80]
Round [130/200]	 Train Loss [0.0716]	 Train Acc [97.75]	 Train Time [51.54]
Round [131/200]	 Train Loss [0.0751]	 Train Acc [97.68]	 Train Time [58.17]
Round [132/200]	 Train Loss [0.0685]	 Train Acc [97.83]	 Train Time [50.93]
Round [133/200]	 Train Loss [0.0739]	 Train Acc [97.69]	 Train Time [57.60]
Round [134/200]	 Train Loss [0.0667]	 Train Acc [97.94]	 Train Time [68.40]
Round [135/200]	 Train Loss [0.0701]	 Train Acc [97.86]	 Train Time [66.11]
Round [136/200]	 Train Loss [0.0744]	 Train Acc [97.66]	 Train Time [44.33]
Round [137/200]	 Train Loss [0.0763]	 Train Acc [97.67]	 Train Time [41.71]
Round [138/200]	 Train Loss [0.0656]	 Train Acc [98.00]	 Train Time [49.50]
Round [139/200]	 Train Loss [0.0645]	 Train Acc [97.98]	 Train Time [49.94]
KL Divergence: μ=6.5617
Round [140/200]	 Train Loss [0.0680]	 Train Acc [97.92]	 Test Loss [0.8536]	 Test Acc [75.45(10.14)]	 Train Time [60.22]
Round [141/200]	 Train Loss [0.0686]	 Train Acc [97.88]	 Train Time [51.04]
Round [142/200]	 Train Loss [0.0777]	 Train Acc [97.58]	 Train Time [58.06]
Round [143/200]	 Train Loss [0.0798]	 Train Acc [97.51]	 Train Time [48.53]
Round [144/200]	 Train Loss [0.0666]	 Train Acc [97.90]	 Train Time [48.16]
Round [145/200]	 Train Loss [0.0690]	 Train Acc [97.84]	 Train Time [70.73]
Round [146/200]	 Train Loss [0.0633]	 Train Acc [98.00]	 Train Time [42.15]
Round [147/200]	 Train Loss [0.0709]	 Train Acc [97.81]	 Train Time [44.31]
Round [148/200]	 Train Loss [0.0802]	 Train Acc [97.54]	 Train Time [56.07]
Round [149/200]	 Train Loss [0.0606]	 Train Acc [98.16]	 Train Time [50.42]
Round [150/200]	 Train Loss [0.0650]	 Train Acc [98.01]	 Train Time [61.62]
Round [151/200]	 Train Loss [0.0706]	 Train Acc [97.82]	 Train Time [48.39]
Round [152/200]	 Train Loss [0.0728]	 Train Acc [97.71]	 Train Time [47.89]
Round [153/200]	 Train Loss [0.0708]	 Train Acc [97.78]	 Train Time [57.54]
Round [154/200]	 Train Loss [0.0684]	 Train Acc [97.90]	 Train Time [72.33]
Round [155/200]	 Train Loss [0.0727]	 Train Acc [97.76]	 Train Time [54.37]
Round [156/200]	 Train Loss [0.0622]	 Train Acc [98.09]	 Train Time [36.79]
Round [157/200]	 Train Loss [0.0605]	 Train Acc [98.12]	 Train Time [41.98]
Round [158/200]	 Train Loss [0.0705]	 Train Acc [97.85]	 Train Time [64.53]
Round [159/200]	 Train Loss [0.0671]	 Train Acc [97.92]	 Train Time [41.76]
KL Divergence: μ=6.8982
Round [160/200]	 Train Loss [0.0636]	 Train Acc [98.03]	 Test Loss [0.8760]	 Test Acc [76.34(9.98)]	 Train Time [62.15]
Round [161/200]	 Train Loss [0.0670]	 Train Acc [97.90]	 Train Time [67.37]
Round [162/200]	 Train Loss [0.0620]	 Train Acc [98.08]	 Train Time [51.14]
Round [163/200]	 Train Loss [0.0561]	 Train Acc [98.27]	 Train Time [50.84]
Round [164/200]	 Train Loss [0.0613]	 Train Acc [98.14]	 Train Time [47.69]
Round [165/200]	 Train Loss [0.0659]	 Train Acc [97.95]	 Train Time [62.27]
Round [166/200]	 Train Loss [0.0637]	 Train Acc [98.02]	 Train Time [62.15]
Round [167/200]	 Train Loss [0.0667]	 Train Acc [97.91]	 Train Time [50.85]
Round [168/200]	 Train Loss [0.0677]	 Train Acc [97.87]	 Train Time [73.29]
Round [169/200]	 Train Loss [0.0643]	 Train Acc [98.00]	 Train Time [55.00]
Round [170/200]	 Train Loss [0.0629]	 Train Acc [98.06]	 Train Time [55.63]
Round [171/200]	 Train Loss [0.0633]	 Train Acc [98.00]	 Train Time [65.75]
Round [172/200]	 Train Loss [0.0639]	 Train Acc [98.02]	 Train Time [58.91]
Round [173/200]	 Train Loss [0.0642]	 Train Acc [98.02]	 Train Time [61.22]
Round [174/200]	 Train Loss [0.0656]	 Train Acc [97.94]	 Train Time [52.89]
Round [175/200]	 Train Loss [0.0588]	 Train Acc [98.16]	 Train Time [62.17]
Round [176/200]	 Train Loss [0.0653]	 Train Acc [97.96]	 Train Time [59.66]
Round [177/200]	 Train Loss [0.0622]	 Train Acc [98.08]	 Train Time [63.15]
Round [178/200]	 Train Loss [0.0697]	 Train Acc [97.89]	 Train Time [45.74]
Round [179/200]	 Train Loss [0.0595]	 Train Acc [98.12]	 Train Time [54.53]
KL Divergence: μ=7.2098
Round [180/200]	 Train Loss [0.0629]	 Train Acc [98.00]	 Test Loss [0.8871]	 Test Acc [76.01(9.85)]	 Train Time [49.76]
Round [181/200]	 Train Loss [0.0616]	 Train Acc [98.10]	 Train Time [53.00]
Round [182/200]	 Train Loss [0.0621]	 Train Acc [98.03]	 Train Time [70.31]
Round [183/200]	 Train Loss [0.0650]	 Train Acc [97.93]	 Train Time [52.40]
Round [184/200]	 Train Loss [0.0624]	 Train Acc [98.09]	 Train Time [47.46]
Round [185/200]	 Train Loss [0.0725]	 Train Acc [97.77]	 Train Time [38.52]
Round [186/200]	 Train Loss [0.0625]	 Train Acc [98.11]	 Train Time [50.37]
Round [187/200]	 Train Loss [0.0598]	 Train Acc [98.15]	 Train Time [62.36]
Round [188/200]	 Train Loss [0.0575]	 Train Acc [98.15]	 Train Time [48.48]
Round [189/200]	 Train Loss [0.0587]	 Train Acc [98.17]	 Train Time [44.68]
Round [190/200]	 Train Loss [0.0620]	 Train Acc [98.08]	 Train Time [48.09]
Round [191/200]	 Train Loss [0.0531]	 Train Acc [98.38]	 Train Time [43.00]
Round [192/200]	 Train Loss [0.0520]	 Train Acc [98.43]	 Train Time [71.25]
Round [193/200]	 Train Loss [0.0561]	 Train Acc [98.27]	 Train Time [54.84]
Round [194/200]	 Train Loss [0.0546]	 Train Acc [98.30]	 Train Time [55.32]
Round [195/200]	 Train Loss [0.0605]	 Train Acc [98.10]	 Train Time [51.66]
Round [196/200]	 Train Loss [0.0488]	 Train Acc [98.47]	 Train Time [57.02]
Round [197/200]	 Train Loss [0.0548]	 Train Acc [98.30]	 Train Time [66.09]
Round [198/200]	 Train Loss [0.0536]	 Train Acc [98.34]	 Train Time [53.56]
Round [199/200]	 Train Loss [0.0563]	 Train Acc [98.27]	 Train Time [47.01]
KL Divergence: μ=7.2865
Round [200/200]	 Train Loss [0.0579]	 Train Acc [98.19]	 Test Loss [0.8794]	 Test Acc [76.43(10.31)]	 Train Time [183.46]
Method took (56.22, 13.08) seconds per training iteration
Method took (11264.68) total seconds
