Initializing FlowMatchingModel with param_dim=107690
Training pFedFDA...
Global model updated via Flow-Assisted Aggregation.
Round [1/200]	 Train Loss [1.4526]	 Train Acc [49.32]	 Train Time [55.95]
Training Flow Model...
Round 2 Flow Model Training Avg Loss: 0.6145
Global model updated via Flow-Assisted Aggregation.
Round [2/200]	 Train Loss [1.0822]	 Train Acc [61.27]	 Train Time [57.00]
Training Flow Model...
Round 3 Flow Model Training Avg Loss: 0.7372
Global model updated via Flow-Assisted Aggregation.
Round [3/200]	 Train Loss [0.7737]	 Train Acc [72.30]	 Train Time [47.26]
Training Flow Model...
Round 4 Flow Model Training Avg Loss: 0.6517
Global model updated via Flow-Assisted Aggregation.
Round [4/200]	 Train Loss [0.5689]	 Train Acc [79.89]	 Train Time [50.78]
Training Flow Model...
Round 5 Flow Model Training Avg Loss: 0.5950
Global model updated via Flow-Assisted Aggregation.
Round [5/200]	 Train Loss [0.4717]	 Train Acc [83.73]	 Train Time [41.54]
Training Flow Model...
Round 6 Flow Model Training Avg Loss: 0.6150
Global model updated via Flow-Assisted Aggregation.
Round [6/200]	 Train Loss [0.3997]	 Train Acc [86.94]	 Train Time [43.29]
Training Flow Model...
Round 7 Flow Model Training Avg Loss: 0.6290
Global model updated via Flow-Assisted Aggregation.
Round [7/200]	 Train Loss [0.3053]	 Train Acc [90.26]	 Train Time [50.25]
Training Flow Model...
Round 8 Flow Model Training Avg Loss: 0.6287
Global model updated via Flow-Assisted Aggregation.
Round [8/200]	 Train Loss [0.2909]	 Train Acc [90.78]	 Train Time [53.90]
Training Flow Model...
Round 9 Flow Model Training Avg Loss: 0.6219
Global model updated via Flow-Assisted Aggregation.
Round [9/200]	 Train Loss [0.2729]	 Train Acc [91.52]	 Train Time [54.84]
Training Flow Model...
Round 10 Flow Model Training Avg Loss: 0.6203
Global model updated via Flow-Assisted Aggregation.
Round [10/200]	 Train Loss [0.2195]	 Train Acc [93.22]	 Train Time [52.82]
Training Flow Model...
Round 11 Flow Model Training Avg Loss: 0.5949
Global model updated via Flow-Assisted Aggregation.
Round [11/200]	 Train Loss [0.2329]	 Train Acc [92.74]	 Train Time [56.62]
Training Flow Model...
Round 12 Flow Model Training Avg Loss: 0.6002
Global model updated via Flow-Assisted Aggregation.
Round [12/200]	 Train Loss [0.2043]	 Train Acc [93.78]	 Train Time [61.38]
Training Flow Model...
Round 13 Flow Model Training Avg Loss: 0.5842
Global model updated via Flow-Assisted Aggregation.
Round [13/200]	 Train Loss [0.2002]	 Train Acc [93.94]	 Train Time [51.55]
Training Flow Model...
Round 14 Flow Model Training Avg Loss: 0.5734
Global model updated via Flow-Assisted Aggregation.
Round [14/200]	 Train Loss [0.1807]	 Train Acc [94.54]	 Train Time [46.10]
Training Flow Model...
Round 15 Flow Model Training Avg Loss: 0.5477
Global model updated via Flow-Assisted Aggregation.
Round [15/200]	 Train Loss [0.1835]	 Train Acc [94.55]	 Train Time [49.57]
Training Flow Model...
Round 16 Flow Model Training Avg Loss: 0.5634
Global model updated via Flow-Assisted Aggregation.
Round [16/200]	 Train Loss [0.1814]	 Train Acc [94.58]	 Train Time [44.94]
Training Flow Model...
Round 17 Flow Model Training Avg Loss: 0.5538
Global model updated via Flow-Assisted Aggregation.
Round [17/200]	 Train Loss [0.1715]	 Train Acc [94.88]	 Train Time [46.17]
Training Flow Model...
Round 18 Flow Model Training Avg Loss: 0.5481
Global model updated via Flow-Assisted Aggregation.
Round [18/200]	 Train Loss [0.1497]	 Train Acc [95.49]	 Train Time [61.57]
Training Flow Model...
Round 19 Flow Model Training Avg Loss: 0.5585
Global model updated via Flow-Assisted Aggregation.
Round [19/200]	 Train Loss [0.1496]	 Train Acc [95.52]	 Train Time [54.48]
Training Flow Model...
Round 20 Flow Model Training Avg Loss: 0.5537
Global model updated via Flow-Assisted Aggregation.
KL Divergence: μ=20.3423
Round [20/200]	 Train Loss [0.1499]	 Train Acc [95.54]	 Test Loss [1.3111|0.8745]	 Test Acc [71.68(11.40)|71.42(11.10)]	 Train Time [58.48]
Training Flow Model...
Round 21 Flow Model Training Avg Loss: 0.5326
Global model updated via Flow-Assisted Aggregation.
Round [21/200]	 Train Loss [0.1523]	 Train Acc [95.41]	 Train Time [57.78]
Training Flow Model...
Round 22 Flow Model Training Avg Loss: 0.5293
Global model updated via Flow-Assisted Aggregation.
Round [22/200]	 Train Loss [0.1400]	 Train Acc [95.85]	 Train Time [47.72]
Training Flow Model...
Round 23 Flow Model Training Avg Loss: 0.5321
Global model updated via Flow-Assisted Aggregation.
Round [23/200]	 Train Loss [0.1437]	 Train Acc [95.69]	 Train Time [51.93]
Training Flow Model...
Round 24 Flow Model Training Avg Loss: 0.5134
Global model updated via Flow-Assisted Aggregation.
Round [24/200]	 Train Loss [0.1311]	 Train Acc [96.09]	 Train Time [72.80]
Training Flow Model...
Round 25 Flow Model Training Avg Loss: 0.5131
Global model updated via Flow-Assisted Aggregation.
Round [25/200]	 Train Loss [0.1372]	 Train Acc [95.93]	 Train Time [51.93]
Training Flow Model...
Round 26 Flow Model Training Avg Loss: 0.5203
Global model updated via Flow-Assisted Aggregation.
Round [26/200]	 Train Loss [0.1189]	 Train Acc [96.47]	 Train Time [66.81]
Training Flow Model...
Round 27 Flow Model Training Avg Loss: 0.5147
Global model updated via Flow-Assisted Aggregation.
Round [27/200]	 Train Loss [0.1230]	 Train Acc [96.28]	 Train Time [42.04]
Training Flow Model...
Round 28 Flow Model Training Avg Loss: 0.5011
Global model updated via Flow-Assisted Aggregation.
Round [28/200]	 Train Loss [0.1295]	 Train Acc [96.13]	 Train Time [47.44]
Training Flow Model...
Round 29 Flow Model Training Avg Loss: 0.5109
Global model updated via Flow-Assisted Aggregation.
Round [29/200]	 Train Loss [0.1328]	 Train Acc [96.00]	 Train Time [57.61]
Training Flow Model...
Round 30 Flow Model Training Avg Loss: 0.5008
Global model updated via Flow-Assisted Aggregation.
Round [30/200]	 Train Loss [0.1271]	 Train Acc [96.25]	 Train Time [50.67]
Training Flow Model...
Round 31 Flow Model Training Avg Loss: 0.4984
Global model updated via Flow-Assisted Aggregation.
Round [31/200]	 Train Loss [0.1106]	 Train Acc [96.60]	 Train Time [42.64]
Training Flow Model...
Round 32 Flow Model Training Avg Loss: 0.4990
Global model updated via Flow-Assisted Aggregation.
Round [32/200]	 Train Loss [0.1257]	 Train Acc [96.25]	 Train Time [40.00]
Training Flow Model...
Round 33 Flow Model Training Avg Loss: 0.5018
Global model updated via Flow-Assisted Aggregation.
Round [33/200]	 Train Loss [0.1070]	 Train Acc [96.78]	 Train Time [69.05]
Training Flow Model...
Round 34 Flow Model Training Avg Loss: 0.5043
Global model updated via Flow-Assisted Aggregation.
Round [34/200]	 Train Loss [0.1128]	 Train Acc [96.57]	 Train Time [53.27]
Training Flow Model...
Round 35 Flow Model Training Avg Loss: 0.5102
Global model updated via Flow-Assisted Aggregation.
Round [35/200]	 Train Loss [0.1031]	 Train Acc [96.89]	 Train Time [51.05]
Training Flow Model...
Round 36 Flow Model Training Avg Loss: 0.4983
Global model updated via Flow-Assisted Aggregation.
Round [36/200]	 Train Loss [0.1084]	 Train Acc [96.75]	 Train Time [69.91]
Training Flow Model...
Round 37 Flow Model Training Avg Loss: 0.5070
Global model updated via Flow-Assisted Aggregation.
Round [37/200]	 Train Loss [0.1048]	 Train Acc [96.87]	 Train Time [55.10]
Training Flow Model...
Round 38 Flow Model Training Avg Loss: 0.5196
Global model updated via Flow-Assisted Aggregation.
Round [38/200]	 Train Loss [0.1030]	 Train Acc [96.93]	 Train Time [48.18]
Training Flow Model...
Round 39 Flow Model Training Avg Loss: 0.5018
Global model updated via Flow-Assisted Aggregation.
Round [39/200]	 Train Loss [0.0926]	 Train Acc [97.18]	 Train Time [57.00]
Training Flow Model...
Round 40 Flow Model Training Avg Loss: 0.5115
Global model updated via Flow-Assisted Aggregation.
KL Divergence: μ=11.4054
Round [40/200]	 Train Loss [0.0998]	 Train Acc [96.94]	 Test Loss [1.2942|0.8508]	 Test Acc [72.85(13.38)|73.98(10.96)]	 Train Time [48.51]
Training Flow Model...
Round 41 Flow Model Training Avg Loss: 0.5090
Global model updated via Flow-Assisted Aggregation.
Round [41/200]	 Train Loss [0.1052]	 Train Acc [96.88]	 Train Time [53.78]
Training Flow Model...
Round 42 Flow Model Training Avg Loss: 0.5276
Global model updated via Flow-Assisted Aggregation.
Round [42/200]	 Train Loss [0.1125]	 Train Acc [96.60]	 Train Time [59.22]
Training Flow Model...
Round 43 Flow Model Training Avg Loss: 0.5167
Global model updated via Flow-Assisted Aggregation.
Round [43/200]	 Train Loss [0.0962]	 Train Acc [97.13]	 Train Time [30.24]
Training Flow Model...
Round 44 Flow Model Training Avg Loss: 0.5282
Global model updated via Flow-Assisted Aggregation.
Round [44/200]	 Train Loss [0.0964]	 Train Acc [97.15]	 Train Time [48.57]
Training Flow Model...
Round 45 Flow Model Training Avg Loss: 0.5200
Global model updated via Flow-Assisted Aggregation.
Round [45/200]	 Train Loss [0.0902]	 Train Acc [97.27]	 Train Time [59.74]
Training Flow Model...
Round 46 Flow Model Training Avg Loss: 0.5251
Global model updated via Flow-Assisted Aggregation.
Round [46/200]	 Train Loss [0.0839]	 Train Acc [97.47]	 Train Time [56.21]
Training Flow Model...
Round 47 Flow Model Training Avg Loss: 0.5282
Global model updated via Flow-Assisted Aggregation.
Round [47/200]	 Train Loss [0.1066]	 Train Acc [96.77]	 Train Time [52.81]
Training Flow Model...
Round 48 Flow Model Training Avg Loss: 0.5304
Global model updated via Flow-Assisted Aggregation.
Round [48/200]	 Train Loss [0.0926]	 Train Acc [97.21]	 Train Time [75.34]
Training Flow Model...
Round 49 Flow Model Training Avg Loss: 0.5195
Global model updated via Flow-Assisted Aggregation.
Round [49/200]	 Train Loss [0.0925]	 Train Acc [97.15]	 Train Time [56.57]
Training Flow Model...
Round 50 Flow Model Training Avg Loss: 0.5288
Global model updated via Flow-Assisted Aggregation.
Round [50/200]	 Train Loss [0.0883]	 Train Acc [97.28]	 Train Time [54.84]
Training Flow Model...
Round 51 Flow Model Training Avg Loss: 0.5271
Global model updated via Flow-Assisted Aggregation.
Round [51/200]	 Train Loss [0.0991]	 Train Acc [97.04]	 Train Time [43.50]
Training Flow Model...
Round 52 Flow Model Training Avg Loss: 0.5425
Global model updated via Flow-Assisted Aggregation.
Round [52/200]	 Train Loss [0.0855]	 Train Acc [97.39]	 Train Time [62.66]
Training Flow Model...
Round 53 Flow Model Training Avg Loss: 0.5329
Global model updated via Flow-Assisted Aggregation.
Round [53/200]	 Train Loss [0.0868]	 Train Acc [97.34]	 Train Time [52.03]
Training Flow Model...
Round 54 Flow Model Training Avg Loss: 0.5369
Global model updated via Flow-Assisted Aggregation.
Round [54/200]	 Train Loss [0.0909]	 Train Acc [97.18]	 Train Time [60.58]
Training Flow Model...
Round 55 Flow Model Training Avg Loss: 0.5349
Global model updated via Flow-Assisted Aggregation.
Round [55/200]	 Train Loss [0.0847]	 Train Acc [97.46]	 Train Time [48.82]
Training Flow Model...
Round 56 Flow Model Training Avg Loss: 0.5349
Global model updated via Flow-Assisted Aggregation.
Round [56/200]	 Train Loss [0.0921]	 Train Acc [97.18]	 Train Time [56.63]
Training Flow Model...
Round 57 Flow Model Training Avg Loss: 0.5411
Global model updated via Flow-Assisted Aggregation.
Round [57/200]	 Train Loss [0.0834]	 Train Acc [97.47]	 Train Time [40.60]
Training Flow Model...
Round 58 Flow Model Training Avg Loss: 0.5336
Global model updated via Flow-Assisted Aggregation.
Round [58/200]	 Train Loss [0.0846]	 Train Acc [97.33]	 Train Time [71.39]
Training Flow Model...
Round 59 Flow Model Training Avg Loss: 0.5345
Global model updated via Flow-Assisted Aggregation.
Round [59/200]	 Train Loss [0.0837]	 Train Acc [97.42]	 Train Time [70.66]
Training Flow Model...
Round 60 Flow Model Training Avg Loss: 0.5360
Global model updated via Flow-Assisted Aggregation.
KL Divergence: μ=7.8336
Round [60/200]	 Train Loss [0.0810]	 Train Acc [97.53]	 Test Loss [1.2384|0.8496]	 Test Acc [74.43(11.34)|74.63(12.14)]	 Train Time [52.45]
Training Flow Model...
Round 61 Flow Model Training Avg Loss: 0.5270
Global model updated via Flow-Assisted Aggregation.
Round [61/200]	 Train Loss [0.0826]	 Train Acc [97.46]	 Train Time [68.94]
Training Flow Model...
Round 62 Flow Model Training Avg Loss: 0.5309
Global model updated via Flow-Assisted Aggregation.
Round [62/200]	 Train Loss [0.0764]	 Train Acc [97.65]	 Train Time [66.33]
Training Flow Model...
Round 63 Flow Model Training Avg Loss: 0.5385
Global model updated via Flow-Assisted Aggregation.
Round [63/200]	 Train Loss [0.0850]	 Train Acc [97.40]	 Train Time [51.27]
Training Flow Model...
Round 64 Flow Model Training Avg Loss: 0.5404
Global model updated via Flow-Assisted Aggregation.
Round [64/200]	 Train Loss [0.0766]	 Train Acc [97.57]	 Train Time [47.61]
Training Flow Model...
Round 65 Flow Model Training Avg Loss: 0.5370
Global model updated via Flow-Assisted Aggregation.
Round [65/200]	 Train Loss [0.0718]	 Train Acc [97.79]	 Train Time [71.44]
Training Flow Model...
Round 66 Flow Model Training Avg Loss: 0.5394
Global model updated via Flow-Assisted Aggregation.
Round [66/200]	 Train Loss [0.0841]	 Train Acc [97.42]	 Train Time [57.58]
Training Flow Model...
Round 67 Flow Model Training Avg Loss: 0.5328
Global model updated via Flow-Assisted Aggregation.
Round [67/200]	 Train Loss [0.0856]	 Train Acc [97.39]	 Train Time [46.12]
Training Flow Model...
Round 68 Flow Model Training Avg Loss: 0.5491
Global model updated via Flow-Assisted Aggregation.
Round [68/200]	 Train Loss [0.0775]	 Train Acc [97.63]	 Train Time [80.46]
Training Flow Model...
Round 69 Flow Model Training Avg Loss: 0.5516
Global model updated via Flow-Assisted Aggregation.
Round [69/200]	 Train Loss [0.0760]	 Train Acc [97.65]	 Train Time [58.84]
Training Flow Model...
Round 70 Flow Model Training Avg Loss: 0.5532
Global model updated via Flow-Assisted Aggregation.
Round [70/200]	 Train Loss [0.0720]	 Train Acc [97.76]	 Train Time [55.61]
Training Flow Model...
Round 71 Flow Model Training Avg Loss: 0.5499
Global model updated via Flow-Assisted Aggregation.
Round [71/200]	 Train Loss [0.0715]	 Train Acc [97.77]	 Train Time [74.45]
Training Flow Model...
Round 72 Flow Model Training Avg Loss: 0.5393
Global model updated via Flow-Assisted Aggregation.
Round [72/200]	 Train Loss [0.0777]	 Train Acc [97.59]	 Train Time [55.28]
Training Flow Model...
Round 73 Flow Model Training Avg Loss: 0.5320
Global model updated via Flow-Assisted Aggregation.
Round [73/200]	 Train Loss [0.0772]	 Train Acc [97.63]	 Train Time [49.15]
Training Flow Model...
Round 74 Flow Model Training Avg Loss: 0.5316
Global model updated via Flow-Assisted Aggregation.
Round [74/200]	 Train Loss [0.0843]	 Train Acc [97.47]	 Train Time [55.73]
Training Flow Model...
Round 75 Flow Model Training Avg Loss: 0.5481
Global model updated via Flow-Assisted Aggregation.
Round [75/200]	 Train Loss [0.0820]	 Train Acc [97.50]	 Train Time [56.12]
Training Flow Model...
Round 76 Flow Model Training Avg Loss: 0.5543
Global model updated via Flow-Assisted Aggregation.
Round [76/200]	 Train Loss [0.0758]	 Train Acc [97.70]	 Train Time [54.27]
Training Flow Model...
Round 77 Flow Model Training Avg Loss: 0.5552
Global model updated via Flow-Assisted Aggregation.
Round [77/200]	 Train Loss [0.0799]	 Train Acc [97.52]	 Train Time [47.83]
Training Flow Model...
Round 78 Flow Model Training Avg Loss: 0.5560
Global model updated via Flow-Assisted Aggregation.
Round [78/200]	 Train Loss [0.0693]	 Train Acc [97.87]	 Train Time [52.41]
Training Flow Model...
Round 79 Flow Model Training Avg Loss: 0.5503
Global model updated via Flow-Assisted Aggregation.
Round [79/200]	 Train Loss [0.0761]	 Train Acc [97.73]	 Train Time [42.29]
Training Flow Model...
Round 80 Flow Model Training Avg Loss: 0.5265
Global model updated via Flow-Assisted Aggregation.
KL Divergence: μ=7.4213
Round [80/200]	 Train Loss [0.0722]	 Train Acc [97.78]	 Test Loss [1.2556|0.8446]	 Test Acc [74.41(11.97)|76.07(11.26)]	 Train Time [76.13]
Training Flow Model...
Round 81 Flow Model Training Avg Loss: 0.5548
Global model updated via Flow-Assisted Aggregation.
Round [81/200]	 Train Loss [0.0803]	 Train Acc [97.54]	 Train Time [48.80]
Training Flow Model...
Round 82 Flow Model Training Avg Loss: 0.5649
Global model updated via Flow-Assisted Aggregation.
Round [82/200]	 Train Loss [0.0712]	 Train Acc [97.79]	 Train Time [63.64]
Training Flow Model...
Round 83 Flow Model Training Avg Loss: 0.5578
Global model updated via Flow-Assisted Aggregation.
Round [83/200]	 Train Loss [0.0694]	 Train Acc [97.85]	 Train Time [55.13]
Training Flow Model...
Round 84 Flow Model Training Avg Loss: 0.5661
Global model updated via Flow-Assisted Aggregation.
Round [84/200]	 Train Loss [0.0693]	 Train Acc [97.87]	 Train Time [77.43]
Training Flow Model...
Round 85 Flow Model Training Avg Loss: 0.5564
Global model updated via Flow-Assisted Aggregation.
Round [85/200]	 Train Loss [0.0611]	 Train Acc [98.14]	 Train Time [64.20]
Training Flow Model...
Round 86 Flow Model Training Avg Loss: 0.5590
Global model updated via Flow-Assisted Aggregation.
Round [86/200]	 Train Loss [0.0681]	 Train Acc [97.92]	 Train Time [67.50]
Training Flow Model...
Round 87 Flow Model Training Avg Loss: 0.5677
Global model updated via Flow-Assisted Aggregation.
Round [87/200]	 Train Loss [0.0718]	 Train Acc [97.76]	 Train Time [61.98]
Training Flow Model...
Round 88 Flow Model Training Avg Loss: 0.5519
Global model updated via Flow-Assisted Aggregation.
Round [88/200]	 Train Loss [0.0651]	 Train Acc [98.01]	 Train Time [68.06]
Training Flow Model...
Round 89 Flow Model Training Avg Loss: 0.5548
Global model updated via Flow-Assisted Aggregation.
Round [89/200]	 Train Loss [0.0739]	 Train Acc [97.71]	 Train Time [53.89]
Training Flow Model...
Round 90 Flow Model Training Avg Loss: 0.5485
Global model updated via Flow-Assisted Aggregation.
Round [90/200]	 Train Loss [0.0726]	 Train Acc [97.78]	 Train Time [39.69]
Training Flow Model...
Round 91 Flow Model Training Avg Loss: 0.5598
Global model updated via Flow-Assisted Aggregation.
Round [91/200]	 Train Loss [0.0651]	 Train Acc [97.98]	 Train Time [60.57]
Training Flow Model...
Round 92 Flow Model Training Avg Loss: 0.5674
Global model updated via Flow-Assisted Aggregation.
Round [92/200]	 Train Loss [0.0721]	 Train Acc [97.78]	 Train Time [62.82]
Training Flow Model...
Round 93 Flow Model Training Avg Loss: 0.5573
Global model updated via Flow-Assisted Aggregation.
Round [93/200]	 Train Loss [0.0636]	 Train Acc [97.99]	 Train Time [55.47]
Training Flow Model...
Round 94 Flow Model Training Avg Loss: 0.5512
Global model updated via Flow-Assisted Aggregation.
Round [94/200]	 Train Loss [0.0617]	 Train Acc [98.06]	 Train Time [56.61]
Training Flow Model...
Round 95 Flow Model Training Avg Loss: 0.5556
Global model updated via Flow-Assisted Aggregation.
Round [95/200]	 Train Loss [0.0717]	 Train Acc [97.76]	 Train Time [65.30]
Training Flow Model...
Round 96 Flow Model Training Avg Loss: 0.5641
Global model updated via Flow-Assisted Aggregation.
Round [96/200]	 Train Loss [0.0657]	 Train Acc [97.91]	 Train Time [51.34]
Training Flow Model...
Round 97 Flow Model Training Avg Loss: 0.5475
Global model updated via Flow-Assisted Aggregation.
Round [97/200]	 Train Loss [0.0662]	 Train Acc [97.88]	 Train Time [48.78]
Training Flow Model...
Round 98 Flow Model Training Avg Loss: 0.5638
Global model updated via Flow-Assisted Aggregation.
Round [98/200]	 Train Loss [0.0644]	 Train Acc [98.00]	 Train Time [62.51]
Training Flow Model...
Round 99 Flow Model Training Avg Loss: 0.5559
Global model updated via Flow-Assisted Aggregation.
Round [99/200]	 Train Loss [0.0785]	 Train Acc [97.58]	 Train Time [58.30]
Training Flow Model...
Round 100 Flow Model Training Avg Loss: 0.5562
Global model updated via Flow-Assisted Aggregation.
KL Divergence: μ=7.6396
Round [100/200]	 Train Loss [0.0634]	 Train Acc [98.00]	 Test Loss [1.2685|0.8559]	 Test Acc [74.18(10.53)|75.98(11.03)]	 Train Time [63.36]
Training Flow Model...
Round 101 Flow Model Training Avg Loss: 0.5672
Global model updated via Flow-Assisted Aggregation.
Round [101/200]	 Train Loss [0.0686]	 Train Acc [97.88]	 Train Time [61.25]
Training Flow Model...
Round 102 Flow Model Training Avg Loss: 0.5682
Global model updated via Flow-Assisted Aggregation.
Round [102/200]	 Train Loss [0.0598]	 Train Acc [98.13]	 Train Time [55.99]
Training Flow Model...
Round 103 Flow Model Training Avg Loss: 0.5590
Global model updated via Flow-Assisted Aggregation.
Round [103/200]	 Train Loss [0.0684]	 Train Acc [97.84]	 Train Time [59.56]
Training Flow Model...
Round 104 Flow Model Training Avg Loss: 0.5627
Global model updated via Flow-Assisted Aggregation.
Round [104/200]	 Train Loss [0.0563]	 Train Acc [98.23]	 Train Time [49.00]
Training Flow Model...
Round 105 Flow Model Training Avg Loss: 0.5563
Global model updated via Flow-Assisted Aggregation.
Round [105/200]	 Train Loss [0.0679]	 Train Acc [97.89]	 Train Time [76.06]
Training Flow Model...
Round 106 Flow Model Training Avg Loss: 0.5591
Global model updated via Flow-Assisted Aggregation.
Round [106/200]	 Train Loss [0.0604]	 Train Acc [98.16]	 Train Time [44.55]
Training Flow Model...
Round 107 Flow Model Training Avg Loss: 0.5691
Global model updated via Flow-Assisted Aggregation.
Round [107/200]	 Train Loss [0.0631]	 Train Acc [98.05]	 Train Time [55.85]
Training Flow Model...
Round 108 Flow Model Training Avg Loss: 0.5697
Global model updated via Flow-Assisted Aggregation.
Round [108/200]	 Train Loss [0.0620]	 Train Acc [98.05]	 Train Time [56.60]
Training Flow Model...
Round 109 Flow Model Training Avg Loss: 0.5758
Global model updated via Flow-Assisted Aggregation.
Round [109/200]	 Train Loss [0.0583]	 Train Acc [98.21]	 Train Time [67.28]
Training Flow Model...
Round 110 Flow Model Training Avg Loss: 0.5673
Global model updated via Flow-Assisted Aggregation.
Round [110/200]	 Train Loss [0.0544]	 Train Acc [98.33]	 Train Time [68.65]
Training Flow Model...
Round 111 Flow Model Training Avg Loss: 0.5548
Global model updated via Flow-Assisted Aggregation.
Round [111/200]	 Train Loss [0.0615]	 Train Acc [98.09]	 Train Time [53.33]
Training Flow Model...
Round 112 Flow Model Training Avg Loss: 0.5670
Global model updated via Flow-Assisted Aggregation.
Round [112/200]	 Train Loss [0.0638]	 Train Acc [98.03]	 Train Time [48.72]
Training Flow Model...
Round 113 Flow Model Training Avg Loss: 0.5715
Global model updated via Flow-Assisted Aggregation.
Round [113/200]	 Train Loss [0.0617]	 Train Acc [98.01]	 Train Time [53.39]
Training Flow Model...
Round 114 Flow Model Training Avg Loss: 0.5552
Global model updated via Flow-Assisted Aggregation.
Round [114/200]	 Train Loss [0.0544]	 Train Acc [98.33]	 Train Time [66.59]
Training Flow Model...
Round 115 Flow Model Training Avg Loss: 0.5652
Global model updated via Flow-Assisted Aggregation.
Round [115/200]	 Train Loss [0.0601]	 Train Acc [98.13]	 Train Time [54.75]
Training Flow Model...
Round 116 Flow Model Training Avg Loss: 0.5643
Global model updated via Flow-Assisted Aggregation.
Round [116/200]	 Train Loss [0.0627]	 Train Acc [98.07]	 Train Time [64.70]
Training Flow Model...
Round 117 Flow Model Training Avg Loss: 0.5620
Global model updated via Flow-Assisted Aggregation.
Round [117/200]	 Train Loss [0.0583]	 Train Acc [98.19]	 Train Time [53.73]
Training Flow Model...
Round 118 Flow Model Training Avg Loss: 0.5518
Global model updated via Flow-Assisted Aggregation.
Round [118/200]	 Train Loss [0.0566]	 Train Acc [98.25]	 Train Time [69.07]
Training Flow Model...
Round 119 Flow Model Training Avg Loss: 0.5685
Global model updated via Flow-Assisted Aggregation.
Round [119/200]	 Train Loss [0.0520]	 Train Acc [98.45]	 Train Time [56.93]
Training Flow Model...
Round 120 Flow Model Training Avg Loss: 0.5623
Global model updated via Flow-Assisted Aggregation.
KL Divergence: μ=7.5819
Round [120/200]	 Train Loss [0.0610]	 Train Acc [98.08]	 Test Loss [1.2015|0.8586]	 Test Acc [74.68(9.87)|75.78(10.48)]	 Train Time [65.62]
Training Flow Model...
Round 121 Flow Model Training Avg Loss: 0.5628
Global model updated via Flow-Assisted Aggregation.
Round [121/200]	 Train Loss [0.0515]	 Train Acc [98.42]	 Train Time [52.32]
Training Flow Model...
Round 122 Flow Model Training Avg Loss: 0.5572
Global model updated via Flow-Assisted Aggregation.
Round [122/200]	 Train Loss [0.0537]	 Train Acc [98.34]	 Train Time [48.01]
Training Flow Model...
Round 123 Flow Model Training Avg Loss: 0.5525
Global model updated via Flow-Assisted Aggregation.
Round [123/200]	 Train Loss [0.0576]	 Train Acc [98.23]	 Train Time [45.31]
Training Flow Model...
Round 124 Flow Model Training Avg Loss: 0.5605
Global model updated via Flow-Assisted Aggregation.
Round [124/200]	 Train Loss [0.0565]	 Train Acc [98.24]	 Train Time [60.71]
Training Flow Model...
Round 125 Flow Model Training Avg Loss: 0.5743
Global model updated via Flow-Assisted Aggregation.
Round [125/200]	 Train Loss [0.0595]	 Train Acc [98.14]	 Train Time [48.12]
Training Flow Model...
Round 126 Flow Model Training Avg Loss: 0.5625
Global model updated via Flow-Assisted Aggregation.
Round [126/200]	 Train Loss [0.0666]	 Train Acc [97.92]	 Train Time [41.91]
Training Flow Model...
Round 127 Flow Model Training Avg Loss: 0.5485
Global model updated via Flow-Assisted Aggregation.
Round [127/200]	 Train Loss [0.0547]	 Train Acc [98.30]	 Train Time [65.85]
Training Flow Model...
Round 128 Flow Model Training Avg Loss: 0.5647
Global model updated via Flow-Assisted Aggregation.
Round [128/200]	 Train Loss [0.0530]	 Train Acc [98.33]	 Train Time [66.97]
Training Flow Model...
Round 129 Flow Model Training Avg Loss: 0.5545
Global model updated via Flow-Assisted Aggregation.
Round [129/200]	 Train Loss [0.0542]	 Train Acc [98.32]	 Train Time [49.02]
Training Flow Model...
Round 130 Flow Model Training Avg Loss: 0.5621
Global model updated via Flow-Assisted Aggregation.
Round [130/200]	 Train Loss [0.0495]	 Train Acc [98.44]	 Train Time [60.41]
Training Flow Model...
Round 131 Flow Model Training Avg Loss: 0.5567
Global model updated via Flow-Assisted Aggregation.
Round [131/200]	 Train Loss [0.0501]	 Train Acc [98.40]	 Train Time [44.83]
Training Flow Model...
Round 132 Flow Model Training Avg Loss: 0.5576
Global model updated via Flow-Assisted Aggregation.
Round [132/200]	 Train Loss [0.0520]	 Train Acc [98.41]	 Train Time [45.69]
Training Flow Model...
Round 133 Flow Model Training Avg Loss: 0.5511
Global model updated via Flow-Assisted Aggregation.
Round [133/200]	 Train Loss [0.0473]	 Train Acc [98.51]	 Train Time [65.25]
Training Flow Model...
Round 134 Flow Model Training Avg Loss: 0.5571
Global model updated via Flow-Assisted Aggregation.
Round [134/200]	 Train Loss [0.0584]	 Train Acc [98.19]	 Train Time [44.11]
Training Flow Model...
Round 135 Flow Model Training Avg Loss: 0.5705
Global model updated via Flow-Assisted Aggregation.
Round [135/200]	 Train Loss [0.0525]	 Train Acc [98.38]	 Train Time [58.47]
Training Flow Model...
Round 136 Flow Model Training Avg Loss: 0.5564
Global model updated via Flow-Assisted Aggregation.
Round [136/200]	 Train Loss [0.0523]	 Train Acc [98.35]	 Train Time [60.04]
Training Flow Model...
Round 137 Flow Model Training Avg Loss: 0.5587
Global model updated via Flow-Assisted Aggregation.
Round [137/200]	 Train Loss [0.0523]	 Train Acc [98.33]	 Train Time [62.40]
Training Flow Model...
Round 138 Flow Model Training Avg Loss: 0.5410
Global model updated via Flow-Assisted Aggregation.
Round [138/200]	 Train Loss [0.0525]	 Train Acc [98.36]	 Train Time [62.33]
Training Flow Model...
Round 139 Flow Model Training Avg Loss: 0.5569
Global model updated via Flow-Assisted Aggregation.
Round [139/200]	 Train Loss [0.0563]	 Train Acc [98.28]	 Train Time [56.09]
Training Flow Model...
Round 140 Flow Model Training Avg Loss: 0.5396
Global model updated via Flow-Assisted Aggregation.
KL Divergence: μ=7.9724
Round [140/200]	 Train Loss [0.0545]	 Train Acc [98.26]	 Test Loss [1.1934|0.8796]	 Test Acc [75.59(9.18)|75.75(10.57)]	 Train Time [57.29]
Training Flow Model...
Round 141 Flow Model Training Avg Loss: 0.5432
Global model updated via Flow-Assisted Aggregation.
Round [141/200]	 Train Loss [0.0516]	 Train Acc [98.36]	 Train Time [60.91]
Training Flow Model...
Round 142 Flow Model Training Avg Loss: 0.5550
Global model updated via Flow-Assisted Aggregation.
Round [142/200]	 Train Loss [0.0574]	 Train Acc [98.19]	 Train Time [78.18]
Training Flow Model...
Round 143 Flow Model Training Avg Loss: 0.5529
Global model updated via Flow-Assisted Aggregation.
Round [143/200]	 Train Loss [0.0501]	 Train Acc [98.47]	 Train Time [55.34]
Training Flow Model...
Round 144 Flow Model Training Avg Loss: 0.5533
Global model updated via Flow-Assisted Aggregation.
Round [144/200]	 Train Loss [0.0468]	 Train Acc [98.50]	 Train Time [55.98]
Training Flow Model...
Round 145 Flow Model Training Avg Loss: 0.5502
Global model updated via Flow-Assisted Aggregation.
Round [145/200]	 Train Loss [0.0497]	 Train Acc [98.49]	 Train Time [47.90]
Training Flow Model...
Round 146 Flow Model Training Avg Loss: 0.5592
Global model updated via Flow-Assisted Aggregation.
Round [146/200]	 Train Loss [0.0536]	 Train Acc [98.33]	 Train Time [50.10]
Training Flow Model...
Round 147 Flow Model Training Avg Loss: 0.5592
Global model updated via Flow-Assisted Aggregation.
Round [147/200]	 Train Loss [0.0553]	 Train Acc [98.28]	 Train Time [47.42]
Training Flow Model...
Round 148 Flow Model Training Avg Loss: 0.5581
Global model updated via Flow-Assisted Aggregation.
Round [148/200]	 Train Loss [0.0476]	 Train Acc [98.48]	 Train Time [68.45]
Training Flow Model...
Round 149 Flow Model Training Avg Loss: 0.5370
Global model updated via Flow-Assisted Aggregation.
Round [149/200]	 Train Loss [0.0539]	 Train Acc [98.33]	 Train Time [55.44]
Training Flow Model...
Round 150 Flow Model Training Avg Loss: 0.5552
Global model updated via Flow-Assisted Aggregation.
Round [150/200]	 Train Loss [0.0492]	 Train Acc [98.50]	 Train Time [50.36]
Training Flow Model...
Round 151 Flow Model Training Avg Loss: 0.5529
Global model updated via Flow-Assisted Aggregation.
Round [151/200]	 Train Loss [0.0545]	 Train Acc [98.34]	 Train Time [45.69]
Training Flow Model...
Round 152 Flow Model Training Avg Loss: 0.5414
Global model updated via Flow-Assisted Aggregation.
Round [152/200]	 Train Loss [0.0538]	 Train Acc [98.34]	 Train Time [61.67]
Training Flow Model...
Round 153 Flow Model Training Avg Loss: 0.5567
Global model updated via Flow-Assisted Aggregation.
Round [153/200]	 Train Loss [0.0487]	 Train Acc [98.50]	 Train Time [55.92]
Training Flow Model...
Round 154 Flow Model Training Avg Loss: 0.5472
Global model updated via Flow-Assisted Aggregation.
Round [154/200]	 Train Loss [0.0455]	 Train Acc [98.62]	 Train Time [59.58]
Training Flow Model...
Round 155 Flow Model Training Avg Loss: 0.5480
Global model updated via Flow-Assisted Aggregation.
Round [155/200]	 Train Loss [0.0462]	 Train Acc [98.60]	 Train Time [59.85]
Training Flow Model...
Round 156 Flow Model Training Avg Loss: 0.5535
Global model updated via Flow-Assisted Aggregation.
Round [156/200]	 Train Loss [0.0431]	 Train Acc [98.70]	 Train Time [48.91]
Training Flow Model...
Round 157 Flow Model Training Avg Loss: 0.5500
Global model updated via Flow-Assisted Aggregation.
Round [157/200]	 Train Loss [0.0462]	 Train Acc [98.58]	 Train Time [50.66]
Training Flow Model...
Round 158 Flow Model Training Avg Loss: 0.5461
Global model updated via Flow-Assisted Aggregation.
Round [158/200]	 Train Loss [0.0498]	 Train Acc [98.42]	 Train Time [55.45]
Training Flow Model...
Round 159 Flow Model Training Avg Loss: 0.5359
Global model updated via Flow-Assisted Aggregation.
Round [159/200]	 Train Loss [0.0480]	 Train Acc [98.47]	 Train Time [63.66]
Training Flow Model...
Round 160 Flow Model Training Avg Loss: 0.5396
Global model updated via Flow-Assisted Aggregation.
KL Divergence: μ=8.5880
Round [160/200]	 Train Loss [0.0483]	 Train Acc [98.51]	 Test Loss [1.3884|0.9018]	 Test Acc [73.73(11.14)|75.68(10.53)]	 Train Time [63.52]
Training Flow Model...
Round 161 Flow Model Training Avg Loss: 0.5457
Global model updated via Flow-Assisted Aggregation.
Round [161/200]	 Train Loss [0.0473]	 Train Acc [98.52]	 Train Time [64.82]
Training Flow Model...
Round 162 Flow Model Training Avg Loss: 0.5430
Global model updated via Flow-Assisted Aggregation.
Round [162/200]	 Train Loss [0.0426]	 Train Acc [98.69]	 Train Time [50.89]
Training Flow Model...
Round 163 Flow Model Training Avg Loss: 0.5452
Global model updated via Flow-Assisted Aggregation.
Round [163/200]	 Train Loss [0.0409]	 Train Acc [98.72]	 Train Time [74.83]
Training Flow Model...
Round 164 Flow Model Training Avg Loss: 0.5496
Global model updated via Flow-Assisted Aggregation.
Round [164/200]	 Train Loss [0.0529]	 Train Acc [98.35]	 Train Time [38.12]
Training Flow Model...
Round 165 Flow Model Training Avg Loss: 0.5511
Global model updated via Flow-Assisted Aggregation.
Round [165/200]	 Train Loss [0.0412]	 Train Acc [98.72]	 Train Time [71.87]
Training Flow Model...
Round 166 Flow Model Training Avg Loss: 0.5390
Global model updated via Flow-Assisted Aggregation.
Round [166/200]	 Train Loss [0.0400]	 Train Acc [98.73]	 Train Time [53.32]
Training Flow Model...
Round 167 Flow Model Training Avg Loss: 0.5350
Global model updated via Flow-Assisted Aggregation.
Round [167/200]	 Train Loss [0.0483]	 Train Acc [98.47]	 Train Time [41.10]
Training Flow Model...
Round 168 Flow Model Training Avg Loss: 0.5586
Global model updated via Flow-Assisted Aggregation.
Round [168/200]	 Train Loss [0.0560]	 Train Acc [98.22]	 Train Time [44.49]
Training Flow Model...
Round 169 Flow Model Training Avg Loss: 0.5333
Global model updated via Flow-Assisted Aggregation.
Round [169/200]	 Train Loss [0.0457]	 Train Acc [98.61]	 Train Time [43.95]
Training Flow Model...
Round 170 Flow Model Training Avg Loss: 0.5340
Global model updated via Flow-Assisted Aggregation.
Round [170/200]	 Train Loss [0.0448]	 Train Acc [98.59]	 Train Time [38.25]
Training Flow Model...
Round 171 Flow Model Training Avg Loss: 0.5358
Global model updated via Flow-Assisted Aggregation.
Round [171/200]	 Train Loss [0.0462]	 Train Acc [98.58]	 Train Time [71.32]
Training Flow Model...
Round 172 Flow Model Training Avg Loss: 0.5247
Global model updated via Flow-Assisted Aggregation.
Round [172/200]	 Train Loss [0.0443]	 Train Acc [98.62]	 Train Time [52.75]
Training Flow Model...
Round 173 Flow Model Training Avg Loss: 0.5344
Global model updated via Flow-Assisted Aggregation.
Round [173/200]	 Train Loss [0.0470]	 Train Acc [98.51]	 Train Time [62.59]
Training Flow Model...
Round 174 Flow Model Training Avg Loss: 0.5394
Global model updated via Flow-Assisted Aggregation.
Round [174/200]	 Train Loss [0.0428]	 Train Acc [98.65]	 Train Time [61.58]
Training Flow Model...
Round 175 Flow Model Training Avg Loss: 0.5276
Global model updated via Flow-Assisted Aggregation.
Round [175/200]	 Train Loss [0.0416]	 Train Acc [98.70]	 Train Time [51.49]
Training Flow Model...
Round 176 Flow Model Training Avg Loss: 0.5431
Global model updated via Flow-Assisted Aggregation.
Round [176/200]	 Train Loss [0.0403]	 Train Acc [98.75]	 Train Time [47.38]
Training Flow Model...
Round 177 Flow Model Training Avg Loss: 0.5325
Global model updated via Flow-Assisted Aggregation.
Round [177/200]	 Train Loss [0.0441]	 Train Acc [98.61]	 Train Time [57.94]
Training Flow Model...
Round 178 Flow Model Training Avg Loss: 0.5278
Global model updated via Flow-Assisted Aggregation.
Round [178/200]	 Train Loss [0.0436]	 Train Acc [98.67]	 Train Time [70.59]
Training Flow Model...
Round 179 Flow Model Training Avg Loss: 0.5324
Global model updated via Flow-Assisted Aggregation.
Round [179/200]	 Train Loss [0.0424]	 Train Acc [98.70]	 Train Time [65.74]
Training Flow Model...
Round 180 Flow Model Training Avg Loss: 0.5265
Global model updated via Flow-Assisted Aggregation.
KL Divergence: μ=9.3971
Round [180/200]	 Train Loss [0.0388]	 Train Acc [98.82]	 Test Loss [1.1607|0.9108]	 Test Acc [75.66(12.38)|75.75(10.70)]	 Train Time [54.93]
Training Flow Model...
Round 181 Flow Model Training Avg Loss: 0.5159
Global model updated via Flow-Assisted Aggregation.
Round [181/200]	 Train Loss [0.0384]	 Train Acc [98.81]	 Train Time [48.01]
Training Flow Model...
Round 182 Flow Model Training Avg Loss: 0.5267
Global model updated via Flow-Assisted Aggregation.
Round [182/200]	 Train Loss [0.0453]	 Train Acc [98.58]	 Train Time [66.50]
Training Flow Model...
Round 183 Flow Model Training Avg Loss: 0.5169
Global model updated via Flow-Assisted Aggregation.
Round [183/200]	 Train Loss [0.0415]	 Train Acc [98.72]	 Train Time [66.58]
Training Flow Model...
Round 184 Flow Model Training Avg Loss: 0.5354
Global model updated via Flow-Assisted Aggregation.
Round [184/200]	 Train Loss [0.0438]	 Train Acc [98.62]	 Train Time [39.81]
Training Flow Model...
Round 185 Flow Model Training Avg Loss: 0.5199
Global model updated via Flow-Assisted Aggregation.
Round [185/200]	 Train Loss [0.0344]	 Train Acc [98.96]	 Train Time [60.05]
Training Flow Model...
Round 186 Flow Model Training Avg Loss: 0.5204
Global model updated via Flow-Assisted Aggregation.
Round [186/200]	 Train Loss [0.0455]	 Train Acc [98.63]	 Train Time [48.23]
Training Flow Model...
Round 187 Flow Model Training Avg Loss: 0.5172
Global model updated via Flow-Assisted Aggregation.
Round [187/200]	 Train Loss [0.0441]	 Train Acc [98.59]	 Train Time [50.51]
Training Flow Model...
Round 188 Flow Model Training Avg Loss: 0.5158
Global model updated via Flow-Assisted Aggregation.
Round [188/200]	 Train Loss [0.0365]	 Train Acc [98.91]	 Train Time [54.50]
Training Flow Model...
Round 189 Flow Model Training Avg Loss: 0.5089
Global model updated via Flow-Assisted Aggregation.
Round [189/200]	 Train Loss [0.0390]	 Train Acc [98.78]	 Train Time [45.97]
Training Flow Model...
Round 190 Flow Model Training Avg Loss: 0.5221
Global model updated via Flow-Assisted Aggregation.
Round [190/200]	 Train Loss [0.0440]	 Train Acc [98.65]	 Train Time [63.24]
Training Flow Model...
Round 191 Flow Model Training Avg Loss: 0.5091
Global model updated via Flow-Assisted Aggregation.
Round [191/200]	 Train Loss [0.0311]	 Train Acc [99.07]	 Train Time [52.80]
Training Flow Model...
Round 192 Flow Model Training Avg Loss: 0.5125
Global model updated via Flow-Assisted Aggregation.
Round [192/200]	 Train Loss [0.0389]	 Train Acc [98.81]	 Train Time [50.84]
Training Flow Model...
Round 193 Flow Model Training Avg Loss: 0.5056
Global model updated via Flow-Assisted Aggregation.
Round [193/200]	 Train Loss [0.0447]	 Train Acc [98.65]	 Train Time [42.73]
Training Flow Model...
Round 194 Flow Model Training Avg Loss: 0.5049
Global model updated via Flow-Assisted Aggregation.
Round [194/200]	 Train Loss [0.0392]	 Train Acc [98.80]	 Train Time [62.76]
Training Flow Model...
Round 195 Flow Model Training Avg Loss: 0.5150
Global model updated via Flow-Assisted Aggregation.
Round [195/200]	 Train Loss [0.0374]	 Train Acc [98.87]	 Train Time [50.60]
Training Flow Model...
Round 196 Flow Model Training Avg Loss: 0.5036
Global model updated via Flow-Assisted Aggregation.
Round [196/200]	 Train Loss [0.0500]	 Train Acc [98.48]	 Train Time [38.57]
Training Flow Model...
Round 197 Flow Model Training Avg Loss: 0.5163
Global model updated via Flow-Assisted Aggregation.
Round [197/200]	 Train Loss [0.0346]	 Train Acc [98.93]	 Train Time [57.83]
Training Flow Model...
Round 198 Flow Model Training Avg Loss: 0.5099
Global model updated via Flow-Assisted Aggregation.
Round [198/200]	 Train Loss [0.0389]	 Train Acc [98.85]	 Train Time [56.48]
Training Flow Model...
Round 199 Flow Model Training Avg Loss: 0.5031
Global model updated via Flow-Assisted Aggregation.
Round [199/200]	 Train Loss [0.0372]	 Train Acc [98.87]	 Train Time [59.48]
Training Flow Model...
Round 200 Flow Model Training Avg Loss: 0.4992
Global model updated via Flow-Assisted Aggregation.
KL Divergence: μ=10.2451
Round [200/200]	 Train Loss [0.0403]	 Train Acc [98.78]	 Test Loss [1.1924|0.8816]	 Test Acc [76.60(10.60)|76.96(9.16)]	 Train Time [170.14]
Method took (56.48, 12.20) seconds per training iteration
Method took (12166.62) total seconds
