Training FedAvg with model cifarnet on cifar100 for 100 clients.
Hyperparameters: LR=0.01, WD=0.0005, Local Epochs=5, Global Rounds=200
Round [1/200]	 Train Loss [3.9137]	 Train Acc [14.55%]	 Time [23.30s]
Round [2/200]	 Train Loss [3.7838]	 Train Acc [15.88%]	 Time [28.20s]
Round [3/200]	 Train Loss [3.5443]	 Train Acc [19.89%]	 Time [32.90s]
Round [4/200]	 Train Loss [3.3692]	 Train Acc [22.80%]	 Time [24.75s]
Round [5/200]	 Train Loss [3.2175]	 Train Acc [25.13%]	 Time [22.83s]
Round [6/200]	 Train Loss [3.0161]	 Train Acc [29.34%]	 Time [25.68s]
Round [7/200]	 Train Loss [2.8602]	 Train Acc [32.27%]	 Time [28.34s]
Round [8/200]	 Train Loss [2.7280]	 Train Acc [34.60%]	 Time [26.05s]
Round [9/200]	 Train Loss [2.5929]	 Train Acc [37.75%]	 Time [26.52s]
Round [10/200]	 Train Loss [2.4834]	 Train Acc [39.96%]	 Time [29.80s]
Round [11/200]	 Train Loss [2.3196]	 Train Acc [43.14%]	 Time [27.25s]
Round [12/200]	 Train Loss [2.2130]	 Train Acc [45.97%]	 Time [25.69s]
Round [13/200]	 Train Loss [2.1044]	 Train Acc [48.32%]	 Time [25.28s]
Round [14/200]	 Train Loss [2.0043]	 Train Acc [50.87%]	 Time [27.39s]
Round [15/200]	 Train Loss [1.9197]	 Train Acc [53.09%]	 Time [21.96s]
Round [16/200]	 Train Loss [1.7997]	 Train Acc [55.66%]	 Time [24.12s]
Round [17/200]	 Train Loss [1.7558]	 Train Acc [56.55%]	 Time [27.53s]
Round [18/200]	 Train Loss [1.6794]	 Train Acc [58.54%]	 Time [29.54s]
Round [19/200]	 Train Loss [1.6447]	 Train Acc [59.53%]	 Time [19.20s]
Round [20/200]	 Train Loss [1.5606]	 Train Acc [61.22%]	 Time [22.77s]
Round [21/200]	 Train Loss [1.5567]	 Train Acc [61.65%]	 Time [22.46s]
Round [22/200]	 Train Loss [1.4834]	 Train Acc [63.39%]	 Time [23.19s]
Round [23/200]	 Train Loss [1.4439]	 Train Acc [64.24%]	 Time [26.91s]
Round [24/200]	 Train Loss [1.3916]	 Train Acc [65.27%]	 Time [24.22s]
Round [25/200]	 Train Loss [1.3778]	 Train Acc [65.94%]	 Time [30.91s]
Round [26/200]	 Train Loss [1.3230]	 Train Acc [67.05%]	 Time [40.63s]
Round [27/200]	 Train Loss [1.3068]	 Train Acc [67.55%]	 Time [38.98s]
Round [28/200]	 Train Loss [1.2724]	 Train Acc [68.28%]	 Time [36.18s]
Round [29/200]	 Train Loss [1.2119]	 Train Acc [69.67%]	 Time [34.17s]
Round [30/200]	 Train Loss [1.2171]	 Train Acc [69.49%]	 Time [31.71s]
Round [31/200]	 Train Loss [1.2219]	 Train Acc [69.32%]	 Time [26.66s]
Round [32/200]	 Train Loss [1.1474]	 Train Acc [71.26%]	 Time [23.66s]
Round [33/200]	 Train Loss [1.1501]	 Train Acc [71.31%]	 Time [37.43s]
Round [34/200]	 Train Loss [1.1340]	 Train Acc [71.48%]	 Time [29.30s]
Round [35/200]	 Train Loss [1.1128]	 Train Acc [72.21%]	 Time [41.54s]
Round [36/200]	 Train Loss [1.0962]	 Train Acc [72.55%]	 Time [36.73s]
Round [37/200]	 Train Loss [1.0563]	 Train Acc [73.51%]	 Time [38.06s]
Round [38/200]	 Train Loss [1.0415]	 Train Acc [73.73%]	 Time [39.88s]
Round [39/200]	 Train Loss [1.0521]	 Train Acc [73.59%]	 Time [32.29s]
Round [40/200]	 Train Loss [1.0203]	 Train Acc [74.15%]	 Time [37.64s]
Round [41/200]	 Train Loss [1.0230]	 Train Acc [74.38%]	 Time [29.61s]
Round [42/200]	 Train Loss [1.0030]	 Train Acc [74.73%]	 Time [35.22s]
Round [43/200]	 Train Loss [1.0198]	 Train Acc [74.28%]	 Time [23.87s]
Round [44/200]	 Train Loss [0.9769]	 Train Acc [75.37%]	 Time [30.67s]
Round [45/200]	 Train Loss [0.9710]	 Train Acc [75.34%]	 Time [39.44s]
Round [46/200]	 Train Loss [0.9561]	 Train Acc [75.77%]	 Time [32.95s]
Round [47/200]	 Train Loss [0.9284]	 Train Acc [76.30%]	 Time [27.88s]
Round [48/200]	 Train Loss [0.9128]	 Train Acc [76.84%]	 Time [33.12s]
Round [49/200]	 Train Loss [0.9068]	 Train Acc [76.98%]	 Time [32.78s]
Round [50/200]	 Train Loss [0.8951]	 Train Acc [77.25%]	 Time [27.06s]
Round [51/200]	 Train Loss [0.8897]	 Train Acc [77.34%]	 Time [37.23s]
Round [52/200]	 Train Loss [0.9004]	 Train Acc [77.13%]	 Time [30.98s]
Round [53/200]	 Train Loss [0.9084]	 Train Acc [77.02%]	 Time [33.42s]
Round [54/200]	 Train Loss [0.8883]	 Train Acc [77.51%]	 Time [29.04s]
Round [55/200]	 Train Loss [0.8547]	 Train Acc [78.20%]	 Time [32.89s]
Round [56/200]	 Train Loss [0.8409]	 Train Acc [78.41%]	 Time [39.04s]
Round [57/200]	 Train Loss [0.8442]	 Train Acc [78.62%]	 Time [32.07s]
Round [58/200]	 Train Loss [0.8494]	 Train Acc [78.19%]	 Time [29.19s]
Round [59/200]	 Train Loss [0.8227]	 Train Acc [79.00%]	 Time [32.05s]
Round [60/200]	 Train Loss [0.8385]	 Train Acc [78.45%]	 Time [30.87s]
Round [61/200]	 Train Loss [0.8079]	 Train Acc [79.27%]	 Time [33.29s]
Round [62/200]	 Train Loss [0.8125]	 Train Acc [79.23%]	 Time [28.13s]
Round [63/200]	 Train Loss [0.7960]	 Train Acc [79.67%]	 Time [34.48s]
Round [64/200]	 Train Loss [0.7892]	 Train Acc [79.80%]	 Time [29.89s]
Round [65/200]	 Train Loss [0.7903]	 Train Acc [79.69%]	 Time [21.20s]
Round [66/200]	 Train Loss [0.7733]	 Train Acc [80.17%]	 Time [43.35s]
Round [67/200]	 Train Loss [0.7745]	 Train Acc [80.06%]	 Time [32.97s]
Round [68/200]	 Train Loss [0.7513]	 Train Acc [80.66%]	 Time [33.28s]
Round [69/200]	 Train Loss [0.7590]	 Train Acc [80.49%]	 Time [27.67s]
Round [70/200]	 Train Loss [0.7443]	 Train Acc [80.72%]	 Time [33.62s]
Round [71/200]	 Train Loss [0.7484]	 Train Acc [80.69%]	 Time [19.25s]
Round [72/200]	 Train Loss [0.7776]	 Train Acc [80.03%]	 Time [34.45s]
Round [73/200]	 Train Loss [0.7312]	 Train Acc [81.05%]	 Time [28.64s]
Round [74/200]	 Train Loss [0.7298]	 Train Acc [81.12%]	 Time [37.20s]
Round [75/200]	 Train Loss [0.7484]	 Train Acc [80.62%]	 Time [30.19s]
Round [76/200]	 Train Loss [0.7410]	 Train Acc [80.98%]	 Time [29.24s]
Round [77/200]	 Train Loss [0.7353]	 Train Acc [81.03%]	 Time [27.53s]
Round [78/200]	 Train Loss [0.7086]	 Train Acc [81.73%]	 Time [21.99s]
Round [79/200]	 Train Loss [0.7153]	 Train Acc [81.37%]	 Time [37.24s]
Round [80/200]	 Train Loss [0.6846]	 Train Acc [82.21%]	 Time [39.40s]
Round [81/200]	 Train Loss [0.7217]	 Train Acc [81.36%]	 Time [24.48s]
Round [82/200]	 Train Loss [0.7286]	 Train Acc [81.24%]	 Time [27.24s]
Round [83/200]	 Train Loss [0.6786]	 Train Acc [82.35%]	 Time [23.77s]
Round [84/200]	 Train Loss [0.6957]	 Train Acc [81.89%]	 Time [22.56s]
Round [85/200]	 Train Loss [0.7045]	 Train Acc [81.93%]	 Time [29.73s]
Round [86/200]	 Train Loss [0.6808]	 Train Acc [82.35%]	 Time [36.44s]
Round [87/200]	 Train Loss [0.6753]	 Train Acc [82.43%]	 Time [32.13s]
Round [88/200]	 Train Loss [0.6775]	 Train Acc [82.37%]	 Time [27.78s]
Round [89/200]	 Train Loss [0.6549]	 Train Acc [82.93%]	 Time [33.97s]
Round [90/200]	 Train Loss [0.6747]	 Train Acc [82.22%]	 Time [38.77s]
Round [91/200]	 Train Loss [0.6580]	 Train Acc [82.95%]	 Time [32.87s]
Round [92/200]	 Train Loss [0.6501]	 Train Acc [83.13%]	 Time [32.34s]
Round [93/200]	 Train Loss [0.6471]	 Train Acc [83.05%]	 Time [28.57s]
Round [94/200]	 Train Loss [0.6559]	 Train Acc [82.87%]	 Time [26.28s]
Round [95/200]	 Train Loss [0.6517]	 Train Acc [83.00%]	 Time [29.09s]
Round [96/200]	 Train Loss [0.6497]	 Train Acc [82.95%]	 Time [34.53s]
Round [97/200]	 Train Loss [0.6260]	 Train Acc [83.55%]	 Time [30.88s]
Round [98/200]	 Train Loss [0.6432]	 Train Acc [83.16%]	 Time [33.94s]
Round [99/200]	 Train Loss [0.6359]	 Train Acc [83.34%]	 Time [38.64s]
Round [100/200]	 Train Loss [0.6266]	 Train Acc [83.60%]	 Time [37.44s]
Round [101/200]	 Train Loss [0.6109]	 Train Acc [83.98%]	 Time [28.73s]
Round [102/200]	 Train Loss [0.6342]	 Train Acc [83.43%]	 Time [39.71s]
Round [103/200]	 Train Loss [0.5895]	 Train Acc [84.47%]	 Time [30.28s]
Round [104/200]	 Train Loss [0.6111]	 Train Acc [83.95%]	 Time [43.37s]
Round [105/200]	 Train Loss [0.6102]	 Train Acc [84.02%]	 Time [29.34s]
Round [106/200]	 Train Loss [0.6146]	 Train Acc [83.73%]	 Time [32.05s]
Round [107/200]	 Train Loss [0.5966]	 Train Acc [84.23%]	 Time [38.70s]
Round [108/200]	 Train Loss [0.6050]	 Train Acc [84.02%]	 Time [38.28s]
Round [109/200]	 Train Loss [0.5964]	 Train Acc [84.30%]	 Time [35.68s]
Round [110/200]	 Train Loss [0.5877]	 Train Acc [84.60%]	 Time [30.34s]
Round [111/200]	 Train Loss [0.5876]	 Train Acc [84.47%]	 Time [33.58s]
Round [112/200]	 Train Loss [0.5741]	 Train Acc [84.88%]	 Time [30.40s]
Round [113/200]	 Train Loss [0.5797]	 Train Acc [84.75%]	 Time [30.57s]
Round [114/200]	 Train Loss [0.5932]	 Train Acc [84.36%]	 Time [32.81s]
Round [115/200]	 Train Loss [0.5859]	 Train Acc [84.47%]	 Time [26.70s]
Round [116/200]	 Train Loss [0.5796]	 Train Acc [84.66%]	 Time [32.23s]
Round [117/200]	 Train Loss [0.5759]	 Train Acc [84.76%]	 Time [36.20s]
Round [118/200]	 Train Loss [0.5735]	 Train Acc [84.89%]	 Time [39.02s]
Round [119/200]	 Train Loss [0.5932]	 Train Acc [84.23%]	 Time [29.59s]
Round [120/200]	 Train Loss [0.5594]	 Train Acc [85.21%]	 Time [29.16s]
Round [121/200]	 Train Loss [0.5877]	 Train Acc [84.50%]	 Time [22.30s]
Round [122/200]	 Train Loss [0.5825]	 Train Acc [84.56%]	 Time [33.34s]
Round [123/200]	 Train Loss [0.5623]	 Train Acc [85.08%]	 Time [30.49s]
Round [124/200]	 Train Loss [0.5640]	 Train Acc [85.14%]	 Time [25.75s]
Round [125/200]	 Train Loss [0.5574]	 Train Acc [85.35%]	 Time [32.04s]
Round [126/200]	 Train Loss [0.5688]	 Train Acc [85.01%]	 Time [27.45s]
Round [127/200]	 Train Loss [0.5486]	 Train Acc [85.53%]	 Time [27.58s]
Round [128/200]	 Train Loss [0.5663]	 Train Acc [85.07%]	 Time [31.77s]
Round [129/200]	 Train Loss [0.5439]	 Train Acc [85.52%]	 Time [33.51s]
Round [130/200]	 Train Loss [0.5352]	 Train Acc [85.83%]	 Time [25.26s]
Round [131/200]	 Train Loss [0.5551]	 Train Acc [85.27%]	 Time [29.21s]
Round [132/200]	 Train Loss [0.5439]	 Train Acc [85.45%]	 Time [38.67s]
Round [133/200]	 Train Loss [0.5409]	 Train Acc [85.59%]	 Time [32.28s]
Round [134/200]	 Train Loss [0.5463]	 Train Acc [85.58%]	 Time [29.11s]
Round [135/200]	 Train Loss [0.5374]	 Train Acc [85.77%]	 Time [33.69s]
Round [136/200]	 Train Loss [0.5636]	 Train Acc [85.00%]	 Time [25.04s]
Round [137/200]	 Train Loss [0.5085]	 Train Acc [86.49%]	 Time [34.25s]
Round [138/200]	 Train Loss [0.5407]	 Train Acc [85.70%]	 Time [35.83s]
Round [139/200]	 Train Loss [0.5360]	 Train Acc [85.84%]	 Time [28.91s]
Round [140/200]	 Train Loss [0.5341]	 Train Acc [85.54%]	 Time [27.74s]
Round [141/200]	 Train Loss [0.5478]	 Train Acc [85.55%]	 Time [35.02s]
Round [142/200]	 Train Loss [0.5321]	 Train Acc [85.95%]	 Time [23.54s]
Round [143/200]	 Train Loss [0.5427]	 Train Acc [85.56%]	 Time [25.01s]
Round [144/200]	 Train Loss [0.5341]	 Train Acc [85.80%]	 Time [32.09s]
Round [145/200]	 Train Loss [0.5421]	 Train Acc [85.51%]	 Time [28.87s]
Round [146/200]	 Train Loss [0.5393]	 Train Acc [85.64%]	 Time [38.36s]
Round [147/200]	 Train Loss [0.5098]	 Train Acc [86.32%]	 Time [28.95s]
Round [148/200]	 Train Loss [0.5250]	 Train Acc [86.03%]	 Time [24.39s]
Round [149/200]	 Train Loss [0.5325]	 Train Acc [85.75%]	 Time [32.07s]
Round [150/200]	 Train Loss [0.5116]	 Train Acc [86.26%]	 Time [27.22s]
Round [151/200]	 Train Loss [0.5377]	 Train Acc [85.65%]	 Time [27.99s]
Round [152/200]	 Train Loss [0.5266]	 Train Acc [85.94%]	 Time [32.64s]
Round [153/200]	 Train Loss [0.5144]	 Train Acc [86.17%]	 Time [31.04s]
Round [154/200]	 Train Loss [0.5127]	 Train Acc [86.40%]	 Time [42.42s]
Round [155/200]	 Train Loss [0.5047]	 Train Acc [86.50%]	 Time [28.73s]
Round [156/200]	 Train Loss [0.5048]	 Train Acc [86.37%]	 Time [27.19s]
Round [157/200]	 Train Loss [0.5072]	 Train Acc [86.40%]	 Time [39.23s]
Round [158/200]	 Train Loss [0.5089]	 Train Acc [86.44%]	 Time [30.92s]
Round [159/200]	 Train Loss [0.5054]	 Train Acc [86.44%]	 Time [31.89s]
Round [160/200]	 Train Loss [0.4886]	 Train Acc [86.84%]	 Time [32.11s]
Round [161/200]	 Train Loss [0.4966]	 Train Acc [86.59%]	 Time [34.76s]
Round [162/200]	 Train Loss [0.5011]	 Train Acc [86.67%]	 Time [31.98s]
Round [163/200]	 Train Loss [0.5243]	 Train Acc [85.94%]	 Time [35.03s]
Round [164/200]	 Train Loss [0.5080]	 Train Acc [86.38%]	 Time [26.83s]
Round [165/200]	 Train Loss [0.4974]	 Train Acc [86.58%]	 Time [33.24s]
Round [166/200]	 Train Loss [0.4929]	 Train Acc [86.75%]	 Time [28.03s]
Round [167/200]	 Train Loss [0.4745]	 Train Acc [87.23%]	 Time [38.83s]
Round [168/200]	 Train Loss [0.4897]	 Train Acc [86.74%]	 Time [32.17s]
Round [169/200]	 Train Loss [0.4957]	 Train Acc [86.61%]	 Time [29.03s]
Round [170/200]	 Train Loss [0.4922]	 Train Acc [86.72%]	 Time [28.66s]
Round [171/200]	 Train Loss [0.5263]	 Train Acc [85.91%]	 Time [24.02s]
Round [172/200]	 Train Loss [0.5089]	 Train Acc [86.49%]	 Time [31.71s]
Round [173/200]	 Train Loss [0.4928]	 Train Acc [86.90%]	 Time [34.79s]
Round [174/200]	 Train Loss [0.4780]	 Train Acc [87.19%]	 Time [31.70s]
Round [175/200]	 Train Loss [0.4898]	 Train Acc [86.93%]	 Time [29.74s]
Round [176/200]	 Train Loss [0.4764]	 Train Acc [87.13%]	 Time [32.24s]
Round [177/200]	 Train Loss [0.4905]	 Train Acc [86.89%]	 Time [33.04s]
Round [178/200]	 Train Loss [0.4873]	 Train Acc [87.01%]	 Time [24.74s]
Round [179/200]	 Train Loss [0.5060]	 Train Acc [86.44%]	 Time [27.49s]
Round [180/200]	 Train Loss [0.4767]	 Train Acc [87.13%]	 Time [35.57s]
Round [181/200]	 Train Loss [0.5048]	 Train Acc [86.52%]	 Time [27.66s]
Round [182/200]	 Train Loss [0.4983]	 Train Acc [86.49%]	 Time [38.15s]
Round [183/200]	 Train Loss [0.4869]	 Train Acc [86.87%]	 Time [35.61s]
Round [184/200]	 Train Loss [0.4789]	 Train Acc [87.03%]	 Time [29.91s]
Round [185/200]	 Train Loss [0.4893]	 Train Acc [86.85%]	 Time [28.08s]
Round [186/200]	 Train Loss [0.4773]	 Train Acc [87.06%]	 Time [33.99s]
Round [187/200]	 Train Loss [0.4754]	 Train Acc [87.16%]	 Time [29.09s]
Round [188/200]	 Train Loss [0.4697]	 Train Acc [87.41%]	 Time [33.71s]
Round [189/200]	 Train Loss [0.4653]	 Train Acc [87.47%]	 Time [32.38s]
Round [190/200]	 Train Loss [0.5049]	 Train Acc [86.39%]	 Time [37.41s]
Round [191/200]	 Train Loss [0.4899]	 Train Acc [86.78%]	 Time [37.74s]
Round [192/200]	 Train Loss [0.4611]	 Train Acc [87.52%]	 Time [32.40s]
Round [193/200]	 Train Loss [0.4667]	 Train Acc [87.37%]	 Time [30.67s]
Round [194/200]	 Train Loss [0.4967]	 Train Acc [86.58%]	 Time [29.02s]
Round [195/200]	 Train Loss [0.4780]	 Train Acc [87.01%]	 Time [29.81s]
Round [196/200]	 Train Loss [0.4496]	 Train Acc [87.86%]	 Time [22.74s]
Round [197/200]	 Train Loss [0.5086]	 Train Acc [86.38%]	 Time [27.74s]
Round [198/200]	 Train Loss [0.4542]	 Train Acc [87.74%]	 Time [22.62s]
Round [199/200]	 Train Loss [0.4804]	 Train Acc [87.09%]	 Time [29.70s]
--- [Global Model] Round [200/200] ---
  Train Loss: 0.4880	 Train Acc: 86.78%
  Test Loss:  2.2383	 Test Acc:  43.73%
  Calibration: Brier=0.6992, ECE=0.0398
  OOD Detection: AUROC=0.6630, FPR@95TPR=0.7679
  Time: 32.08s

--- FedAvgFT: Starting Fine-tuning and Personalized Evaluation ---
--- FedAvgFT Personalized Metrics ---
  Test Loss:  2.3715	 Test Acc:  44.42%
  Calibration: Brier=0.7361, ECE=0.1645
  OOD Detection: AUROC=0.6569, FPR@95TPR=0.7728
Method took (6190.26) total seconds for all rounds.
