Training FedAvg with model cifarnet on cifar10 for 100 clients.
Hyperparameters: LR=0.01, WD=0.0005, Local Epochs=5, Global Rounds=200
Round [1/200]	 Train Loss [0.6647]	 Train Acc [78.93]	 Train Time [96.39]
Round [2/200]	 Train Loss [0.7057]	 Train Acc [76.57]	 Train Time [35.16]
Round [3/200]	 Train Loss [0.5374]	 Train Acc [82.81]	 Train Time [32.25]
Round [4/200]	 Train Loss [0.5733]	 Train Acc [81.01]	 Train Time [25.26]
Round [5/200]	 Train Loss [0.5017]	 Train Acc [84.33]	 Train Time [30.71]
Round [6/200]	 Train Loss [0.5550]	 Train Acc [81.38]	 Train Time [29.42]
Round [7/200]	 Train Loss [0.5154]	 Train Acc [83.23]	 Train Time [34.74]
Round [8/200]	 Train Loss [0.3819]	 Train Acc [87.59]	 Train Time [40.44]
Round [9/200]	 Train Loss [0.4285]	 Train Acc [86.24]	 Train Time [34.94]
Round [10/200]	 Train Loss [0.4647]	 Train Acc [84.72]	 Train Time [41.77]
Round [11/200]	 Train Loss [0.4699]	 Train Acc [84.15]	 Train Time [37.22]
Round [12/200]	 Train Loss [0.4959]	 Train Acc [84.20]	 Train Time [30.94]
Round [13/200]	 Train Loss [0.5147]	 Train Acc [83.46]	 Train Time [26.75]
Round [14/200]	 Train Loss [0.5530]	 Train Acc [81.98]	 Train Time [22.98]
Round [15/200]	 Train Loss [0.4248]	 Train Acc [86.25]	 Train Time [29.43]
Round [16/200]	 Train Loss [0.4117]	 Train Acc [86.35]	 Train Time [38.14]
Round [17/200]	 Train Loss [0.3405]	 Train Acc [89.07]	 Train Time [37.88]
Round [18/200]	 Train Loss [0.4070]	 Train Acc [87.22]	 Train Time [29.59]
Round [19/200]	 Train Loss [0.3221]	 Train Acc [89.60]	 Train Time [25.28]
Round [20/200]	 Train Loss [0.4249]	 Train Acc [86.34]	 Test Loss [2.3084|0.4279]	 Test Acc [10.04(19.45)|86.25(22.91)]	 Train Time [30.54]
Round [21/200]	 Train Loss [0.4156]	 Train Acc [86.79]	 Train Time [30.73]
Round [22/200]	 Train Loss [0.3448]	 Train Acc [89.03]	 Train Time [36.57]
Round [23/200]	 Train Loss [0.3426]	 Train Acc [89.21]	 Train Time [30.31]
Round [24/200]	 Train Loss [0.3592]	 Train Acc [88.69]	 Train Time [35.39]
Round [25/200]	 Train Loss [0.3871]	 Train Acc [87.45]	 Train Time [37.15]
Round [26/200]	 Train Loss [0.3254]	 Train Acc [89.71]	 Train Time [30.27]
Round [27/200]	 Train Loss [0.3411]	 Train Acc [89.06]	 Train Time [46.92]
Round [28/200]	 Train Loss [0.3193]	 Train Acc [89.90]	 Train Time [33.90]
Round [29/200]	 Train Loss [0.3267]	 Train Acc [89.70]	 Train Time [36.02]
Round [30/200]	 Train Loss [0.3698]	 Train Acc [88.28]	 Train Time [28.34]
Round [31/200]	 Train Loss [0.3538]	 Train Acc [88.62]	 Train Time [22.77]
Round [32/200]	 Train Loss [0.2915]	 Train Acc [90.85]	 Train Time [33.52]
Round [33/200]	 Train Loss [0.3491]	 Train Acc [89.10]	 Train Time [31.64]
Round [34/200]	 Train Loss [0.3369]	 Train Acc [89.14]	 Train Time [26.49]
Round [35/200]	 Train Loss [0.2650]	 Train Acc [91.74]	 Train Time [43.40]
Round [36/200]	 Train Loss [0.4366]	 Train Acc [86.07]	 Train Time [23.54]
Round [37/200]	 Train Loss [0.2958]	 Train Acc [90.56]	 Train Time [43.77]
Round [38/200]	 Train Loss [0.2821]	 Train Acc [91.00]	 Train Time [30.93]
Round [39/200]	 Train Loss [0.3421]	 Train Acc [88.76]	 Train Time [35.38]
Round [40/200]	 Train Loss [0.3292]	 Train Acc [89.26]	 Test Loss [2.3291|0.4179]	 Test Acc [9.55(20.15)|87.99(22.86)]	 Train Time [31.01]
Round [41/200]	 Train Loss [0.3507]	 Train Acc [89.16]	 Train Time [36.49]
Round [42/200]	 Train Loss [0.2707]	 Train Acc [91.61]	 Train Time [45.96]
Round [43/200]	 Train Loss [0.2890]	 Train Acc [91.20]	 Train Time [29.03]
Round [44/200]	 Train Loss [0.3598]	 Train Acc [88.57]	 Train Time [27.91]
Round [45/200]	 Train Loss [0.3667]	 Train Acc [88.68]	 Train Time [21.67]
Round [46/200]	 Train Loss [0.3793]	 Train Acc [88.21]	 Train Time [21.88]
Round [47/200]	 Train Loss [0.2806]	 Train Acc [91.20]	 Train Time [36.75]
Round [48/200]	 Train Loss [0.2707]	 Train Acc [91.36]	 Train Time [33.63]
Round [49/200]	 Train Loss [0.2808]	 Train Acc [91.25]	 Train Time [35.97]
Round [50/200]	 Train Loss [0.4134]	 Train Acc [86.88]	 Train Time [20.72]
Round [51/200]	 Train Loss [0.3093]	 Train Acc [90.27]	 Train Time [34.68]
Round [52/200]	 Train Loss [0.3262]	 Train Acc [89.66]	 Train Time [29.56]
Round [53/200]	 Train Loss [0.3673]	 Train Acc [88.35]	 Train Time [25.63]
Round [54/200]	 Train Loss [0.2586]	 Train Acc [91.85]	 Train Time [44.93]
Round [55/200]	 Train Loss [0.3289]	 Train Acc [89.73]	 Train Time [38.11]
Round [56/200]	 Train Loss [0.2566]	 Train Acc [92.27]	 Train Time [22.97]
Round [57/200]	 Train Loss [0.3989]	 Train Acc [87.52]	 Train Time [21.65]
Round [58/200]	 Train Loss [0.4478]	 Train Acc [86.22]	 Train Time [16.28]
Round [59/200]	 Train Loss [0.2676]	 Train Acc [91.65]	 Train Time [28.60]
Round [60/200]	 Train Loss [0.2927]	 Train Acc [90.73]	 Test Loss [2.3249|0.3998]	 Test Acc [9.81(21.79)|88.28(23.75)]	 Train Time [34.27]
Round [61/200]	 Train Loss [0.3274]	 Train Acc [89.82]	 Train Time [28.72]
Round [62/200]	 Train Loss [0.3317]	 Train Acc [89.77]	 Train Time [27.10]
Round [63/200]	 Train Loss [0.2354]	 Train Acc [92.76]	 Train Time [36.44]
Round [64/200]	 Train Loss [0.2240]	 Train Acc [93.09]	 Train Time [48.28]
Round [65/200]	 Train Loss [0.2618]	 Train Acc [91.89]	 Train Time [37.53]
Round [66/200]	 Train Loss [0.3186]	 Train Acc [90.17]	 Train Time [21.86]
Round [67/200]	 Train Loss [0.2452]	 Train Acc [92.48]	 Train Time [42.37]
Round [68/200]	 Train Loss [0.2456]	 Train Acc [92.50]	 Train Time [40.60]
Round [69/200]	 Train Loss [0.3195]	 Train Acc [89.99]	 Train Time [30.42]
Round [70/200]	 Train Loss [0.2869]	 Train Acc [91.10]	 Train Time [33.22]
Round [71/200]	 Train Loss [0.2609]	 Train Acc [91.95]	 Train Time [38.64]
Round [72/200]	 Train Loss [0.2664]	 Train Acc [91.95]	 Train Time [25.17]
Round [73/200]	 Train Loss [0.2966]	 Train Acc [90.82]	 Train Time [37.56]
Round [74/200]	 Train Loss [0.2852]	 Train Acc [91.43]	 Train Time [30.31]
Round [75/200]	 Train Loss [0.2883]	 Train Acc [91.08]	 Train Time [35.71]
Round [76/200]	 Train Loss [0.2892]	 Train Acc [91.24]	 Train Time [28.28]
Round [77/200]	 Train Loss [0.2398]	 Train Acc [92.73]	 Train Time [33.81]
Round [78/200]	 Train Loss [0.2415]	 Train Acc [92.51]	 Train Time [37.25]
Round [79/200]	 Train Loss [0.2122]	 Train Acc [93.52]	 Train Time [40.00]
Round [80/200]	 Train Loss [0.2571]	 Train Acc [92.12]	 Test Loss [2.3404|0.4036]	 Test Acc [10.08(16.56)|87.50(26.07)]	 Train Time [32.58]
Round [81/200]	 Train Loss [0.2239]	 Train Acc [93.28]	 Train Time [47.65]
Round [82/200]	 Train Loss [0.3938]	 Train Acc [88.52]	 Train Time [13.78]
Round [83/200]	 Train Loss [0.2962]	 Train Acc [90.61]	 Train Time [35.26]
Round [84/200]	 Train Loss [0.2870]	 Train Acc [91.35]	 Train Time [28.34]
Round [85/200]	 Train Loss [0.2598]	 Train Acc [92.19]	 Train Time [35.09]
Round [86/200]	 Train Loss [0.2935]	 Train Acc [91.31]	 Train Time [25.15]
Round [87/200]	 Train Loss [0.2238]	 Train Acc [93.02]	 Train Time [34.57]
Round [88/200]	 Train Loss [0.2735]	 Train Acc [91.46]	 Train Time [31.00]
Round [89/200]	 Train Loss [0.3505]	 Train Acc [89.38]	 Train Time [17.64]
Round [90/200]	 Train Loss [0.3088]	 Train Acc [90.47]	 Train Time [33.79]
Round [91/200]	 Train Loss [0.2819]	 Train Acc [91.27]	 Train Time [28.81]
Round [92/200]	 Train Loss [0.2409]	 Train Acc [92.63]	 Train Time [38.11]
Round [93/200]	 Train Loss [0.2442]	 Train Acc [92.73]	 Train Time [29.18]
Round [94/200]	 Train Loss [0.3042]	 Train Acc [90.88]	 Train Time [26.60]
Round [95/200]	 Train Loss [0.1870]	 Train Acc [94.32]	 Train Time [47.68]
Round [96/200]	 Train Loss [0.2769]	 Train Acc [91.68]	 Train Time [22.61]
Round [97/200]	 Train Loss [0.2826]	 Train Acc [91.35]	 Train Time [40.14]
Round [98/200]	 Train Loss [0.2509]	 Train Acc [92.41]	 Train Time [32.26]
Round [99/200]	 Train Loss [0.2257]	 Train Acc [93.05]	 Train Time [32.42]
Round [100/200]	 Train Loss [0.3229]	 Train Acc [90.13]	 Test Loss [2.3913|0.4157]	 Test Acc [9.91(22.61)|88.35(21.10)]	 Train Time [18.89]
Round [101/200]	 Train Loss [0.2093]	 Train Acc [93.65]	 Train Time [28.63]
Round [102/200]	 Train Loss [0.2295]	 Train Acc [93.09]	 Train Time [33.03]
Round [103/200]	 Train Loss [0.2906]	 Train Acc [91.01]	 Train Time [26.59]
Round [104/200]	 Train Loss [0.2001]	 Train Acc [93.87]	 Train Time [43.25]
Round [105/200]	 Train Loss [0.2813]	 Train Acc [91.86]	 Train Time [28.52]
Round [106/200]	 Train Loss [0.2208]	 Train Acc [93.30]	 Train Time [31.51]
Round [107/200]	 Train Loss [0.2454]	 Train Acc [92.65]	 Train Time [27.56]
Round [108/200]	 Train Loss [0.2448]	 Train Acc [92.42]	 Train Time [27.17]
Round [109/200]	 Train Loss [0.2257]	 Train Acc [92.96]	 Train Time [37.63]
Round [110/200]	 Train Loss [0.2476]	 Train Acc [92.48]	 Train Time [34.68]
Round [111/200]	 Train Loss [0.2157]	 Train Acc [93.45]	 Train Time [32.84]
Round [112/200]	 Train Loss [0.2268]	 Train Acc [93.11]	 Train Time [38.50]
Round [113/200]	 Train Loss [0.3205]	 Train Acc [90.49]	 Train Time [21.55]
Round [114/200]	 Train Loss [0.2309]	 Train Acc [93.01]	 Train Time [32.24]
Round [115/200]	 Train Loss [0.2566]	 Train Acc [92.10]	 Train Time [38.62]
Round [116/200]	 Train Loss [0.2114]	 Train Acc [93.44]	 Train Time [39.00]
Round [117/200]	 Train Loss [0.2572]	 Train Acc [92.14]	 Train Time [27.77]
Round [118/200]	 Train Loss [0.2510]	 Train Acc [92.14]	 Train Time [47.71]
Round [119/200]	 Train Loss [0.2908]	 Train Acc [91.25]	 Train Time [17.54]
Round [120/200]	 Train Loss [0.2060]	 Train Acc [93.78]	 Test Loss [2.3314|0.4345]	 Test Acc [10.08(16.56)|88.19(23.70)]	 Train Time [45.01]
Round [121/200]	 Train Loss [0.2342]	 Train Acc [93.27]	 Train Time [26.85]
Round [122/200]	 Train Loss [0.2185]	 Train Acc [93.30]	 Train Time [43.04]
Round [123/200]	 Train Loss [0.2078]	 Train Acc [93.53]	 Train Time [41.64]
Round [124/200]	 Train Loss [0.2340]	 Train Acc [92.99]	 Train Time [32.81]
Round [125/200]	 Train Loss [0.2362]	 Train Acc [92.97]	 Train Time [26.53]
Round [126/200]	 Train Loss [0.2170]	 Train Acc [93.23]	 Train Time [34.01]
Round [127/200]	 Train Loss [0.2053]	 Train Acc [93.70]	 Train Time [36.50]
Round [128/200]	 Train Loss [0.2585]	 Train Acc [92.29]	 Train Time [33.30]
Round [129/200]	 Train Loss [0.1780]	 Train Acc [94.66]	 Train Time [40.00]
Round [130/200]	 Train Loss [0.2331]	 Train Acc [93.01]	 Train Time [33.00]
Round [131/200]	 Train Loss [0.3086]	 Train Acc [90.49]	 Train Time [30.20]
Round [132/200]	 Train Loss [0.2275]	 Train Acc [93.37]	 Train Time [29.30]
Round [133/200]	 Train Loss [0.2188]	 Train Acc [93.34]	 Train Time [35.44]
Round [134/200]	 Train Loss [0.2662]	 Train Acc [91.65]	 Train Time [37.77]
Round [135/200]	 Train Loss [0.1972]	 Train Acc [94.04]	 Train Time [39.88]
Round [136/200]	 Train Loss [0.2489]	 Train Acc [92.74]	 Train Time [21.58]
Round [137/200]	 Train Loss [0.2028]	 Train Acc [93.80]	 Train Time [35.74]
Round [138/200]	 Train Loss [0.2159]	 Train Acc [93.39]	 Train Time [35.96]
Round [139/200]	 Train Loss [0.2515]	 Train Acc [92.67]	 Train Time [27.75]
Round [140/200]	 Train Loss [0.2570]	 Train Acc [92.36]	 Test Loss [2.4124|0.4252]	 Test Acc [10.47(24.34)|87.89(24.39)]	 Train Time [24.01]
Round [141/200]	 Train Loss [0.2483]	 Train Acc [92.37]	 Train Time [37.44]
Round [142/200]	 Train Loss [0.2131]	 Train Acc [93.71]	 Train Time [46.17]
Round [143/200]	 Train Loss [0.2155]	 Train Acc [93.64]	 Train Time [28.11]
Round [144/200]	 Train Loss [0.1961]	 Train Acc [94.21]	 Train Time [28.64]
Round [145/200]	 Train Loss [0.2249]	 Train Acc [93.38]	 Train Time [30.89]
Round [146/200]	 Train Loss [0.1877]	 Train Acc [94.42]	 Train Time [46.32]
Round [147/200]	 Train Loss [0.1878]	 Train Acc [94.34]	 Train Time [41.28]
Round [148/200]	 Train Loss [0.2372]	 Train Acc [93.05]	 Train Time [30.58]
Round [149/200]	 Train Loss [0.2061]	 Train Acc [93.83]	 Train Time [25.84]
Round [150/200]	 Train Loss [0.2562]	 Train Acc [92.25]	 Train Time [27.32]
Round [151/200]	 Train Loss [0.2434]	 Train Acc [92.52]	 Train Time [26.48]
Round [152/200]	 Train Loss [0.1668]	 Train Acc [94.92]	 Train Time [43.09]
Round [153/200]	 Train Loss [0.2007]	 Train Acc [93.88]	 Train Time [44.64]
Round [154/200]	 Train Loss [0.2518]	 Train Acc [92.34]	 Train Time [30.04]
Round [155/200]	 Train Loss [0.2939]	 Train Acc [91.29]	 Train Time [17.96]
Round [156/200]	 Train Loss [0.2559]	 Train Acc [92.13]	 Train Time [28.68]
Round [157/200]	 Train Loss [0.2576]	 Train Acc [92.25]	 Train Time [26.64]
Round [158/200]	 Train Loss [0.2721]	 Train Acc [91.79]	 Train Time [30.02]
Round [159/200]	 Train Loss [0.1875]	 Train Acc [94.22]	 Train Time [32.38]
Round [160/200]	 Train Loss [0.1855]	 Train Acc [94.50]	 Test Loss [2.4311|0.4718]	 Test Acc [10.08(16.56)|87.36(26.02)]	 Train Time [34.44]
Round [161/200]	 Train Loss [0.2737]	 Train Acc [91.80]	 Train Time [31.64]
Round [162/200]	 Train Loss [0.2098]	 Train Acc [93.70]	 Train Time [36.41]
Round [163/200]	 Train Loss [0.2032]	 Train Acc [94.03]	 Train Time [36.71]
Round [164/200]	 Train Loss [0.2225]	 Train Acc [93.46]	 Train Time [26.51]
Round [165/200]	 Train Loss [0.1817]	 Train Acc [94.60]	 Train Time [40.85]
Round [166/200]	 Train Loss [0.2122]	 Train Acc [93.69]	 Train Time [29.86]
Round [167/200]	 Train Loss [0.1850]	 Train Acc [94.44]	 Train Time [30.27]
Round [168/200]	 Train Loss [0.2201]	 Train Acc [93.32]	 Train Time [40.91]
Round [169/200]	 Train Loss [0.1922]	 Train Acc [94.23]	 Train Time [19.94]
Round [170/200]	 Train Loss [0.2180]	 Train Acc [93.60]	 Train Time [21.19]
Round [171/200]	 Train Loss [0.1747]	 Train Acc [94.94]	 Train Time [25.14]
Round [172/200]	 Train Loss [0.1981]	 Train Acc [94.33]	 Train Time [28.90]
Round [173/200]	 Train Loss [0.2411]	 Train Acc [92.79]	 Train Time [28.41]
Round [174/200]	 Train Loss [0.2687]	 Train Acc [91.93]	 Train Time [27.61]
Round [175/200]	 Train Loss [0.2836]	 Train Acc [91.69]	 Train Time [22.25]
Round [176/200]	 Train Loss [0.2145]	 Train Acc [93.50]	 Train Time [34.76]
Round [177/200]	 Train Loss [0.2115]	 Train Acc [93.59]	 Train Time [31.03]
Round [178/200]	 Train Loss [0.1993]	 Train Acc [94.05]	 Train Time [33.31]
Round [179/200]	 Train Loss [0.2374]	 Train Acc [93.04]	 Train Time [27.39]
Round [180/200]	 Train Loss [0.2132]	 Train Acc [93.61]	 Test Loss [2.3926|0.4470]	 Test Acc [10.04(19.45)|87.30(25.38)]	 Train Time [28.33]
Round [181/200]	 Train Loss [0.2407]	 Train Acc [92.78]	 Train Time [25.91]
Round [182/200]	 Train Loss [0.2188]	 Train Acc [93.36]	 Train Time [33.16]
Round [183/200]	 Train Loss [0.2165]	 Train Acc [93.44]	 Train Time [31.82]
Round [184/200]	 Train Loss [0.2259]	 Train Acc [93.30]	 Train Time [29.44]
Round [185/200]	 Train Loss [0.2602]	 Train Acc [92.00]	 Train Time [17.72]
Round [186/200]	 Train Loss [0.2212]	 Train Acc [93.23]	 Train Time [37.67]
Round [187/200]	 Train Loss [0.2219]	 Train Acc [93.44]	 Train Time [31.89]
Round [188/200]	 Train Loss [0.1725]	 Train Acc [94.95]	 Train Time [48.82]
Round [189/200]	 Train Loss [0.1867]	 Train Acc [94.68]	 Train Time [32.03]
Round [190/200]	 Train Loss [0.2223]	 Train Acc [93.58]	 Train Time [31.45]
Round [191/200]	 Train Loss [0.1827]	 Train Acc [94.36]	 Train Time [31.23]
Round [192/200]	 Train Loss [0.2055]	 Train Acc [94.08]	 Train Time [29.82]
Round [193/200]	 Train Loss [0.2018]	 Train Acc [94.03]	 Train Time [41.03]
Round [194/200]	 Train Loss [0.1838]	 Train Acc [94.66]	 Train Time [37.27]
Round [195/200]	 Train Loss [0.2728]	 Train Acc [91.96]	 Train Time [19.09]
Round [196/200]	 Train Loss [0.1656]	 Train Acc [95.12]	 Train Time [34.71]
Round [197/200]	 Train Loss [0.2571]	 Train Acc [91.86]	 Train Time [24.80]
Round [198/200]	 Train Loss [0.2100]	 Train Acc [93.82]	 Train Time [24.89]
Round [199/200]	 Train Loss [0.1998]	 Train Acc [94.07]	 Train Time [25.42]
Round [200/200]	 Train Loss [0.2292]	 Train Acc [93.20]	 Test Loss [2.3272|0.4575]	 Test Acc [9.91(22.61)|87.53(24.01)]	 Train Time [109.03]
Method took (32.85 +/- 9.94) seconds per training iteration (client train + server agg).
Method took (6588.45) total seconds for all rounds.
