Training FedAvg with model cifaredl on cifar10 for 100 clients.
Hyperparameters: LR=0.01, WD=0.0005, Local Epochs=5, Global Rounds=200
Round [1/200]	 Train Loss [1.3223]	 Train Acc [54.09%]	 Time [17.42s]
Round [2/200]	 Train Loss [1.1930]	 Train Acc [59.02%]	 Time [23.20s]
Round [3/200]	 Train Loss [1.1093]	 Train Acc [62.14%]	 Time [25.10s]
Round [4/200]	 Train Loss [1.0031]	 Train Acc [65.43%]	 Time [23.02s]
Round [5/200]	 Train Loss [0.9053]	 Train Acc [69.33%]	 Time [21.67s]
Round [6/200]	 Train Loss [0.8341]	 Train Acc [71.12%]	 Time [24.60s]
Round [7/200]	 Train Loss [0.8006]	 Train Acc [72.89%]	 Time [21.50s]
Round [8/200]	 Train Loss [0.7198]	 Train Acc [75.79%]	 Time [24.04s]
Round [9/200]	 Train Loss [0.6748]	 Train Acc [77.53%]	 Time [26.41s]
Round [10/200]	 Train Loss [0.6283]	 Train Acc [79.09%]	 Time [25.72s]
Round [11/200]	 Train Loss [0.6879]	 Train Acc [77.24%]	 Time [17.43s]
Round [12/200]	 Train Loss [0.6302]	 Train Acc [79.03%]	 Time [19.53s]
Round [13/200]	 Train Loss [0.5919]	 Train Acc [80.40%]	 Time [25.70s]
Round [14/200]	 Train Loss [0.5213]	 Train Acc [82.94%]	 Time [22.02s]
Round [15/200]	 Train Loss [0.5295]	 Train Acc [82.84%]	 Time [21.22s]
Round [16/200]	 Train Loss [0.5059]	 Train Acc [83.64%]	 Time [25.87s]
Round [17/200]	 Train Loss [0.5114]	 Train Acc [83.39%]	 Time [24.48s]
Round [18/200]	 Train Loss [0.4940]	 Train Acc [84.13%]	 Time [27.84s]
Round [19/200]	 Train Loss [0.5061]	 Train Acc [83.70%]	 Time [39.58s]
Round [20/200]	 Train Loss [0.4578]	 Train Acc [85.27%]	 Time [35.25s]
Round [21/200]	 Train Loss [0.4657]	 Train Acc [85.09%]	 Time [45.62s]
Round [22/200]	 Train Loss [0.4437]	 Train Acc [85.99%]	 Time [31.81s]
Round [23/200]	 Train Loss [0.4387]	 Train Acc [86.06%]	 Time [27.01s]
Round [24/200]	 Train Loss [0.4106]	 Train Acc [87.06%]	 Time [42.83s]
Round [25/200]	 Train Loss [0.4195]	 Train Acc [86.84%]	 Time [37.95s]
Round [26/200]	 Train Loss [0.4059]	 Train Acc [87.28%]	 Time [40.66s]
Round [27/200]	 Train Loss [0.3904]	 Train Acc [87.57%]	 Time [36.67s]
Round [28/200]	 Train Loss [0.3948]	 Train Acc [87.46%]	 Time [36.25s]
Round [29/200]	 Train Loss [0.3840]	 Train Acc [87.91%]	 Time [33.08s]
Round [30/200]	 Train Loss [0.3745]	 Train Acc [88.27%]	 Time [31.44s]
Round [31/200]	 Train Loss [0.3793]	 Train Acc [88.18%]	 Time [37.33s]
Round [32/200]	 Train Loss [0.3792]	 Train Acc [87.94%]	 Time [24.45s]
Round [33/200]	 Train Loss [0.3645]	 Train Acc [88.56%]	 Time [28.39s]
Round [34/200]	 Train Loss [0.4017]	 Train Acc [87.39%]	 Time [34.94s]
Round [35/200]	 Train Loss [0.3594]	 Train Acc [88.69%]	 Time [38.32s]
Round [36/200]	 Train Loss [0.3708]	 Train Acc [88.44%]	 Time [35.08s]
Round [37/200]	 Train Loss [0.3519]	 Train Acc [89.11%]	 Time [25.89s]
Round [38/200]	 Train Loss [0.3417]	 Train Acc [89.31%]	 Time [32.36s]
Round [39/200]	 Train Loss [0.3378]	 Train Acc [89.56%]	 Time [32.34s]
Round [40/200]	 Train Loss [0.3317]	 Train Acc [89.73%]	 Time [35.36s]
Round [41/200]	 Train Loss [0.3286]	 Train Acc [89.78%]	 Time [30.17s]
Round [42/200]	 Train Loss [0.3268]	 Train Acc [89.82%]	 Time [43.75s]
Round [43/200]	 Train Loss [0.3273]	 Train Acc [89.79%]	 Time [49.34s]
Round [44/200]	 Train Loss [0.3183]	 Train Acc [90.06%]	 Time [29.00s]
Round [45/200]	 Train Loss [0.3482]	 Train Acc [89.18%]	 Time [33.42s]
Round [46/200]	 Train Loss [0.3381]	 Train Acc [89.36%]	 Time [34.06s]
Round [47/200]	 Train Loss [0.3109]	 Train Acc [90.33%]	 Time [43.84s]
Round [48/200]	 Train Loss [0.2915]	 Train Acc [90.87%]	 Time [33.81s]
Round [49/200]	 Train Loss [0.2988]	 Train Acc [90.54%]	 Time [34.47s]
Round [50/200]	 Train Loss [0.3157]	 Train Acc [90.24%]	 Time [31.25s]
Round [51/200]	 Train Loss [0.2934]	 Train Acc [90.95%]	 Time [49.79s]
Round [52/200]	 Train Loss [0.2821]	 Train Acc [91.28%]	 Time [30.54s]
Round [53/200]	 Train Loss [0.2827]	 Train Acc [91.35%]	 Time [34.71s]
Round [54/200]	 Train Loss [0.2876]	 Train Acc [91.26%]	 Time [44.30s]
Round [55/200]	 Train Loss [0.2902]	 Train Acc [90.97%]	 Time [46.20s]
Round [56/200]	 Train Loss [0.2970]	 Train Acc [90.77%]	 Time [38.76s]
Round [57/200]	 Train Loss [0.2930]	 Train Acc [90.94%]	 Time [39.14s]
Round [58/200]	 Train Loss [0.2752]	 Train Acc [91.57%]	 Time [35.52s]
Round [59/200]	 Train Loss [0.2732]	 Train Acc [91.57%]	 Time [37.16s]
Round [60/200]	 Train Loss [0.2854]	 Train Acc [91.32%]	 Time [35.92s]
Round [61/200]	 Train Loss [0.2845]	 Train Acc [91.39%]	 Time [27.15s]
Round [62/200]	 Train Loss [0.2743]	 Train Acc [91.51%]	 Time [35.98s]
Round [63/200]	 Train Loss [0.2780]	 Train Acc [91.56%]	 Time [31.44s]
Round [64/200]	 Train Loss [0.2877]	 Train Acc [91.28%]	 Time [39.61s]
Round [65/200]	 Train Loss [0.2596]	 Train Acc [91.97%]	 Time [41.35s]
Round [66/200]	 Train Loss [0.2539]	 Train Acc [92.06%]	 Time [39.03s]
Round [67/200]	 Train Loss [0.2585]	 Train Acc [92.03%]	 Time [39.96s]
Round [68/200]	 Train Loss [0.2628]	 Train Acc [91.89%]	 Time [31.05s]
Round [69/200]	 Train Loss [0.2736]	 Train Acc [91.51%]	 Time [33.05s]
Round [70/200]	 Train Loss [0.2456]	 Train Acc [92.44%]	 Time [43.77s]
Round [71/200]	 Train Loss [0.2758]	 Train Acc [91.49%]	 Time [43.06s]
Round [72/200]	 Train Loss [0.2636]	 Train Acc [91.90%]	 Time [34.19s]
Round [73/200]	 Train Loss [0.2545]	 Train Acc [92.17%]	 Time [30.57s]
Round [74/200]	 Train Loss [0.2625]	 Train Acc [91.91%]	 Time [40.32s]
Round [75/200]	 Train Loss [0.2282]	 Train Acc [93.03%]	 Time [23.35s]
Round [76/200]	 Train Loss [0.2461]	 Train Acc [92.36%]	 Time [38.47s]
Round [77/200]	 Train Loss [0.2433]	 Train Acc [92.58%]	 Time [38.02s]
Round [78/200]	 Train Loss [0.2380]	 Train Acc [92.60%]	 Time [36.77s]
Round [79/200]	 Train Loss [0.2497]	 Train Acc [92.36%]	 Time [36.66s]
Round [80/200]	 Train Loss [0.2407]	 Train Acc [92.56%]	 Time [35.05s]
Round [81/200]	 Train Loss [0.2295]	 Train Acc [93.10%]	 Time [35.51s]
Round [82/200]	 Train Loss [0.2494]	 Train Acc [92.32%]	 Time [25.86s]
Round [83/200]	 Train Loss [0.2421]	 Train Acc [92.72%]	 Time [42.61s]
Round [84/200]	 Train Loss [0.2451]	 Train Acc [92.42%]	 Time [39.64s]
Round [85/200]	 Train Loss [0.2520]	 Train Acc [92.37%]	 Time [39.74s]
Round [86/200]	 Train Loss [0.2185]	 Train Acc [93.32%]	 Time [35.25s]
Round [87/200]	 Train Loss [0.2279]	 Train Acc [93.03%]	 Time [37.41s]
Round [88/200]	 Train Loss [0.2507]	 Train Acc [92.31%]	 Time [32.76s]
Round [89/200]	 Train Loss [0.2360]	 Train Acc [92.80%]	 Time [39.89s]
Round [90/200]	 Train Loss [0.2205]	 Train Acc [93.14%]	 Time [37.52s]
Round [91/200]	 Train Loss [0.2168]	 Train Acc [93.41%]	 Time [35.51s]
Round [92/200]	 Train Loss [0.2201]	 Train Acc [93.33%]	 Time [36.57s]
Round [93/200]	 Train Loss [0.2313]	 Train Acc [92.89%]	 Time [22.09s]
Round [94/200]	 Train Loss [0.2386]	 Train Acc [92.92%]	 Time [33.40s]
Round [95/200]	 Train Loss [0.2462]	 Train Acc [92.57%]	 Time [25.78s]
Round [96/200]	 Train Loss [0.2327]	 Train Acc [92.88%]	 Time [29.71s]
Round [97/200]	 Train Loss [0.2124]	 Train Acc [93.56%]	 Time [43.51s]
Round [98/200]	 Train Loss [0.2396]	 Train Acc [92.68%]	 Time [36.68s]
Round [99/200]	 Train Loss [0.2148]	 Train Acc [93.44%]	 Time [32.96s]
Round [100/200]	 Train Loss [0.1993]	 Train Acc [93.92%]	 Time [49.75s]
Round [101/200]	 Train Loss [0.2187]	 Train Acc [93.34%]	 Time [36.36s]
Round [102/200]	 Train Loss [0.2214]	 Train Acc [93.19%]	 Time [46.10s]
Round [103/200]	 Train Loss [0.2084]	 Train Acc [93.69%]	 Time [38.67s]
Round [104/200]	 Train Loss [0.2156]	 Train Acc [93.50%]	 Time [37.74s]
Round [105/200]	 Train Loss [0.2140]	 Train Acc [93.47%]	 Time [23.17s]
Round [106/200]	 Train Loss [0.2234]	 Train Acc [93.25%]	 Time [40.50s]
Round [107/200]	 Train Loss [0.2061]	 Train Acc [93.77%]	 Time [36.31s]
Round [108/200]	 Train Loss [0.2153]	 Train Acc [93.37%]	 Time [44.37s]
Round [109/200]	 Train Loss [0.1971]	 Train Acc [94.01%]	 Time [39.82s]
Round [110/200]	 Train Loss [0.2066]	 Train Acc [93.64%]	 Time [37.58s]
Round [111/200]	 Train Loss [0.2178]	 Train Acc [93.30%]	 Time [25.94s]
Round [112/200]	 Train Loss [0.2127]	 Train Acc [93.54%]	 Time [35.12s]
Round [113/200]	 Train Loss [0.2038]	 Train Acc [93.74%]	 Time [41.69s]
Round [114/200]	 Train Loss [0.1779]	 Train Acc [94.60%]	 Time [32.59s]
Round [115/200]	 Train Loss [0.2296]	 Train Acc [93.00%]	 Time [31.68s]
Round [116/200]	 Train Loss [0.1894]	 Train Acc [94.21%]	 Time [31.69s]
Round [117/200]	 Train Loss [0.1883]	 Train Acc [94.14%]	 Time [29.55s]
Round [118/200]	 Train Loss [0.1872]	 Train Acc [94.40%]	 Time [31.58s]
Round [119/200]	 Train Loss [0.1894]	 Train Acc [94.32%]	 Time [37.26s]
Round [120/200]	 Train Loss [0.2548]	 Train Acc [92.18%]	 Time [24.11s]
Round [121/200]	 Train Loss [0.1995]	 Train Acc [93.75%]	 Time [19.67s]
Round [122/200]	 Train Loss [0.2008]	 Train Acc [93.94%]	 Time [24.94s]
Round [123/200]	 Train Loss [0.2118]	 Train Acc [93.56%]	 Time [31.51s]
Round [124/200]	 Train Loss [0.2010]	 Train Acc [93.81%]	 Time [33.64s]
Round [125/200]	 Train Loss [0.1993]	 Train Acc [94.05%]	 Time [40.81s]
Round [126/200]	 Train Loss [0.1885]	 Train Acc [94.22%]	 Time [30.78s]
Round [127/200]	 Train Loss [0.2069]	 Train Acc [93.60%]	 Time [39.65s]
Round [128/200]	 Train Loss [0.1893]	 Train Acc [94.17%]	 Time [31.04s]
Round [129/200]	 Train Loss [0.1963]	 Train Acc [93.97%]	 Time [38.65s]
Round [130/200]	 Train Loss [0.1823]	 Train Acc [94.49%]	 Time [37.13s]
Round [131/200]	 Train Loss [0.2201]	 Train Acc [93.17%]	 Time [42.06s]
Round [132/200]	 Train Loss [0.1935]	 Train Acc [94.00%]	 Time [38.13s]
Round [133/200]	 Train Loss [0.1869]	 Train Acc [94.30%]	 Time [30.48s]
Round [134/200]	 Train Loss [0.1949]	 Train Acc [94.08%]	 Time [39.63s]
Round [135/200]	 Train Loss [0.1842]	 Train Acc [94.30%]	 Time [31.92s]
Round [136/200]	 Train Loss [0.1802]	 Train Acc [94.48%]	 Time [36.68s]
Round [137/200]	 Train Loss [0.1858]	 Train Acc [94.29%]	 Time [34.88s]
Round [138/200]	 Train Loss [0.1711]	 Train Acc [94.79%]	 Time [36.99s]
Round [139/200]	 Train Loss [0.1805]	 Train Acc [94.45%]	 Time [33.54s]
Round [140/200]	 Train Loss [0.1833]	 Train Acc [94.32%]	 Time [39.79s]
Round [141/200]	 Train Loss [0.1776]	 Train Acc [94.53%]	 Time [43.03s]
Round [142/200]	 Train Loss [0.1770]	 Train Acc [94.62%]	 Time [42.47s]
Round [143/200]	 Train Loss [0.1692]	 Train Acc [94.87%]	 Time [29.01s]
Round [144/200]	 Train Loss [0.1808]	 Train Acc [94.37%]	 Time [32.93s]
Round [145/200]	 Train Loss [0.1971]	 Train Acc [94.04%]	 Time [23.76s]
Round [146/200]	 Train Loss [0.2040]	 Train Acc [93.86%]	 Time [18.83s]
Round [147/200]	 Train Loss [0.1736]	 Train Acc [94.80%]	 Time [27.01s]
Round [148/200]	 Train Loss [0.1741]	 Train Acc [94.68%]	 Time [46.24s]
Round [149/200]	 Train Loss [0.1607]	 Train Acc [95.15%]	 Time [41.55s]
Round [150/200]	 Train Loss [0.1681]	 Train Acc [94.85%]	 Time [35.65s]
Round [151/200]	 Train Loss [0.1688]	 Train Acc [95.01%]	 Time [35.81s]
Round [152/200]	 Train Loss [0.1786]	 Train Acc [94.49%]	 Time [45.01s]
Round [153/200]	 Train Loss [0.1711]	 Train Acc [94.86%]	 Time [25.09s]
Round [154/200]	 Train Loss [0.1839]	 Train Acc [94.35%]	 Time [48.48s]
Round [155/200]	 Train Loss [0.1829]	 Train Acc [94.42%]	 Time [38.87s]
Round [156/200]	 Train Loss [0.1825]	 Train Acc [94.50%]	 Time [35.75s]
Round [157/200]	 Train Loss [0.1650]	 Train Acc [94.98%]	 Time [34.16s]
Round [158/200]	 Train Loss [0.1546]	 Train Acc [95.32%]	 Time [38.98s]
Round [159/200]	 Train Loss [0.1658]	 Train Acc [94.91%]	 Time [23.01s]
Round [160/200]	 Train Loss [0.1794]	 Train Acc [94.64%]	 Time [31.80s]
Round [161/200]	 Train Loss [0.1860]	 Train Acc [94.35%]	 Time [27.10s]
Round [162/200]	 Train Loss [0.1816]	 Train Acc [94.42%]	 Time [31.41s]
Round [163/200]	 Train Loss [0.1766]	 Train Acc [94.55%]	 Time [42.37s]
Round [164/200]	 Train Loss [0.1651]	 Train Acc [95.03%]	 Time [36.00s]
Round [165/200]	 Train Loss [0.1740]	 Train Acc [94.69%]	 Time [22.33s]
Round [166/200]	 Train Loss [0.1789]	 Train Acc [94.45%]	 Time [28.94s]
Round [167/200]	 Train Loss [0.1671]	 Train Acc [94.89%]	 Time [35.72s]
Round [168/200]	 Train Loss [0.1834]	 Train Acc [94.53%]	 Time [27.78s]
Round [169/200]	 Train Loss [0.1627]	 Train Acc [95.03%]	 Time [39.47s]
Round [170/200]	 Train Loss [0.1663]	 Train Acc [94.86%]	 Time [40.13s]
Round [171/200]	 Train Loss [0.1615]	 Train Acc [95.09%]	 Time [40.69s]
Round [172/200]	 Train Loss [0.1760]	 Train Acc [94.72%]	 Time [31.73s]
Round [173/200]	 Train Loss [0.1698]	 Train Acc [94.94%]	 Time [37.06s]
Round [174/200]	 Train Loss [0.1743]	 Train Acc [94.74%]	 Time [32.54s]
Round [175/200]	 Train Loss [0.1658]	 Train Acc [94.96%]	 Time [32.75s]
Round [176/200]	 Train Loss [0.1787]	 Train Acc [94.30%]	 Time [26.55s]
Round [177/200]	 Train Loss [0.1574]	 Train Acc [95.20%]	 Time [38.89s]
Round [178/200]	 Train Loss [0.1659]	 Train Acc [94.98%]	 Time [32.79s]
Round [179/200]	 Train Loss [0.1640]	 Train Acc [95.09%]	 Time [39.18s]
Round [180/200]	 Train Loss [0.1670]	 Train Acc [94.96%]	 Time [36.41s]
Round [181/200]	 Train Loss [0.1411]	 Train Acc [95.71%]	 Time [32.77s]
Round [182/200]	 Train Loss [0.1677]	 Train Acc [95.13%]	 Time [32.35s]
Round [183/200]	 Train Loss [0.1733]	 Train Acc [94.69%]	 Time [28.84s]
Round [184/200]	 Train Loss [0.1474]	 Train Acc [95.48%]	 Time [39.52s]
Round [185/200]	 Train Loss [0.1533]	 Train Acc [95.31%]	 Time [45.78s]
Round [186/200]	 Train Loss [0.1557]	 Train Acc [95.31%]	 Time [39.24s]
Round [187/200]	 Train Loss [0.1572]	 Train Acc [95.14%]	 Time [36.63s]
Round [188/200]	 Train Loss [0.1631]	 Train Acc [94.99%]	 Time [46.15s]
Round [189/200]	 Train Loss [0.1635]	 Train Acc [95.12%]	 Time [31.45s]
Round [190/200]	 Train Loss [0.1542]	 Train Acc [95.31%]	 Time [34.15s]
Round [191/200]	 Train Loss [0.1440]	 Train Acc [95.65%]	 Time [32.14s]
Round [192/200]	 Train Loss [0.1551]	 Train Acc [95.47%]	 Time [31.39s]
Round [193/200]	 Train Loss [0.1444]	 Train Acc [95.65%]	 Time [20.05s]
Round [194/200]	 Train Loss [0.1546]	 Train Acc [95.24%]	 Time [35.98s]
Round [195/200]	 Train Loss [0.1396]	 Train Acc [95.74%]	 Time [41.85s]
Round [196/200]	 Train Loss [0.1627]	 Train Acc [95.10%]	 Time [48.89s]
Round [197/200]	 Train Loss [0.1520]	 Train Acc [95.37%]	 Time [48.99s]
Round [198/200]	 Train Loss [0.1534]	 Train Acc [95.29%]	 Time [32.07s]
Round [199/200]	 Train Loss [0.1536]	 Train Acc [95.26%]	 Time [27.60s]
--- Round [200/200] ---
  Train Loss: 0.1560	 Train Acc: 95.36%
  Test Loss:  0.6462	 Test Acc:  78.60%
  Calibration: Brier=0.3053, ECE=0.0150
  OOD Detection: AUROC=0.7256, FPR@95TPR=0.6103
  Time: 30.10s
Method took (6852.54) total seconds for all rounds.
