2025-05-22 00:22:33,737 - ServerFedFope_DefaultID - INFO - Starting FedFope training with 100 clients, 100 per round.
2025-05-22 00:22:33,737 - ServerFedFope_DefaultID - INFO - Hyperparameters: N_train_equivalent=1024, floor_cutoff=True, trim_percentage=0.1, l1_lambda=0.0
2025-05-22 00:23:55,102 - ServerFedFope_DefaultID - INFO - Applying trimmed mean aggregation: trim_percentage=0.1, k_trim=10 from each end.
2025-05-22 00:23:55,110 - ServerFedFope_DefaultID - INFO - Global model updated with aggregated Fourier delta.
2025-05-22 00:23:55,110 - ServerFedFope_DefaultID - INFO - Round [1/200]	 Avg Client Train Loss: 1.7264	 Avg Client Train Acc: 40.44	 Round Time: 81.37s
2025-05-22 00:25:15,631 - ServerFedFope_DefaultID - INFO - Applying trimmed mean aggregation: trim_percentage=0.1, k_trim=10 from each end.
2025-05-22 00:25:15,632 - ServerFedFope_DefaultID - INFO - Global model updated with aggregated Fourier delta.
2025-05-22 00:25:15,632 - ServerFedFope_DefaultID - INFO - Round [2/200]	 Avg Client Train Loss: 1.5674	 Avg Client Train Acc: 44.05	 Round Time: 80.52s
2025-05-22 00:26:36,188 - ServerFedFope_DefaultID - INFO - Applying trimmed mean aggregation: trim_percentage=0.1, k_trim=10 from each end.
2025-05-22 00:26:36,189 - ServerFedFope_DefaultID - INFO - Global model updated with aggregated Fourier delta.
2025-05-22 00:26:36,190 - ServerFedFope_DefaultID - INFO - Round [3/200]	 Avg Client Train Loss: 1.4466	 Avg Client Train Acc: 49.00	 Round Time: 80.56s
2025-05-22 00:27:57,107 - ServerFedFope_DefaultID - INFO - Applying trimmed mean aggregation: trim_percentage=0.1, k_trim=10 from each end.
2025-05-22 00:27:57,108 - ServerFedFope_DefaultID - INFO - Global model updated with aggregated Fourier delta.
2025-05-22 00:27:57,108 - ServerFedFope_DefaultID - INFO - Round [4/200]	 Avg Client Train Loss: 1.3388	 Avg Client Train Acc: 52.33	 Round Time: 80.92s
2025-05-22 00:29:20,040 - ServerFedFope_DefaultID - INFO - Applying trimmed mean aggregation: trim_percentage=0.1, k_trim=10 from each end.
2025-05-22 00:29:20,041 - ServerFedFope_DefaultID - INFO - Global model updated with aggregated Fourier delta.
2025-05-22 00:29:20,042 - ServerFedFope_DefaultID - INFO - Round [5/200]	 Avg Client Train Loss: 1.2654	 Avg Client Train Acc: 55.01	 Round Time: 82.93s
2025-05-22 00:30:39,564 - ServerFedFope_DefaultID - INFO - Applying trimmed mean aggregation: trim_percentage=0.1, k_trim=10 from each end.
2025-05-22 00:30:39,565 - ServerFedFope_DefaultID - INFO - Global model updated with aggregated Fourier delta.
2025-05-22 00:30:39,565 - ServerFedFope_DefaultID - INFO - Round [6/200]	 Avg Client Train Loss: 1.1977	 Avg Client Train Acc: 57.39	 Round Time: 79.52s
2025-05-22 00:32:00,766 - ServerFedFope_DefaultID - INFO - Applying trimmed mean aggregation: trim_percentage=0.1, k_trim=10 from each end.
2025-05-22 00:32:00,767 - ServerFedFope_DefaultID - INFO - Global model updated with aggregated Fourier delta.
2025-05-22 00:32:00,768 - ServerFedFope_DefaultID - INFO - Round [7/200]	 Avg Client Train Loss: 1.1453	 Avg Client Train Acc: 59.18	 Round Time: 81.20s
2025-05-22 00:33:22,616 - ServerFedFope_DefaultID - INFO - Applying trimmed mean aggregation: trim_percentage=0.1, k_trim=10 from each end.
2025-05-22 00:33:22,617 - ServerFedFope_DefaultID - INFO - Global model updated with aggregated Fourier delta.
2025-05-22 00:33:22,617 - ServerFedFope_DefaultID - INFO - Round [8/200]	 Avg Client Train Loss: 1.1014	 Avg Client Train Acc: 60.88	 Round Time: 81.85s
2025-05-22 00:34:44,220 - ServerFedFope_DefaultID - INFO - Applying trimmed mean aggregation: trim_percentage=0.1, k_trim=10 from each end.
2025-05-22 00:34:44,221 - ServerFedFope_DefaultID - INFO - Global model updated with aggregated Fourier delta.
2025-05-22 00:34:44,221 - ServerFedFope_DefaultID - INFO - Round [9/200]	 Avg Client Train Loss: 1.0659	 Avg Client Train Acc: 62.03	 Round Time: 81.60s
2025-05-22 00:36:07,148 - ServerFedFope_DefaultID - INFO - Applying trimmed mean aggregation: trim_percentage=0.1, k_trim=10 from each end.
2025-05-22 00:36:07,149 - ServerFedFope_DefaultID - INFO - Global model updated with aggregated Fourier delta.
2025-05-22 00:36:07,149 - ServerFedFope_DefaultID - INFO - Round [10/200]	 Avg Client Train Loss: 1.0387	 Avg Client Train Acc: 63.12	 Round Time: 82.93s
2025-05-22 00:37:28,891 - ServerFedFope_DefaultID - INFO - Applying trimmed mean aggregation: trim_percentage=0.1, k_trim=10 from each end.
2025-05-22 00:37:28,892 - ServerFedFope_DefaultID - INFO - Global model updated with aggregated Fourier delta.
2025-05-22 00:37:28,893 - ServerFedFope_DefaultID - INFO - Round [11/200]	 Avg Client Train Loss: 1.0042	 Avg Client Train Acc: 64.34	 Round Time: 81.74s
2025-05-22 00:38:49,648 - ServerFedFope_DefaultID - INFO - Applying trimmed mean aggregation: trim_percentage=0.1, k_trim=10 from each end.
2025-05-22 00:38:49,649 - ServerFedFope_DefaultID - INFO - Global model updated with aggregated Fourier delta.
2025-05-22 00:38:49,649 - ServerFedFope_DefaultID - INFO - Round [12/200]	 Avg Client Train Loss: 0.9760	 Avg Client Train Acc: 65.34	 Round Time: 80.76s
2025-05-22 00:40:10,508 - ServerFedFope_DefaultID - INFO - Applying trimmed mean aggregation: trim_percentage=0.1, k_trim=10 from each end.
2025-05-22 00:40:10,509 - ServerFedFope_DefaultID - INFO - Global model updated with aggregated Fourier delta.
2025-05-22 00:40:10,509 - ServerFedFope_DefaultID - INFO - Round [13/200]	 Avg Client Train Loss: 0.9548	 Avg Client Train Acc: 66.15	 Round Time: 80.86s
2025-05-22 00:41:32,673 - ServerFedFope_DefaultID - INFO - Applying trimmed mean aggregation: trim_percentage=0.1, k_trim=10 from each end.
2025-05-22 00:41:32,674 - ServerFedFope_DefaultID - INFO - Global model updated with aggregated Fourier delta.
2025-05-22 00:41:32,674 - ServerFedFope_DefaultID - INFO - Round [14/200]	 Avg Client Train Loss: 0.9330	 Avg Client Train Acc: 66.91	 Round Time: 82.17s
2025-05-22 00:42:54,291 - ServerFedFope_DefaultID - INFO - Applying trimmed mean aggregation: trim_percentage=0.1, k_trim=10 from each end.
2025-05-22 00:42:54,292 - ServerFedFope_DefaultID - INFO - Global model updated with aggregated Fourier delta.
2025-05-22 00:42:54,292 - ServerFedFope_DefaultID - INFO - Round [15/200]	 Avg Client Train Loss: 0.9120	 Avg Client Train Acc: 67.61	 Round Time: 81.62s
2025-05-22 00:44:14,950 - ServerFedFope_DefaultID - INFO - Applying trimmed mean aggregation: trim_percentage=0.1, k_trim=10 from each end.
2025-05-22 00:44:14,951 - ServerFedFope_DefaultID - INFO - Global model updated with aggregated Fourier delta.
2025-05-22 00:44:14,951 - ServerFedFope_DefaultID - INFO - Round [16/200]	 Avg Client Train Loss: 0.8953	 Avg Client Train Acc: 68.21	 Round Time: 80.66s
2025-05-22 00:45:36,690 - ServerFedFope_DefaultID - INFO - Applying trimmed mean aggregation: trim_percentage=0.1, k_trim=10 from each end.
2025-05-22 00:45:36,691 - ServerFedFope_DefaultID - INFO - Global model updated with aggregated Fourier delta.
2025-05-22 00:45:36,691 - ServerFedFope_DefaultID - INFO - Round [17/200]	 Avg Client Train Loss: 0.8721	 Avg Client Train Acc: 69.04	 Round Time: 81.74s
2025-05-22 00:46:57,341 - ServerFedFope_DefaultID - INFO - Applying trimmed mean aggregation: trim_percentage=0.1, k_trim=10 from each end.
2025-05-22 00:46:57,342 - ServerFedFope_DefaultID - INFO - Global model updated with aggregated Fourier delta.
2025-05-22 00:46:57,342 - ServerFedFope_DefaultID - INFO - Round [18/200]	 Avg Client Train Loss: 0.8498	 Avg Client Train Acc: 69.86	 Round Time: 80.65s
2025-05-22 00:48:18,581 - ServerFedFope_DefaultID - INFO - Applying trimmed mean aggregation: trim_percentage=0.1, k_trim=10 from each end.
2025-05-22 00:48:18,582 - ServerFedFope_DefaultID - INFO - Global model updated with aggregated Fourier delta.
2025-05-22 00:48:18,582 - ServerFedFope_DefaultID - INFO - Round [19/200]	 Avg Client Train Loss: 0.8311	 Avg Client Train Acc: 70.50	 Round Time: 81.24s
2025-05-22 00:49:39,382 - ServerFedFope_DefaultID - INFO - Applying trimmed mean aggregation: trim_percentage=0.1, k_trim=10 from each end.
2025-05-22 00:49:39,383 - ServerFedFope_DefaultID - INFO - Global model updated with aggregated Fourier delta.
2025-05-22 00:49:39,383 - ServerFedFope_DefaultID - INFO - Evaluating global model on all clients...
2025-05-22 00:49:40,234 - ServerFedFope_DefaultID - INFO - Global model evaluation - Weighted Acc: 48.84%, Weighted Loss: 1.3939, Acc StdDev: 11.41
2025-05-22 00:49:40,237 - ServerFedFope_DefaultID - INFO - Evaluating personalized models on all clients...
2025-05-22 00:51:01,850 - ServerFedFope_DefaultID - INFO - Personalized model evaluation - Weighted Acc: 66.96%, Weighted Loss: 0.9418, Acc StdDev: 12.67
2025-05-22 00:51:01,850 - ServerFedFope_DefaultID - INFO - Round [20/200]	 Avg Client Train Loss: 0.8166	 Avg Client Train Acc: 70.96	 Round Time: 80.80s	 Global Test Loss: 1.3939	 Global Test Acc: 48.84 (std:11.41)	 Personalized Test Loss: 0.9418	 Personalized Test Acc: 66.96 (std:12.67)
2025-05-22 00:52:24,392 - ServerFedFope_DefaultID - INFO - Applying trimmed mean aggregation: trim_percentage=0.1, k_trim=10 from each end.
2025-05-22 00:52:24,393 - ServerFedFope_DefaultID - INFO - Global model updated with aggregated Fourier delta.
2025-05-22 00:52:24,393 - ServerFedFope_DefaultID - INFO - Round [21/200]	 Avg Client Train Loss: 0.7995	 Avg Client Train Acc: 71.68	 Round Time: 82.54s
2025-05-22 00:53:45,863 - ServerFedFope_DefaultID - INFO - Applying trimmed mean aggregation: trim_percentage=0.1, k_trim=10 from each end.
2025-05-22 00:53:45,864 - ServerFedFope_DefaultID - INFO - Global model updated with aggregated Fourier delta.
2025-05-22 00:53:45,864 - ServerFedFope_DefaultID - INFO - Round [22/200]	 Avg Client Train Loss: 0.7816	 Avg Client Train Acc: 72.28	 Round Time: 81.47s
2025-05-22 00:55:07,988 - ServerFedFope_DefaultID - INFO - Applying trimmed mean aggregation: trim_percentage=0.1, k_trim=10 from each end.
2025-05-22 00:55:07,989 - ServerFedFope_DefaultID - INFO - Global model updated with aggregated Fourier delta.
2025-05-22 00:55:07,990 - ServerFedFope_DefaultID - INFO - Round [23/200]	 Avg Client Train Loss: 0.7643	 Avg Client Train Acc: 72.90	 Round Time: 82.13s
2025-05-22 00:56:30,502 - ServerFedFope_DefaultID - INFO - Applying trimmed mean aggregation: trim_percentage=0.1, k_trim=10 from each end.
2025-05-22 00:56:30,503 - ServerFedFope_DefaultID - INFO - Global model updated with aggregated Fourier delta.
2025-05-22 00:56:30,503 - ServerFedFope_DefaultID - INFO - Round [24/200]	 Avg Client Train Loss: 0.7468	 Avg Client Train Acc: 73.61	 Round Time: 82.51s
2025-05-22 00:57:52,219 - ServerFedFope_DefaultID - INFO - Applying trimmed mean aggregation: trim_percentage=0.1, k_trim=10 from each end.
2025-05-22 00:57:52,220 - ServerFedFope_DefaultID - INFO - Global model updated with aggregated Fourier delta.
2025-05-22 00:57:52,220 - ServerFedFope_DefaultID - INFO - Round [25/200]	 Avg Client Train Loss: 0.7284	 Avg Client Train Acc: 74.29	 Round Time: 81.72s
2025-05-22 00:59:13,873 - ServerFedFope_DefaultID - INFO - Applying trimmed mean aggregation: trim_percentage=0.1, k_trim=10 from each end.
2025-05-22 00:59:13,874 - ServerFedFope_DefaultID - INFO - Global model updated with aggregated Fourier delta.
2025-05-22 00:59:13,874 - ServerFedFope_DefaultID - INFO - Round [26/200]	 Avg Client Train Loss: 0.7135	 Avg Client Train Acc: 74.83	 Round Time: 81.65s
2025-05-22 01:00:35,547 - ServerFedFope_DefaultID - INFO - Applying trimmed mean aggregation: trim_percentage=0.1, k_trim=10 from each end.
2025-05-22 01:00:35,549 - ServerFedFope_DefaultID - INFO - Global model updated with aggregated Fourier delta.
2025-05-22 01:00:35,549 - ServerFedFope_DefaultID - INFO - Round [27/200]	 Avg Client Train Loss: 0.6942	 Avg Client Train Acc: 75.57	 Round Time: 81.67s
2025-05-22 01:01:58,198 - ServerFedFope_DefaultID - INFO - Applying trimmed mean aggregation: trim_percentage=0.1, k_trim=10 from each end.
2025-05-22 01:01:58,199 - ServerFedFope_DefaultID - INFO - Global model updated with aggregated Fourier delta.
2025-05-22 01:01:58,199 - ServerFedFope_DefaultID - INFO - Round [28/200]	 Avg Client Train Loss: 0.6778	 Avg Client Train Acc: 76.22	 Round Time: 82.65s
2025-05-22 01:03:19,415 - ServerFedFope_DefaultID - INFO - Applying trimmed mean aggregation: trim_percentage=0.1, k_trim=10 from each end.
2025-05-22 01:03:19,416 - ServerFedFope_DefaultID - INFO - Global model updated with aggregated Fourier delta.
2025-05-22 01:03:19,416 - ServerFedFope_DefaultID - INFO - Round [29/200]	 Avg Client Train Loss: 0.6679	 Avg Client Train Acc: 76.52	 Round Time: 81.22s
2025-05-22 01:04:40,082 - ServerFedFope_DefaultID - INFO - Applying trimmed mean aggregation: trim_percentage=0.1, k_trim=10 from each end.
2025-05-22 01:04:40,083 - ServerFedFope_DefaultID - INFO - Global model updated with aggregated Fourier delta.
2025-05-22 01:04:40,083 - ServerFedFope_DefaultID - INFO - Round [30/200]	 Avg Client Train Loss: 0.6529	 Avg Client Train Acc: 77.15	 Round Time: 80.67s
2025-05-22 01:06:02,294 - ServerFedFope_DefaultID - INFO - Applying trimmed mean aggregation: trim_percentage=0.1, k_trim=10 from each end.
2025-05-22 01:06:02,295 - ServerFedFope_DefaultID - INFO - Global model updated with aggregated Fourier delta.
2025-05-22 01:06:02,295 - ServerFedFope_DefaultID - INFO - Round [31/200]	 Avg Client Train Loss: 0.6389	 Avg Client Train Acc: 77.62	 Round Time: 82.21s
2025-05-22 01:07:23,619 - ServerFedFope_DefaultID - INFO - Applying trimmed mean aggregation: trim_percentage=0.1, k_trim=10 from each end.
2025-05-22 01:07:23,620 - ServerFedFope_DefaultID - INFO - Global model updated with aggregated Fourier delta.
2025-05-22 01:07:23,620 - ServerFedFope_DefaultID - INFO - Round [32/200]	 Avg Client Train Loss: 0.6194	 Avg Client Train Acc: 78.35	 Round Time: 81.32s
2025-05-22 01:08:46,401 - ServerFedFope_DefaultID - INFO - Applying trimmed mean aggregation: trim_percentage=0.1, k_trim=10 from each end.
2025-05-22 01:08:46,402 - ServerFedFope_DefaultID - INFO - Global model updated with aggregated Fourier delta.
2025-05-22 01:08:46,402 - ServerFedFope_DefaultID - INFO - Round [33/200]	 Avg Client Train Loss: 0.6043	 Avg Client Train Acc: 79.03	 Round Time: 82.78s
2025-05-22 01:10:08,379 - ServerFedFope_DefaultID - INFO - Applying trimmed mean aggregation: trim_percentage=0.1, k_trim=10 from each end.
2025-05-22 01:10:08,380 - ServerFedFope_DefaultID - INFO - Global model updated with aggregated Fourier delta.
2025-05-22 01:10:08,380 - ServerFedFope_DefaultID - INFO - Round [34/200]	 Avg Client Train Loss: 0.5905	 Avg Client Train Acc: 79.51	 Round Time: 81.98s
2025-05-22 01:11:29,514 - ServerFedFope_DefaultID - INFO - Applying trimmed mean aggregation: trim_percentage=0.1, k_trim=10 from each end.
2025-05-22 01:11:29,515 - ServerFedFope_DefaultID - INFO - Global model updated with aggregated Fourier delta.
2025-05-22 01:11:29,516 - ServerFedFope_DefaultID - INFO - Round [35/200]	 Avg Client Train Loss: 0.5789	 Avg Client Train Acc: 79.94	 Round Time: 81.14s
2025-05-22 01:12:50,734 - ServerFedFope_DefaultID - INFO - Applying trimmed mean aggregation: trim_percentage=0.1, k_trim=10 from each end.
2025-05-22 01:12:50,735 - ServerFedFope_DefaultID - INFO - Global model updated with aggregated Fourier delta.
2025-05-22 01:12:50,735 - ServerFedFope_DefaultID - INFO - Round [36/200]	 Avg Client Train Loss: 0.5622	 Avg Client Train Acc: 80.56	 Round Time: 81.22s
2025-05-22 01:14:12,738 - ServerFedFope_DefaultID - INFO - Applying trimmed mean aggregation: trim_percentage=0.1, k_trim=10 from each end.
2025-05-22 01:14:12,739 - ServerFedFope_DefaultID - INFO - Global model updated with aggregated Fourier delta.
2025-05-22 01:14:12,739 - ServerFedFope_DefaultID - INFO - Round [37/200]	 Avg Client Train Loss: 0.5508	 Avg Client Train Acc: 80.95	 Round Time: 82.00s
2025-05-22 01:15:35,383 - ServerFedFope_DefaultID - INFO - Applying trimmed mean aggregation: trim_percentage=0.1, k_trim=10 from each end.
2025-05-22 01:15:35,384 - ServerFedFope_DefaultID - INFO - Global model updated with aggregated Fourier delta.
2025-05-22 01:15:35,385 - ServerFedFope_DefaultID - INFO - Round [38/200]	 Avg Client Train Loss: 0.5383	 Avg Client Train Acc: 81.47	 Round Time: 82.65s
2025-05-22 01:16:56,267 - ServerFedFope_DefaultID - INFO - Applying trimmed mean aggregation: trim_percentage=0.1, k_trim=10 from each end.
2025-05-22 01:16:56,268 - ServerFedFope_DefaultID - INFO - Global model updated with aggregated Fourier delta.
2025-05-22 01:16:56,268 - ServerFedFope_DefaultID - INFO - Round [39/200]	 Avg Client Train Loss: 0.5259	 Avg Client Train Acc: 81.94	 Round Time: 80.88s
2025-05-22 01:18:18,016 - ServerFedFope_DefaultID - INFO - Applying trimmed mean aggregation: trim_percentage=0.1, k_trim=10 from each end.
2025-05-22 01:18:18,017 - ServerFedFope_DefaultID - INFO - Global model updated with aggregated Fourier delta.
2025-05-22 01:18:18,017 - ServerFedFope_DefaultID - INFO - Evaluating global model on all clients...
2025-05-22 01:18:18,783 - ServerFedFope_DefaultID - INFO - Global model evaluation - Weighted Acc: 59.00%, Weighted Loss: 1.1990, Acc StdDev: 12.08
2025-05-22 01:18:18,785 - ServerFedFope_DefaultID - INFO - Evaluating personalized models on all clients...
2025-05-22 01:19:40,979 - ServerFedFope_DefaultID - INFO - Personalized model evaluation - Weighted Acc: 71.75%, Weighted Loss: 0.9295, Acc StdDev: 11.43
2025-05-22 01:19:40,979 - ServerFedFope_DefaultID - INFO - Round [40/200]	 Avg Client Train Loss: 0.5110	 Avg Client Train Acc: 82.48	 Round Time: 81.75s	 Global Test Loss: 1.1990	 Global Test Acc: 59.00 (std:12.08)	 Personalized Test Loss: 0.9295	 Personalized Test Acc: 71.75 (std:11.43)
2025-05-22 01:21:02,435 - ServerFedFope_DefaultID - INFO - Applying trimmed mean aggregation: trim_percentage=0.1, k_trim=10 from each end.
2025-05-22 01:21:02,436 - ServerFedFope_DefaultID - INFO - Global model updated with aggregated Fourier delta.
2025-05-22 01:21:02,436 - ServerFedFope_DefaultID - INFO - Round [41/200]	 Avg Client Train Loss: 0.4957	 Avg Client Train Acc: 83.05	 Round Time: 81.46s
2025-05-22 01:22:23,405 - ServerFedFope_DefaultID - INFO - Applying trimmed mean aggregation: trim_percentage=0.1, k_trim=10 from each end.
2025-05-22 01:22:23,406 - ServerFedFope_DefaultID - INFO - Global model updated with aggregated Fourier delta.
2025-05-22 01:22:23,406 - ServerFedFope_DefaultID - INFO - Round [42/200]	 Avg Client Train Loss: 0.4891	 Avg Client Train Acc: 83.33	 Round Time: 80.97s
2025-05-22 01:23:45,570 - ServerFedFope_DefaultID - INFO - Applying trimmed mean aggregation: trim_percentage=0.1, k_trim=10 from each end.
2025-05-22 01:23:45,571 - ServerFedFope_DefaultID - INFO - Global model updated with aggregated Fourier delta.
2025-05-22 01:23:45,571 - ServerFedFope_DefaultID - INFO - Round [43/200]	 Avg Client Train Loss: 0.4826	 Avg Client Train Acc: 83.55	 Round Time: 82.17s
2025-05-22 01:25:08,168 - ServerFedFope_DefaultID - INFO - Applying trimmed mean aggregation: trim_percentage=0.1, k_trim=10 from each end.
2025-05-22 01:25:08,169 - ServerFedFope_DefaultID - INFO - Global model updated with aggregated Fourier delta.
2025-05-22 01:25:08,169 - ServerFedFope_DefaultID - INFO - Round [44/200]	 Avg Client Train Loss: 0.4679	 Avg Client Train Acc: 84.15	 Round Time: 82.60s
2025-05-22 01:26:30,076 - ServerFedFope_DefaultID - INFO - Applying trimmed mean aggregation: trim_percentage=0.1, k_trim=10 from each end.
2025-05-22 01:26:30,077 - ServerFedFope_DefaultID - INFO - Global model updated with aggregated Fourier delta.
2025-05-22 01:26:30,078 - ServerFedFope_DefaultID - INFO - Round [45/200]	 Avg Client Train Loss: 0.4585	 Avg Client Train Acc: 84.47	 Round Time: 81.91s
2025-05-22 01:27:51,398 - ServerFedFope_DefaultID - INFO - Applying trimmed mean aggregation: trim_percentage=0.1, k_trim=10 from each end.
2025-05-22 01:27:51,399 - ServerFedFope_DefaultID - INFO - Global model updated with aggregated Fourier delta.
2025-05-22 01:27:51,399 - ServerFedFope_DefaultID - INFO - Round [46/200]	 Avg Client Train Loss: 0.4484	 Avg Client Train Acc: 84.85	 Round Time: 81.32s
2025-05-22 01:29:12,865 - ServerFedFope_DefaultID - INFO - Applying trimmed mean aggregation: trim_percentage=0.1, k_trim=10 from each end.
2025-05-22 01:29:12,866 - ServerFedFope_DefaultID - INFO - Global model updated with aggregated Fourier delta.
2025-05-22 01:29:12,867 - ServerFedFope_DefaultID - INFO - Round [47/200]	 Avg Client Train Loss: 0.4343	 Avg Client Train Acc: 85.47	 Round Time: 81.47s
2025-05-22 01:30:35,093 - ServerFedFope_DefaultID - INFO - Applying trimmed mean aggregation: trim_percentage=0.1, k_trim=10 from each end.
2025-05-22 01:30:35,094 - ServerFedFope_DefaultID - INFO - Global model updated with aggregated Fourier delta.
2025-05-22 01:30:35,094 - ServerFedFope_DefaultID - INFO - Round [48/200]	 Avg Client Train Loss: 0.4263	 Avg Client Train Acc: 85.63	 Round Time: 82.23s
2025-05-22 01:31:57,101 - ServerFedFope_DefaultID - INFO - Applying trimmed mean aggregation: trim_percentage=0.1, k_trim=10 from each end.
2025-05-22 01:31:57,102 - ServerFedFope_DefaultID - INFO - Global model updated with aggregated Fourier delta.
2025-05-22 01:31:57,103 - ServerFedFope_DefaultID - INFO - Round [49/200]	 Avg Client Train Loss: 0.4224	 Avg Client Train Acc: 85.83	 Round Time: 82.01s
2025-05-22 01:33:18,814 - ServerFedFope_DefaultID - INFO - Applying trimmed mean aggregation: trim_percentage=0.1, k_trim=10 from each end.
2025-05-22 01:33:18,815 - ServerFedFope_DefaultID - INFO - Global model updated with aggregated Fourier delta.
2025-05-22 01:33:18,815 - ServerFedFope_DefaultID - INFO - Round [50/200]	 Avg Client Train Loss: 0.4092	 Avg Client Train Acc: 86.39	 Round Time: 81.71s
2025-05-22 01:34:40,986 - ServerFedFope_DefaultID - INFO - Applying trimmed mean aggregation: trim_percentage=0.1, k_trim=10 from each end.
2025-05-22 01:34:40,987 - ServerFedFope_DefaultID - INFO - Global model updated with aggregated Fourier delta.
2025-05-22 01:34:40,987 - ServerFedFope_DefaultID - INFO - Round [51/200]	 Avg Client Train Loss: 0.4075	 Avg Client Train Acc: 86.41	 Round Time: 82.17s
2025-05-22 01:36:01,961 - ServerFedFope_DefaultID - INFO - Applying trimmed mean aggregation: trim_percentage=0.1, k_trim=10 from each end.
2025-05-22 01:36:01,962 - ServerFedFope_DefaultID - INFO - Global model updated with aggregated Fourier delta.
2025-05-22 01:36:01,962 - ServerFedFope_DefaultID - INFO - Round [52/200]	 Avg Client Train Loss: 0.3899	 Avg Client Train Acc: 87.10	 Round Time: 80.98s
2025-05-22 01:37:24,673 - ServerFedFope_DefaultID - INFO - Applying trimmed mean aggregation: trim_percentage=0.1, k_trim=10 from each end.
2025-05-22 01:37:24,674 - ServerFedFope_DefaultID - INFO - Global model updated with aggregated Fourier delta.
2025-05-22 01:37:24,674 - ServerFedFope_DefaultID - INFO - Round [53/200]	 Avg Client Train Loss: 0.3875	 Avg Client Train Acc: 87.18	 Round Time: 82.71s
2025-05-22 01:38:46,895 - ServerFedFope_DefaultID - INFO - Applying trimmed mean aggregation: trim_percentage=0.1, k_trim=10 from each end.
2025-05-22 01:38:46,896 - ServerFedFope_DefaultID - INFO - Global model updated with aggregated Fourier delta.
2025-05-22 01:38:46,896 - ServerFedFope_DefaultID - INFO - Round [54/200]	 Avg Client Train Loss: 0.3841	 Avg Client Train Acc: 87.36	 Round Time: 82.22s
2025-05-22 01:40:08,488 - ServerFedFope_DefaultID - INFO - Applying trimmed mean aggregation: trim_percentage=0.1, k_trim=10 from each end.
2025-05-22 01:40:08,489 - ServerFedFope_DefaultID - INFO - Global model updated with aggregated Fourier delta.
2025-05-22 01:40:08,490 - ServerFedFope_DefaultID - INFO - Round [55/200]	 Avg Client Train Loss: 0.3751	 Avg Client Train Acc: 87.65	 Round Time: 81.59s
2025-05-22 01:41:30,300 - ServerFedFope_DefaultID - INFO - Applying trimmed mean aggregation: trim_percentage=0.1, k_trim=10 from each end.
2025-05-22 01:41:30,301 - ServerFedFope_DefaultID - INFO - Global model updated with aggregated Fourier delta.
2025-05-22 01:41:30,301 - ServerFedFope_DefaultID - INFO - Round [56/200]	 Avg Client Train Loss: 0.3674	 Avg Client Train Acc: 87.85	 Round Time: 81.81s
2025-05-22 01:42:52,131 - ServerFedFope_DefaultID - INFO - Applying trimmed mean aggregation: trim_percentage=0.1, k_trim=10 from each end.
2025-05-22 01:42:52,132 - ServerFedFope_DefaultID - INFO - Global model updated with aggregated Fourier delta.
2025-05-22 01:42:52,132 - ServerFedFope_DefaultID - INFO - Round [57/200]	 Avg Client Train Loss: 0.3631	 Avg Client Train Acc: 88.10	 Round Time: 81.83s
2025-05-22 01:44:14,022 - ServerFedFope_DefaultID - INFO - Applying trimmed mean aggregation: trim_percentage=0.1, k_trim=10 from each end.
2025-05-22 01:44:14,023 - ServerFedFope_DefaultID - INFO - Global model updated with aggregated Fourier delta.
2025-05-22 01:44:14,023 - ServerFedFope_DefaultID - INFO - Round [58/200]	 Avg Client Train Loss: 0.3554	 Avg Client Train Acc: 88.39	 Round Time: 81.89s
2025-05-22 01:45:35,498 - ServerFedFope_DefaultID - INFO - Applying trimmed mean aggregation: trim_percentage=0.1, k_trim=10 from each end.
2025-05-22 01:45:35,499 - ServerFedFope_DefaultID - INFO - Global model updated with aggregated Fourier delta.
2025-05-22 01:45:35,499 - ServerFedFope_DefaultID - INFO - Round [59/200]	 Avg Client Train Loss: 0.3487	 Avg Client Train Acc: 88.59	 Round Time: 81.48s
2025-05-22 01:46:56,929 - ServerFedFope_DefaultID - INFO - Applying trimmed mean aggregation: trim_percentage=0.1, k_trim=10 from each end.
2025-05-22 01:46:56,930 - ServerFedFope_DefaultID - INFO - Global model updated with aggregated Fourier delta.
2025-05-22 01:46:56,931 - ServerFedFope_DefaultID - INFO - Evaluating global model on all clients...
2025-05-22 01:46:57,697 - ServerFedFope_DefaultID - INFO - Global model evaluation - Weighted Acc: 62.77%, Weighted Loss: 1.1379, Acc StdDev: 11.07
2025-05-22 01:46:57,700 - ServerFedFope_DefaultID - INFO - Evaluating personalized models on all clients...
2025-05-22 01:48:19,325 - ServerFedFope_DefaultID - INFO - Personalized model evaluation - Weighted Acc: 74.50%, Weighted Loss: 0.9823, Acc StdDev: 10.93
2025-05-22 01:48:19,326 - ServerFedFope_DefaultID - INFO - Round [60/200]	 Avg Client Train Loss: 0.3427	 Avg Client Train Acc: 88.75	 Round Time: 81.43s	 Global Test Loss: 1.1379	 Global Test Acc: 62.77 (std:11.07)	 Personalized Test Loss: 0.9823	 Personalized Test Acc: 74.50 (std:10.93)
2025-05-22 01:49:38,747 - ServerFedFope_DefaultID - INFO - Applying trimmed mean aggregation: trim_percentage=0.1, k_trim=10 from each end.
2025-05-22 01:49:38,748 - ServerFedFope_DefaultID - INFO - Global model updated with aggregated Fourier delta.
2025-05-22 01:49:38,748 - ServerFedFope_DefaultID - INFO - Round [61/200]	 Avg Client Train Loss: 0.3371	 Avg Client Train Acc: 89.09	 Round Time: 79.42s
2025-05-22 01:50:59,088 - ServerFedFope_DefaultID - INFO - Applying trimmed mean aggregation: trim_percentage=0.1, k_trim=10 from each end.
2025-05-22 01:50:59,089 - ServerFedFope_DefaultID - INFO - Global model updated with aggregated Fourier delta.
2025-05-22 01:50:59,089 - ServerFedFope_DefaultID - INFO - Round [62/200]	 Avg Client Train Loss: 0.3313	 Avg Client Train Acc: 89.19	 Round Time: 80.34s
2025-05-22 01:52:13,810 - ServerFedFope_DefaultID - INFO - Applying trimmed mean aggregation: trim_percentage=0.1, k_trim=10 from each end.
2025-05-22 01:52:13,811 - ServerFedFope_DefaultID - INFO - Global model updated with aggregated Fourier delta.
2025-05-22 01:52:13,812 - ServerFedFope_DefaultID - INFO - Round [63/200]	 Avg Client Train Loss: 0.3252	 Avg Client Train Acc: 89.44	 Round Time: 74.72s
2025-05-22 01:53:27,089 - ServerFedFope_DefaultID - INFO - Applying trimmed mean aggregation: trim_percentage=0.1, k_trim=10 from each end.
2025-05-22 01:53:27,090 - ServerFedFope_DefaultID - INFO - Global model updated with aggregated Fourier delta.
2025-05-22 01:53:27,090 - ServerFedFope_DefaultID - INFO - Round [64/200]	 Avg Client Train Loss: 0.3153	 Avg Client Train Acc: 89.84	 Round Time: 73.28s
2025-05-22 01:54:41,133 - ServerFedFope_DefaultID - INFO - Applying trimmed mean aggregation: trim_percentage=0.1, k_trim=10 from each end.
2025-05-22 01:54:41,134 - ServerFedFope_DefaultID - INFO - Global model updated with aggregated Fourier delta.
2025-05-22 01:54:41,134 - ServerFedFope_DefaultID - INFO - Round [65/200]	 Avg Client Train Loss: 0.3180	 Avg Client Train Acc: 89.72	 Round Time: 74.04s
2025-05-22 01:55:55,830 - ServerFedFope_DefaultID - INFO - Applying trimmed mean aggregation: trim_percentage=0.1, k_trim=10 from each end.
2025-05-22 01:55:55,831 - ServerFedFope_DefaultID - INFO - Global model updated with aggregated Fourier delta.
2025-05-22 01:55:55,832 - ServerFedFope_DefaultID - INFO - Round [66/200]	 Avg Client Train Loss: 0.3104	 Avg Client Train Acc: 90.00	 Round Time: 74.70s
2025-05-22 01:57:09,980 - ServerFedFope_DefaultID - INFO - Applying trimmed mean aggregation: trim_percentage=0.1, k_trim=10 from each end.
2025-05-22 01:57:09,981 - ServerFedFope_DefaultID - INFO - Global model updated with aggregated Fourier delta.
2025-05-22 01:57:09,982 - ServerFedFope_DefaultID - INFO - Round [67/200]	 Avg Client Train Loss: 0.3067	 Avg Client Train Acc: 90.11	 Round Time: 74.15s
2025-05-22 01:58:24,354 - ServerFedFope_DefaultID - INFO - Applying trimmed mean aggregation: trim_percentage=0.1, k_trim=10 from each end.
2025-05-22 01:58:24,355 - ServerFedFope_DefaultID - INFO - Global model updated with aggregated Fourier delta.
2025-05-22 01:58:24,355 - ServerFedFope_DefaultID - INFO - Round [68/200]	 Avg Client Train Loss: 0.3082	 Avg Client Train Acc: 90.04	 Round Time: 74.37s
2025-05-22 01:59:38,847 - ServerFedFope_DefaultID - INFO - Applying trimmed mean aggregation: trim_percentage=0.1, k_trim=10 from each end.
2025-05-22 01:59:38,848 - ServerFedFope_DefaultID - INFO - Global model updated with aggregated Fourier delta.
2025-05-22 01:59:38,849 - ServerFedFope_DefaultID - INFO - Round [69/200]	 Avg Client Train Loss: 0.2966	 Avg Client Train Acc: 90.52	 Round Time: 74.49s
2025-05-22 02:00:53,687 - ServerFedFope_DefaultID - INFO - Applying trimmed mean aggregation: trim_percentage=0.1, k_trim=10 from each end.
2025-05-22 02:00:53,688 - ServerFedFope_DefaultID - INFO - Global model updated with aggregated Fourier delta.
2025-05-22 02:00:53,688 - ServerFedFope_DefaultID - INFO - Round [70/200]	 Avg Client Train Loss: 0.2928	 Avg Client Train Acc: 90.57	 Round Time: 74.84s
2025-05-22 02:02:07,637 - ServerFedFope_DefaultID - INFO - Applying trimmed mean aggregation: trim_percentage=0.1, k_trim=10 from each end.
2025-05-22 02:02:07,638 - ServerFedFope_DefaultID - INFO - Global model updated with aggregated Fourier delta.
2025-05-22 02:02:07,638 - ServerFedFope_DefaultID - INFO - Round [71/200]	 Avg Client Train Loss: 0.2882	 Avg Client Train Acc: 90.78	 Round Time: 73.95s
2025-05-22 02:03:21,476 - ServerFedFope_DefaultID - INFO - Applying trimmed mean aggregation: trim_percentage=0.1, k_trim=10 from each end.
2025-05-22 02:03:21,478 - ServerFedFope_DefaultID - INFO - Global model updated with aggregated Fourier delta.
2025-05-22 02:03:21,478 - ServerFedFope_DefaultID - INFO - Round [72/200]	 Avg Client Train Loss: 0.2824	 Avg Client Train Acc: 90.96	 Round Time: 73.84s
2025-05-22 02:04:35,767 - ServerFedFope_DefaultID - INFO - Applying trimmed mean aggregation: trim_percentage=0.1, k_trim=10 from each end.
2025-05-22 02:04:35,768 - ServerFedFope_DefaultID - INFO - Global model updated with aggregated Fourier delta.
2025-05-22 02:04:35,768 - ServerFedFope_DefaultID - INFO - Round [73/200]	 Avg Client Train Loss: 0.2796	 Avg Client Train Acc: 91.06	 Round Time: 74.29s
2025-05-22 02:05:49,866 - ServerFedFope_DefaultID - INFO - Applying trimmed mean aggregation: trim_percentage=0.1, k_trim=10 from each end.
2025-05-22 02:05:49,867 - ServerFedFope_DefaultID - INFO - Global model updated with aggregated Fourier delta.
2025-05-22 02:05:49,867 - ServerFedFope_DefaultID - INFO - Round [74/200]	 Avg Client Train Loss: 0.2788	 Avg Client Train Acc: 91.10	 Round Time: 74.10s
2025-05-22 02:07:04,059 - ServerFedFope_DefaultID - INFO - Applying trimmed mean aggregation: trim_percentage=0.1, k_trim=10 from each end.
2025-05-22 02:07:04,060 - ServerFedFope_DefaultID - INFO - Global model updated with aggregated Fourier delta.
2025-05-22 02:07:04,060 - ServerFedFope_DefaultID - INFO - Round [75/200]	 Avg Client Train Loss: 0.2745	 Avg Client Train Acc: 91.23	 Round Time: 74.19s
2025-05-22 02:08:18,527 - ServerFedFope_DefaultID - INFO - Applying trimmed mean aggregation: trim_percentage=0.1, k_trim=10 from each end.
2025-05-22 02:08:18,528 - ServerFedFope_DefaultID - INFO - Global model updated with aggregated Fourier delta.
2025-05-22 02:08:18,528 - ServerFedFope_DefaultID - INFO - Round [76/200]	 Avg Client Train Loss: 0.2688	 Avg Client Train Acc: 91.46	 Round Time: 74.47s
2025-05-22 02:09:32,821 - ServerFedFope_DefaultID - INFO - Applying trimmed mean aggregation: trim_percentage=0.1, k_trim=10 from each end.
2025-05-22 02:09:32,822 - ServerFedFope_DefaultID - INFO - Global model updated with aggregated Fourier delta.
2025-05-22 02:09:32,822 - ServerFedFope_DefaultID - INFO - Round [77/200]	 Avg Client Train Loss: 0.2673	 Avg Client Train Acc: 91.48	 Round Time: 74.29s
2025-05-22 02:10:47,315 - ServerFedFope_DefaultID - INFO - Applying trimmed mean aggregation: trim_percentage=0.1, k_trim=10 from each end.
2025-05-22 02:10:47,316 - ServerFedFope_DefaultID - INFO - Global model updated with aggregated Fourier delta.
2025-05-22 02:10:47,316 - ServerFedFope_DefaultID - INFO - Round [78/200]	 Avg Client Train Loss: 0.2656	 Avg Client Train Acc: 91.58	 Round Time: 74.49s
2025-05-22 02:12:01,033 - ServerFedFope_DefaultID - INFO - Applying trimmed mean aggregation: trim_percentage=0.1, k_trim=10 from each end.
2025-05-22 02:12:01,035 - ServerFedFope_DefaultID - INFO - Global model updated with aggregated Fourier delta.
2025-05-22 02:12:01,035 - ServerFedFope_DefaultID - INFO - Round [79/200]	 Avg Client Train Loss: 0.2594	 Avg Client Train Acc: 91.69	 Round Time: 73.72s
2025-05-22 02:13:15,610 - ServerFedFope_DefaultID - INFO - Applying trimmed mean aggregation: trim_percentage=0.1, k_trim=10 from each end.
2025-05-22 02:13:15,611 - ServerFedFope_DefaultID - INFO - Global model updated with aggregated Fourier delta.
2025-05-22 02:13:15,611 - ServerFedFope_DefaultID - INFO - Evaluating global model on all clients...
2025-05-22 02:13:16,396 - ServerFedFope_DefaultID - INFO - Global model evaluation - Weighted Acc: 64.57%, Weighted Loss: 1.1148, Acc StdDev: 11.14
2025-05-22 02:13:16,399 - ServerFedFope_DefaultID - INFO - Evaluating personalized models on all clients...
2025-05-22 02:14:31,521 - ServerFedFope_DefaultID - INFO - Personalized model evaluation - Weighted Acc: 75.06%, Weighted Loss: 0.9893, Acc StdDev: 10.06
2025-05-22 02:14:31,522 - ServerFedFope_DefaultID - INFO - Round [80/200]	 Avg Client Train Loss: 0.2573	 Avg Client Train Acc: 91.74	 Round Time: 74.58s	 Global Test Loss: 1.1148	 Global Test Acc: 64.57 (std:11.14)	 Personalized Test Loss: 0.9893	 Personalized Test Acc: 75.06 (std:10.06)
2025-05-22 02:15:45,247 - ServerFedFope_DefaultID - INFO - Applying trimmed mean aggregation: trim_percentage=0.1, k_trim=10 from each end.
2025-05-22 02:15:45,249 - ServerFedFope_DefaultID - INFO - Global model updated with aggregated Fourier delta.
2025-05-22 02:15:45,249 - ServerFedFope_DefaultID - INFO - Round [81/200]	 Avg Client Train Loss: 0.2531	 Avg Client Train Acc: 91.95	 Round Time: 73.73s
2025-05-22 02:17:02,571 - ServerFedFope_DefaultID - INFO - Applying trimmed mean aggregation: trim_percentage=0.1, k_trim=10 from each end.
2025-05-22 02:17:02,572 - ServerFedFope_DefaultID - INFO - Global model updated with aggregated Fourier delta.
2025-05-22 02:17:02,572 - ServerFedFope_DefaultID - INFO - Round [82/200]	 Avg Client Train Loss: 0.2494	 Avg Client Train Acc: 92.08	 Round Time: 77.32s
2025-05-22 02:18:23,996 - ServerFedFope_DefaultID - INFO - Applying trimmed mean aggregation: trim_percentage=0.1, k_trim=10 from each end.
2025-05-22 02:18:23,997 - ServerFedFope_DefaultID - INFO - Global model updated with aggregated Fourier delta.
2025-05-22 02:18:23,997 - ServerFedFope_DefaultID - INFO - Round [83/200]	 Avg Client Train Loss: 0.2500	 Avg Client Train Acc: 92.03	 Round Time: 81.42s
2025-05-22 02:19:45,834 - ServerFedFope_DefaultID - INFO - Applying trimmed mean aggregation: trim_percentage=0.1, k_trim=10 from each end.
2025-05-22 02:19:45,835 - ServerFedFope_DefaultID - INFO - Global model updated with aggregated Fourier delta.
2025-05-22 02:19:45,835 - ServerFedFope_DefaultID - INFO - Round [84/200]	 Avg Client Train Loss: 0.2464	 Avg Client Train Acc: 92.17	 Round Time: 81.84s
2025-05-22 02:21:02,536 - ServerFedFope_DefaultID - INFO - Applying trimmed mean aggregation: trim_percentage=0.1, k_trim=10 from each end.
2025-05-22 02:21:02,537 - ServerFedFope_DefaultID - INFO - Global model updated with aggregated Fourier delta.
2025-05-22 02:21:02,537 - ServerFedFope_DefaultID - INFO - Round [85/200]	 Avg Client Train Loss: 0.2454	 Avg Client Train Acc: 92.18	 Round Time: 76.70s
2025-05-22 02:22:24,763 - ServerFedFope_DefaultID - INFO - Applying trimmed mean aggregation: trim_percentage=0.1, k_trim=10 from each end.
2025-05-22 02:22:24,764 - ServerFedFope_DefaultID - INFO - Global model updated with aggregated Fourier delta.
2025-05-22 02:22:24,764 - ServerFedFope_DefaultID - INFO - Round [86/200]	 Avg Client Train Loss: 0.2371	 Avg Client Train Acc: 92.47	 Round Time: 82.23s
2025-05-22 02:23:47,073 - ServerFedFope_DefaultID - INFO - Applying trimmed mean aggregation: trim_percentage=0.1, k_trim=10 from each end.
2025-05-22 02:23:47,074 - ServerFedFope_DefaultID - INFO - Global model updated with aggregated Fourier delta.
2025-05-22 02:23:47,075 - ServerFedFope_DefaultID - INFO - Round [87/200]	 Avg Client Train Loss: 0.2397	 Avg Client Train Acc: 92.39	 Round Time: 82.31s
2025-05-22 02:25:09,761 - ServerFedFope_DefaultID - INFO - Applying trimmed mean aggregation: trim_percentage=0.1, k_trim=10 from each end.
2025-05-22 02:25:09,762 - ServerFedFope_DefaultID - INFO - Global model updated with aggregated Fourier delta.
2025-05-22 02:25:09,762 - ServerFedFope_DefaultID - INFO - Round [88/200]	 Avg Client Train Loss: 0.2417	 Avg Client Train Acc: 92.29	 Round Time: 82.69s
2025-05-22 02:26:30,868 - ServerFedFope_DefaultID - INFO - Applying trimmed mean aggregation: trim_percentage=0.1, k_trim=10 from each end.
2025-05-22 02:26:30,869 - ServerFedFope_DefaultID - INFO - Global model updated with aggregated Fourier delta.
2025-05-22 02:26:30,869 - ServerFedFope_DefaultID - INFO - Round [89/200]	 Avg Client Train Loss: 0.2308	 Avg Client Train Acc: 92.68	 Round Time: 81.11s
2025-05-22 02:27:52,507 - ServerFedFope_DefaultID - INFO - Applying trimmed mean aggregation: trim_percentage=0.1, k_trim=10 from each end.
2025-05-22 02:27:52,507 - ServerFedFope_DefaultID - INFO - Global model updated with aggregated Fourier delta.
2025-05-22 02:27:52,508 - ServerFedFope_DefaultID - INFO - Round [90/200]	 Avg Client Train Loss: 0.2280	 Avg Client Train Acc: 92.80	 Round Time: 81.64s
2025-05-22 02:29:13,299 - ServerFedFope_DefaultID - INFO - Applying trimmed mean aggregation: trim_percentage=0.1, k_trim=10 from each end.
2025-05-22 02:29:13,300 - ServerFedFope_DefaultID - INFO - Global model updated with aggregated Fourier delta.
2025-05-22 02:29:13,301 - ServerFedFope_DefaultID - INFO - Round [91/200]	 Avg Client Train Loss: 0.2286	 Avg Client Train Acc: 92.75	 Round Time: 80.79s
2025-05-22 02:30:34,608 - ServerFedFope_DefaultID - INFO - Applying trimmed mean aggregation: trim_percentage=0.1, k_trim=10 from each end.
2025-05-22 02:30:34,609 - ServerFedFope_DefaultID - INFO - Global model updated with aggregated Fourier delta.
2025-05-22 02:30:34,609 - ServerFedFope_DefaultID - INFO - Round [92/200]	 Avg Client Train Loss: 0.2287	 Avg Client Train Acc: 92.80	 Round Time: 81.31s
2025-05-22 02:31:56,175 - ServerFedFope_DefaultID - INFO - Applying trimmed mean aggregation: trim_percentage=0.1, k_trim=10 from each end.
2025-05-22 02:31:56,176 - ServerFedFope_DefaultID - INFO - Global model updated with aggregated Fourier delta.
2025-05-22 02:31:56,177 - ServerFedFope_DefaultID - INFO - Round [93/200]	 Avg Client Train Loss: 0.2263	 Avg Client Train Acc: 92.80	 Round Time: 81.57s
2025-05-22 02:33:18,211 - ServerFedFope_DefaultID - INFO - Applying trimmed mean aggregation: trim_percentage=0.1, k_trim=10 from each end.
2025-05-22 02:33:18,212 - ServerFedFope_DefaultID - INFO - Global model updated with aggregated Fourier delta.
2025-05-22 02:33:18,212 - ServerFedFope_DefaultID - INFO - Round [94/200]	 Avg Client Train Loss: 0.2200	 Avg Client Train Acc: 93.05	 Round Time: 82.04s
2025-05-22 02:34:39,549 - ServerFedFope_DefaultID - INFO - Applying trimmed mean aggregation: trim_percentage=0.1, k_trim=10 from each end.
2025-05-22 02:34:39,550 - ServerFedFope_DefaultID - INFO - Global model updated with aggregated Fourier delta.
2025-05-22 02:34:39,550 - ServerFedFope_DefaultID - INFO - Round [95/200]	 Avg Client Train Loss: 0.2188	 Avg Client Train Acc: 93.05	 Round Time: 81.34s
2025-05-22 02:36:01,519 - ServerFedFope_DefaultID - INFO - Applying trimmed mean aggregation: trim_percentage=0.1, k_trim=10 from each end.
2025-05-22 02:36:01,520 - ServerFedFope_DefaultID - INFO - Global model updated with aggregated Fourier delta.
2025-05-22 02:36:01,520 - ServerFedFope_DefaultID - INFO - Round [96/200]	 Avg Client Train Loss: 0.2183	 Avg Client Train Acc: 93.07	 Round Time: 81.97s
2025-05-22 02:37:24,066 - ServerFedFope_DefaultID - INFO - Applying trimmed mean aggregation: trim_percentage=0.1, k_trim=10 from each end.
2025-05-22 02:37:24,067 - ServerFedFope_DefaultID - INFO - Global model updated with aggregated Fourier delta.
2025-05-22 02:37:24,067 - ServerFedFope_DefaultID - INFO - Round [97/200]	 Avg Client Train Loss: 0.2170	 Avg Client Train Acc: 93.11	 Round Time: 82.55s
2025-05-22 02:38:45,829 - ServerFedFope_DefaultID - INFO - Applying trimmed mean aggregation: trim_percentage=0.1, k_trim=10 from each end.
2025-05-22 02:38:45,830 - ServerFedFope_DefaultID - INFO - Global model updated with aggregated Fourier delta.
2025-05-22 02:38:45,830 - ServerFedFope_DefaultID - INFO - Round [98/200]	 Avg Client Train Loss: 0.2146	 Avg Client Train Acc: 93.18	 Round Time: 81.76s
2025-05-22 02:40:07,829 - ServerFedFope_DefaultID - INFO - Applying trimmed mean aggregation: trim_percentage=0.1, k_trim=10 from each end.
2025-05-22 02:40:07,830 - ServerFedFope_DefaultID - INFO - Global model updated with aggregated Fourier delta.
2025-05-22 02:40:07,830 - ServerFedFope_DefaultID - INFO - Round [99/200]	 Avg Client Train Loss: 0.2098	 Avg Client Train Acc: 93.39	 Round Time: 82.00s
2025-05-22 02:41:29,510 - ServerFedFope_DefaultID - INFO - Applying trimmed mean aggregation: trim_percentage=0.1, k_trim=10 from each end.
2025-05-22 02:41:29,511 - ServerFedFope_DefaultID - INFO - Global model updated with aggregated Fourier delta.
2025-05-22 02:41:29,511 - ServerFedFope_DefaultID - INFO - Evaluating global model on all clients...
2025-05-22 02:41:30,271 - ServerFedFope_DefaultID - INFO - Global model evaluation - Weighted Acc: 65.78%, Weighted Loss: 1.1041, Acc StdDev: 10.77
2025-05-22 02:41:30,274 - ServerFedFope_DefaultID - INFO - Evaluating personalized models on all clients...
2025-05-22 02:42:52,837 - ServerFedFope_DefaultID - INFO - Personalized model evaluation - Weighted Acc: 75.32%, Weighted Loss: 1.0021, Acc StdDev: 10.09
2025-05-22 02:42:52,837 - ServerFedFope_DefaultID - INFO - Round [100/200]	 Avg Client Train Loss: 0.2084	 Avg Client Train Acc: 93.36	 Round Time: 81.68s	 Global Test Loss: 1.1041	 Global Test Acc: 65.78 (std:10.77)	 Personalized Test Loss: 1.0021	 Personalized Test Acc: 75.32 (std:10.09)
2025-05-22 02:44:14,231 - ServerFedFope_DefaultID - INFO - Applying trimmed mean aggregation: trim_percentage=0.1, k_trim=10 from each end.
2025-05-22 02:44:14,232 - ServerFedFope_DefaultID - INFO - Global model updated with aggregated Fourier delta.
2025-05-22 02:44:14,233 - ServerFedFope_DefaultID - INFO - Round [101/200]	 Avg Client Train Loss: 0.2075	 Avg Client Train Acc: 93.38	 Round Time: 81.40s
2025-05-22 02:45:36,767 - ServerFedFope_DefaultID - INFO - Applying trimmed mean aggregation: trim_percentage=0.1, k_trim=10 from each end.
2025-05-22 02:45:36,768 - ServerFedFope_DefaultID - INFO - Global model updated with aggregated Fourier delta.
2025-05-22 02:45:36,768 - ServerFedFope_DefaultID - INFO - Round [102/200]	 Avg Client Train Loss: 0.2039	 Avg Client Train Acc: 93.56	 Round Time: 82.54s
2025-05-22 02:46:57,838 - ServerFedFope_DefaultID - INFO - Applying trimmed mean aggregation: trim_percentage=0.1, k_trim=10 from each end.
2025-05-22 02:46:57,839 - ServerFedFope_DefaultID - INFO - Global model updated with aggregated Fourier delta.
2025-05-22 02:46:57,839 - ServerFedFope_DefaultID - INFO - Round [103/200]	 Avg Client Train Loss: 0.2079	 Avg Client Train Acc: 93.39	 Round Time: 81.07s
2025-05-22 02:48:19,758 - ServerFedFope_DefaultID - INFO - Applying trimmed mean aggregation: trim_percentage=0.1, k_trim=10 from each end.
2025-05-22 02:48:19,759 - ServerFedFope_DefaultID - INFO - Global model updated with aggregated Fourier delta.
2025-05-22 02:48:19,759 - ServerFedFope_DefaultID - INFO - Round [104/200]	 Avg Client Train Loss: 0.2028	 Avg Client Train Acc: 93.55	 Round Time: 81.92s
2025-05-22 02:49:41,115 - ServerFedFope_DefaultID - INFO - Applying trimmed mean aggregation: trim_percentage=0.1, k_trim=10 from each end.
2025-05-22 02:49:41,116 - ServerFedFope_DefaultID - INFO - Global model updated with aggregated Fourier delta.
2025-05-22 02:49:41,117 - ServerFedFope_DefaultID - INFO - Round [105/200]	 Avg Client Train Loss: 0.2048	 Avg Client Train Acc: 93.54	 Round Time: 81.36s
2025-05-22 02:51:02,472 - ServerFedFope_DefaultID - INFO - Applying trimmed mean aggregation: trim_percentage=0.1, k_trim=10 from each end.
2025-05-22 02:51:02,473 - ServerFedFope_DefaultID - INFO - Global model updated with aggregated Fourier delta.
2025-05-22 02:51:02,473 - ServerFedFope_DefaultID - INFO - Round [106/200]	 Avg Client Train Loss: 0.1968	 Avg Client Train Acc: 93.81	 Round Time: 81.36s
2025-05-22 02:52:24,679 - ServerFedFope_DefaultID - INFO - Applying trimmed mean aggregation: trim_percentage=0.1, k_trim=10 from each end.
2025-05-22 02:52:24,680 - ServerFedFope_DefaultID - INFO - Global model updated with aggregated Fourier delta.
2025-05-22 02:52:24,680 - ServerFedFope_DefaultID - INFO - Round [107/200]	 Avg Client Train Loss: 0.1981	 Avg Client Train Acc: 93.76	 Round Time: 82.21s
2025-05-22 02:53:46,367 - ServerFedFope_DefaultID - INFO - Applying trimmed mean aggregation: trim_percentage=0.1, k_trim=10 from each end.
2025-05-22 02:53:46,368 - ServerFedFope_DefaultID - INFO - Global model updated with aggregated Fourier delta.
2025-05-22 02:53:46,368 - ServerFedFope_DefaultID - INFO - Round [108/200]	 Avg Client Train Loss: 0.1996	 Avg Client Train Acc: 93.68	 Round Time: 81.69s
2025-05-22 02:55:08,460 - ServerFedFope_DefaultID - INFO - Applying trimmed mean aggregation: trim_percentage=0.1, k_trim=10 from each end.
2025-05-22 02:55:08,461 - ServerFedFope_DefaultID - INFO - Global model updated with aggregated Fourier delta.
2025-05-22 02:55:08,461 - ServerFedFope_DefaultID - INFO - Round [109/200]	 Avg Client Train Loss: 0.1981	 Avg Client Train Acc: 93.72	 Round Time: 82.09s
2025-05-22 02:56:29,706 - ServerFedFope_DefaultID - INFO - Applying trimmed mean aggregation: trim_percentage=0.1, k_trim=10 from each end.
2025-05-22 02:56:29,707 - ServerFedFope_DefaultID - INFO - Global model updated with aggregated Fourier delta.
2025-05-22 02:56:29,707 - ServerFedFope_DefaultID - INFO - Round [110/200]	 Avg Client Train Loss: 0.1936	 Avg Client Train Acc: 93.88	 Round Time: 81.25s
2025-05-22 02:57:50,559 - ServerFedFope_DefaultID - INFO - Applying trimmed mean aggregation: trim_percentage=0.1, k_trim=10 from each end.
2025-05-22 02:57:50,560 - ServerFedFope_DefaultID - INFO - Global model updated with aggregated Fourier delta.
2025-05-22 02:57:50,560 - ServerFedFope_DefaultID - INFO - Round [111/200]	 Avg Client Train Loss: 0.1943	 Avg Client Train Acc: 93.83	 Round Time: 80.85s
2025-05-22 02:59:13,309 - ServerFedFope_DefaultID - INFO - Applying trimmed mean aggregation: trim_percentage=0.1, k_trim=10 from each end.
2025-05-22 02:59:13,310 - ServerFedFope_DefaultID - INFO - Global model updated with aggregated Fourier delta.
2025-05-22 02:59:13,310 - ServerFedFope_DefaultID - INFO - Round [112/200]	 Avg Client Train Loss: 0.1895	 Avg Client Train Acc: 93.97	 Round Time: 82.75s
2025-05-22 03:00:36,203 - ServerFedFope_DefaultID - INFO - Applying trimmed mean aggregation: trim_percentage=0.1, k_trim=10 from each end.
2025-05-22 03:00:36,204 - ServerFedFope_DefaultID - INFO - Global model updated with aggregated Fourier delta.
2025-05-22 03:00:36,205 - ServerFedFope_DefaultID - INFO - Round [113/200]	 Avg Client Train Loss: 0.1855	 Avg Client Train Acc: 94.13	 Round Time: 82.89s
2025-05-22 03:01:57,985 - ServerFedFope_DefaultID - INFO - Applying trimmed mean aggregation: trim_percentage=0.1, k_trim=10 from each end.
2025-05-22 03:01:57,986 - ServerFedFope_DefaultID - INFO - Global model updated with aggregated Fourier delta.
2025-05-22 03:01:57,986 - ServerFedFope_DefaultID - INFO - Round [114/200]	 Avg Client Train Loss: 0.1888	 Avg Client Train Acc: 94.04	 Round Time: 81.78s
2025-05-22 03:03:20,305 - ServerFedFope_DefaultID - INFO - Applying trimmed mean aggregation: trim_percentage=0.1, k_trim=10 from each end.
2025-05-22 03:03:20,306 - ServerFedFope_DefaultID - INFO - Global model updated with aggregated Fourier delta.
2025-05-22 03:03:20,306 - ServerFedFope_DefaultID - INFO - Round [115/200]	 Avg Client Train Loss: 0.1811	 Avg Client Train Acc: 94.28	 Round Time: 82.32s
2025-05-22 03:04:42,902 - ServerFedFope_DefaultID - INFO - Applying trimmed mean aggregation: trim_percentage=0.1, k_trim=10 from each end.
2025-05-22 03:04:42,903 - ServerFedFope_DefaultID - INFO - Global model updated with aggregated Fourier delta.
2025-05-22 03:04:42,904 - ServerFedFope_DefaultID - INFO - Round [116/200]	 Avg Client Train Loss: 0.1833	 Avg Client Train Acc: 94.18	 Round Time: 82.60s
2025-05-22 03:06:03,755 - ServerFedFope_DefaultID - INFO - Applying trimmed mean aggregation: trim_percentage=0.1, k_trim=10 from each end.
2025-05-22 03:06:03,756 - ServerFedFope_DefaultID - INFO - Global model updated with aggregated Fourier delta.
2025-05-22 03:06:03,756 - ServerFedFope_DefaultID - INFO - Round [117/200]	 Avg Client Train Loss: 0.1812	 Avg Client Train Acc: 94.29	 Round Time: 80.85s
2025-05-22 03:07:25,217 - ServerFedFope_DefaultID - INFO - Applying trimmed mean aggregation: trim_percentage=0.1, k_trim=10 from each end.
2025-05-22 03:07:25,218 - ServerFedFope_DefaultID - INFO - Global model updated with aggregated Fourier delta.
2025-05-22 03:07:25,218 - ServerFedFope_DefaultID - INFO - Round [118/200]	 Avg Client Train Loss: 0.1816	 Avg Client Train Acc: 94.26	 Round Time: 81.46s
2025-05-22 03:08:46,681 - ServerFedFope_DefaultID - INFO - Applying trimmed mean aggregation: trim_percentage=0.1, k_trim=10 from each end.
2025-05-22 03:08:46,682 - ServerFedFope_DefaultID - INFO - Global model updated with aggregated Fourier delta.
2025-05-22 03:08:46,682 - ServerFedFope_DefaultID - INFO - Round [119/200]	 Avg Client Train Loss: 0.1824	 Avg Client Train Acc: 94.22	 Round Time: 81.46s
2025-05-22 03:10:07,659 - ServerFedFope_DefaultID - INFO - Applying trimmed mean aggregation: trim_percentage=0.1, k_trim=10 from each end.
2025-05-22 03:10:07,660 - ServerFedFope_DefaultID - INFO - Global model updated with aggregated Fourier delta.
2025-05-22 03:10:07,661 - ServerFedFope_DefaultID - INFO - Evaluating global model on all clients...
2025-05-22 03:10:08,419 - ServerFedFope_DefaultID - INFO - Global model evaluation - Weighted Acc: 65.95%, Weighted Loss: 1.1122, Acc StdDev: 10.92
2025-05-22 03:10:08,422 - ServerFedFope_DefaultID - INFO - Evaluating personalized models on all clients...
2025-05-22 03:11:30,942 - ServerFedFope_DefaultID - INFO - Personalized model evaluation - Weighted Acc: 75.94%, Weighted Loss: 1.0052, Acc StdDev: 10.26
2025-05-22 03:11:30,942 - ServerFedFope_DefaultID - INFO - Round [120/200]	 Avg Client Train Loss: 0.1748	 Avg Client Train Acc: 94.46	 Round Time: 80.98s	 Global Test Loss: 1.1122	 Global Test Acc: 65.95 (std:10.92)	 Personalized Test Loss: 1.0052	 Personalized Test Acc: 75.94 (std:10.26)
2025-05-22 03:12:52,347 - ServerFedFope_DefaultID - INFO - Applying trimmed mean aggregation: trim_percentage=0.1, k_trim=10 from each end.
2025-05-22 03:12:52,348 - ServerFedFope_DefaultID - INFO - Global model updated with aggregated Fourier delta.
2025-05-22 03:12:52,348 - ServerFedFope_DefaultID - INFO - Round [121/200]	 Avg Client Train Loss: 0.1762	 Avg Client Train Acc: 94.43	 Round Time: 81.41s
2025-05-22 03:14:13,659 - ServerFedFope_DefaultID - INFO - Applying trimmed mean aggregation: trim_percentage=0.1, k_trim=10 from each end.
2025-05-22 03:14:13,660 - ServerFedFope_DefaultID - INFO - Global model updated with aggregated Fourier delta.
2025-05-22 03:14:13,660 - ServerFedFope_DefaultID - INFO - Round [122/200]	 Avg Client Train Loss: 0.1758	 Avg Client Train Acc: 94.42	 Round Time: 81.31s
2025-05-22 03:15:35,343 - ServerFedFope_DefaultID - INFO - Applying trimmed mean aggregation: trim_percentage=0.1, k_trim=10 from each end.
2025-05-22 03:15:35,344 - ServerFedFope_DefaultID - INFO - Global model updated with aggregated Fourier delta.
2025-05-22 03:15:35,344 - ServerFedFope_DefaultID - INFO - Round [123/200]	 Avg Client Train Loss: 0.1741	 Avg Client Train Acc: 94.54	 Round Time: 81.68s
2025-05-22 03:16:57,239 - ServerFedFope_DefaultID - INFO - Applying trimmed mean aggregation: trim_percentage=0.1, k_trim=10 from each end.
2025-05-22 03:16:57,240 - ServerFedFope_DefaultID - INFO - Global model updated with aggregated Fourier delta.
2025-05-22 03:16:57,241 - ServerFedFope_DefaultID - INFO - Round [124/200]	 Avg Client Train Loss: 0.1728	 Avg Client Train Acc: 94.52	 Round Time: 81.90s
2025-05-22 03:18:18,696 - ServerFedFope_DefaultID - INFO - Applying trimmed mean aggregation: trim_percentage=0.1, k_trim=10 from each end.
2025-05-22 03:18:18,697 - ServerFedFope_DefaultID - INFO - Global model updated with aggregated Fourier delta.
2025-05-22 03:18:18,697 - ServerFedFope_DefaultID - INFO - Round [125/200]	 Avg Client Train Loss: 0.1699	 Avg Client Train Acc: 94.62	 Round Time: 81.46s
2025-05-22 03:19:40,463 - ServerFedFope_DefaultID - INFO - Applying trimmed mean aggregation: trim_percentage=0.1, k_trim=10 from each end.
2025-05-22 03:19:40,464 - ServerFedFope_DefaultID - INFO - Global model updated with aggregated Fourier delta.
2025-05-22 03:19:40,464 - ServerFedFope_DefaultID - INFO - Round [126/200]	 Avg Client Train Loss: 0.1718	 Avg Client Train Acc: 94.54	 Round Time: 81.77s
2025-05-22 03:21:02,191 - ServerFedFope_DefaultID - INFO - Applying trimmed mean aggregation: trim_percentage=0.1, k_trim=10 from each end.
2025-05-22 03:21:02,192 - ServerFedFope_DefaultID - INFO - Global model updated with aggregated Fourier delta.
2025-05-22 03:21:02,193 - ServerFedFope_DefaultID - INFO - Round [127/200]	 Avg Client Train Loss: 0.1702	 Avg Client Train Acc: 94.61	 Round Time: 81.73s
2025-05-22 03:22:23,118 - ServerFedFope_DefaultID - INFO - Applying trimmed mean aggregation: trim_percentage=0.1, k_trim=10 from each end.
2025-05-22 03:22:23,119 - ServerFedFope_DefaultID - INFO - Global model updated with aggregated Fourier delta.
2025-05-22 03:22:23,120 - ServerFedFope_DefaultID - INFO - Round [128/200]	 Avg Client Train Loss: 0.1693	 Avg Client Train Acc: 94.59	 Round Time: 80.93s
2025-05-22 03:23:44,735 - ServerFedFope_DefaultID - INFO - Applying trimmed mean aggregation: trim_percentage=0.1, k_trim=10 from each end.
2025-05-22 03:23:44,736 - ServerFedFope_DefaultID - INFO - Global model updated with aggregated Fourier delta.
2025-05-22 03:23:44,736 - ServerFedFope_DefaultID - INFO - Round [129/200]	 Avg Client Train Loss: 0.1667	 Avg Client Train Acc: 94.74	 Round Time: 81.62s
2025-05-22 03:25:06,123 - ServerFedFope_DefaultID - INFO - Applying trimmed mean aggregation: trim_percentage=0.1, k_trim=10 from each end.
2025-05-22 03:25:06,124 - ServerFedFope_DefaultID - INFO - Global model updated with aggregated Fourier delta.
2025-05-22 03:25:06,124 - ServerFedFope_DefaultID - INFO - Round [130/200]	 Avg Client Train Loss: 0.1652	 Avg Client Train Acc: 94.76	 Round Time: 81.39s
2025-05-22 03:26:27,587 - ServerFedFope_DefaultID - INFO - Applying trimmed mean aggregation: trim_percentage=0.1, k_trim=10 from each end.
2025-05-22 03:26:27,588 - ServerFedFope_DefaultID - INFO - Global model updated with aggregated Fourier delta.
2025-05-22 03:26:27,588 - ServerFedFope_DefaultID - INFO - Round [131/200]	 Avg Client Train Loss: 0.1650	 Avg Client Train Acc: 94.76	 Round Time: 81.46s
2025-05-22 03:27:49,754 - ServerFedFope_DefaultID - INFO - Applying trimmed mean aggregation: trim_percentage=0.1, k_trim=10 from each end.
2025-05-22 03:27:49,755 - ServerFedFope_DefaultID - INFO - Global model updated with aggregated Fourier delta.
2025-05-22 03:27:49,755 - ServerFedFope_DefaultID - INFO - Round [132/200]	 Avg Client Train Loss: 0.1633	 Avg Client Train Acc: 94.84	 Round Time: 82.17s
2025-05-22 03:29:11,688 - ServerFedFope_DefaultID - INFO - Applying trimmed mean aggregation: trim_percentage=0.1, k_trim=10 from each end.
2025-05-22 03:29:11,689 - ServerFedFope_DefaultID - INFO - Global model updated with aggregated Fourier delta.
2025-05-22 03:29:11,689 - ServerFedFope_DefaultID - INFO - Round [133/200]	 Avg Client Train Loss: 0.1604	 Avg Client Train Acc: 94.88	 Round Time: 81.93s
2025-05-22 03:30:33,847 - ServerFedFope_DefaultID - INFO - Applying trimmed mean aggregation: trim_percentage=0.1, k_trim=10 from each end.
2025-05-22 03:30:33,848 - ServerFedFope_DefaultID - INFO - Global model updated with aggregated Fourier delta.
2025-05-22 03:30:33,848 - ServerFedFope_DefaultID - INFO - Round [134/200]	 Avg Client Train Loss: 0.1640	 Avg Client Train Acc: 94.81	 Round Time: 82.16s
2025-05-22 03:31:56,417 - ServerFedFope_DefaultID - INFO - Applying trimmed mean aggregation: trim_percentage=0.1, k_trim=10 from each end.
2025-05-22 03:31:56,418 - ServerFedFope_DefaultID - INFO - Global model updated with aggregated Fourier delta.
2025-05-22 03:31:56,419 - ServerFedFope_DefaultID - INFO - Round [135/200]	 Avg Client Train Loss: 0.1584	 Avg Client Train Acc: 94.97	 Round Time: 82.57s
2025-05-22 03:33:18,327 - ServerFedFope_DefaultID - INFO - Applying trimmed mean aggregation: trim_percentage=0.1, k_trim=10 from each end.
2025-05-22 03:33:18,328 - ServerFedFope_DefaultID - INFO - Global model updated with aggregated Fourier delta.
2025-05-22 03:33:18,329 - ServerFedFope_DefaultID - INFO - Round [136/200]	 Avg Client Train Loss: 0.1614	 Avg Client Train Acc: 94.89	 Round Time: 81.91s
2025-05-22 03:34:40,093 - ServerFedFope_DefaultID - INFO - Applying trimmed mean aggregation: trim_percentage=0.1, k_trim=10 from each end.
2025-05-22 03:34:40,094 - ServerFedFope_DefaultID - INFO - Global model updated with aggregated Fourier delta.
2025-05-22 03:34:40,095 - ServerFedFope_DefaultID - INFO - Round [137/200]	 Avg Client Train Loss: 0.1601	 Avg Client Train Acc: 94.92	 Round Time: 81.77s
2025-05-22 03:36:01,841 - ServerFedFope_DefaultID - INFO - Applying trimmed mean aggregation: trim_percentage=0.1, k_trim=10 from each end.
2025-05-22 03:36:01,842 - ServerFedFope_DefaultID - INFO - Global model updated with aggregated Fourier delta.
2025-05-22 03:36:01,842 - ServerFedFope_DefaultID - INFO - Round [138/200]	 Avg Client Train Loss: 0.1581	 Avg Client Train Acc: 94.96	 Round Time: 81.75s
2025-05-22 03:37:23,883 - ServerFedFope_DefaultID - INFO - Applying trimmed mean aggregation: trim_percentage=0.1, k_trim=10 from each end.
2025-05-22 03:37:23,884 - ServerFedFope_DefaultID - INFO - Global model updated with aggregated Fourier delta.
2025-05-22 03:37:23,884 - ServerFedFope_DefaultID - INFO - Round [139/200]	 Avg Client Train Loss: 0.1577	 Avg Client Train Acc: 94.95	 Round Time: 82.04s
2025-05-22 03:38:44,478 - ServerFedFope_DefaultID - INFO - Applying trimmed mean aggregation: trim_percentage=0.1, k_trim=10 from each end.
2025-05-22 03:38:44,479 - ServerFedFope_DefaultID - INFO - Global model updated with aggregated Fourier delta.
2025-05-22 03:38:44,479 - ServerFedFope_DefaultID - INFO - Evaluating global model on all clients...
2025-05-22 03:38:45,247 - ServerFedFope_DefaultID - INFO - Global model evaluation - Weighted Acc: 66.27%, Weighted Loss: 1.1139, Acc StdDev: 10.58
2025-05-22 03:38:45,250 - ServerFedFope_DefaultID - INFO - Evaluating personalized models on all clients...
2025-05-22 03:40:06,835 - ServerFedFope_DefaultID - INFO - Personalized model evaluation - Weighted Acc: 76.93%, Weighted Loss: 0.9889, Acc StdDev: 9.92
2025-05-22 03:40:06,835 - ServerFedFope_DefaultID - INFO - Round [140/200]	 Avg Client Train Loss: 0.1557	 Avg Client Train Acc: 95.05	 Round Time: 80.59s	 Global Test Loss: 1.1139	 Global Test Acc: 66.27 (std:10.58)	 Personalized Test Loss: 0.9889	 Personalized Test Acc: 76.93 (std:9.92)
2025-05-22 03:41:28,848 - ServerFedFope_DefaultID - INFO - Applying trimmed mean aggregation: trim_percentage=0.1, k_trim=10 from each end.
2025-05-22 03:41:28,849 - ServerFedFope_DefaultID - INFO - Global model updated with aggregated Fourier delta.
2025-05-22 03:41:28,850 - ServerFedFope_DefaultID - INFO - Round [141/200]	 Avg Client Train Loss: 0.1546	 Avg Client Train Acc: 95.09	 Round Time: 82.01s
2025-05-22 03:42:50,005 - ServerFedFope_DefaultID - INFO - Applying trimmed mean aggregation: trim_percentage=0.1, k_trim=10 from each end.
2025-05-22 03:42:50,006 - ServerFedFope_DefaultID - INFO - Global model updated with aggregated Fourier delta.
2025-05-22 03:42:50,006 - ServerFedFope_DefaultID - INFO - Round [142/200]	 Avg Client Train Loss: 0.1557	 Avg Client Train Acc: 95.06	 Round Time: 81.16s
2025-05-22 03:44:12,073 - ServerFedFope_DefaultID - INFO - Applying trimmed mean aggregation: trim_percentage=0.1, k_trim=10 from each end.
2025-05-22 03:44:12,074 - ServerFedFope_DefaultID - INFO - Global model updated with aggregated Fourier delta.
2025-05-22 03:44:12,074 - ServerFedFope_DefaultID - INFO - Round [143/200]	 Avg Client Train Loss: 0.1514	 Avg Client Train Acc: 95.15	 Round Time: 82.07s
2025-05-22 03:45:32,944 - ServerFedFope_DefaultID - INFO - Applying trimmed mean aggregation: trim_percentage=0.1, k_trim=10 from each end.
2025-05-22 03:45:32,945 - ServerFedFope_DefaultID - INFO - Global model updated with aggregated Fourier delta.
2025-05-22 03:45:32,945 - ServerFedFope_DefaultID - INFO - Round [144/200]	 Avg Client Train Loss: 0.1503	 Avg Client Train Acc: 95.20	 Round Time: 80.87s
2025-05-22 03:46:55,866 - ServerFedFope_DefaultID - INFO - Applying trimmed mean aggregation: trim_percentage=0.1, k_trim=10 from each end.
2025-05-22 03:46:55,867 - ServerFedFope_DefaultID - INFO - Global model updated with aggregated Fourier delta.
2025-05-22 03:46:55,867 - ServerFedFope_DefaultID - INFO - Round [145/200]	 Avg Client Train Loss: 0.1525	 Avg Client Train Acc: 95.12	 Round Time: 82.92s
2025-05-22 03:48:16,854 - ServerFedFope_DefaultID - INFO - Applying trimmed mean aggregation: trim_percentage=0.1, k_trim=10 from each end.
2025-05-22 03:48:16,855 - ServerFedFope_DefaultID - INFO - Global model updated with aggregated Fourier delta.
2025-05-22 03:48:16,855 - ServerFedFope_DefaultID - INFO - Round [146/200]	 Avg Client Train Loss: 0.1533	 Avg Client Train Acc: 95.07	 Round Time: 80.99s
2025-05-22 03:49:38,697 - ServerFedFope_DefaultID - INFO - Applying trimmed mean aggregation: trim_percentage=0.1, k_trim=10 from each end.
2025-05-22 03:49:38,698 - ServerFedFope_DefaultID - INFO - Global model updated with aggregated Fourier delta.
2025-05-22 03:49:38,698 - ServerFedFope_DefaultID - INFO - Round [147/200]	 Avg Client Train Loss: 0.1484	 Avg Client Train Acc: 95.28	 Round Time: 81.84s
2025-05-22 03:50:59,751 - ServerFedFope_DefaultID - INFO - Applying trimmed mean aggregation: trim_percentage=0.1, k_trim=10 from each end.
2025-05-22 03:50:59,752 - ServerFedFope_DefaultID - INFO - Global model updated with aggregated Fourier delta.
2025-05-22 03:50:59,752 - ServerFedFope_DefaultID - INFO - Round [148/200]	 Avg Client Train Loss: 0.1486	 Avg Client Train Acc: 95.30	 Round Time: 81.05s
2025-05-22 03:52:21,216 - ServerFedFope_DefaultID - INFO - Applying trimmed mean aggregation: trim_percentage=0.1, k_trim=10 from each end.
2025-05-22 03:52:21,217 - ServerFedFope_DefaultID - INFO - Global model updated with aggregated Fourier delta.
2025-05-22 03:52:21,217 - ServerFedFope_DefaultID - INFO - Round [149/200]	 Avg Client Train Loss: 0.1476	 Avg Client Train Acc: 95.33	 Round Time: 81.46s
2025-05-22 03:53:43,854 - ServerFedFope_DefaultID - INFO - Applying trimmed mean aggregation: trim_percentage=0.1, k_trim=10 from each end.
2025-05-22 03:53:43,855 - ServerFedFope_DefaultID - INFO - Global model updated with aggregated Fourier delta.
2025-05-22 03:53:43,855 - ServerFedFope_DefaultID - INFO - Round [150/200]	 Avg Client Train Loss: 0.1484	 Avg Client Train Acc: 95.31	 Round Time: 82.64s
2025-05-22 03:55:06,787 - ServerFedFope_DefaultID - INFO - Applying trimmed mean aggregation: trim_percentage=0.1, k_trim=10 from each end.
2025-05-22 03:55:06,788 - ServerFedFope_DefaultID - INFO - Global model updated with aggregated Fourier delta.
2025-05-22 03:55:06,788 - ServerFedFope_DefaultID - INFO - Round [151/200]	 Avg Client Train Loss: 0.1476	 Avg Client Train Acc: 95.30	 Round Time: 82.93s
2025-05-22 03:56:28,306 - ServerFedFope_DefaultID - INFO - Applying trimmed mean aggregation: trim_percentage=0.1, k_trim=10 from each end.
2025-05-22 03:56:28,307 - ServerFedFope_DefaultID - INFO - Global model updated with aggregated Fourier delta.
2025-05-22 03:56:28,307 - ServerFedFope_DefaultID - INFO - Round [152/200]	 Avg Client Train Loss: 0.1428	 Avg Client Train Acc: 95.48	 Round Time: 81.52s
2025-05-22 03:57:50,753 - ServerFedFope_DefaultID - INFO - Applying trimmed mean aggregation: trim_percentage=0.1, k_trim=10 from each end.
2025-05-22 03:57:50,754 - ServerFedFope_DefaultID - INFO - Global model updated with aggregated Fourier delta.
2025-05-22 03:57:50,754 - ServerFedFope_DefaultID - INFO - Round [153/200]	 Avg Client Train Loss: 0.1447	 Avg Client Train Acc: 95.37	 Round Time: 82.45s
2025-05-22 03:59:13,500 - ServerFedFope_DefaultID - INFO - Applying trimmed mean aggregation: trim_percentage=0.1, k_trim=10 from each end.
2025-05-22 03:59:13,501 - ServerFedFope_DefaultID - INFO - Global model updated with aggregated Fourier delta.
2025-05-22 03:59:13,502 - ServerFedFope_DefaultID - INFO - Round [154/200]	 Avg Client Train Loss: 0.1444	 Avg Client Train Acc: 95.42	 Round Time: 82.75s
2025-05-22 04:00:35,819 - ServerFedFope_DefaultID - INFO - Applying trimmed mean aggregation: trim_percentage=0.1, k_trim=10 from each end.
2025-05-22 04:00:35,820 - ServerFedFope_DefaultID - INFO - Global model updated with aggregated Fourier delta.
2025-05-22 04:00:35,820 - ServerFedFope_DefaultID - INFO - Round [155/200]	 Avg Client Train Loss: 0.1429	 Avg Client Train Acc: 95.47	 Round Time: 82.32s
2025-05-22 04:01:57,695 - ServerFedFope_DefaultID - INFO - Applying trimmed mean aggregation: trim_percentage=0.1, k_trim=10 from each end.
2025-05-22 04:01:57,696 - ServerFedFope_DefaultID - INFO - Global model updated with aggregated Fourier delta.
2025-05-22 04:01:57,696 - ServerFedFope_DefaultID - INFO - Round [156/200]	 Avg Client Train Loss: 0.1397	 Avg Client Train Acc: 95.54	 Round Time: 81.88s
2025-05-22 04:03:19,803 - ServerFedFope_DefaultID - INFO - Applying trimmed mean aggregation: trim_percentage=0.1, k_trim=10 from each end.
2025-05-22 04:03:19,804 - ServerFedFope_DefaultID - INFO - Global model updated with aggregated Fourier delta.
2025-05-22 04:03:19,804 - ServerFedFope_DefaultID - INFO - Round [157/200]	 Avg Client Train Loss: 0.1426	 Avg Client Train Acc: 95.47	 Round Time: 82.11s
2025-05-22 04:04:41,817 - ServerFedFope_DefaultID - INFO - Applying trimmed mean aggregation: trim_percentage=0.1, k_trim=10 from each end.
2025-05-22 04:04:41,818 - ServerFedFope_DefaultID - INFO - Global model updated with aggregated Fourier delta.
2025-05-22 04:04:41,818 - ServerFedFope_DefaultID - INFO - Round [158/200]	 Avg Client Train Loss: 0.1388	 Avg Client Train Acc: 95.59	 Round Time: 82.01s
2025-05-22 04:06:03,271 - ServerFedFope_DefaultID - INFO - Applying trimmed mean aggregation: trim_percentage=0.1, k_trim=10 from each end.
2025-05-22 04:06:03,272 - ServerFedFope_DefaultID - INFO - Global model updated with aggregated Fourier delta.
2025-05-22 04:06:03,272 - ServerFedFope_DefaultID - INFO - Round [159/200]	 Avg Client Train Loss: 0.1386	 Avg Client Train Acc: 95.57	 Round Time: 81.45s
2025-05-22 04:07:25,424 - ServerFedFope_DefaultID - INFO - Applying trimmed mean aggregation: trim_percentage=0.1, k_trim=10 from each end.
2025-05-22 04:07:25,425 - ServerFedFope_DefaultID - INFO - Global model updated with aggregated Fourier delta.
2025-05-22 04:07:25,425 - ServerFedFope_DefaultID - INFO - Evaluating global model on all clients...
2025-05-22 04:07:26,187 - ServerFedFope_DefaultID - INFO - Global model evaluation - Weighted Acc: 66.63%, Weighted Loss: 1.1369, Acc StdDev: 10.27
2025-05-22 04:07:26,190 - ServerFedFope_DefaultID - INFO - Evaluating personalized models on all clients...
2025-05-22 04:08:48,945 - ServerFedFope_DefaultID - INFO - Personalized model evaluation - Weighted Acc: 77.02%, Weighted Loss: 1.0261, Acc StdDev: 10.76
2025-05-22 04:08:48,946 - ServerFedFope_DefaultID - INFO - Round [160/200]	 Avg Client Train Loss: 0.1383	 Avg Client Train Acc: 95.59	 Round Time: 82.15s	 Global Test Loss: 1.1369	 Global Test Acc: 66.63 (std:10.27)	 Personalized Test Loss: 1.0261	 Personalized Test Acc: 77.02 (std:10.76)
2025-05-22 04:10:11,408 - ServerFedFope_DefaultID - INFO - Applying trimmed mean aggregation: trim_percentage=0.1, k_trim=10 from each end.
2025-05-22 04:10:11,409 - ServerFedFope_DefaultID - INFO - Global model updated with aggregated Fourier delta.
2025-05-22 04:10:11,409 - ServerFedFope_DefaultID - INFO - Round [161/200]	 Avg Client Train Loss: 0.1402	 Avg Client Train Acc: 95.55	 Round Time: 82.46s
2025-05-22 04:11:33,300 - ServerFedFope_DefaultID - INFO - Applying trimmed mean aggregation: trim_percentage=0.1, k_trim=10 from each end.
2025-05-22 04:11:33,301 - ServerFedFope_DefaultID - INFO - Global model updated with aggregated Fourier delta.
2025-05-22 04:11:33,301 - ServerFedFope_DefaultID - INFO - Round [162/200]	 Avg Client Train Loss: 0.1370	 Avg Client Train Acc: 95.67	 Round Time: 81.89s
2025-05-22 04:12:55,608 - ServerFedFope_DefaultID - INFO - Applying trimmed mean aggregation: trim_percentage=0.1, k_trim=10 from each end.
2025-05-22 04:12:55,609 - ServerFedFope_DefaultID - INFO - Global model updated with aggregated Fourier delta.
2025-05-22 04:12:55,609 - ServerFedFope_DefaultID - INFO - Round [163/200]	 Avg Client Train Loss: 0.1357	 Avg Client Train Acc: 95.67	 Round Time: 82.31s
2025-05-22 04:14:17,060 - ServerFedFope_DefaultID - INFO - Applying trimmed mean aggregation: trim_percentage=0.1, k_trim=10 from each end.
2025-05-22 04:14:17,061 - ServerFedFope_DefaultID - INFO - Global model updated with aggregated Fourier delta.
2025-05-22 04:14:17,061 - ServerFedFope_DefaultID - INFO - Round [164/200]	 Avg Client Train Loss: 0.1379	 Avg Client Train Acc: 95.59	 Round Time: 81.45s
2025-05-22 04:15:38,554 - ServerFedFope_DefaultID - INFO - Applying trimmed mean aggregation: trim_percentage=0.1, k_trim=10 from each end.
2025-05-22 04:15:38,555 - ServerFedFope_DefaultID - INFO - Global model updated with aggregated Fourier delta.
2025-05-22 04:15:38,555 - ServerFedFope_DefaultID - INFO - Round [165/200]	 Avg Client Train Loss: 0.1355	 Avg Client Train Acc: 95.69	 Round Time: 81.49s
2025-05-22 04:17:00,287 - ServerFedFope_DefaultID - INFO - Applying trimmed mean aggregation: trim_percentage=0.1, k_trim=10 from each end.
2025-05-22 04:17:00,288 - ServerFedFope_DefaultID - INFO - Global model updated with aggregated Fourier delta.
2025-05-22 04:17:00,288 - ServerFedFope_DefaultID - INFO - Round [166/200]	 Avg Client Train Loss: 0.1379	 Avg Client Train Acc: 95.60	 Round Time: 81.73s
2025-05-22 04:18:22,076 - ServerFedFope_DefaultID - INFO - Applying trimmed mean aggregation: trim_percentage=0.1, k_trim=10 from each end.
2025-05-22 04:18:22,077 - ServerFedFope_DefaultID - INFO - Global model updated with aggregated Fourier delta.
2025-05-22 04:18:22,078 - ServerFedFope_DefaultID - INFO - Round [167/200]	 Avg Client Train Loss: 0.1355	 Avg Client Train Acc: 95.73	 Round Time: 81.79s
2025-05-22 04:19:43,410 - ServerFedFope_DefaultID - INFO - Applying trimmed mean aggregation: trim_percentage=0.1, k_trim=10 from each end.
2025-05-22 04:19:43,411 - ServerFedFope_DefaultID - INFO - Global model updated with aggregated Fourier delta.
2025-05-22 04:19:43,411 - ServerFedFope_DefaultID - INFO - Round [168/200]	 Avg Client Train Loss: 0.1341	 Avg Client Train Acc: 95.74	 Round Time: 81.33s
2025-05-22 04:21:05,174 - ServerFedFope_DefaultID - INFO - Applying trimmed mean aggregation: trim_percentage=0.1, k_trim=10 from each end.
2025-05-22 04:21:05,175 - ServerFedFope_DefaultID - INFO - Global model updated with aggregated Fourier delta.
2025-05-22 04:21:05,176 - ServerFedFope_DefaultID - INFO - Round [169/200]	 Avg Client Train Loss: 0.1336	 Avg Client Train Acc: 95.75	 Round Time: 81.76s
2025-05-22 04:22:27,789 - ServerFedFope_DefaultID - INFO - Applying trimmed mean aggregation: trim_percentage=0.1, k_trim=10 from each end.
2025-05-22 04:22:27,790 - ServerFedFope_DefaultID - INFO - Global model updated with aggregated Fourier delta.
2025-05-22 04:22:27,791 - ServerFedFope_DefaultID - INFO - Round [170/200]	 Avg Client Train Loss: 0.1299	 Avg Client Train Acc: 95.89	 Round Time: 82.62s
2025-05-22 04:23:49,540 - ServerFedFope_DefaultID - INFO - Applying trimmed mean aggregation: trim_percentage=0.1, k_trim=10 from each end.
2025-05-22 04:23:49,541 - ServerFedFope_DefaultID - INFO - Global model updated with aggregated Fourier delta.
2025-05-22 04:23:49,541 - ServerFedFope_DefaultID - INFO - Round [171/200]	 Avg Client Train Loss: 0.1294	 Avg Client Train Acc: 95.87	 Round Time: 81.75s
2025-05-22 04:25:11,610 - ServerFedFope_DefaultID - INFO - Applying trimmed mean aggregation: trim_percentage=0.1, k_trim=10 from each end.
2025-05-22 04:25:11,611 - ServerFedFope_DefaultID - INFO - Global model updated with aggregated Fourier delta.
2025-05-22 04:25:11,612 - ServerFedFope_DefaultID - INFO - Round [172/200]	 Avg Client Train Loss: 0.1311	 Avg Client Train Acc: 95.78	 Round Time: 82.07s
2025-05-22 04:26:33,809 - ServerFedFope_DefaultID - INFO - Applying trimmed mean aggregation: trim_percentage=0.1, k_trim=10 from each end.
2025-05-22 04:26:33,810 - ServerFedFope_DefaultID - INFO - Global model updated with aggregated Fourier delta.
2025-05-22 04:26:33,810 - ServerFedFope_DefaultID - INFO - Round [173/200]	 Avg Client Train Loss: 0.1330	 Avg Client Train Acc: 95.78	 Round Time: 82.20s
2025-05-22 04:27:56,366 - ServerFedFope_DefaultID - INFO - Applying trimmed mean aggregation: trim_percentage=0.1, k_trim=10 from each end.
2025-05-22 04:27:56,367 - ServerFedFope_DefaultID - INFO - Global model updated with aggregated Fourier delta.
2025-05-22 04:27:56,368 - ServerFedFope_DefaultID - INFO - Round [174/200]	 Avg Client Train Loss: 0.1287	 Avg Client Train Acc: 95.90	 Round Time: 82.56s
2025-05-22 04:29:18,028 - ServerFedFope_DefaultID - INFO - Applying trimmed mean aggregation: trim_percentage=0.1, k_trim=10 from each end.
2025-05-22 04:29:18,029 - ServerFedFope_DefaultID - INFO - Global model updated with aggregated Fourier delta.
2025-05-22 04:29:18,030 - ServerFedFope_DefaultID - INFO - Round [175/200]	 Avg Client Train Loss: 0.1282	 Avg Client Train Acc: 95.91	 Round Time: 81.66s
2025-05-22 04:30:41,430 - ServerFedFope_DefaultID - INFO - Applying trimmed mean aggregation: trim_percentage=0.1, k_trim=10 from each end.
2025-05-22 04:30:41,431 - ServerFedFope_DefaultID - INFO - Global model updated with aggregated Fourier delta.
2025-05-22 04:30:41,432 - ServerFedFope_DefaultID - INFO - Round [176/200]	 Avg Client Train Loss: 0.1280	 Avg Client Train Acc: 95.93	 Round Time: 83.40s
2025-05-22 04:32:03,231 - ServerFedFope_DefaultID - INFO - Applying trimmed mean aggregation: trim_percentage=0.1, k_trim=10 from each end.
2025-05-22 04:32:03,232 - ServerFedFope_DefaultID - INFO - Global model updated with aggregated Fourier delta.
2025-05-22 04:32:03,233 - ServerFedFope_DefaultID - INFO - Round [177/200]	 Avg Client Train Loss: 0.1288	 Avg Client Train Acc: 95.86	 Round Time: 81.80s
2025-05-22 04:33:24,826 - ServerFedFope_DefaultID - INFO - Applying trimmed mean aggregation: trim_percentage=0.1, k_trim=10 from each end.
2025-05-22 04:33:24,827 - ServerFedFope_DefaultID - INFO - Global model updated with aggregated Fourier delta.
2025-05-22 04:33:24,827 - ServerFedFope_DefaultID - INFO - Round [178/200]	 Avg Client Train Loss: 0.1275	 Avg Client Train Acc: 95.91	 Round Time: 81.59s
2025-05-22 04:34:46,770 - ServerFedFope_DefaultID - INFO - Applying trimmed mean aggregation: trim_percentage=0.1, k_trim=10 from each end.
2025-05-22 04:34:46,771 - ServerFedFope_DefaultID - INFO - Global model updated with aggregated Fourier delta.
2025-05-22 04:34:46,772 - ServerFedFope_DefaultID - INFO - Round [179/200]	 Avg Client Train Loss: 0.1237	 Avg Client Train Acc: 96.07	 Round Time: 81.94s
2025-05-22 04:36:09,080 - ServerFedFope_DefaultID - INFO - Applying trimmed mean aggregation: trim_percentage=0.1, k_trim=10 from each end.
2025-05-22 04:36:09,081 - ServerFedFope_DefaultID - INFO - Global model updated with aggregated Fourier delta.
2025-05-22 04:36:09,082 - ServerFedFope_DefaultID - INFO - Evaluating global model on all clients...
2025-05-22 04:36:09,848 - ServerFedFope_DefaultID - INFO - Global model evaluation - Weighted Acc: 67.13%, Weighted Loss: 1.1507, Acc StdDev: 9.88
2025-05-22 04:36:09,851 - ServerFedFope_DefaultID - INFO - Evaluating personalized models on all clients...
2025-05-22 04:37:32,185 - ServerFedFope_DefaultID - INFO - Personalized model evaluation - Weighted Acc: 77.29%, Weighted Loss: 1.0075, Acc StdDev: 10.13
2025-05-22 04:37:32,185 - ServerFedFope_DefaultID - INFO - Round [180/200]	 Avg Client Train Loss: 0.1242	 Avg Client Train Acc: 96.05	 Round Time: 82.31s	 Global Test Loss: 1.1507	 Global Test Acc: 67.13 (std:9.88)	 Personalized Test Loss: 1.0075	 Personalized Test Acc: 77.29 (std:10.13)
2025-05-22 04:38:53,835 - ServerFedFope_DefaultID - INFO - Applying trimmed mean aggregation: trim_percentage=0.1, k_trim=10 from each end.
2025-05-22 04:38:53,836 - ServerFedFope_DefaultID - INFO - Global model updated with aggregated Fourier delta.
2025-05-22 04:38:53,836 - ServerFedFope_DefaultID - INFO - Round [181/200]	 Avg Client Train Loss: 0.1254	 Avg Client Train Acc: 96.01	 Round Time: 81.65s
2025-05-22 04:40:15,809 - ServerFedFope_DefaultID - INFO - Applying trimmed mean aggregation: trim_percentage=0.1, k_trim=10 from each end.
2025-05-22 04:40:15,810 - ServerFedFope_DefaultID - INFO - Global model updated with aggregated Fourier delta.
2025-05-22 04:40:15,810 - ServerFedFope_DefaultID - INFO - Round [182/200]	 Avg Client Train Loss: 0.1273	 Avg Client Train Acc: 95.90	 Round Time: 81.97s
2025-05-22 04:41:38,781 - ServerFedFope_DefaultID - INFO - Applying trimmed mean aggregation: trim_percentage=0.1, k_trim=10 from each end.
2025-05-22 04:41:38,782 - ServerFedFope_DefaultID - INFO - Global model updated with aggregated Fourier delta.
2025-05-22 04:41:38,782 - ServerFedFope_DefaultID - INFO - Round [183/200]	 Avg Client Train Loss: 0.1259	 Avg Client Train Acc: 96.00	 Round Time: 82.97s
2025-05-22 04:43:00,511 - ServerFedFope_DefaultID - INFO - Applying trimmed mean aggregation: trim_percentage=0.1, k_trim=10 from each end.
2025-05-22 04:43:00,512 - ServerFedFope_DefaultID - INFO - Global model updated with aggregated Fourier delta.
2025-05-22 04:43:00,512 - ServerFedFope_DefaultID - INFO - Round [184/200]	 Avg Client Train Loss: 0.1239	 Avg Client Train Acc: 96.06	 Round Time: 81.73s
2025-05-22 04:44:22,428 - ServerFedFope_DefaultID - INFO - Applying trimmed mean aggregation: trim_percentage=0.1, k_trim=10 from each end.
2025-05-22 04:44:22,429 - ServerFedFope_DefaultID - INFO - Global model updated with aggregated Fourier delta.
2025-05-22 04:44:22,429 - ServerFedFope_DefaultID - INFO - Round [185/200]	 Avg Client Train Loss: 0.1220	 Avg Client Train Acc: 96.10	 Round Time: 81.92s
2025-05-22 04:45:43,854 - ServerFedFope_DefaultID - INFO - Applying trimmed mean aggregation: trim_percentage=0.1, k_trim=10 from each end.
2025-05-22 04:45:43,855 - ServerFedFope_DefaultID - INFO - Global model updated with aggregated Fourier delta.
2025-05-22 04:45:43,856 - ServerFedFope_DefaultID - INFO - Round [186/200]	 Avg Client Train Loss: 0.1239	 Avg Client Train Acc: 96.01	 Round Time: 81.43s
2025-05-22 04:47:04,753 - ServerFedFope_DefaultID - INFO - Applying trimmed mean aggregation: trim_percentage=0.1, k_trim=10 from each end.
2025-05-22 04:47:04,754 - ServerFedFope_DefaultID - INFO - Global model updated with aggregated Fourier delta.
2025-05-22 04:47:04,754 - ServerFedFope_DefaultID - INFO - Round [187/200]	 Avg Client Train Loss: 0.1210	 Avg Client Train Acc: 96.15	 Round Time: 80.90s
2025-05-22 04:48:26,355 - ServerFedFope_DefaultID - INFO - Applying trimmed mean aggregation: trim_percentage=0.1, k_trim=10 from each end.
2025-05-22 04:48:26,356 - ServerFedFope_DefaultID - INFO - Global model updated with aggregated Fourier delta.
2025-05-22 04:48:26,357 - ServerFedFope_DefaultID - INFO - Round [188/200]	 Avg Client Train Loss: 0.1222	 Avg Client Train Acc: 96.10	 Round Time: 81.60s
2025-05-22 04:49:47,642 - ServerFedFope_DefaultID - INFO - Applying trimmed mean aggregation: trim_percentage=0.1, k_trim=10 from each end.
2025-05-22 04:49:47,643 - ServerFedFope_DefaultID - INFO - Global model updated with aggregated Fourier delta.
2025-05-22 04:49:47,643 - ServerFedFope_DefaultID - INFO - Round [189/200]	 Avg Client Train Loss: 0.1225	 Avg Client Train Acc: 96.10	 Round Time: 81.29s
2025-05-22 04:51:09,514 - ServerFedFope_DefaultID - INFO - Applying trimmed mean aggregation: trim_percentage=0.1, k_trim=10 from each end.
2025-05-22 04:51:09,515 - ServerFedFope_DefaultID - INFO - Global model updated with aggregated Fourier delta.
2025-05-22 04:51:09,515 - ServerFedFope_DefaultID - INFO - Round [190/200]	 Avg Client Train Loss: 0.1210	 Avg Client Train Acc: 96.08	 Round Time: 81.87s
2025-05-22 04:52:31,209 - ServerFedFope_DefaultID - INFO - Applying trimmed mean aggregation: trim_percentage=0.1, k_trim=10 from each end.
2025-05-22 04:52:31,210 - ServerFedFope_DefaultID - INFO - Global model updated with aggregated Fourier delta.
2025-05-22 04:52:31,210 - ServerFedFope_DefaultID - INFO - Round [191/200]	 Avg Client Train Loss: 0.1186	 Avg Client Train Acc: 96.23	 Round Time: 81.69s
2025-05-22 04:53:52,481 - ServerFedFope_DefaultID - INFO - Applying trimmed mean aggregation: trim_percentage=0.1, k_trim=10 from each end.
2025-05-22 04:53:52,482 - ServerFedFope_DefaultID - INFO - Global model updated with aggregated Fourier delta.
2025-05-22 04:53:52,483 - ServerFedFope_DefaultID - INFO - Round [192/200]	 Avg Client Train Loss: 0.1200	 Avg Client Train Acc: 96.15	 Round Time: 81.27s
2025-05-22 04:55:14,651 - ServerFedFope_DefaultID - INFO - Applying trimmed mean aggregation: trim_percentage=0.1, k_trim=10 from each end.
2025-05-22 04:55:14,652 - ServerFedFope_DefaultID - INFO - Global model updated with aggregated Fourier delta.
2025-05-22 04:55:14,652 - ServerFedFope_DefaultID - INFO - Round [193/200]	 Avg Client Train Loss: 0.1193	 Avg Client Train Acc: 96.22	 Round Time: 82.17s
2025-05-22 04:56:36,087 - ServerFedFope_DefaultID - INFO - Applying trimmed mean aggregation: trim_percentage=0.1, k_trim=10 from each end.
2025-05-22 04:56:36,088 - ServerFedFope_DefaultID - INFO - Global model updated with aggregated Fourier delta.
2025-05-22 04:56:36,088 - ServerFedFope_DefaultID - INFO - Round [194/200]	 Avg Client Train Loss: 0.1199	 Avg Client Train Acc: 96.17	 Round Time: 81.44s
2025-05-22 04:57:57,955 - ServerFedFope_DefaultID - INFO - Applying trimmed mean aggregation: trim_percentage=0.1, k_trim=10 from each end.
2025-05-22 04:57:57,957 - ServerFedFope_DefaultID - INFO - Global model updated with aggregated Fourier delta.
2025-05-22 04:57:57,957 - ServerFedFope_DefaultID - INFO - Round [195/200]	 Avg Client Train Loss: 0.1199	 Avg Client Train Acc: 96.14	 Round Time: 81.87s
2025-05-22 04:59:19,911 - ServerFedFope_DefaultID - INFO - Applying trimmed mean aggregation: trim_percentage=0.1, k_trim=10 from each end.
2025-05-22 04:59:19,912 - ServerFedFope_DefaultID - INFO - Global model updated with aggregated Fourier delta.
2025-05-22 04:59:19,912 - ServerFedFope_DefaultID - INFO - Round [196/200]	 Avg Client Train Loss: 0.1140	 Avg Client Train Acc: 96.39	 Round Time: 81.95s
2025-05-22 05:00:41,395 - ServerFedFope_DefaultID - INFO - Applying trimmed mean aggregation: trim_percentage=0.1, k_trim=10 from each end.
2025-05-22 05:00:41,396 - ServerFedFope_DefaultID - INFO - Global model updated with aggregated Fourier delta.
2025-05-22 05:00:41,396 - ServerFedFope_DefaultID - INFO - Round [197/200]	 Avg Client Train Loss: 0.1163	 Avg Client Train Acc: 96.29	 Round Time: 81.48s
2025-05-22 05:02:03,602 - ServerFedFope_DefaultID - INFO - Applying trimmed mean aggregation: trim_percentage=0.1, k_trim=10 from each end.
2025-05-22 05:02:03,603 - ServerFedFope_DefaultID - INFO - Global model updated with aggregated Fourier delta.
2025-05-22 05:02:03,604 - ServerFedFope_DefaultID - INFO - Round [198/200]	 Avg Client Train Loss: 0.1159	 Avg Client Train Acc: 96.29	 Round Time: 82.21s
2025-05-22 05:03:25,556 - ServerFedFope_DefaultID - INFO - Applying trimmed mean aggregation: trim_percentage=0.1, k_trim=10 from each end.
2025-05-22 05:03:25,557 - ServerFedFope_DefaultID - INFO - Global model updated with aggregated Fourier delta.
2025-05-22 05:03:25,558 - ServerFedFope_DefaultID - INFO - Round [199/200]	 Avg Client Train Loss: 0.1194	 Avg Client Train Acc: 96.17	 Round Time: 81.95s
2025-05-22 05:04:47,209 - ServerFedFope_DefaultID - INFO - Applying trimmed mean aggregation: trim_percentage=0.1, k_trim=10 from each end.
2025-05-22 05:04:47,210 - ServerFedFope_DefaultID - INFO - Global model updated with aggregated Fourier delta.
2025-05-22 05:04:47,210 - ServerFedFope_DefaultID - INFO - Evaluating global model on all clients...
2025-05-22 05:04:47,973 - ServerFedFope_DefaultID - INFO - Global model evaluation - Weighted Acc: 66.76%, Weighted Loss: 1.1676, Acc StdDev: 10.37
2025-05-22 05:04:47,975 - ServerFedFope_DefaultID - INFO - Evaluating personalized models on all clients...
2025-05-22 05:06:09,884 - ServerFedFope_DefaultID - INFO - Personalized model evaluation - Weighted Acc: 76.47%, Weighted Loss: 1.0361, Acc StdDev: 11.01
2025-05-22 05:06:09,884 - ServerFedFope_DefaultID - INFO - Round [200/200]	 Avg Client Train Loss: 0.1144	 Avg Client Train Acc: 96.32	 Round Time: 81.65s	 Global Test Loss: 1.1676	 Global Test Acc: 66.76 (std:10.37)	 Personalized Test Loss: 1.0361	 Personalized Test Acc: 76.47 (std:11.01)
2025-05-22 05:06:09,884 - ServerFedFope_DefaultID - INFO - FedFope training finished.
Training FedFope...
Method took (nan, nan) seconds per training iteration
Method took (16194.14) total seconds
