2025-07-08 03:17:04,091 - Server_DefaultID - INFO - Starting FedUG V2 Training Process
2025-07-08 03:17:04,092 - Server_DefaultID - INFO - --- Global Round 1/200 ---
2025-07-08 03:19:28,372 - Server_DefaultID - INFO - [Overhead Analysis] Avg. KL-Div computation time per batch: 0.2805 ms
2025-07-08 03:19:28,372 - Server_DefaultID - INFO - [Overhead Analysis] Communication overhead per client for alpha_report: 40 bytes
2025-07-08 03:19:28,403 - Server_DefaultID - INFO - Global Prior Alpha Stats: Min=1.25, Max=1.36, Mean=1.28
2025-07-08 03:19:28,407 - Server_DefaultID - INFO - --- Global Round 2/200 ---
2025-07-08 03:21:16,742 - Server_DefaultID - INFO - [Overhead Analysis] Avg. KL-Div computation time per batch: 0.2666 ms
2025-07-08 03:21:16,742 - Server_DefaultID - INFO - [Overhead Analysis] Communication overhead per client for alpha_report: 40 bytes
2025-07-08 03:21:16,768 - Server_DefaultID - INFO - Global Prior Alpha Stats: Min=1.25, Max=1.32, Mean=1.28
2025-07-08 03:21:16,771 - Server_DefaultID - INFO - --- Global Round 3/200 ---
2025-07-08 03:22:56,019 - Server_DefaultID - INFO - [Overhead Analysis] Avg. KL-Div computation time per batch: 0.2745 ms
2025-07-08 03:22:56,019 - Server_DefaultID - INFO - [Overhead Analysis] Communication overhead per client for alpha_report: 40 bytes
2025-07-08 03:22:56,038 - Server_DefaultID - INFO - Global Prior Alpha Stats: Min=1.22, Max=1.35, Mean=1.29
2025-07-08 03:22:56,041 - Server_DefaultID - INFO - --- Global Round 4/200 ---
2025-07-08 03:25:19,958 - Server_DefaultID - INFO - [Overhead Analysis] Avg. KL-Div computation time per batch: 0.2702 ms
2025-07-08 03:25:19,958 - Server_DefaultID - INFO - [Overhead Analysis] Communication overhead per client for alpha_report: 40 bytes
2025-07-08 03:25:19,986 - Server_DefaultID - INFO - Global Prior Alpha Stats: Min=1.26, Max=1.33, Mean=1.29
2025-07-08 03:25:19,990 - Server_DefaultID - INFO - --- Global Round 5/200 ---
2025-07-08 03:26:45,154 - Server_DefaultID - INFO - [Overhead Analysis] Avg. KL-Div computation time per batch: 0.2617 ms
2025-07-08 03:26:45,154 - Server_DefaultID - INFO - [Overhead Analysis] Communication overhead per client for alpha_report: 40 bytes
2025-07-08 03:26:45,176 - Server_DefaultID - INFO - Global Prior Alpha Stats: Min=1.24, Max=1.33, Mean=1.29
2025-07-08 03:26:45,179 - Server_DefaultID - INFO - --- Global Round 6/200 ---
2025-07-08 03:29:24,020 - Server_DefaultID - INFO - [Overhead Analysis] Avg. KL-Div computation time per batch: 0.2688 ms
2025-07-08 03:29:24,020 - Server_DefaultID - INFO - [Overhead Analysis] Communication overhead per client for alpha_report: 40 bytes
2025-07-08 03:29:24,053 - Server_DefaultID - INFO - Global Prior Alpha Stats: Min=1.27, Max=1.31, Mean=1.29
2025-07-08 03:29:24,058 - Server_DefaultID - INFO - --- Global Round 7/200 ---
2025-07-08 03:31:04,320 - Server_DefaultID - INFO - [Overhead Analysis] Avg. KL-Div computation time per batch: 0.2716 ms
2025-07-08 03:31:04,320 - Server_DefaultID - INFO - [Overhead Analysis] Communication overhead per client for alpha_report: 40 bytes
2025-07-08 03:31:04,345 - Server_DefaultID - INFO - Global Prior Alpha Stats: Min=1.25, Max=1.37, Mean=1.29
2025-07-08 03:31:04,349 - Server_DefaultID - INFO - --- Global Round 8/200 ---
2025-07-08 03:33:12,907 - Server_DefaultID - INFO - [Overhead Analysis] Avg. KL-Div computation time per batch: 0.2710 ms
2025-07-08 03:33:12,907 - Server_DefaultID - INFO - [Overhead Analysis] Communication overhead per client for alpha_report: 40 bytes
2025-07-08 03:33:12,934 - Server_DefaultID - INFO - Global Prior Alpha Stats: Min=1.24, Max=1.35, Mean=1.29
2025-07-08 03:33:12,938 - Server_DefaultID - INFO - --- Global Round 9/200 ---
2025-07-08 03:34:54,303 - Server_DefaultID - INFO - [Overhead Analysis] Avg. KL-Div computation time per batch: 0.2748 ms
2025-07-08 03:34:54,303 - Server_DefaultID - INFO - [Overhead Analysis] Communication overhead per client for alpha_report: 40 bytes
2025-07-08 03:34:54,324 - Server_DefaultID - INFO - Global Prior Alpha Stats: Min=1.22, Max=1.34, Mean=1.29
2025-07-08 03:34:54,327 - Server_DefaultID - INFO - --- Global Round 10/200 ---
2025-07-08 03:37:05,761 - Server_DefaultID - INFO - [Overhead Analysis] Avg. KL-Div computation time per batch: 0.2679 ms
2025-07-08 03:37:05,761 - Server_DefaultID - INFO - [Overhead Analysis] Communication overhead per client for alpha_report: 40 bytes
2025-07-08 03:37:05,785 - Server_DefaultID - INFO - Global Prior Alpha Stats: Min=1.23, Max=1.36, Mean=1.29
2025-07-08 03:37:05,788 - Server_DefaultID - INFO - --- Global Round 11/200 ---
2025-07-08 03:39:14,934 - Server_DefaultID - INFO - [Overhead Analysis] Avg. KL-Div computation time per batch: 0.2687 ms
2025-07-08 03:39:14,935 - Server_DefaultID - INFO - [Overhead Analysis] Communication overhead per client for alpha_report: 40 bytes
2025-07-08 03:39:14,964 - Server_DefaultID - INFO - Global Prior Alpha Stats: Min=1.24, Max=1.37, Mean=1.29
2025-07-08 03:39:14,968 - Server_DefaultID - INFO - --- Global Round 12/200 ---
2025-07-08 03:41:02,242 - Server_DefaultID - INFO - [Overhead Analysis] Avg. KL-Div computation time per batch: 0.2688 ms
2025-07-08 03:41:02,242 - Server_DefaultID - INFO - [Overhead Analysis] Communication overhead per client for alpha_report: 40 bytes
2025-07-08 03:41:02,264 - Server_DefaultID - INFO - Global Prior Alpha Stats: Min=1.25, Max=1.35, Mean=1.30
2025-07-08 03:41:02,268 - Server_DefaultID - INFO - --- Global Round 13/200 ---
2025-07-08 03:42:57,141 - Server_DefaultID - INFO - [Overhead Analysis] Avg. KL-Div computation time per batch: 0.2693 ms
2025-07-08 03:42:57,141 - Server_DefaultID - INFO - [Overhead Analysis] Communication overhead per client for alpha_report: 40 bytes
2025-07-08 03:42:57,166 - Server_DefaultID - INFO - Global Prior Alpha Stats: Min=1.22, Max=1.35, Mean=1.29
2025-07-08 03:42:57,169 - Server_DefaultID - INFO - --- Global Round 14/200 ---
2025-07-08 03:45:00,676 - Server_DefaultID - INFO - [Overhead Analysis] Avg. KL-Div computation time per batch: 0.2686 ms
2025-07-08 03:45:00,676 - Server_DefaultID - INFO - [Overhead Analysis] Communication overhead per client for alpha_report: 40 bytes
2025-07-08 03:45:00,704 - Server_DefaultID - INFO - Global Prior Alpha Stats: Min=1.26, Max=1.35, Mean=1.30
2025-07-08 03:45:00,707 - Server_DefaultID - INFO - --- Global Round 15/200 ---
2025-07-08 03:47:03,662 - Server_DefaultID - INFO - [Overhead Analysis] Avg. KL-Div computation time per batch: 0.2714 ms
2025-07-08 03:47:03,662 - Server_DefaultID - INFO - [Overhead Analysis] Communication overhead per client for alpha_report: 40 bytes
2025-07-08 03:47:03,687 - Server_DefaultID - INFO - Global Prior Alpha Stats: Min=1.25, Max=1.35, Mean=1.30
2025-07-08 03:47:03,691 - Server_DefaultID - INFO - --- Global Round 16/200 ---
2025-07-08 03:49:10,909 - Server_DefaultID - INFO - [Overhead Analysis] Avg. KL-Div computation time per batch: 0.2680 ms
2025-07-08 03:49:10,910 - Server_DefaultID - INFO - [Overhead Analysis] Communication overhead per client for alpha_report: 40 bytes
2025-07-08 03:49:10,940 - Server_DefaultID - INFO - Global Prior Alpha Stats: Min=1.24, Max=1.37, Mean=1.30
2025-07-08 03:49:10,943 - Server_DefaultID - INFO - --- Global Round 17/200 ---
2025-07-08 03:51:21,824 - Server_DefaultID - INFO - [Overhead Analysis] Avg. KL-Div computation time per batch: 0.2700 ms
2025-07-08 03:51:21,824 - Server_DefaultID - INFO - [Overhead Analysis] Communication overhead per client for alpha_report: 40 bytes
2025-07-08 03:51:21,849 - Server_DefaultID - INFO - Global Prior Alpha Stats: Min=1.22, Max=1.35, Mean=1.30
2025-07-08 03:51:21,852 - Server_DefaultID - INFO - --- Global Round 18/200 ---
2025-07-08 03:53:01,295 - Server_DefaultID - INFO - [Overhead Analysis] Avg. KL-Div computation time per batch: 0.2692 ms
2025-07-08 03:53:01,296 - Server_DefaultID - INFO - [Overhead Analysis] Communication overhead per client for alpha_report: 40 bytes
2025-07-08 03:53:01,318 - Server_DefaultID - INFO - Global Prior Alpha Stats: Min=1.25, Max=1.39, Mean=1.29
2025-07-08 03:53:01,321 - Server_DefaultID - INFO - --- Global Round 19/200 ---
2025-07-08 03:55:17,228 - Server_DefaultID - INFO - [Overhead Analysis] Avg. KL-Div computation time per batch: 0.2698 ms
2025-07-08 03:55:17,228 - Server_DefaultID - INFO - [Overhead Analysis] Communication overhead per client for alpha_report: 40 bytes
2025-07-08 03:55:17,256 - Server_DefaultID - INFO - Global Prior Alpha Stats: Min=1.26, Max=1.32, Mean=1.30
2025-07-08 03:55:17,260 - Server_DefaultID - INFO - --- Global Round 20/200 ---
2025-07-08 03:57:27,024 - Server_DefaultID - INFO - [Overhead Analysis] Avg. KL-Div computation time per batch: 0.2755 ms
2025-07-08 03:57:27,024 - Server_DefaultID - INFO - [Overhead Analysis] Communication overhead per client for alpha_report: 40 bytes
2025-07-08 03:57:27,053 - Server_DefaultID - INFO - Global Prior Alpha Stats: Min=1.24, Max=1.34, Mean=1.29
2025-07-08 03:57:27,057 - Server_DefaultID - INFO - --- Evaluating models at round 20 with Advanced Uncertainty Metrics ---
2025-07-08 03:58:49,054 - Server_DefaultID - INFO - [Metric 1] Personalized Accuracy | Mean: 66.64%, Std: 11.86, Min: 35.48, Max: 93.94
2025-07-08 03:58:49,054 - Server_DefaultID - INFO - [Metric 1] Personalized Brier Score | Mean: 0.0466, Std: 0.0126
2025-07-08 03:58:49,055 - Server_DefaultID - INFO - [Metric 1] Personalized ECE | Mean: 0.1839, Std: 0.0626
2025-07-08 03:58:49,055 - Server_DefaultID - INFO - [Metric 2] Epistemic Fidelity (Spearman Corr) | Mean: -0.0703, Std: 0.2385
2025-07-08 03:58:49,055 - Server_DefaultID - INFO - [Metric 3] Aleatoric Consistency (U) | Mean: 0.8850, Std: 0.2351
2025-07-08 03:58:49,055 - Server_DefaultID - INFO - New best personalized accuracy: 66.64%
2025-07-08 03:58:49,055 - Server_DefaultID - INFO - --- Global Round 21/200 ---
2025-07-08 04:01:20,610 - Server_DefaultID - INFO - [Overhead Analysis] Avg. KL-Div computation time per batch: 0.2750 ms
2025-07-08 04:01:20,610 - Server_DefaultID - INFO - [Overhead Analysis] Communication overhead per client for alpha_report: 40 bytes
2025-07-08 04:01:20,641 - Server_DefaultID - INFO - Global Prior Alpha Stats: Min=1.25, Max=1.33, Mean=1.29
2025-07-08 04:01:20,646 - Server_DefaultID - INFO - --- Global Round 22/200 ---
2025-07-08 04:03:44,204 - Server_DefaultID - INFO - [Overhead Analysis] Avg. KL-Div computation time per batch: 0.2740 ms
2025-07-08 04:03:44,205 - Server_DefaultID - INFO - [Overhead Analysis] Communication overhead per client for alpha_report: 40 bytes
2025-07-08 04:03:44,235 - Server_DefaultID - INFO - Global Prior Alpha Stats: Min=1.25, Max=1.34, Mean=1.29
2025-07-08 04:03:44,239 - Server_DefaultID - INFO - --- Global Round 23/200 ---
2025-07-08 04:05:23,113 - Server_DefaultID - INFO - [Overhead Analysis] Avg. KL-Div computation time per batch: 0.2703 ms
2025-07-08 04:05:23,113 - Server_DefaultID - INFO - [Overhead Analysis] Communication overhead per client for alpha_report: 40 bytes
2025-07-08 04:05:23,135 - Server_DefaultID - INFO - Global Prior Alpha Stats: Min=1.23, Max=1.38, Mean=1.30
2025-07-08 04:05:23,138 - Server_DefaultID - INFO - --- Global Round 24/200 ---
2025-07-08 04:07:50,805 - Server_DefaultID - INFO - [Overhead Analysis] Avg. KL-Div computation time per batch: 0.2699 ms
2025-07-08 04:07:50,806 - Server_DefaultID - INFO - [Overhead Analysis] Communication overhead per client for alpha_report: 40 bytes
2025-07-08 04:07:50,833 - Server_DefaultID - INFO - Global Prior Alpha Stats: Min=1.24, Max=1.36, Mean=1.29
2025-07-08 04:07:50,837 - Server_DefaultID - INFO - --- Global Round 25/200 ---
2025-07-08 04:09:10,842 - Server_DefaultID - INFO - [Overhead Analysis] Avg. KL-Div computation time per batch: 0.2751 ms
2025-07-08 04:09:10,842 - Server_DefaultID - INFO - [Overhead Analysis] Communication overhead per client for alpha_report: 40 bytes
2025-07-08 04:09:10,861 - Server_DefaultID - INFO - Global Prior Alpha Stats: Min=1.23, Max=1.40, Mean=1.29
2025-07-08 04:09:10,864 - Server_DefaultID - INFO - --- Global Round 26/200 ---
2025-07-08 04:11:21,048 - Server_DefaultID - INFO - [Overhead Analysis] Avg. KL-Div computation time per batch: 0.2721 ms
2025-07-08 04:11:21,048 - Server_DefaultID - INFO - [Overhead Analysis] Communication overhead per client for alpha_report: 40 bytes
2025-07-08 04:11:21,076 - Server_DefaultID - INFO - Global Prior Alpha Stats: Min=1.26, Max=1.32, Mean=1.29
2025-07-08 04:11:21,080 - Server_DefaultID - INFO - --- Global Round 27/200 ---
2025-07-08 04:13:17,468 - Server_DefaultID - INFO - [Overhead Analysis] Avg. KL-Div computation time per batch: 0.2732 ms
2025-07-08 04:13:17,468 - Server_DefaultID - INFO - [Overhead Analysis] Communication overhead per client for alpha_report: 40 bytes
2025-07-08 04:13:17,490 - Server_DefaultID - INFO - Global Prior Alpha Stats: Min=1.24, Max=1.36, Mean=1.30
2025-07-08 04:13:17,494 - Server_DefaultID - INFO - --- Global Round 28/200 ---
2025-07-08 04:15:02,334 - Server_DefaultID - INFO - [Overhead Analysis] Avg. KL-Div computation time per batch: 0.2683 ms
2025-07-08 04:15:02,334 - Server_DefaultID - INFO - [Overhead Analysis] Communication overhead per client for alpha_report: 40 bytes
2025-07-08 04:15:02,356 - Server_DefaultID - INFO - Global Prior Alpha Stats: Min=1.22, Max=1.34, Mean=1.30
2025-07-08 04:15:02,359 - Server_DefaultID - INFO - --- Global Round 29/200 ---
2025-07-08 04:16:40,241 - Server_DefaultID - INFO - [Overhead Analysis] Avg. KL-Div computation time per batch: 0.2760 ms
2025-07-08 04:16:40,241 - Server_DefaultID - INFO - [Overhead Analysis] Communication overhead per client for alpha_report: 40 bytes
2025-07-08 04:16:40,269 - Server_DefaultID - INFO - Global Prior Alpha Stats: Min=1.23, Max=1.36, Mean=1.30
2025-07-08 04:16:40,272 - Server_DefaultID - INFO - --- Global Round 30/200 ---
2025-07-08 04:18:32,379 - Server_DefaultID - INFO - [Overhead Analysis] Avg. KL-Div computation time per batch: 0.2713 ms
2025-07-08 04:18:32,379 - Server_DefaultID - INFO - [Overhead Analysis] Communication overhead per client for alpha_report: 40 bytes
2025-07-08 04:18:32,405 - Server_DefaultID - INFO - Global Prior Alpha Stats: Min=1.26, Max=1.34, Mean=1.30
2025-07-08 04:18:32,409 - Server_DefaultID - INFO - --- Global Round 31/200 ---
2025-07-08 04:20:40,383 - Server_DefaultID - INFO - [Overhead Analysis] Avg. KL-Div computation time per batch: 0.2717 ms
2025-07-08 04:20:40,383 - Server_DefaultID - INFO - [Overhead Analysis] Communication overhead per client for alpha_report: 40 bytes
2025-07-08 04:20:40,405 - Server_DefaultID - INFO - Global Prior Alpha Stats: Min=1.26, Max=1.36, Mean=1.30
2025-07-08 04:20:40,408 - Server_DefaultID - INFO - --- Global Round 32/200 ---
2025-07-08 04:22:26,570 - Server_DefaultID - INFO - [Overhead Analysis] Avg. KL-Div computation time per batch: 0.2672 ms
2025-07-08 04:22:26,570 - Server_DefaultID - INFO - [Overhead Analysis] Communication overhead per client for alpha_report: 40 bytes
2025-07-08 04:22:26,592 - Server_DefaultID - INFO - Global Prior Alpha Stats: Min=1.23, Max=1.36, Mean=1.30
2025-07-08 04:22:26,596 - Server_DefaultID - INFO - --- Global Round 33/200 ---
2025-07-08 04:24:59,494 - Server_DefaultID - INFO - [Overhead Analysis] Avg. KL-Div computation time per batch: 0.2730 ms
2025-07-08 04:24:59,494 - Server_DefaultID - INFO - [Overhead Analysis] Communication overhead per client for alpha_report: 40 bytes
2025-07-08 04:24:59,529 - Server_DefaultID - INFO - Global Prior Alpha Stats: Min=1.24, Max=1.35, Mean=1.30
2025-07-08 04:24:59,534 - Server_DefaultID - INFO - --- Global Round 34/200 ---
2025-07-08 04:27:05,349 - Server_DefaultID - INFO - [Overhead Analysis] Avg. KL-Div computation time per batch: 0.2687 ms
2025-07-08 04:27:05,349 - Server_DefaultID - INFO - [Overhead Analysis] Communication overhead per client for alpha_report: 40 bytes
2025-07-08 04:27:05,381 - Server_DefaultID - INFO - Global Prior Alpha Stats: Min=1.24, Max=1.34, Mean=1.30
2025-07-08 04:27:05,385 - Server_DefaultID - INFO - --- Global Round 35/200 ---
2025-07-08 04:29:27,559 - Server_DefaultID - INFO - [Overhead Analysis] Avg. KL-Div computation time per batch: 0.2703 ms
2025-07-08 04:29:27,560 - Server_DefaultID - INFO - [Overhead Analysis] Communication overhead per client for alpha_report: 40 bytes
2025-07-08 04:29:27,591 - Server_DefaultID - INFO - Global Prior Alpha Stats: Min=1.26, Max=1.34, Mean=1.30
2025-07-08 04:29:27,595 - Server_DefaultID - INFO - --- Global Round 36/200 ---
2025-07-08 04:31:29,759 - Server_DefaultID - INFO - [Overhead Analysis] Avg. KL-Div computation time per batch: 0.2729 ms
2025-07-08 04:31:29,759 - Server_DefaultID - INFO - [Overhead Analysis] Communication overhead per client for alpha_report: 40 bytes
2025-07-08 04:31:29,791 - Server_DefaultID - INFO - Global Prior Alpha Stats: Min=1.25, Max=1.34, Mean=1.29
2025-07-08 04:31:29,795 - Server_DefaultID - INFO - --- Global Round 37/200 ---
2025-07-08 04:33:25,884 - Server_DefaultID - INFO - [Overhead Analysis] Avg. KL-Div computation time per batch: 0.2695 ms
2025-07-08 04:33:25,884 - Server_DefaultID - INFO - [Overhead Analysis] Communication overhead per client for alpha_report: 40 bytes
2025-07-08 04:33:25,907 - Server_DefaultID - INFO - Global Prior Alpha Stats: Min=1.24, Max=1.34, Mean=1.30
2025-07-08 04:33:25,911 - Server_DefaultID - INFO - --- Global Round 38/200 ---
2025-07-08 04:35:28,384 - Server_DefaultID - INFO - [Overhead Analysis] Avg. KL-Div computation time per batch: 0.2683 ms
2025-07-08 04:35:28,384 - Server_DefaultID - INFO - [Overhead Analysis] Communication overhead per client for alpha_report: 40 bytes
2025-07-08 04:35:28,408 - Server_DefaultID - INFO - Global Prior Alpha Stats: Min=1.27, Max=1.33, Mean=1.30
2025-07-08 04:35:28,411 - Server_DefaultID - INFO - --- Global Round 39/200 ---
2025-07-08 04:37:46,567 - Server_DefaultID - INFO - [Overhead Analysis] Avg. KL-Div computation time per batch: 0.2734 ms
2025-07-08 04:37:46,567 - Server_DefaultID - INFO - [Overhead Analysis] Communication overhead per client for alpha_report: 40 bytes
2025-07-08 04:37:46,595 - Server_DefaultID - INFO - Global Prior Alpha Stats: Min=1.24, Max=1.34, Mean=1.30
2025-07-08 04:37:46,599 - Server_DefaultID - INFO - --- Global Round 40/200 ---
2025-07-08 04:39:43,414 - Server_DefaultID - INFO - [Overhead Analysis] Avg. KL-Div computation time per batch: 0.2680 ms
2025-07-08 04:39:43,414 - Server_DefaultID - INFO - [Overhead Analysis] Communication overhead per client for alpha_report: 40 bytes
2025-07-08 04:39:43,438 - Server_DefaultID - INFO - Global Prior Alpha Stats: Min=1.25, Max=1.35, Mean=1.30
2025-07-08 04:39:43,441 - Server_DefaultID - INFO - --- Evaluating models at round 40 with Advanced Uncertainty Metrics ---
2025-07-08 04:41:05,663 - Server_DefaultID - INFO - [Metric 1] Personalized Accuracy | Mean: 72.67%, Std: 10.48, Min: 37.50, Max: 100.00
2025-07-08 04:41:05,663 - Server_DefaultID - INFO - [Metric 1] Personalized Brier Score | Mean: 0.0398, Std: 0.0115
2025-07-08 04:41:05,663 - Server_DefaultID - INFO - [Metric 1] Personalized ECE | Mean: 0.1860, Std: 0.0704
2025-07-08 04:41:05,663 - Server_DefaultID - INFO - [Metric 2] Epistemic Fidelity (Spearman Corr) | Mean: 0.0234, Std: 0.2165
2025-07-08 04:41:05,664 - Server_DefaultID - INFO - [Metric 3] Aleatoric Consistency (U) | Mean: nan, Std: nan
2025-07-08 04:41:05,664 - Server_DefaultID - INFO - New best personalized accuracy: 72.67%
2025-07-08 04:41:05,664 - Server_DefaultID - INFO - --- Global Round 41/200 ---
2025-07-08 04:43:18,842 - Server_DefaultID - INFO - [Overhead Analysis] Avg. KL-Div computation time per batch: 0.2742 ms
2025-07-08 04:43:18,842 - Server_DefaultID - INFO - [Overhead Analysis] Communication overhead per client for alpha_report: 40 bytes
2025-07-08 04:43:18,866 - Server_DefaultID - INFO - Global Prior Alpha Stats: Min=1.25, Max=1.35, Mean=1.30
2025-07-08 04:43:18,869 - Server_DefaultID - INFO - --- Global Round 42/200 ---
2025-07-08 04:45:57,216 - Server_DefaultID - INFO - [Overhead Analysis] Avg. KL-Div computation time per batch: 0.2723 ms
2025-07-08 04:45:57,216 - Server_DefaultID - INFO - [Overhead Analysis] Communication overhead per client for alpha_report: 40 bytes
2025-07-08 04:45:57,250 - Server_DefaultID - INFO - Global Prior Alpha Stats: Min=1.23, Max=1.35, Mean=1.30
2025-07-08 04:45:57,256 - Server_DefaultID - INFO - --- Global Round 43/200 ---
2025-07-08 04:47:41,213 - Server_DefaultID - INFO - [Overhead Analysis] Avg. KL-Div computation time per batch: 0.2684 ms
2025-07-08 04:47:41,213 - Server_DefaultID - INFO - [Overhead Analysis] Communication overhead per client for alpha_report: 40 bytes
2025-07-08 04:47:41,246 - Server_DefaultID - INFO - Global Prior Alpha Stats: Min=1.26, Max=1.35, Mean=1.30
2025-07-08 04:47:41,249 - Server_DefaultID - INFO - --- Global Round 44/200 ---
2025-07-08 04:50:04,045 - Server_DefaultID - INFO - [Overhead Analysis] Avg. KL-Div computation time per batch: 0.2725 ms
2025-07-08 04:50:04,045 - Server_DefaultID - INFO - [Overhead Analysis] Communication overhead per client for alpha_report: 40 bytes
2025-07-08 04:50:04,081 - Server_DefaultID - INFO - Global Prior Alpha Stats: Min=1.26, Max=1.37, Mean=1.30
2025-07-08 04:50:04,086 - Server_DefaultID - INFO - --- Global Round 45/200 ---
2025-07-08 04:52:35,432 - Server_DefaultID - INFO - [Overhead Analysis] Avg. KL-Div computation time per batch: 0.2718 ms
2025-07-08 04:52:35,432 - Server_DefaultID - INFO - [Overhead Analysis] Communication overhead per client for alpha_report: 40 bytes
2025-07-08 04:52:35,461 - Server_DefaultID - INFO - Global Prior Alpha Stats: Min=1.26, Max=1.33, Mean=1.30
2025-07-08 04:52:35,465 - Server_DefaultID - INFO - --- Global Round 46/200 ---
2025-07-08 04:54:32,206 - Server_DefaultID - INFO - [Overhead Analysis] Avg. KL-Div computation time per batch: 0.2705 ms
2025-07-08 04:54:32,206 - Server_DefaultID - INFO - [Overhead Analysis] Communication overhead per client for alpha_report: 40 bytes
2025-07-08 04:54:32,233 - Server_DefaultID - INFO - Global Prior Alpha Stats: Min=1.24, Max=1.36, Mean=1.30
2025-07-08 04:54:32,236 - Server_DefaultID - INFO - --- Global Round 47/200 ---
2025-07-08 04:56:01,072 - Server_DefaultID - INFO - [Overhead Analysis] Avg. KL-Div computation time per batch: 0.2733 ms
2025-07-08 04:56:01,073 - Server_DefaultID - INFO - [Overhead Analysis] Communication overhead per client for alpha_report: 40 bytes
2025-07-08 04:56:01,096 - Server_DefaultID - INFO - Global Prior Alpha Stats: Min=1.23, Max=1.36, Mean=1.30
2025-07-08 04:56:01,100 - Server_DefaultID - INFO - --- Global Round 48/200 ---
2025-07-08 04:58:05,803 - Server_DefaultID - INFO - [Overhead Analysis] Avg. KL-Div computation time per batch: 0.2733 ms
2025-07-08 04:58:05,803 - Server_DefaultID - INFO - [Overhead Analysis] Communication overhead per client for alpha_report: 40 bytes
2025-07-08 04:58:05,827 - Server_DefaultID - INFO - Global Prior Alpha Stats: Min=1.27, Max=1.35, Mean=1.30
2025-07-08 04:58:05,831 - Server_DefaultID - INFO - --- Global Round 49/200 ---
2025-07-08 04:59:29,507 - Server_DefaultID - INFO - [Overhead Analysis] Avg. KL-Div computation time per batch: 0.2713 ms
2025-07-08 04:59:29,507 - Server_DefaultID - INFO - [Overhead Analysis] Communication overhead per client for alpha_report: 40 bytes
2025-07-08 04:59:29,529 - Server_DefaultID - INFO - Global Prior Alpha Stats: Min=1.24, Max=1.49, Mean=1.30
2025-07-08 04:59:29,532 - Server_DefaultID - INFO - --- Global Round 50/200 ---
2025-07-08 05:01:54,696 - Server_DefaultID - INFO - [Overhead Analysis] Avg. KL-Div computation time per batch: 0.2703 ms
2025-07-08 05:01:54,696 - Server_DefaultID - INFO - [Overhead Analysis] Communication overhead per client for alpha_report: 40 bytes
2025-07-08 05:01:54,727 - Server_DefaultID - INFO - Global Prior Alpha Stats: Min=1.26, Max=1.33, Mean=1.30
2025-07-08 05:01:54,731 - Server_DefaultID - INFO - --- Global Round 51/200 ---
2025-07-08 05:03:37,389 - Server_DefaultID - INFO - [Overhead Analysis] Avg. KL-Div computation time per batch: 0.2722 ms
2025-07-08 05:03:37,389 - Server_DefaultID - INFO - [Overhead Analysis] Communication overhead per client for alpha_report: 40 bytes
2025-07-08 05:03:37,411 - Server_DefaultID - INFO - Global Prior Alpha Stats: Min=1.26, Max=1.32, Mean=1.29
2025-07-08 05:03:37,414 - Server_DefaultID - INFO - --- Global Round 52/200 ---
2025-07-08 05:05:27,633 - Server_DefaultID - INFO - [Overhead Analysis] Avg. KL-Div computation time per batch: 0.2702 ms
2025-07-08 05:05:27,633 - Server_DefaultID - INFO - [Overhead Analysis] Communication overhead per client for alpha_report: 40 bytes
2025-07-08 05:05:27,661 - Server_DefaultID - INFO - Global Prior Alpha Stats: Min=1.24, Max=1.38, Mean=1.30
2025-07-08 05:05:27,665 - Server_DefaultID - INFO - --- Global Round 53/200 ---
2025-07-08 05:07:42,053 - Server_DefaultID - INFO - [Overhead Analysis] Avg. KL-Div computation time per batch: 0.2695 ms
2025-07-08 05:07:42,053 - Server_DefaultID - INFO - [Overhead Analysis] Communication overhead per client for alpha_report: 40 bytes
2025-07-08 05:07:42,080 - Server_DefaultID - INFO - Global Prior Alpha Stats: Min=1.26, Max=1.33, Mean=1.30
2025-07-08 05:07:42,084 - Server_DefaultID - INFO - --- Global Round 54/200 ---
2025-07-08 05:09:26,326 - Server_DefaultID - INFO - [Overhead Analysis] Avg. KL-Div computation time per batch: 0.2702 ms
2025-07-08 05:09:26,326 - Server_DefaultID - INFO - [Overhead Analysis] Communication overhead per client for alpha_report: 40 bytes
2025-07-08 05:09:26,347 - Server_DefaultID - INFO - Global Prior Alpha Stats: Min=1.24, Max=1.35, Mean=1.30
2025-07-08 05:09:26,351 - Server_DefaultID - INFO - --- Global Round 55/200 ---
2025-07-08 05:11:23,200 - Server_DefaultID - INFO - [Overhead Analysis] Avg. KL-Div computation time per batch: 0.2700 ms
2025-07-08 05:11:23,200 - Server_DefaultID - INFO - [Overhead Analysis] Communication overhead per client for alpha_report: 40 bytes
2025-07-08 05:11:23,225 - Server_DefaultID - INFO - Global Prior Alpha Stats: Min=1.25, Max=1.35, Mean=1.30
2025-07-08 05:11:23,229 - Server_DefaultID - INFO - --- Global Round 56/200 ---
2025-07-08 05:13:14,762 - Server_DefaultID - INFO - [Overhead Analysis] Avg. KL-Div computation time per batch: 0.2701 ms
2025-07-08 05:13:14,762 - Server_DefaultID - INFO - [Overhead Analysis] Communication overhead per client for alpha_report: 40 bytes
2025-07-08 05:13:14,785 - Server_DefaultID - INFO - Global Prior Alpha Stats: Min=1.25, Max=1.35, Mean=1.30
2025-07-08 05:13:14,788 - Server_DefaultID - INFO - --- Global Round 57/200 ---
2025-07-08 05:15:12,740 - Server_DefaultID - INFO - [Overhead Analysis] Avg. KL-Div computation time per batch: 0.2709 ms
2025-07-08 05:15:12,740 - Server_DefaultID - INFO - [Overhead Analysis] Communication overhead per client for alpha_report: 40 bytes
2025-07-08 05:15:12,762 - Server_DefaultID - INFO - Global Prior Alpha Stats: Min=1.22, Max=1.34, Mean=1.30
2025-07-08 05:15:12,765 - Server_DefaultID - INFO - --- Global Round 58/200 ---
2025-07-08 05:16:58,708 - Server_DefaultID - INFO - [Overhead Analysis] Avg. KL-Div computation time per batch: 0.2702 ms
2025-07-08 05:16:58,708 - Server_DefaultID - INFO - [Overhead Analysis] Communication overhead per client for alpha_report: 40 bytes
2025-07-08 05:16:58,731 - Server_DefaultID - INFO - Global Prior Alpha Stats: Min=1.25, Max=1.42, Mean=1.30
2025-07-08 05:16:58,734 - Server_DefaultID - INFO - --- Global Round 59/200 ---
2025-07-08 05:18:50,015 - Server_DefaultID - INFO - [Overhead Analysis] Avg. KL-Div computation time per batch: 0.2817 ms
2025-07-08 05:18:50,015 - Server_DefaultID - INFO - [Overhead Analysis] Communication overhead per client for alpha_report: 40 bytes
2025-07-08 05:18:50,036 - Server_DefaultID - INFO - Global Prior Alpha Stats: Min=1.25, Max=1.34, Mean=1.30
2025-07-08 05:18:50,040 - Server_DefaultID - INFO - --- Global Round 60/200 ---
2025-07-08 05:20:22,997 - Server_DefaultID - INFO - [Overhead Analysis] Avg. KL-Div computation time per batch: 0.2696 ms
2025-07-08 05:20:22,997 - Server_DefaultID - INFO - [Overhead Analysis] Communication overhead per client for alpha_report: 40 bytes
2025-07-08 05:20:23,021 - Server_DefaultID - INFO - Global Prior Alpha Stats: Min=1.25, Max=1.37, Mean=1.30
2025-07-08 05:20:23,024 - Server_DefaultID - INFO - --- Evaluating models at round 60 with Advanced Uncertainty Metrics ---
2025-07-08 05:21:45,636 - Server_DefaultID - INFO - [Metric 1] Personalized Accuracy | Mean: 75.09%, Std: 10.17, Min: 45.16, Max: 96.77
2025-07-08 05:21:45,636 - Server_DefaultID - INFO - [Metric 1] Personalized Brier Score | Mean: 0.0362, Std: 0.0117
2025-07-08 05:21:45,636 - Server_DefaultID - INFO - [Metric 1] Personalized ECE | Mean: 0.1722, Std: 0.0543
2025-07-08 05:21:45,637 - Server_DefaultID - INFO - [Metric 2] Epistemic Fidelity (Spearman Corr) | Mean: 0.0953, Std: 0.2275
2025-07-08 05:21:45,637 - Server_DefaultID - INFO - [Metric 3] Aleatoric Consistency (U) | Mean: nan, Std: nan
2025-07-08 05:21:45,637 - Server_DefaultID - INFO - New best personalized accuracy: 75.09%
2025-07-08 05:21:45,637 - Server_DefaultID - INFO - --- Global Round 61/200 ---
2025-07-08 05:23:53,717 - Server_DefaultID - INFO - [Overhead Analysis] Avg. KL-Div computation time per batch: 0.2768 ms
2025-07-08 05:23:53,717 - Server_DefaultID - INFO - [Overhead Analysis] Communication overhead per client for alpha_report: 40 bytes
2025-07-08 05:23:53,742 - Server_DefaultID - INFO - Global Prior Alpha Stats: Min=1.24, Max=1.35, Mean=1.30
2025-07-08 05:23:53,746 - Server_DefaultID - INFO - --- Global Round 62/200 ---
2025-07-08 05:25:41,682 - Server_DefaultID - INFO - [Overhead Analysis] Avg. KL-Div computation time per batch: 0.2707 ms
2025-07-08 05:25:41,682 - Server_DefaultID - INFO - [Overhead Analysis] Communication overhead per client for alpha_report: 40 bytes
2025-07-08 05:25:41,703 - Server_DefaultID - INFO - Global Prior Alpha Stats: Min=1.26, Max=1.33, Mean=1.30
2025-07-08 05:25:41,706 - Server_DefaultID - INFO - --- Global Round 63/200 ---
2025-07-08 05:27:41,242 - Server_DefaultID - INFO - [Overhead Analysis] Avg. KL-Div computation time per batch: 0.2734 ms
2025-07-08 05:27:41,243 - Server_DefaultID - INFO - [Overhead Analysis] Communication overhead per client for alpha_report: 40 bytes
2025-07-08 05:27:41,267 - Server_DefaultID - INFO - Global Prior Alpha Stats: Min=1.27, Max=1.33, Mean=1.30
2025-07-08 05:27:41,271 - Server_DefaultID - INFO - --- Global Round 64/200 ---
2025-07-08 05:29:03,299 - Server_DefaultID - INFO - [Overhead Analysis] Avg. KL-Div computation time per batch: 0.2765 ms
2025-07-08 05:29:03,299 - Server_DefaultID - INFO - [Overhead Analysis] Communication overhead per client for alpha_report: 40 bytes
2025-07-08 05:29:03,320 - Server_DefaultID - INFO - Global Prior Alpha Stats: Min=1.21, Max=1.37, Mean=1.30
2025-07-08 05:29:03,323 - Server_DefaultID - INFO - --- Global Round 65/200 ---
2025-07-08 05:31:01,320 - Server_DefaultID - INFO - [Overhead Analysis] Avg. KL-Div computation time per batch: 0.2750 ms
2025-07-08 05:31:01,321 - Server_DefaultID - INFO - [Overhead Analysis] Communication overhead per client for alpha_report: 40 bytes
2025-07-08 05:31:01,346 - Server_DefaultID - INFO - Global Prior Alpha Stats: Min=1.26, Max=1.34, Mean=1.30
2025-07-08 05:31:01,350 - Server_DefaultID - INFO - --- Global Round 66/200 ---
2025-07-08 05:33:06,797 - Server_DefaultID - INFO - [Overhead Analysis] Avg. KL-Div computation time per batch: 0.2736 ms
2025-07-08 05:33:06,797 - Server_DefaultID - INFO - [Overhead Analysis] Communication overhead per client for alpha_report: 40 bytes
2025-07-08 05:33:06,828 - Server_DefaultID - INFO - Global Prior Alpha Stats: Min=1.25, Max=1.34, Mean=1.30
2025-07-08 05:33:06,831 - Server_DefaultID - INFO - --- Global Round 67/200 ---
2025-07-08 05:35:02,002 - Server_DefaultID - INFO - [Overhead Analysis] Avg. KL-Div computation time per batch: 0.2796 ms
2025-07-08 05:35:02,002 - Server_DefaultID - INFO - [Overhead Analysis] Communication overhead per client for alpha_report: 40 bytes
2025-07-08 05:35:02,033 - Server_DefaultID - INFO - Global Prior Alpha Stats: Min=1.26, Max=1.37, Mean=1.30
2025-07-08 05:35:02,036 - Server_DefaultID - INFO - --- Global Round 68/200 ---
2025-07-08 05:36:47,636 - Server_DefaultID - INFO - [Overhead Analysis] Avg. KL-Div computation time per batch: 0.2786 ms
2025-07-08 05:36:47,636 - Server_DefaultID - INFO - [Overhead Analysis] Communication overhead per client for alpha_report: 40 bytes
2025-07-08 05:36:47,658 - Server_DefaultID - INFO - Global Prior Alpha Stats: Min=1.23, Max=1.39, Mean=1.30
2025-07-08 05:36:47,662 - Server_DefaultID - INFO - --- Global Round 69/200 ---
2025-07-08 05:38:38,874 - Server_DefaultID - INFO - [Overhead Analysis] Avg. KL-Div computation time per batch: 0.2721 ms
2025-07-08 05:38:38,875 - Server_DefaultID - INFO - [Overhead Analysis] Communication overhead per client for alpha_report: 40 bytes
2025-07-08 05:38:38,897 - Server_DefaultID - INFO - Global Prior Alpha Stats: Min=1.28, Max=1.33, Mean=1.30
2025-07-08 05:38:38,900 - Server_DefaultID - INFO - --- Global Round 70/200 ---
2025-07-08 05:39:49,042 - Server_DefaultID - INFO - [Overhead Analysis] Avg. KL-Div computation time per batch: 0.2755 ms
2025-07-08 05:39:49,042 - Server_DefaultID - INFO - [Overhead Analysis] Communication overhead per client for alpha_report: 40 bytes
2025-07-08 05:39:49,057 - Server_DefaultID - INFO - Global Prior Alpha Stats: Min=1.24, Max=1.38, Mean=1.30
2025-07-08 05:39:49,059 - Server_DefaultID - INFO - --- Global Round 71/200 ---
2025-07-08 05:41:39,070 - Server_DefaultID - INFO - [Overhead Analysis] Avg. KL-Div computation time per batch: 0.2738 ms
2025-07-08 05:41:39,070 - Server_DefaultID - INFO - [Overhead Analysis] Communication overhead per client for alpha_report: 40 bytes
2025-07-08 05:41:39,092 - Server_DefaultID - INFO - Global Prior Alpha Stats: Min=1.27, Max=1.35, Mean=1.30
2025-07-08 05:41:39,095 - Server_DefaultID - INFO - --- Global Round 72/200 ---
2025-07-08 05:42:57,207 - Server_DefaultID - INFO - [Overhead Analysis] Avg. KL-Div computation time per batch: 0.2710 ms
2025-07-08 05:42:57,207 - Server_DefaultID - INFO - [Overhead Analysis] Communication overhead per client for alpha_report: 40 bytes
2025-07-08 05:42:57,225 - Server_DefaultID - INFO - Global Prior Alpha Stats: Min=1.25, Max=1.35, Mean=1.30
2025-07-08 05:42:57,227 - Server_DefaultID - INFO - --- Global Round 73/200 ---
2025-07-08 05:44:42,696 - Server_DefaultID - INFO - [Overhead Analysis] Avg. KL-Div computation time per batch: 0.2700 ms
2025-07-08 05:44:42,696 - Server_DefaultID - INFO - [Overhead Analysis] Communication overhead per client for alpha_report: 40 bytes
2025-07-08 05:44:42,718 - Server_DefaultID - INFO - Global Prior Alpha Stats: Min=1.26, Max=1.33, Mean=1.30
2025-07-08 05:44:42,721 - Server_DefaultID - INFO - --- Global Round 74/200 ---
2025-07-08 05:46:31,172 - Server_DefaultID - INFO - [Overhead Analysis] Avg. KL-Div computation time per batch: 0.2714 ms
2025-07-08 05:46:31,172 - Server_DefaultID - INFO - [Overhead Analysis] Communication overhead per client for alpha_report: 40 bytes
2025-07-08 05:46:31,195 - Server_DefaultID - INFO - Global Prior Alpha Stats: Min=1.23, Max=1.35, Mean=1.30
2025-07-08 05:46:31,198 - Server_DefaultID - INFO - --- Global Round 75/200 ---
2025-07-08 05:48:09,491 - Server_DefaultID - INFO - [Overhead Analysis] Avg. KL-Div computation time per batch: 0.2689 ms
2025-07-08 05:48:09,491 - Server_DefaultID - INFO - [Overhead Analysis] Communication overhead per client for alpha_report: 40 bytes
2025-07-08 05:48:09,511 - Server_DefaultID - INFO - Global Prior Alpha Stats: Min=1.28, Max=1.36, Mean=1.30
2025-07-08 05:48:09,514 - Server_DefaultID - INFO - --- Global Round 76/200 ---
2025-07-08 05:50:29,955 - Server_DefaultID - INFO - [Overhead Analysis] Avg. KL-Div computation time per batch: 0.2685 ms
2025-07-08 05:50:29,955 - Server_DefaultID - INFO - [Overhead Analysis] Communication overhead per client for alpha_report: 40 bytes
2025-07-08 05:50:29,982 - Server_DefaultID - INFO - Global Prior Alpha Stats: Min=1.26, Max=1.35, Mean=1.30
2025-07-08 05:50:29,985 - Server_DefaultID - INFO - --- Global Round 77/200 ---
2025-07-08 05:52:56,120 - Server_DefaultID - INFO - [Overhead Analysis] Avg. KL-Div computation time per batch: 0.2700 ms
2025-07-08 05:52:56,120 - Server_DefaultID - INFO - [Overhead Analysis] Communication overhead per client for alpha_report: 40 bytes
2025-07-08 05:52:56,146 - Server_DefaultID - INFO - Global Prior Alpha Stats: Min=1.26, Max=1.37, Mean=1.30
2025-07-08 05:52:56,150 - Server_DefaultID - INFO - --- Global Round 78/200 ---
2025-07-08 05:54:46,380 - Server_DefaultID - INFO - [Overhead Analysis] Avg. KL-Div computation time per batch: 0.2724 ms
2025-07-08 05:54:46,381 - Server_DefaultID - INFO - [Overhead Analysis] Communication overhead per client for alpha_report: 40 bytes
2025-07-08 05:54:46,402 - Server_DefaultID - INFO - Global Prior Alpha Stats: Min=1.27, Max=1.35, Mean=1.30
2025-07-08 05:54:46,405 - Server_DefaultID - INFO - --- Global Round 79/200 ---
2025-07-08 05:57:02,229 - Server_DefaultID - INFO - [Overhead Analysis] Avg. KL-Div computation time per batch: 0.2754 ms
2025-07-08 05:57:02,229 - Server_DefaultID - INFO - [Overhead Analysis] Communication overhead per client for alpha_report: 40 bytes
2025-07-08 05:57:02,260 - Server_DefaultID - INFO - Global Prior Alpha Stats: Min=1.27, Max=1.33, Mean=1.30
2025-07-08 05:57:02,265 - Server_DefaultID - INFO - --- Global Round 80/200 ---
2025-07-08 05:58:51,390 - Server_DefaultID - INFO - [Overhead Analysis] Avg. KL-Div computation time per batch: 0.2711 ms
2025-07-08 05:58:51,390 - Server_DefaultID - INFO - [Overhead Analysis] Communication overhead per client for alpha_report: 40 bytes
2025-07-08 05:58:51,415 - Server_DefaultID - INFO - Global Prior Alpha Stats: Min=1.23, Max=1.35, Mean=1.30
2025-07-08 05:58:51,419 - Server_DefaultID - INFO - --- Evaluating models at round 80 with Advanced Uncertainty Metrics ---
2025-07-08 06:00:15,355 - Server_DefaultID - INFO - [Metric 1] Personalized Accuracy | Mean: 76.49%, Std: 10.35, Min: 47.62, Max: 100.00
2025-07-08 06:00:15,355 - Server_DefaultID - INFO - [Metric 1] Personalized Brier Score | Mean: 0.0337, Std: 0.0112
2025-07-08 06:00:15,355 - Server_DefaultID - INFO - [Metric 1] Personalized ECE | Mean: 0.1695, Std: 0.0523
2025-07-08 06:00:15,355 - Server_DefaultID - INFO - [Metric 2] Epistemic Fidelity (Spearman Corr) | Mean: 0.1622, Std: 0.2186
2025-07-08 06:00:15,355 - Server_DefaultID - INFO - [Metric 3] Aleatoric Consistency (U) | Mean: nan, Std: nan
2025-07-08 06:00:15,356 - Server_DefaultID - INFO - New best personalized accuracy: 76.49%
2025-07-08 06:00:15,356 - Server_DefaultID - INFO - --- Global Round 81/200 ---
2025-07-08 06:01:39,380 - Server_DefaultID - INFO - [Overhead Analysis] Avg. KL-Div computation time per batch: 0.2706 ms
2025-07-08 06:01:39,380 - Server_DefaultID - INFO - [Overhead Analysis] Communication overhead per client for alpha_report: 40 bytes
2025-07-08 06:01:39,400 - Server_DefaultID - INFO - Global Prior Alpha Stats: Min=1.24, Max=1.39, Mean=1.30
2025-07-08 06:01:39,403 - Server_DefaultID - INFO - --- Global Round 82/200 ---
2025-07-08 06:03:59,690 - Server_DefaultID - INFO - [Overhead Analysis] Avg. KL-Div computation time per batch: 0.2782 ms
2025-07-08 06:03:59,690 - Server_DefaultID - INFO - [Overhead Analysis] Communication overhead per client for alpha_report: 40 bytes
2025-07-08 06:03:59,716 - Server_DefaultID - INFO - Global Prior Alpha Stats: Min=1.27, Max=1.35, Mean=1.30
2025-07-08 06:03:59,720 - Server_DefaultID - INFO - --- Global Round 83/200 ---
2025-07-08 06:06:19,325 - Server_DefaultID - INFO - [Overhead Analysis] Avg. KL-Div computation time per batch: 0.2733 ms
2025-07-08 06:06:19,325 - Server_DefaultID - INFO - [Overhead Analysis] Communication overhead per client for alpha_report: 40 bytes
2025-07-08 06:06:19,354 - Server_DefaultID - INFO - Global Prior Alpha Stats: Min=1.24, Max=1.33, Mean=1.30
2025-07-08 06:06:19,359 - Server_DefaultID - INFO - --- Global Round 84/200 ---
2025-07-08 06:08:20,060 - Server_DefaultID - INFO - [Overhead Analysis] Avg. KL-Div computation time per batch: 0.2760 ms
2025-07-08 06:08:20,060 - Server_DefaultID - INFO - [Overhead Analysis] Communication overhead per client for alpha_report: 40 bytes
2025-07-08 06:08:20,084 - Server_DefaultID - INFO - Global Prior Alpha Stats: Min=1.26, Max=1.34, Mean=1.30
2025-07-08 06:08:20,087 - Server_DefaultID - INFO - --- Global Round 85/200 ---
2025-07-08 06:10:31,719 - Server_DefaultID - INFO - [Overhead Analysis] Avg. KL-Div computation time per batch: 0.2734 ms
2025-07-08 06:10:31,719 - Server_DefaultID - INFO - [Overhead Analysis] Communication overhead per client for alpha_report: 40 bytes
2025-07-08 06:10:31,748 - Server_DefaultID - INFO - Global Prior Alpha Stats: Min=1.23, Max=1.36, Mean=1.30
2025-07-08 06:10:31,752 - Server_DefaultID - INFO - --- Global Round 86/200 ---
2025-07-08 06:12:12,186 - Server_DefaultID - INFO - [Overhead Analysis] Avg. KL-Div computation time per batch: 0.2796 ms
2025-07-08 06:12:12,186 - Server_DefaultID - INFO - [Overhead Analysis] Communication overhead per client for alpha_report: 40 bytes
2025-07-08 06:12:12,210 - Server_DefaultID - INFO - Global Prior Alpha Stats: Min=1.25, Max=1.40, Mean=1.30
2025-07-08 06:12:12,213 - Server_DefaultID - INFO - --- Global Round 87/200 ---
2025-07-08 06:13:56,220 - Server_DefaultID - INFO - [Overhead Analysis] Avg. KL-Div computation time per batch: 0.2739 ms
2025-07-08 06:13:56,220 - Server_DefaultID - INFO - [Overhead Analysis] Communication overhead per client for alpha_report: 40 bytes
2025-07-08 06:13:56,251 - Server_DefaultID - INFO - Global Prior Alpha Stats: Min=1.23, Max=1.37, Mean=1.30
2025-07-08 06:13:56,254 - Server_DefaultID - INFO - --- Global Round 88/200 ---
2025-07-08 06:15:23,500 - Server_DefaultID - INFO - [Overhead Analysis] Avg. KL-Div computation time per batch: 0.2727 ms
2025-07-08 06:15:23,500 - Server_DefaultID - INFO - [Overhead Analysis] Communication overhead per client for alpha_report: 40 bytes
2025-07-08 06:15:23,520 - Server_DefaultID - INFO - Global Prior Alpha Stats: Min=1.24, Max=1.35, Mean=1.30
2025-07-08 06:15:23,522 - Server_DefaultID - INFO - --- Global Round 89/200 ---
2025-07-08 06:17:37,513 - Server_DefaultID - INFO - [Overhead Analysis] Avg. KL-Div computation time per batch: 0.2717 ms
2025-07-08 06:17:37,513 - Server_DefaultID - INFO - [Overhead Analysis] Communication overhead per client for alpha_report: 40 bytes
2025-07-08 06:17:37,554 - Server_DefaultID - INFO - Global Prior Alpha Stats: Min=1.26, Max=1.34, Mean=1.30
2025-07-08 06:17:37,558 - Server_DefaultID - INFO - --- Global Round 90/200 ---
2025-07-08 06:19:29,367 - Server_DefaultID - INFO - [Overhead Analysis] Avg. KL-Div computation time per batch: 0.2731 ms
2025-07-08 06:19:29,367 - Server_DefaultID - INFO - [Overhead Analysis] Communication overhead per client for alpha_report: 40 bytes
2025-07-08 06:19:29,389 - Server_DefaultID - INFO - Global Prior Alpha Stats: Min=1.27, Max=1.36, Mean=1.30
2025-07-08 06:19:29,392 - Server_DefaultID - INFO - --- Global Round 91/200 ---
2025-07-08 06:21:03,584 - Server_DefaultID - INFO - [Overhead Analysis] Avg. KL-Div computation time per batch: 0.2702 ms
2025-07-08 06:21:03,584 - Server_DefaultID - INFO - [Overhead Analysis] Communication overhead per client for alpha_report: 40 bytes
2025-07-08 06:21:03,600 - Server_DefaultID - INFO - Global Prior Alpha Stats: Min=1.26, Max=1.37, Mean=1.30
2025-07-08 06:21:03,603 - Server_DefaultID - INFO - --- Global Round 92/200 ---
2025-07-08 06:22:34,187 - Server_DefaultID - INFO - [Overhead Analysis] Avg. KL-Div computation time per batch: 0.2708 ms
2025-07-08 06:22:34,187 - Server_DefaultID - INFO - [Overhead Analysis] Communication overhead per client for alpha_report: 40 bytes
2025-07-08 06:22:34,210 - Server_DefaultID - INFO - Global Prior Alpha Stats: Min=1.25, Max=1.36, Mean=1.30
2025-07-08 06:22:34,213 - Server_DefaultID - INFO - --- Global Round 93/200 ---
2025-07-08 06:24:04,272 - Server_DefaultID - INFO - [Overhead Analysis] Avg. KL-Div computation time per batch: 0.2738 ms
2025-07-08 06:24:04,272 - Server_DefaultID - INFO - [Overhead Analysis] Communication overhead per client for alpha_report: 40 bytes
2025-07-08 06:24:04,296 - Server_DefaultID - INFO - Global Prior Alpha Stats: Min=1.25, Max=1.38, Mean=1.30
2025-07-08 06:24:04,299 - Server_DefaultID - INFO - --- Global Round 94/200 ---
2025-07-08 06:25:51,933 - Server_DefaultID - INFO - [Overhead Analysis] Avg. KL-Div computation time per batch: 0.2731 ms
2025-07-08 06:25:51,933 - Server_DefaultID - INFO - [Overhead Analysis] Communication overhead per client for alpha_report: 40 bytes
2025-07-08 06:25:51,953 - Server_DefaultID - INFO - Global Prior Alpha Stats: Min=1.23, Max=1.37, Mean=1.30
2025-07-08 06:25:51,956 - Server_DefaultID - INFO - --- Global Round 95/200 ---
2025-07-08 06:27:16,934 - Server_DefaultID - INFO - [Overhead Analysis] Avg. KL-Div computation time per batch: 0.2738 ms
2025-07-08 06:27:16,934 - Server_DefaultID - INFO - [Overhead Analysis] Communication overhead per client for alpha_report: 40 bytes
2025-07-08 06:27:16,952 - Server_DefaultID - INFO - Global Prior Alpha Stats: Min=1.25, Max=1.37, Mean=1.30
2025-07-08 06:27:16,955 - Server_DefaultID - INFO - --- Global Round 96/200 ---
2025-07-08 06:29:18,269 - Server_DefaultID - INFO - [Overhead Analysis] Avg. KL-Div computation time per batch: 0.2705 ms
2025-07-08 06:29:18,269 - Server_DefaultID - INFO - [Overhead Analysis] Communication overhead per client for alpha_report: 40 bytes
2025-07-08 06:29:18,299 - Server_DefaultID - INFO - Global Prior Alpha Stats: Min=1.27, Max=1.34, Mean=1.30
2025-07-08 06:29:18,303 - Server_DefaultID - INFO - --- Global Round 97/200 ---
2025-07-08 06:31:14,022 - Server_DefaultID - INFO - [Overhead Analysis] Avg. KL-Div computation time per batch: 0.2743 ms
2025-07-08 06:31:14,022 - Server_DefaultID - INFO - [Overhead Analysis] Communication overhead per client for alpha_report: 40 bytes
2025-07-08 06:31:14,047 - Server_DefaultID - INFO - Global Prior Alpha Stats: Min=1.23, Max=1.36, Mean=1.30
2025-07-08 06:31:14,051 - Server_DefaultID - INFO - --- Global Round 98/200 ---
2025-07-08 06:33:15,427 - Server_DefaultID - INFO - [Overhead Analysis] Avg. KL-Div computation time per batch: 0.2696 ms
2025-07-08 06:33:15,428 - Server_DefaultID - INFO - [Overhead Analysis] Communication overhead per client for alpha_report: 40 bytes
2025-07-08 06:33:15,453 - Server_DefaultID - INFO - Global Prior Alpha Stats: Min=1.27, Max=1.38, Mean=1.30
2025-07-08 06:33:15,457 - Server_DefaultID - INFO - --- Global Round 99/200 ---
2025-07-08 06:35:21,836 - Server_DefaultID - INFO - [Overhead Analysis] Avg. KL-Div computation time per batch: 0.2712 ms
2025-07-08 06:35:21,836 - Server_DefaultID - INFO - [Overhead Analysis] Communication overhead per client for alpha_report: 40 bytes
2025-07-08 06:35:21,864 - Server_DefaultID - INFO - Global Prior Alpha Stats: Min=1.26, Max=1.35, Mean=1.30
2025-07-08 06:35:21,868 - Server_DefaultID - INFO - --- Global Round 100/200 ---
2025-07-08 06:37:35,998 - Server_DefaultID - INFO - [Overhead Analysis] Avg. KL-Div computation time per batch: 0.2682 ms
2025-07-08 06:37:35,998 - Server_DefaultID - INFO - [Overhead Analysis] Communication overhead per client for alpha_report: 40 bytes
2025-07-08 06:37:36,029 - Server_DefaultID - INFO - Global Prior Alpha Stats: Min=1.26, Max=1.38, Mean=1.30
2025-07-08 06:37:36,033 - Server_DefaultID - INFO - --- Evaluating models at round 100 with Advanced Uncertainty Metrics ---
2025-07-08 06:38:59,904 - Server_DefaultID - INFO - [Metric 1] Personalized Accuracy | Mean: 77.24%, Std: 10.42, Min: 35.71, Max: 100.00
2025-07-08 06:38:59,904 - Server_DefaultID - INFO - [Metric 1] Personalized Brier Score | Mean: 0.0324, Std: 0.0110
2025-07-08 06:38:59,904 - Server_DefaultID - INFO - [Metric 1] Personalized ECE | Mean: 0.1636, Std: 0.0521
2025-07-08 06:38:59,904 - Server_DefaultID - INFO - [Metric 2] Epistemic Fidelity (Spearman Corr) | Mean: 0.2023, Std: 0.1923
2025-07-08 06:38:59,905 - Server_DefaultID - INFO - [Metric 3] Aleatoric Consistency (U) | Mean: nan, Std: nan
2025-07-08 06:38:59,905 - Server_DefaultID - INFO - New best personalized accuracy: 77.24%
2025-07-08 06:38:59,905 - Server_DefaultID - INFO - --- Global Round 101/200 ---
2025-07-08 06:40:26,855 - Server_DefaultID - INFO - [Overhead Analysis] Avg. KL-Div computation time per batch: 0.2682 ms
2025-07-08 06:40:26,855 - Server_DefaultID - INFO - [Overhead Analysis] Communication overhead per client for alpha_report: 40 bytes
2025-07-08 06:40:26,877 - Server_DefaultID - INFO - Global Prior Alpha Stats: Min=1.26, Max=1.40, Mean=1.30
2025-07-08 06:40:26,880 - Server_DefaultID - INFO - --- Global Round 102/200 ---
2025-07-08 06:42:41,201 - Server_DefaultID - INFO - [Overhead Analysis] Avg. KL-Div computation time per batch: 0.2738 ms
2025-07-08 06:42:41,201 - Server_DefaultID - INFO - [Overhead Analysis] Communication overhead per client for alpha_report: 40 bytes
2025-07-08 06:42:41,228 - Server_DefaultID - INFO - Global Prior Alpha Stats: Min=1.25, Max=1.35, Mean=1.30
2025-07-08 06:42:41,232 - Server_DefaultID - INFO - --- Global Round 103/200 ---
2025-07-08 06:44:41,186 - Server_DefaultID - INFO - [Overhead Analysis] Avg. KL-Div computation time per batch: 0.2756 ms
2025-07-08 06:44:41,187 - Server_DefaultID - INFO - [Overhead Analysis] Communication overhead per client for alpha_report: 40 bytes
2025-07-08 06:44:41,214 - Server_DefaultID - INFO - Global Prior Alpha Stats: Min=1.28, Max=1.34, Mean=1.30
2025-07-08 06:44:41,217 - Server_DefaultID - INFO - --- Global Round 104/200 ---
2025-07-08 06:46:46,074 - Server_DefaultID - INFO - [Overhead Analysis] Avg. KL-Div computation time per batch: 0.2703 ms
2025-07-08 06:46:46,074 - Server_DefaultID - INFO - [Overhead Analysis] Communication overhead per client for alpha_report: 40 bytes
2025-07-08 06:46:46,102 - Server_DefaultID - INFO - Global Prior Alpha Stats: Min=1.27, Max=1.33, Mean=1.30
2025-07-08 06:46:46,106 - Server_DefaultID - INFO - --- Global Round 105/200 ---
2025-07-08 06:48:31,680 - Server_DefaultID - INFO - [Overhead Analysis] Avg. KL-Div computation time per batch: 0.2729 ms
2025-07-08 06:48:31,680 - Server_DefaultID - INFO - [Overhead Analysis] Communication overhead per client for alpha_report: 40 bytes
2025-07-08 06:48:31,705 - Server_DefaultID - INFO - Global Prior Alpha Stats: Min=1.26, Max=1.37, Mean=1.30
2025-07-08 06:48:31,708 - Server_DefaultID - INFO - --- Global Round 106/200 ---
2025-07-08 06:50:19,680 - Server_DefaultID - INFO - [Overhead Analysis] Avg. KL-Div computation time per batch: 0.2704 ms
2025-07-08 06:50:19,680 - Server_DefaultID - INFO - [Overhead Analysis] Communication overhead per client for alpha_report: 40 bytes
2025-07-08 06:50:19,704 - Server_DefaultID - INFO - Global Prior Alpha Stats: Min=1.28, Max=1.36, Mean=1.30
2025-07-08 06:50:19,707 - Server_DefaultID - INFO - --- Global Round 107/200 ---
2025-07-08 06:52:31,082 - Server_DefaultID - INFO - [Overhead Analysis] Avg. KL-Div computation time per batch: 0.2743 ms
2025-07-08 06:52:31,082 - Server_DefaultID - INFO - [Overhead Analysis] Communication overhead per client for alpha_report: 40 bytes
2025-07-08 06:52:31,109 - Server_DefaultID - INFO - Global Prior Alpha Stats: Min=1.21, Max=1.37, Mean=1.30
2025-07-08 06:52:31,113 - Server_DefaultID - INFO - --- Global Round 108/200 ---
2025-07-08 06:54:23,687 - Server_DefaultID - INFO - [Overhead Analysis] Avg. KL-Div computation time per batch: 0.2757 ms
2025-07-08 06:54:23,687 - Server_DefaultID - INFO - [Overhead Analysis] Communication overhead per client for alpha_report: 40 bytes
2025-07-08 06:54:23,711 - Server_DefaultID - INFO - Global Prior Alpha Stats: Min=1.25, Max=1.36, Mean=1.30
2025-07-08 06:54:23,715 - Server_DefaultID - INFO - --- Global Round 109/200 ---
2025-07-08 06:56:01,214 - Server_DefaultID - INFO - [Overhead Analysis] Avg. KL-Div computation time per batch: 0.2666 ms
2025-07-08 06:56:01,214 - Server_DefaultID - INFO - [Overhead Analysis] Communication overhead per client for alpha_report: 40 bytes
2025-07-08 06:56:01,237 - Server_DefaultID - INFO - Global Prior Alpha Stats: Min=1.25, Max=1.36, Mean=1.30
2025-07-08 06:56:01,240 - Server_DefaultID - INFO - --- Global Round 110/200 ---
2025-07-08 06:58:04,557 - Server_DefaultID - INFO - [Overhead Analysis] Avg. KL-Div computation time per batch: 0.2722 ms
2025-07-08 06:58:04,558 - Server_DefaultID - INFO - [Overhead Analysis] Communication overhead per client for alpha_report: 40 bytes
2025-07-08 06:58:04,584 - Server_DefaultID - INFO - Global Prior Alpha Stats: Min=1.27, Max=1.34, Mean=1.30
2025-07-08 06:58:04,588 - Server_DefaultID - INFO - --- Global Round 111/200 ---
2025-07-08 07:00:12,656 - Server_DefaultID - INFO - [Overhead Analysis] Avg. KL-Div computation time per batch: 0.2719 ms
2025-07-08 07:00:12,656 - Server_DefaultID - INFO - [Overhead Analysis] Communication overhead per client for alpha_report: 40 bytes
2025-07-08 07:00:12,683 - Server_DefaultID - INFO - Global Prior Alpha Stats: Min=1.27, Max=1.33, Mean=1.30
2025-07-08 07:00:12,687 - Server_DefaultID - INFO - --- Global Round 112/200 ---
2025-07-08 07:02:30,938 - Server_DefaultID - INFO - [Overhead Analysis] Avg. KL-Div computation time per batch: 0.2649 ms
2025-07-08 07:02:30,938 - Server_DefaultID - INFO - [Overhead Analysis] Communication overhead per client for alpha_report: 40 bytes
2025-07-08 07:02:30,965 - Server_DefaultID - INFO - Global Prior Alpha Stats: Min=1.24, Max=1.33, Mean=1.30
2025-07-08 07:02:30,969 - Server_DefaultID - INFO - --- Global Round 113/200 ---
2025-07-08 07:04:19,078 - Server_DefaultID - INFO - [Overhead Analysis] Avg. KL-Div computation time per batch: 0.2671 ms
2025-07-08 07:04:19,078 - Server_DefaultID - INFO - [Overhead Analysis] Communication overhead per client for alpha_report: 40 bytes
2025-07-08 07:04:19,116 - Server_DefaultID - INFO - Global Prior Alpha Stats: Min=1.25, Max=1.40, Mean=1.30
2025-07-08 07:04:19,120 - Server_DefaultID - INFO - --- Global Round 114/200 ---
2025-07-08 07:06:19,888 - Server_DefaultID - INFO - [Overhead Analysis] Avg. KL-Div computation time per batch: 0.2696 ms
2025-07-08 07:06:19,888 - Server_DefaultID - INFO - [Overhead Analysis] Communication overhead per client for alpha_report: 40 bytes
2025-07-08 07:06:19,911 - Server_DefaultID - INFO - Global Prior Alpha Stats: Min=1.25, Max=1.39, Mean=1.30
2025-07-08 07:06:19,914 - Server_DefaultID - INFO - --- Global Round 115/200 ---
2025-07-08 07:08:18,729 - Server_DefaultID - INFO - [Overhead Analysis] Avg. KL-Div computation time per batch: 0.2688 ms
2025-07-08 07:08:18,730 - Server_DefaultID - INFO - [Overhead Analysis] Communication overhead per client for alpha_report: 40 bytes
2025-07-08 07:08:18,755 - Server_DefaultID - INFO - Global Prior Alpha Stats: Min=1.23, Max=1.36, Mean=1.30
2025-07-08 07:08:18,759 - Server_DefaultID - INFO - --- Global Round 116/200 ---
2025-07-08 07:09:57,488 - Server_DefaultID - INFO - [Overhead Analysis] Avg. KL-Div computation time per batch: 0.2693 ms
2025-07-08 07:09:57,488 - Server_DefaultID - INFO - [Overhead Analysis] Communication overhead per client for alpha_report: 40 bytes
2025-07-08 07:09:57,509 - Server_DefaultID - INFO - Global Prior Alpha Stats: Min=1.27, Max=1.39, Mean=1.30
2025-07-08 07:09:57,511 - Server_DefaultID - INFO - --- Global Round 117/200 ---
2025-07-08 07:12:26,790 - Server_DefaultID - INFO - [Overhead Analysis] Avg. KL-Div computation time per batch: 0.2695 ms
2025-07-08 07:12:26,790 - Server_DefaultID - INFO - [Overhead Analysis] Communication overhead per client for alpha_report: 40 bytes
2025-07-08 07:12:26,831 - Server_DefaultID - INFO - Global Prior Alpha Stats: Min=1.26, Max=1.42, Mean=1.30
2025-07-08 07:12:26,836 - Server_DefaultID - INFO - --- Global Round 118/200 ---
2025-07-08 07:13:56,933 - Server_DefaultID - INFO - [Overhead Analysis] Avg. KL-Div computation time per batch: 0.2661 ms
2025-07-08 07:13:56,933 - Server_DefaultID - INFO - [Overhead Analysis] Communication overhead per client for alpha_report: 40 bytes
2025-07-08 07:13:56,952 - Server_DefaultID - INFO - Global Prior Alpha Stats: Min=1.26, Max=1.38, Mean=1.30
2025-07-08 07:13:56,954 - Server_DefaultID - INFO - --- Global Round 119/200 ---
2025-07-08 07:15:15,895 - Server_DefaultID - INFO - [Overhead Analysis] Avg. KL-Div computation time per batch: 0.2688 ms
2025-07-08 07:15:15,896 - Server_DefaultID - INFO - [Overhead Analysis] Communication overhead per client for alpha_report: 40 bytes
2025-07-08 07:15:15,914 - Server_DefaultID - INFO - Global Prior Alpha Stats: Min=1.22, Max=1.37, Mean=1.30
2025-07-08 07:15:15,917 - Server_DefaultID - INFO - --- Global Round 120/200 ---
2025-07-08 07:17:50,900 - Server_DefaultID - INFO - [Overhead Analysis] Avg. KL-Div computation time per batch: 0.2694 ms
2025-07-08 07:17:50,900 - Server_DefaultID - INFO - [Overhead Analysis] Communication overhead per client for alpha_report: 40 bytes
2025-07-08 07:17:50,931 - Server_DefaultID - INFO - Global Prior Alpha Stats: Min=1.26, Max=1.33, Mean=1.30
2025-07-08 07:17:50,935 - Server_DefaultID - INFO - --- Evaluating models at round 120 with Advanced Uncertainty Metrics ---
2025-07-08 07:19:13,888 - Server_DefaultID - INFO - [Metric 1] Personalized Accuracy | Mean: 78.66%, Std: 8.94, Min: 47.62, Max: 100.00
2025-07-08 07:19:13,889 - Server_DefaultID - INFO - [Metric 1] Personalized Brier Score | Mean: 0.0311, Std: 0.0108
2025-07-08 07:19:13,889 - Server_DefaultID - INFO - [Metric 1] Personalized ECE | Mean: 0.1570, Std: 0.0500
2025-07-08 07:19:13,889 - Server_DefaultID - INFO - [Metric 2] Epistemic Fidelity (Spearman Corr) | Mean: 0.2136, Std: 0.1840
2025-07-08 07:19:13,889 - Server_DefaultID - INFO - [Metric 3] Aleatoric Consistency (U) | Mean: nan, Std: nan
2025-07-08 07:19:13,889 - Server_DefaultID - INFO - New best personalized accuracy: 78.66%
2025-07-08 07:19:13,889 - Server_DefaultID - INFO - --- Global Round 121/200 ---
2025-07-08 07:21:10,128 - Server_DefaultID - INFO - [Overhead Analysis] Avg. KL-Div computation time per batch: 0.2706 ms
2025-07-08 07:21:10,129 - Server_DefaultID - INFO - [Overhead Analysis] Communication overhead per client for alpha_report: 40 bytes
2025-07-08 07:21:10,152 - Server_DefaultID - INFO - Global Prior Alpha Stats: Min=1.27, Max=1.33, Mean=1.31
2025-07-08 07:21:10,156 - Server_DefaultID - INFO - --- Global Round 122/200 ---
2025-07-08 07:23:41,737 - Server_DefaultID - INFO - [Overhead Analysis] Avg. KL-Div computation time per batch: 0.2737 ms
2025-07-08 07:23:41,737 - Server_DefaultID - INFO - [Overhead Analysis] Communication overhead per client for alpha_report: 40 bytes
2025-07-08 07:23:41,786 - Server_DefaultID - INFO - Global Prior Alpha Stats: Min=1.24, Max=1.34, Mean=1.30
2025-07-08 07:23:41,791 - Server_DefaultID - INFO - --- Global Round 123/200 ---
2025-07-08 07:25:31,669 - Server_DefaultID - INFO - [Overhead Analysis] Avg. KL-Div computation time per batch: 0.2736 ms
2025-07-08 07:25:31,669 - Server_DefaultID - INFO - [Overhead Analysis] Communication overhead per client for alpha_report: 40 bytes
2025-07-08 07:25:31,693 - Server_DefaultID - INFO - Global Prior Alpha Stats: Min=1.24, Max=1.39, Mean=1.30
2025-07-08 07:25:31,697 - Server_DefaultID - INFO - --- Global Round 124/200 ---
2025-07-08 07:28:21,518 - Server_DefaultID - INFO - [Overhead Analysis] Avg. KL-Div computation time per batch: 0.2740 ms
2025-07-08 07:28:21,518 - Server_DefaultID - INFO - [Overhead Analysis] Communication overhead per client for alpha_report: 40 bytes
2025-07-08 07:28:21,551 - Server_DefaultID - INFO - Global Prior Alpha Stats: Min=1.27, Max=1.34, Mean=1.30
2025-07-08 07:28:21,556 - Server_DefaultID - INFO - --- Global Round 125/200 ---
2025-07-08 07:30:47,134 - Server_DefaultID - INFO - [Overhead Analysis] Avg. KL-Div computation time per batch: 0.2724 ms
2025-07-08 07:30:47,135 - Server_DefaultID - INFO - [Overhead Analysis] Communication overhead per client for alpha_report: 40 bytes
2025-07-08 07:30:47,166 - Server_DefaultID - INFO - Global Prior Alpha Stats: Min=1.27, Max=1.37, Mean=1.30
2025-07-08 07:30:47,170 - Server_DefaultID - INFO - --- Global Round 126/200 ---
2025-07-08 07:32:40,570 - Server_DefaultID - INFO - [Overhead Analysis] Avg. KL-Div computation time per batch: 0.2737 ms
2025-07-08 07:32:40,570 - Server_DefaultID - INFO - [Overhead Analysis] Communication overhead per client for alpha_report: 40 bytes
2025-07-08 07:32:40,597 - Server_DefaultID - INFO - Global Prior Alpha Stats: Min=1.27, Max=1.33, Mean=1.30
2025-07-08 07:32:40,601 - Server_DefaultID - INFO - --- Global Round 127/200 ---
2025-07-08 07:34:14,047 - Server_DefaultID - INFO - [Overhead Analysis] Avg. KL-Div computation time per batch: 0.2768 ms
2025-07-08 07:34:14,047 - Server_DefaultID - INFO - [Overhead Analysis] Communication overhead per client for alpha_report: 40 bytes
2025-07-08 07:34:14,066 - Server_DefaultID - INFO - Global Prior Alpha Stats: Min=1.26, Max=1.36, Mean=1.30
2025-07-08 07:34:14,068 - Server_DefaultID - INFO - --- Global Round 128/200 ---
2025-07-08 07:36:32,118 - Server_DefaultID - INFO - [Overhead Analysis] Avg. KL-Div computation time per batch: 0.2728 ms
2025-07-08 07:36:32,118 - Server_DefaultID - INFO - [Overhead Analysis] Communication overhead per client for alpha_report: 40 bytes
2025-07-08 07:36:32,144 - Server_DefaultID - INFO - Global Prior Alpha Stats: Min=1.22, Max=1.38, Mean=1.30
2025-07-08 07:36:32,148 - Server_DefaultID - INFO - --- Global Round 129/200 ---
2025-07-08 07:38:16,364 - Server_DefaultID - INFO - [Overhead Analysis] Avg. KL-Div computation time per batch: 0.2759 ms
2025-07-08 07:38:16,364 - Server_DefaultID - INFO - [Overhead Analysis] Communication overhead per client for alpha_report: 40 bytes
2025-07-08 07:38:16,397 - Server_DefaultID - INFO - Global Prior Alpha Stats: Min=1.25, Max=1.33, Mean=1.30
2025-07-08 07:38:16,401 - Server_DefaultID - INFO - --- Global Round 130/200 ---
2025-07-08 07:40:43,949 - Server_DefaultID - INFO - [Overhead Analysis] Avg. KL-Div computation time per batch: 0.2712 ms
2025-07-08 07:40:43,949 - Server_DefaultID - INFO - [Overhead Analysis] Communication overhead per client for alpha_report: 40 bytes
2025-07-08 07:40:43,976 - Server_DefaultID - INFO - Global Prior Alpha Stats: Min=1.29, Max=1.33, Mean=1.30
2025-07-08 07:40:43,980 - Server_DefaultID - INFO - --- Global Round 131/200 ---
2025-07-08 07:42:43,960 - Server_DefaultID - INFO - [Overhead Analysis] Avg. KL-Div computation time per batch: 0.2700 ms
2025-07-08 07:42:43,960 - Server_DefaultID - INFO - [Overhead Analysis] Communication overhead per client for alpha_report: 40 bytes
2025-07-08 07:42:43,988 - Server_DefaultID - INFO - Global Prior Alpha Stats: Min=1.27, Max=1.33, Mean=1.30
2025-07-08 07:42:43,991 - Server_DefaultID - INFO - --- Global Round 132/200 ---
2025-07-08 07:44:29,445 - Server_DefaultID - INFO - [Overhead Analysis] Avg. KL-Div computation time per batch: 0.2736 ms
2025-07-08 07:44:29,446 - Server_DefaultID - INFO - [Overhead Analysis] Communication overhead per client for alpha_report: 40 bytes
2025-07-08 07:44:29,467 - Server_DefaultID - INFO - Global Prior Alpha Stats: Min=1.25, Max=1.38, Mean=1.31
2025-07-08 07:44:29,470 - Server_DefaultID - INFO - --- Global Round 133/200 ---
2025-07-08 07:46:16,499 - Server_DefaultID - INFO - [Overhead Analysis] Avg. KL-Div computation time per batch: 0.2708 ms
2025-07-08 07:46:16,499 - Server_DefaultID - INFO - [Overhead Analysis] Communication overhead per client for alpha_report: 40 bytes
2025-07-08 07:46:16,522 - Server_DefaultID - INFO - Global Prior Alpha Stats: Min=1.25, Max=1.37, Mean=1.30
2025-07-08 07:46:16,526 - Server_DefaultID - INFO - --- Global Round 134/200 ---
2025-07-08 07:48:13,561 - Server_DefaultID - INFO - [Overhead Analysis] Avg. KL-Div computation time per batch: 0.2675 ms
2025-07-08 07:48:13,561 - Server_DefaultID - INFO - [Overhead Analysis] Communication overhead per client for alpha_report: 40 bytes
2025-07-08 07:48:13,585 - Server_DefaultID - INFO - Global Prior Alpha Stats: Min=1.24, Max=1.38, Mean=1.30
2025-07-08 07:48:13,589 - Server_DefaultID - INFO - --- Global Round 135/200 ---
2025-07-08 07:50:06,625 - Server_DefaultID - INFO - [Overhead Analysis] Avg. KL-Div computation time per batch: 0.2723 ms
2025-07-08 07:50:06,625 - Server_DefaultID - INFO - [Overhead Analysis] Communication overhead per client for alpha_report: 40 bytes
2025-07-08 07:50:06,650 - Server_DefaultID - INFO - Global Prior Alpha Stats: Min=1.26, Max=1.38, Mean=1.30
2025-07-08 07:50:06,653 - Server_DefaultID - INFO - --- Global Round 136/200 ---
2025-07-08 07:52:08,947 - Server_DefaultID - INFO - [Overhead Analysis] Avg. KL-Div computation time per batch: 0.2697 ms
2025-07-08 07:52:08,947 - Server_DefaultID - INFO - [Overhead Analysis] Communication overhead per client for alpha_report: 40 bytes
2025-07-08 07:52:08,976 - Server_DefaultID - INFO - Global Prior Alpha Stats: Min=1.26, Max=1.38, Mean=1.30
2025-07-08 07:52:08,980 - Server_DefaultID - INFO - --- Global Round 137/200 ---
2025-07-08 07:54:15,906 - Server_DefaultID - INFO - [Overhead Analysis] Avg. KL-Div computation time per batch: 0.2713 ms
2025-07-08 07:54:15,906 - Server_DefaultID - INFO - [Overhead Analysis] Communication overhead per client for alpha_report: 40 bytes
2025-07-08 07:54:15,936 - Server_DefaultID - INFO - Global Prior Alpha Stats: Min=1.26, Max=1.39, Mean=1.30
2025-07-08 07:54:15,941 - Server_DefaultID - INFO - --- Global Round 138/200 ---
2025-07-08 07:56:39,479 - Server_DefaultID - INFO - [Overhead Analysis] Avg. KL-Div computation time per batch: 0.2707 ms
2025-07-08 07:56:39,479 - Server_DefaultID - INFO - [Overhead Analysis] Communication overhead per client for alpha_report: 40 bytes
2025-07-08 07:56:39,505 - Server_DefaultID - INFO - Global Prior Alpha Stats: Min=1.26, Max=1.35, Mean=1.30
2025-07-08 07:56:39,509 - Server_DefaultID - INFO - --- Global Round 139/200 ---
2025-07-08 07:59:11,673 - Server_DefaultID - INFO - [Overhead Analysis] Avg. KL-Div computation time per batch: 0.2698 ms
2025-07-08 07:59:11,673 - Server_DefaultID - INFO - [Overhead Analysis] Communication overhead per client for alpha_report: 40 bytes
2025-07-08 07:59:11,704 - Server_DefaultID - INFO - Global Prior Alpha Stats: Min=1.25, Max=1.38, Mean=1.30
2025-07-08 07:59:11,709 - Server_DefaultID - INFO - --- Global Round 140/200 ---
2025-07-08 08:00:40,639 - Server_DefaultID - INFO - [Overhead Analysis] Avg. KL-Div computation time per batch: 0.2736 ms
2025-07-08 08:00:40,639 - Server_DefaultID - INFO - [Overhead Analysis] Communication overhead per client for alpha_report: 40 bytes
2025-07-08 08:00:40,660 - Server_DefaultID - INFO - Global Prior Alpha Stats: Min=1.27, Max=1.34, Mean=1.31
2025-07-08 08:00:40,663 - Server_DefaultID - INFO - --- Evaluating models at round 140 with Advanced Uncertainty Metrics ---
2025-07-08 08:02:04,085 - Server_DefaultID - INFO - [Metric 1] Personalized Accuracy | Mean: 78.37%, Std: 9.57, Min: 51.72, Max: 96.77
2025-07-08 08:02:04,086 - Server_DefaultID - INFO - [Metric 1] Personalized Brier Score | Mean: 0.0307, Std: 0.0108
2025-07-08 08:02:04,086 - Server_DefaultID - INFO - [Metric 1] Personalized ECE | Mean: 0.1515, Std: 0.0453
2025-07-08 08:02:04,086 - Server_DefaultID - INFO - [Metric 2] Epistemic Fidelity (Spearman Corr) | Mean: 0.2622, Std: 0.2071
2025-07-08 08:02:04,086 - Server_DefaultID - INFO - [Metric 3] Aleatoric Consistency (U) | Mean: nan, Std: nan
2025-07-08 08:02:04,086 - Server_DefaultID - INFO - --- Global Round 141/200 ---
2025-07-08 08:03:53,820 - Server_DefaultID - INFO - [Overhead Analysis] Avg. KL-Div computation time per batch: 0.2654 ms
2025-07-08 08:03:53,820 - Server_DefaultID - INFO - [Overhead Analysis] Communication overhead per client for alpha_report: 40 bytes
2025-07-08 08:03:53,842 - Server_DefaultID - INFO - Global Prior Alpha Stats: Min=1.27, Max=1.33, Mean=1.30
2025-07-08 08:03:53,845 - Server_DefaultID - INFO - --- Global Round 142/200 ---
2025-07-08 08:06:13,942 - Server_DefaultID - INFO - [Overhead Analysis] Avg. KL-Div computation time per batch: 0.2789 ms
2025-07-08 08:06:13,942 - Server_DefaultID - INFO - [Overhead Analysis] Communication overhead per client for alpha_report: 40 bytes
2025-07-08 08:06:13,971 - Server_DefaultID - INFO - Global Prior Alpha Stats: Min=1.24, Max=1.40, Mean=1.30
2025-07-08 08:06:13,975 - Server_DefaultID - INFO - --- Global Round 143/200 ---
2025-07-08 08:07:45,840 - Server_DefaultID - INFO - [Overhead Analysis] Avg. KL-Div computation time per batch: 0.2701 ms
2025-07-08 08:07:45,840 - Server_DefaultID - INFO - [Overhead Analysis] Communication overhead per client for alpha_report: 40 bytes
2025-07-08 08:07:45,863 - Server_DefaultID - INFO - Global Prior Alpha Stats: Min=1.25, Max=1.38, Mean=1.30
2025-07-08 08:07:45,866 - Server_DefaultID - INFO - --- Global Round 144/200 ---
2025-07-08 08:09:36,383 - Server_DefaultID - INFO - [Overhead Analysis] Avg. KL-Div computation time per batch: 0.2739 ms
2025-07-08 08:09:36,383 - Server_DefaultID - INFO - [Overhead Analysis] Communication overhead per client for alpha_report: 40 bytes
2025-07-08 08:09:36,406 - Server_DefaultID - INFO - Global Prior Alpha Stats: Min=1.26, Max=1.36, Mean=1.30
2025-07-08 08:09:36,410 - Server_DefaultID - INFO - --- Global Round 145/200 ---
2025-07-08 08:11:42,435 - Server_DefaultID - INFO - [Overhead Analysis] Avg. KL-Div computation time per batch: 0.2765 ms
2025-07-08 08:11:42,435 - Server_DefaultID - INFO - [Overhead Analysis] Communication overhead per client for alpha_report: 40 bytes
2025-07-08 08:11:42,461 - Server_DefaultID - INFO - Global Prior Alpha Stats: Min=1.26, Max=1.36, Mean=1.30
2025-07-08 08:11:42,465 - Server_DefaultID - INFO - --- Global Round 146/200 ---
2025-07-08 08:13:18,253 - Server_DefaultID - INFO - [Overhead Analysis] Avg. KL-Div computation time per batch: 0.2688 ms
2025-07-08 08:13:18,253 - Server_DefaultID - INFO - [Overhead Analysis] Communication overhead per client for alpha_report: 40 bytes
2025-07-08 08:13:18,276 - Server_DefaultID - INFO - Global Prior Alpha Stats: Min=1.26, Max=1.40, Mean=1.30
2025-07-08 08:13:18,278 - Server_DefaultID - INFO - --- Global Round 147/200 ---
2025-07-08 08:14:57,164 - Server_DefaultID - INFO - [Overhead Analysis] Avg. KL-Div computation time per batch: 0.2721 ms
2025-07-08 08:14:57,164 - Server_DefaultID - INFO - [Overhead Analysis] Communication overhead per client for alpha_report: 40 bytes
2025-07-08 08:14:57,188 - Server_DefaultID - INFO - Global Prior Alpha Stats: Min=1.23, Max=1.35, Mean=1.30
2025-07-08 08:14:57,192 - Server_DefaultID - INFO - --- Global Round 148/200 ---
2025-07-08 08:17:11,088 - Server_DefaultID - INFO - [Overhead Analysis] Avg. KL-Div computation time per batch: 0.2754 ms
2025-07-08 08:17:11,088 - Server_DefaultID - INFO - [Overhead Analysis] Communication overhead per client for alpha_report: 40 bytes
2025-07-08 08:17:11,128 - Server_DefaultID - INFO - Global Prior Alpha Stats: Min=1.25, Max=1.35, Mean=1.30
2025-07-08 08:17:11,132 - Server_DefaultID - INFO - --- Global Round 149/200 ---
2025-07-08 08:18:27,411 - Server_DefaultID - INFO - [Overhead Analysis] Avg. KL-Div computation time per batch: 0.2730 ms
2025-07-08 08:18:27,411 - Server_DefaultID - INFO - [Overhead Analysis] Communication overhead per client for alpha_report: 40 bytes
2025-07-08 08:18:27,430 - Server_DefaultID - INFO - Global Prior Alpha Stats: Min=1.27, Max=1.38, Mean=1.30
2025-07-08 08:18:27,433 - Server_DefaultID - INFO - --- Global Round 150/200 ---
2025-07-08 08:19:44,356 - Server_DefaultID - INFO - [Overhead Analysis] Avg. KL-Div computation time per batch: 0.2713 ms
2025-07-08 08:19:44,356 - Server_DefaultID - INFO - [Overhead Analysis] Communication overhead per client for alpha_report: 40 bytes
2025-07-08 08:19:44,371 - Server_DefaultID - INFO - Global Prior Alpha Stats: Min=1.27, Max=1.39, Mean=1.30
2025-07-08 08:19:44,374 - Server_DefaultID - INFO - --- Global Round 151/200 ---
2025-07-08 08:21:14,070 - Server_DefaultID - INFO - [Overhead Analysis] Avg. KL-Div computation time per batch: 0.2731 ms
2025-07-08 08:21:14,070 - Server_DefaultID - INFO - [Overhead Analysis] Communication overhead per client for alpha_report: 40 bytes
2025-07-08 08:21:14,090 - Server_DefaultID - INFO - Global Prior Alpha Stats: Min=1.25, Max=1.38, Mean=1.30
2025-07-08 08:21:14,093 - Server_DefaultID - INFO - --- Global Round 152/200 ---
2025-07-08 08:22:26,990 - Server_DefaultID - INFO - [Overhead Analysis] Avg. KL-Div computation time per batch: 0.2715 ms
2025-07-08 08:22:26,990 - Server_DefaultID - INFO - [Overhead Analysis] Communication overhead per client for alpha_report: 40 bytes
2025-07-08 08:22:27,007 - Server_DefaultID - INFO - Global Prior Alpha Stats: Min=1.23, Max=1.38, Mean=1.30
2025-07-08 08:22:27,009 - Server_DefaultID - INFO - --- Global Round 153/200 ---
2025-07-08 08:24:53,066 - Server_DefaultID - INFO - [Overhead Analysis] Avg. KL-Div computation time per batch: 0.2685 ms
2025-07-08 08:24:53,066 - Server_DefaultID - INFO - [Overhead Analysis] Communication overhead per client for alpha_report: 40 bytes
2025-07-08 08:24:53,096 - Server_DefaultID - INFO - Global Prior Alpha Stats: Min=1.26, Max=1.38, Mean=1.30
2025-07-08 08:24:53,101 - Server_DefaultID - INFO - --- Global Round 154/200 ---
2025-07-08 08:26:37,855 - Server_DefaultID - INFO - [Overhead Analysis] Avg. KL-Div computation time per batch: 0.2706 ms
2025-07-08 08:26:37,855 - Server_DefaultID - INFO - [Overhead Analysis] Communication overhead per client for alpha_report: 40 bytes
2025-07-08 08:26:37,877 - Server_DefaultID - INFO - Global Prior Alpha Stats: Min=1.25, Max=1.38, Mean=1.30
2025-07-08 08:26:37,880 - Server_DefaultID - INFO - --- Global Round 155/200 ---
2025-07-08 08:28:57,491 - Server_DefaultID - INFO - [Overhead Analysis] Avg. KL-Div computation time per batch: 0.2732 ms
2025-07-08 08:28:57,491 - Server_DefaultID - INFO - [Overhead Analysis] Communication overhead per client for alpha_report: 40 bytes
2025-07-08 08:28:57,520 - Server_DefaultID - INFO - Global Prior Alpha Stats: Min=1.27, Max=1.35, Mean=1.30
2025-07-08 08:28:57,525 - Server_DefaultID - INFO - --- Global Round 156/200 ---
2025-07-08 08:31:03,898 - Server_DefaultID - INFO - [Overhead Analysis] Avg. KL-Div computation time per batch: 0.2690 ms
2025-07-08 08:31:03,898 - Server_DefaultID - INFO - [Overhead Analysis] Communication overhead per client for alpha_report: 40 bytes
2025-07-08 08:31:03,924 - Server_DefaultID - INFO - Global Prior Alpha Stats: Min=1.24, Max=1.38, Mean=1.30
2025-07-08 08:31:03,928 - Server_DefaultID - INFO - --- Global Round 157/200 ---
2025-07-08 08:33:00,786 - Server_DefaultID - INFO - [Overhead Analysis] Avg. KL-Div computation time per batch: 0.2746 ms
2025-07-08 08:33:00,786 - Server_DefaultID - INFO - [Overhead Analysis] Communication overhead per client for alpha_report: 40 bytes
2025-07-08 08:33:00,813 - Server_DefaultID - INFO - Global Prior Alpha Stats: Min=1.25, Max=1.36, Mean=1.30
2025-07-08 08:33:00,816 - Server_DefaultID - INFO - --- Global Round 158/200 ---
2025-07-08 08:34:23,858 - Server_DefaultID - INFO - [Overhead Analysis] Avg. KL-Div computation time per batch: 0.2741 ms
2025-07-08 08:34:23,858 - Server_DefaultID - INFO - [Overhead Analysis] Communication overhead per client for alpha_report: 40 bytes
2025-07-08 08:34:23,877 - Server_DefaultID - INFO - Global Prior Alpha Stats: Min=1.25, Max=1.39, Mean=1.30
2025-07-08 08:34:23,879 - Server_DefaultID - INFO - --- Global Round 159/200 ---
2025-07-08 08:36:31,438 - Server_DefaultID - INFO - [Overhead Analysis] Avg. KL-Div computation time per batch: 0.2708 ms
2025-07-08 08:36:31,439 - Server_DefaultID - INFO - [Overhead Analysis] Communication overhead per client for alpha_report: 40 bytes
2025-07-08 08:36:31,473 - Server_DefaultID - INFO - Global Prior Alpha Stats: Min=1.26, Max=1.35, Mean=1.30
2025-07-08 08:36:31,478 - Server_DefaultID - INFO - --- Global Round 160/200 ---
2025-07-08 08:38:18,422 - Server_DefaultID - INFO - [Overhead Analysis] Avg. KL-Div computation time per batch: 0.2706 ms
2025-07-08 08:38:18,422 - Server_DefaultID - INFO - [Overhead Analysis] Communication overhead per client for alpha_report: 40 bytes
2025-07-08 08:38:18,443 - Server_DefaultID - INFO - Global Prior Alpha Stats: Min=1.26, Max=1.38, Mean=1.30
2025-07-08 08:38:18,446 - Server_DefaultID - INFO - --- Evaluating models at round 160 with Advanced Uncertainty Metrics ---
2025-07-08 08:39:42,713 - Server_DefaultID - INFO - [Metric 1] Personalized Accuracy | Mean: 79.36%, Std: 8.43, Min: 52.38, Max: 96.97
2025-07-08 08:39:42,714 - Server_DefaultID - INFO - [Metric 1] Personalized Brier Score | Mean: 0.0298, Std: 0.0103
2025-07-08 08:39:42,714 - Server_DefaultID - INFO - [Metric 1] Personalized ECE | Mean: 0.1524, Std: 0.0510
2025-07-08 08:39:42,714 - Server_DefaultID - INFO - [Metric 2] Epistemic Fidelity (Spearman Corr) | Mean: 0.2673, Std: 0.1912
2025-07-08 08:39:42,714 - Server_DefaultID - INFO - [Metric 3] Aleatoric Consistency (U) | Mean: nan, Std: nan
2025-07-08 08:39:42,714 - Server_DefaultID - INFO - New best personalized accuracy: 79.36%
2025-07-08 08:39:42,714 - Server_DefaultID - INFO - --- Global Round 161/200 ---
2025-07-08 08:41:31,366 - Server_DefaultID - INFO - [Overhead Analysis] Avg. KL-Div computation time per batch: 0.2770 ms
2025-07-08 08:41:31,366 - Server_DefaultID - INFO - [Overhead Analysis] Communication overhead per client for alpha_report: 40 bytes
2025-07-08 08:41:31,395 - Server_DefaultID - INFO - Global Prior Alpha Stats: Min=1.26, Max=1.35, Mean=1.30
2025-07-08 08:41:31,398 - Server_DefaultID - INFO - --- Global Round 162/200 ---
2025-07-08 08:43:15,311 - Server_DefaultID - INFO - [Overhead Analysis] Avg. KL-Div computation time per batch: 0.2724 ms
2025-07-08 08:43:15,312 - Server_DefaultID - INFO - [Overhead Analysis] Communication overhead per client for alpha_report: 40 bytes
2025-07-08 08:43:15,334 - Server_DefaultID - INFO - Global Prior Alpha Stats: Min=1.26, Max=1.35, Mean=1.31
2025-07-08 08:43:15,338 - Server_DefaultID - INFO - --- Global Round 163/200 ---
2025-07-08 08:45:16,030 - Server_DefaultID - INFO - [Overhead Analysis] Avg. KL-Div computation time per batch: 0.2749 ms
2025-07-08 08:45:16,030 - Server_DefaultID - INFO - [Overhead Analysis] Communication overhead per client for alpha_report: 40 bytes
2025-07-08 08:45:16,057 - Server_DefaultID - INFO - Global Prior Alpha Stats: Min=1.25, Max=1.37, Mean=1.30
2025-07-08 08:45:16,061 - Server_DefaultID - INFO - --- Global Round 164/200 ---
2025-07-08 08:46:50,229 - Server_DefaultID - INFO - [Overhead Analysis] Avg. KL-Div computation time per batch: 0.2698 ms
2025-07-08 08:46:50,229 - Server_DefaultID - INFO - [Overhead Analysis] Communication overhead per client for alpha_report: 40 bytes
2025-07-08 08:46:50,250 - Server_DefaultID - INFO - Global Prior Alpha Stats: Min=1.27, Max=1.34, Mean=1.30
2025-07-08 08:46:50,253 - Server_DefaultID - INFO - --- Global Round 165/200 ---
2025-07-08 08:48:39,907 - Server_DefaultID - INFO - [Overhead Analysis] Avg. KL-Div computation time per batch: 0.2713 ms
2025-07-08 08:48:39,907 - Server_DefaultID - INFO - [Overhead Analysis] Communication overhead per client for alpha_report: 40 bytes
2025-07-08 08:48:39,932 - Server_DefaultID - INFO - Global Prior Alpha Stats: Min=1.26, Max=1.37, Mean=1.30
2025-07-08 08:48:39,936 - Server_DefaultID - INFO - --- Global Round 166/200 ---
2025-07-08 08:50:44,133 - Server_DefaultID - INFO - [Overhead Analysis] Avg. KL-Div computation time per batch: 0.2770 ms
2025-07-08 08:50:44,134 - Server_DefaultID - INFO - [Overhead Analysis] Communication overhead per client for alpha_report: 40 bytes
2025-07-08 08:50:44,157 - Server_DefaultID - INFO - Global Prior Alpha Stats: Min=1.26, Max=1.41, Mean=1.30
2025-07-08 08:50:44,161 - Server_DefaultID - INFO - --- Global Round 167/200 ---
2025-07-08 08:52:25,743 - Server_DefaultID - INFO - [Overhead Analysis] Avg. KL-Div computation time per batch: 0.2736 ms
2025-07-08 08:52:25,744 - Server_DefaultID - INFO - [Overhead Analysis] Communication overhead per client for alpha_report: 40 bytes
2025-07-08 08:52:25,766 - Server_DefaultID - INFO - Global Prior Alpha Stats: Min=1.27, Max=1.35, Mean=1.30
2025-07-08 08:52:25,769 - Server_DefaultID - INFO - --- Global Round 168/200 ---
2025-07-08 08:54:30,931 - Server_DefaultID - INFO - [Overhead Analysis] Avg. KL-Div computation time per batch: 0.2726 ms
2025-07-08 08:54:30,931 - Server_DefaultID - INFO - [Overhead Analysis] Communication overhead per client for alpha_report: 40 bytes
2025-07-08 08:54:30,958 - Server_DefaultID - INFO - Global Prior Alpha Stats: Min=1.29, Max=1.33, Mean=1.30
2025-07-08 08:54:30,961 - Server_DefaultID - INFO - --- Global Round 169/200 ---
2025-07-08 08:56:35,988 - Server_DefaultID - INFO - [Overhead Analysis] Avg. KL-Div computation time per batch: 0.2746 ms
2025-07-08 08:56:35,989 - Server_DefaultID - INFO - [Overhead Analysis] Communication overhead per client for alpha_report: 40 bytes
2025-07-08 08:56:36,018 - Server_DefaultID - INFO - Global Prior Alpha Stats: Min=1.27, Max=1.33, Mean=1.30
2025-07-08 08:56:36,022 - Server_DefaultID - INFO - --- Global Round 170/200 ---
2025-07-08 08:58:34,189 - Server_DefaultID - INFO - [Overhead Analysis] Avg. KL-Div computation time per batch: 0.2781 ms
2025-07-08 08:58:34,189 - Server_DefaultID - INFO - [Overhead Analysis] Communication overhead per client for alpha_report: 40 bytes
2025-07-08 08:58:34,211 - Server_DefaultID - INFO - Global Prior Alpha Stats: Min=1.25, Max=1.38, Mean=1.30
2025-07-08 08:58:34,215 - Server_DefaultID - INFO - --- Global Round 171/200 ---
2025-07-08 09:00:41,646 - Server_DefaultID - INFO - [Overhead Analysis] Avg. KL-Div computation time per batch: 0.2706 ms
2025-07-08 09:00:41,646 - Server_DefaultID - INFO - [Overhead Analysis] Communication overhead per client for alpha_report: 40 bytes
2025-07-08 09:00:41,672 - Server_DefaultID - INFO - Global Prior Alpha Stats: Min=1.27, Max=1.35, Mean=1.30
2025-07-08 09:00:41,676 - Server_DefaultID - INFO - --- Global Round 172/200 ---
2025-07-08 09:03:01,290 - Server_DefaultID - INFO - [Overhead Analysis] Avg. KL-Div computation time per batch: 0.2725 ms
2025-07-08 09:03:01,290 - Server_DefaultID - INFO - [Overhead Analysis] Communication overhead per client for alpha_report: 40 bytes
2025-07-08 09:03:01,321 - Server_DefaultID - INFO - Global Prior Alpha Stats: Min=1.27, Max=1.34, Mean=1.30
2025-07-08 09:03:01,325 - Server_DefaultID - INFO - --- Global Round 173/200 ---
2025-07-08 09:05:05,790 - Server_DefaultID - INFO - [Overhead Analysis] Avg. KL-Div computation time per batch: 0.2672 ms
2025-07-08 09:05:05,790 - Server_DefaultID - INFO - [Overhead Analysis] Communication overhead per client for alpha_report: 40 bytes
2025-07-08 09:05:05,816 - Server_DefaultID - INFO - Global Prior Alpha Stats: Min=1.25, Max=1.43, Mean=1.30
2025-07-08 09:05:05,820 - Server_DefaultID - INFO - --- Global Round 174/200 ---
2025-07-08 09:06:35,328 - Server_DefaultID - INFO - [Overhead Analysis] Avg. KL-Div computation time per batch: 0.2654 ms
2025-07-08 09:06:35,328 - Server_DefaultID - INFO - [Overhead Analysis] Communication overhead per client for alpha_report: 40 bytes
2025-07-08 09:06:35,349 - Server_DefaultID - INFO - Global Prior Alpha Stats: Min=1.22, Max=1.38, Mean=1.30
2025-07-08 09:06:35,353 - Server_DefaultID - INFO - --- Global Round 175/200 ---
2025-07-08 09:08:14,753 - Server_DefaultID - INFO - [Overhead Analysis] Avg. KL-Div computation time per batch: 0.2732 ms
2025-07-08 09:08:14,753 - Server_DefaultID - INFO - [Overhead Analysis] Communication overhead per client for alpha_report: 40 bytes
2025-07-08 09:08:14,773 - Server_DefaultID - INFO - Global Prior Alpha Stats: Min=1.25, Max=1.36, Mean=1.30
2025-07-08 09:08:14,776 - Server_DefaultID - INFO - --- Global Round 176/200 ---
2025-07-08 09:10:30,697 - Server_DefaultID - INFO - [Overhead Analysis] Avg. KL-Div computation time per batch: 0.2720 ms
2025-07-08 09:10:30,697 - Server_DefaultID - INFO - [Overhead Analysis] Communication overhead per client for alpha_report: 40 bytes
2025-07-08 09:10:30,726 - Server_DefaultID - INFO - Global Prior Alpha Stats: Min=1.28, Max=1.33, Mean=1.30
2025-07-08 09:10:30,730 - Server_DefaultID - INFO - --- Global Round 177/200 ---
2025-07-08 09:12:21,413 - Server_DefaultID - INFO - [Overhead Analysis] Avg. KL-Div computation time per batch: 0.2698 ms
2025-07-08 09:12:21,414 - Server_DefaultID - INFO - [Overhead Analysis] Communication overhead per client for alpha_report: 40 bytes
2025-07-08 09:12:21,437 - Server_DefaultID - INFO - Global Prior Alpha Stats: Min=1.26, Max=1.34, Mean=1.30
2025-07-08 09:12:21,440 - Server_DefaultID - INFO - --- Global Round 178/200 ---
2025-07-08 09:14:25,811 - Server_DefaultID - INFO - [Overhead Analysis] Avg. KL-Div computation time per batch: 0.2695 ms
2025-07-08 09:14:25,811 - Server_DefaultID - INFO - [Overhead Analysis] Communication overhead per client for alpha_report: 40 bytes
2025-07-08 09:14:25,836 - Server_DefaultID - INFO - Global Prior Alpha Stats: Min=1.24, Max=1.34, Mean=1.30
2025-07-08 09:14:25,840 - Server_DefaultID - INFO - --- Global Round 179/200 ---
2025-07-08 09:16:12,179 - Server_DefaultID - INFO - [Overhead Analysis] Avg. KL-Div computation time per batch: 0.2684 ms
2025-07-08 09:16:12,179 - Server_DefaultID - INFO - [Overhead Analysis] Communication overhead per client for alpha_report: 40 bytes
2025-07-08 09:16:12,201 - Server_DefaultID - INFO - Global Prior Alpha Stats: Min=1.25, Max=1.36, Mean=1.30
2025-07-08 09:16:12,205 - Server_DefaultID - INFO - --- Global Round 180/200 ---
2025-07-08 09:18:15,457 - Server_DefaultID - INFO - [Overhead Analysis] Avg. KL-Div computation time per batch: 0.2725 ms
2025-07-08 09:18:15,457 - Server_DefaultID - INFO - [Overhead Analysis] Communication overhead per client for alpha_report: 40 bytes
2025-07-08 09:18:15,480 - Server_DefaultID - INFO - Global Prior Alpha Stats: Min=1.27, Max=1.34, Mean=1.30
2025-07-08 09:18:15,484 - Server_DefaultID - INFO - --- Evaluating models at round 180 with Advanced Uncertainty Metrics ---
2025-07-08 09:19:38,528 - Server_DefaultID - INFO - [Metric 1] Personalized Accuracy | Mean: 79.78%, Std: 8.45, Min: 52.38, Max: 100.00
2025-07-08 09:19:38,528 - Server_DefaultID - INFO - [Metric 1] Personalized Brier Score | Mean: 0.0298, Std: 0.0104
2025-07-08 09:19:38,528 - Server_DefaultID - INFO - [Metric 1] Personalized ECE | Mean: 0.1647, Std: 0.0569
2025-07-08 09:19:38,528 - Server_DefaultID - INFO - [Metric 2] Epistemic Fidelity (Spearman Corr) | Mean: 0.2900, Std: 0.1948
2025-07-08 09:19:38,528 - Server_DefaultID - INFO - [Metric 3] Aleatoric Consistency (U) | Mean: nan, Std: nan
2025-07-08 09:19:38,529 - Server_DefaultID - INFO - New best personalized accuracy: 79.78%
2025-07-08 09:19:38,529 - Server_DefaultID - INFO - --- Global Round 181/200 ---
2025-07-08 09:21:03,453 - Server_DefaultID - INFO - [Overhead Analysis] Avg. KL-Div computation time per batch: 0.2733 ms
2025-07-08 09:21:03,453 - Server_DefaultID - INFO - [Overhead Analysis] Communication overhead per client for alpha_report: 40 bytes
2025-07-08 09:21:03,474 - Server_DefaultID - INFO - Global Prior Alpha Stats: Min=1.26, Max=1.33, Mean=1.30
2025-07-08 09:21:03,478 - Server_DefaultID - INFO - --- Global Round 182/200 ---
2025-07-08 09:23:07,001 - Server_DefaultID - INFO - [Overhead Analysis] Avg. KL-Div computation time per batch: 0.2698 ms
2025-07-08 09:23:07,001 - Server_DefaultID - INFO - [Overhead Analysis] Communication overhead per client for alpha_report: 40 bytes
2025-07-08 09:23:07,029 - Server_DefaultID - INFO - Global Prior Alpha Stats: Min=1.25, Max=1.39, Mean=1.30
2025-07-08 09:23:07,033 - Server_DefaultID - INFO - --- Global Round 183/200 ---
2025-07-08 09:24:39,793 - Server_DefaultID - INFO - [Overhead Analysis] Avg. KL-Div computation time per batch: 0.2733 ms
2025-07-08 09:24:39,793 - Server_DefaultID - INFO - [Overhead Analysis] Communication overhead per client for alpha_report: 40 bytes
2025-07-08 09:24:39,818 - Server_DefaultID - INFO - Global Prior Alpha Stats: Min=1.25, Max=1.39, Mean=1.30
2025-07-08 09:24:39,823 - Server_DefaultID - INFO - --- Global Round 184/200 ---
2025-07-08 09:26:09,483 - Server_DefaultID - INFO - [Overhead Analysis] Avg. KL-Div computation time per batch: 0.2704 ms
2025-07-08 09:26:09,483 - Server_DefaultID - INFO - [Overhead Analysis] Communication overhead per client for alpha_report: 40 bytes
2025-07-08 09:26:09,504 - Server_DefaultID - INFO - Global Prior Alpha Stats: Min=1.25, Max=1.35, Mean=1.30
2025-07-08 09:26:09,507 - Server_DefaultID - INFO - --- Global Round 185/200 ---
2025-07-08 09:28:10,043 - Server_DefaultID - INFO - [Overhead Analysis] Avg. KL-Div computation time per batch: 0.2705 ms
2025-07-08 09:28:10,043 - Server_DefaultID - INFO - [Overhead Analysis] Communication overhead per client for alpha_report: 40 bytes
2025-07-08 09:28:10,067 - Server_DefaultID - INFO - Global Prior Alpha Stats: Min=1.25, Max=1.36, Mean=1.30
2025-07-08 09:28:10,071 - Server_DefaultID - INFO - --- Global Round 186/200 ---
2025-07-08 09:30:17,451 - Server_DefaultID - INFO - [Overhead Analysis] Avg. KL-Div computation time per batch: 0.2762 ms
2025-07-08 09:30:17,452 - Server_DefaultID - INFO - [Overhead Analysis] Communication overhead per client for alpha_report: 40 bytes
2025-07-08 09:30:17,479 - Server_DefaultID - INFO - Global Prior Alpha Stats: Min=1.25, Max=1.35, Mean=1.30
2025-07-08 09:30:17,483 - Server_DefaultID - INFO - --- Global Round 187/200 ---
2025-07-08 09:32:35,349 - Server_DefaultID - INFO - [Overhead Analysis] Avg. KL-Div computation time per batch: 0.2726 ms
2025-07-08 09:32:35,349 - Server_DefaultID - INFO - [Overhead Analysis] Communication overhead per client for alpha_report: 40 bytes
2025-07-08 09:32:35,376 - Server_DefaultID - INFO - Global Prior Alpha Stats: Min=1.26, Max=1.39, Mean=1.30
2025-07-08 09:32:35,380 - Server_DefaultID - INFO - --- Global Round 188/200 ---
2025-07-08 09:34:55,250 - Server_DefaultID - INFO - [Overhead Analysis] Avg. KL-Div computation time per batch: 0.2694 ms
2025-07-08 09:34:55,250 - Server_DefaultID - INFO - [Overhead Analysis] Communication overhead per client for alpha_report: 40 bytes
2025-07-08 09:34:55,284 - Server_DefaultID - INFO - Global Prior Alpha Stats: Min=1.27, Max=1.34, Mean=1.30
2025-07-08 09:34:55,289 - Server_DefaultID - INFO - --- Global Round 189/200 ---
2025-07-08 09:36:44,954 - Server_DefaultID - INFO - [Overhead Analysis] Avg. KL-Div computation time per batch: 0.2702 ms
2025-07-08 09:36:44,954 - Server_DefaultID - INFO - [Overhead Analysis] Communication overhead per client for alpha_report: 40 bytes
2025-07-08 09:36:44,977 - Server_DefaultID - INFO - Global Prior Alpha Stats: Min=1.26, Max=1.37, Mean=1.30
2025-07-08 09:36:44,980 - Server_DefaultID - INFO - --- Global Round 190/200 ---
2025-07-08 09:38:27,032 - Server_DefaultID - INFO - [Overhead Analysis] Avg. KL-Div computation time per batch: 0.2752 ms
2025-07-08 09:38:27,032 - Server_DefaultID - INFO - [Overhead Analysis] Communication overhead per client for alpha_report: 40 bytes
2025-07-08 09:38:27,053 - Server_DefaultID - INFO - Global Prior Alpha Stats: Min=1.25, Max=1.35, Mean=1.30
2025-07-08 09:38:27,056 - Server_DefaultID - INFO - --- Global Round 191/200 ---
2025-07-08 09:40:30,420 - Server_DefaultID - INFO - [Overhead Analysis] Avg. KL-Div computation time per batch: 0.2714 ms
2025-07-08 09:40:30,420 - Server_DefaultID - INFO - [Overhead Analysis] Communication overhead per client for alpha_report: 40 bytes
2025-07-08 09:40:30,444 - Server_DefaultID - INFO - Global Prior Alpha Stats: Min=1.26, Max=1.36, Mean=1.30
2025-07-08 09:40:30,448 - Server_DefaultID - INFO - --- Global Round 192/200 ---
2025-07-08 09:42:35,722 - Server_DefaultID - INFO - [Overhead Analysis] Avg. KL-Div computation time per batch: 0.2757 ms
2025-07-08 09:42:35,722 - Server_DefaultID - INFO - [Overhead Analysis] Communication overhead per client for alpha_report: 40 bytes
2025-07-08 09:42:35,747 - Server_DefaultID - INFO - Global Prior Alpha Stats: Min=1.25, Max=1.36, Mean=1.30
2025-07-08 09:42:35,751 - Server_DefaultID - INFO - --- Global Round 193/200 ---
2025-07-08 09:44:33,422 - Server_DefaultID - INFO - [Overhead Analysis] Avg. KL-Div computation time per batch: 0.2655 ms
2025-07-08 09:44:33,422 - Server_DefaultID - INFO - [Overhead Analysis] Communication overhead per client for alpha_report: 40 bytes
2025-07-08 09:44:33,446 - Server_DefaultID - INFO - Global Prior Alpha Stats: Min=1.25, Max=1.34, Mean=1.30
2025-07-08 09:44:33,450 - Server_DefaultID - INFO - --- Global Round 194/200 ---
2025-07-08 09:46:29,458 - Server_DefaultID - INFO - [Overhead Analysis] Avg. KL-Div computation time per batch: 0.2667 ms
2025-07-08 09:46:29,458 - Server_DefaultID - INFO - [Overhead Analysis] Communication overhead per client for alpha_report: 40 bytes
2025-07-08 09:46:29,484 - Server_DefaultID - INFO - Global Prior Alpha Stats: Min=1.26, Max=1.33, Mean=1.30
2025-07-08 09:46:29,487 - Server_DefaultID - INFO - --- Global Round 195/200 ---
2025-07-08 09:48:16,774 - Server_DefaultID - INFO - [Overhead Analysis] Avg. KL-Div computation time per batch: 0.2713 ms
2025-07-08 09:48:16,774 - Server_DefaultID - INFO - [Overhead Analysis] Communication overhead per client for alpha_report: 40 bytes
2025-07-08 09:48:16,799 - Server_DefaultID - INFO - Global Prior Alpha Stats: Min=1.26, Max=1.36, Mean=1.30
2025-07-08 09:48:16,803 - Server_DefaultID - INFO - --- Global Round 196/200 ---
2025-07-08 09:50:05,249 - Server_DefaultID - INFO - [Overhead Analysis] Avg. KL-Div computation time per batch: 0.2696 ms
2025-07-08 09:50:05,249 - Server_DefaultID - INFO - [Overhead Analysis] Communication overhead per client for alpha_report: 40 bytes
2025-07-08 09:50:05,273 - Server_DefaultID - INFO - Global Prior Alpha Stats: Min=1.25, Max=1.35, Mean=1.30
2025-07-08 09:50:05,276 - Server_DefaultID - INFO - --- Global Round 197/200 ---
2025-07-08 09:52:01,818 - Server_DefaultID - INFO - [Overhead Analysis] Avg. KL-Div computation time per batch: 0.2694 ms
2025-07-08 09:52:01,819 - Server_DefaultID - INFO - [Overhead Analysis] Communication overhead per client for alpha_report: 40 bytes
2025-07-08 09:52:01,845 - Server_DefaultID - INFO - Global Prior Alpha Stats: Min=1.27, Max=1.38, Mean=1.30
2025-07-08 09:52:01,849 - Server_DefaultID - INFO - --- Global Round 198/200 ---
2025-07-08 09:54:03,355 - Server_DefaultID - INFO - [Overhead Analysis] Avg. KL-Div computation time per batch: 0.2683 ms
2025-07-08 09:54:03,355 - Server_DefaultID - INFO - [Overhead Analysis] Communication overhead per client for alpha_report: 40 bytes
2025-07-08 09:54:03,380 - Server_DefaultID - INFO - Global Prior Alpha Stats: Min=1.25, Max=1.40, Mean=1.30
2025-07-08 09:54:03,384 - Server_DefaultID - INFO - --- Global Round 199/200 ---
2025-07-08 09:56:15,237 - Server_DefaultID - INFO - [Overhead Analysis] Avg. KL-Div computation time per batch: 0.2719 ms
2025-07-08 09:56:15,237 - Server_DefaultID - INFO - [Overhead Analysis] Communication overhead per client for alpha_report: 40 bytes
2025-07-08 09:56:15,261 - Server_DefaultID - INFO - Global Prior Alpha Stats: Min=1.27, Max=1.36, Mean=1.30
2025-07-08 09:56:15,265 - Server_DefaultID - INFO - --- Global Round 200/200 ---
2025-07-08 09:58:29,424 - Server_DefaultID - INFO - [Overhead Analysis] Avg. KL-Div computation time per batch: 0.2712 ms
2025-07-08 09:58:29,424 - Server_DefaultID - INFO - [Overhead Analysis] Communication overhead per client for alpha_report: 40 bytes
2025-07-08 09:58:29,453 - Server_DefaultID - INFO - Global Prior Alpha Stats: Min=1.26, Max=1.35, Mean=1.30
2025-07-08 09:58:29,457 - Server_DefaultID - INFO - --- Evaluating models at round 200 with Advanced Uncertainty Metrics ---
2025-07-08 09:59:52,524 - Server_DefaultID - INFO - [Metric 1] Personalized Accuracy | Mean: 81.15%, Std: 7.72, Min: 61.90, Max: 100.00
2025-07-08 09:59:52,524 - Server_DefaultID - INFO - [Metric 1] Personalized Brier Score | Mean: 0.0292, Std: 0.0100
2025-07-08 09:59:52,524 - Server_DefaultID - INFO - [Metric 1] Personalized ECE | Mean: 0.1600, Std: 0.0502
2025-07-08 09:59:52,524 - Server_DefaultID - INFO - [Metric 2] Epistemic Fidelity (Spearman Corr) | Mean: 0.2954, Std: 0.1603
2025-07-08 09:59:52,525 - Server_DefaultID - INFO - [Metric 3] Aleatoric Consistency (U) | Mean: nan, Std: nan
2025-07-08 09:59:52,525 - Server_DefaultID - INFO - New best personalized accuracy: 81.15%
2025-07-08 09:59:52,525 - Server_DefaultID - INFO - Training completed. Best personalized accuracy: 81.15%
Initialized FedUG V2 Server with 100 clients
Training FedUgV2 with model cifaredl on cifar10 for 100 clients.
Hyperparameters: LR=0.01, WD=0.0005, Local Epochs=5, Global Rounds=200
Method took (23337.03) total seconds for all rounds.
