Training pFedFDA with model cifarnet on cifar10 for 100 clients.
Hyperparameters: LR=0.01, WD=0.0005, Local Epochs=5, Global Rounds=200
Round [1/200]	 Train Loss [1.6771]	 Train Acc [48.18]	 Train Time [46.57]
Round [2/200]	 Train Loss [1.3049]	 Train Acc [54.18]	 Train Time [33.77]
Round [3/200]	 Train Loss [1.0289]	 Train Acc [62.84]	 Train Time [35.22]
Round [4/200]	 Train Loss [0.9102]	 Train Acc [67.94]	 Train Time [44.43]
Round [5/200]	 Train Loss [0.9112]	 Train Acc [67.95]	 Train Time [39.26]
Round [6/200]	 Train Loss [0.8550]	 Train Acc [70.05]	 Train Time [30.32]
Round [7/200]	 Train Loss [0.7711]	 Train Acc [72.75]	 Train Time [39.74]
Round [8/200]	 Train Loss [0.7228]	 Train Acc [74.83]	 Train Time [32.09]
Round [9/200]	 Train Loss [0.6626]	 Train Acc [77.08]	 Train Time [31.57]
Round [10/200]	 Train Loss [0.6258]	 Train Acc [78.37]	 Train Time [41.52]
Round [11/200]	 Train Loss [0.6489]	 Train Acc [77.67]	 Train Time [29.34]
Round [12/200]	 Train Loss [0.5965]	 Train Acc [79.77]	 Train Time [32.00]
Round [13/200]	 Train Loss [0.4856]	 Train Acc [83.76]	 Train Time [34.64]
Round [14/200]	 Train Loss [0.5101]	 Train Acc [82.64]	 Train Time [46.75]
Round [15/200]	 Train Loss [0.4421]	 Train Acc [85.49]	 Train Time [24.48]
Round [16/200]	 Train Loss [0.4961]	 Train Acc [83.21]	 Train Time [56.88]
Round [17/200]	 Train Loss [0.4718]	 Train Acc [84.24]	 Train Time [30.60]
Round [18/200]	 Train Loss [0.4178]	 Train Acc [86.14]	 Train Time [34.35]
Round [19/200]	 Train Loss [0.4088]	 Train Acc [86.68]	 Train Time [34.24]
Round [20/200]	 Train Loss [0.3654]	 Train Acc [88.01]	 Train Time [40.21]
Round [21/200]	 Train Loss [0.4031]	 Train Acc [86.63]	 Train Time [35.72]
Round [22/200]	 Train Loss [0.3857]	 Train Acc [87.28]	 Train Time [45.27]
Round [23/200]	 Train Loss [0.3584]	 Train Acc [88.18]	 Train Time [38.95]
Round [24/200]	 Train Loss [0.3561]	 Train Acc [88.50]	 Train Time [38.92]
Round [25/200]	 Train Loss [0.3785]	 Train Acc [87.68]	 Train Time [34.97]
Round [26/200]	 Train Loss [0.3481]	 Train Acc [88.63]	 Train Time [36.26]
Round [27/200]	 Train Loss [0.3721]	 Train Acc [88.21]	 Train Time [30.72]
Round [28/200]	 Train Loss [0.3195]	 Train Acc [90.02]	 Train Time [40.54]
Round [29/200]	 Train Loss [0.3236]	 Train Acc [89.52]	 Train Time [37.59]
Round [30/200]	 Train Loss [0.3185]	 Train Acc [89.80]	 Train Time [52.33]
Round [31/200]	 Train Loss [0.3172]	 Train Acc [89.70]	 Train Time [47.47]
Round [32/200]	 Train Loss [0.3001]	 Train Acc [90.46]	 Train Time [40.19]
Round [33/200]	 Train Loss [0.3117]	 Train Acc [89.98]	 Train Time [38.05]
Round [34/200]	 Train Loss [0.3021]	 Train Acc [90.30]	 Train Time [40.90]
Round [35/200]	 Train Loss [0.2827]	 Train Acc [90.92]	 Train Time [45.77]
Round [36/200]	 Train Loss [0.3060]	 Train Acc [90.22]	 Train Time [30.05]
Round [37/200]	 Train Loss [0.2895]	 Train Acc [90.79]	 Train Time [41.83]
Round [38/200]	 Train Loss [0.2848]	 Train Acc [90.84]	 Train Time [34.29]
Round [39/200]	 Train Loss [0.2813]	 Train Acc [91.02]	 Train Time [53.31]
Round [40/200]	 Train Loss [0.2879]	 Train Acc [90.72]	 Train Time [38.68]
Round [41/200]	 Train Loss [0.2701]	 Train Acc [91.36]	 Train Time [38.81]
Round [42/200]	 Train Loss [0.2531]	 Train Acc [92.04]	 Train Time [31.86]
Round [43/200]	 Train Loss [0.2683]	 Train Acc [91.51]	 Train Time [37.30]
Round [44/200]	 Train Loss [0.2484]	 Train Acc [91.91]	 Train Time [38.05]
Round [45/200]	 Train Loss [0.2453]	 Train Acc [92.23]	 Train Time [34.00]
Round [46/200]	 Train Loss [0.2380]	 Train Acc [92.56]	 Train Time [31.27]
Round [47/200]	 Train Loss [0.2655]	 Train Acc [91.46]	 Train Time [41.07]
Round [48/200]	 Train Loss [0.2389]	 Train Acc [92.41]	 Train Time [42.05]
Round [49/200]	 Train Loss [0.2430]	 Train Acc [92.20]	 Train Time [25.67]
Round [50/200]	 Train Loss [0.2329]	 Train Acc [92.59]	 Train Time [51.20]
Round [51/200]	 Train Loss [0.2117]	 Train Acc [93.37]	 Train Time [28.06]
Round [52/200]	 Train Loss [0.2450]	 Train Acc [92.24]	 Train Time [37.07]
Round [53/200]	 Train Loss [0.2424]	 Train Acc [92.34]	 Train Time [43.42]
Round [54/200]	 Train Loss [0.2303]	 Train Acc [92.65]	 Train Time [40.74]
Round [55/200]	 Train Loss [0.2253]	 Train Acc [92.71]	 Train Time [33.05]
Round [56/200]	 Train Loss [0.2307]	 Train Acc [92.71]	 Train Time [36.45]
Round [57/200]	 Train Loss [0.2145]	 Train Acc [93.28]	 Train Time [34.70]
Round [58/200]	 Train Loss [0.2337]	 Train Acc [92.63]	 Train Time [37.18]
Round [59/200]	 Train Loss [0.2337]	 Train Acc [92.68]	 Train Time [24.84]
Round [60/200]	 Train Loss [0.2191]	 Train Acc [93.14]	 Train Time [43.18]
Round [61/200]	 Train Loss [0.2135]	 Train Acc [93.29]	 Train Time [39.81]
Round [62/200]	 Train Loss [0.2097]	 Train Acc [93.44]	 Train Time [42.36]
Round [63/200]	 Train Loss [0.1959]	 Train Acc [93.83]	 Train Time [35.61]
Round [64/200]	 Train Loss [0.2110]	 Train Acc [93.32]	 Train Time [35.08]
Round [65/200]	 Train Loss [0.2008]	 Train Acc [93.59]	 Train Time [33.76]
Round [66/200]	 Train Loss [0.2144]	 Train Acc [93.16]	 Train Time [35.84]
Round [67/200]	 Train Loss [0.2094]	 Train Acc [93.44]	 Train Time [32.83]
Round [68/200]	 Train Loss [0.1974]	 Train Acc [93.78]	 Train Time [41.87]
Round [69/200]	 Train Loss [0.2081]	 Train Acc [93.58]	 Train Time [32.69]
Round [70/200]	 Train Loss [0.1865]	 Train Acc [94.16]	 Train Time [33.13]
Round [71/200]	 Train Loss [0.1817]	 Train Acc [94.38]	 Train Time [23.32]
Round [72/200]	 Train Loss [0.2121]	 Train Acc [93.11]	 Train Time [17.57]
Round [73/200]	 Train Loss [0.1973]	 Train Acc [93.77]	 Train Time [40.16]
Round [74/200]	 Train Loss [0.1953]	 Train Acc [93.86]	 Train Time [39.69]
Round [75/200]	 Train Loss [0.2023]	 Train Acc [93.57]	 Train Time [41.52]
Round [76/200]	 Train Loss [0.2018]	 Train Acc [93.78]	 Train Time [32.28]
Round [77/200]	 Train Loss [0.1864]	 Train Acc [94.15]	 Train Time [38.25]
Round [78/200]	 Train Loss [0.1792]	 Train Acc [94.46]	 Train Time [44.65]
Round [79/200]	 Train Loss [0.1804]	 Train Acc [94.28]	 Train Time [44.61]
Round [80/200]	 Train Loss [0.1881]	 Train Acc [94.09]	 Train Time [41.76]
Round [81/200]	 Train Loss [0.1719]	 Train Acc [94.70]	 Train Time [35.42]
Round [82/200]	 Train Loss [0.1890]	 Train Acc [93.99]	 Train Time [43.52]
Round [83/200]	 Train Loss [0.1856]	 Train Acc [94.15]	 Train Time [25.17]
Round [84/200]	 Train Loss [0.1781]	 Train Acc [94.53]	 Train Time [37.26]
Round [85/200]	 Train Loss [0.1591]	 Train Acc [95.14]	 Train Time [41.47]
Round [86/200]	 Train Loss [0.1735]	 Train Acc [94.63]	 Train Time [28.29]
Round [87/200]	 Train Loss [0.1626]	 Train Acc [95.04]	 Train Time [38.90]
Round [88/200]	 Train Loss [0.1755]	 Train Acc [94.59]	 Train Time [29.74]
Round [89/200]	 Train Loss [0.1607]	 Train Acc [95.10]	 Train Time [36.38]
Round [90/200]	 Train Loss [0.1855]	 Train Acc [94.25]	 Train Time [32.24]
Round [91/200]	 Train Loss [0.1946]	 Train Acc [93.92]	 Train Time [25.98]
Round [92/200]	 Train Loss [0.1582]	 Train Acc [95.21]	 Train Time [37.77]
Round [93/200]	 Train Loss [0.1764]	 Train Acc [94.44]	 Train Time [30.15]
Round [94/200]	 Train Loss [0.1548]	 Train Acc [95.24]	 Train Time [44.68]
Round [95/200]	 Train Loss [0.1602]	 Train Acc [95.05]	 Train Time [31.18]
Round [96/200]	 Train Loss [0.1626]	 Train Acc [94.86]	 Train Time [37.53]
Round [97/200]	 Train Loss [0.1725]	 Train Acc [94.56]	 Train Time [43.50]
Round [98/200]	 Train Loss [0.1688]	 Train Acc [94.69]	 Train Time [37.44]
Round [99/200]	 Train Loss [0.1641]	 Train Acc [94.97]	 Train Time [43.76]
Round [100/200]	 Train Loss [0.1613]	 Train Acc [94.83]	 Train Time [30.63]
Round [101/200]	 Train Loss [0.1440]	 Train Acc [95.67]	 Train Time [30.33]
Round [102/200]	 Train Loss [0.1798]	 Train Acc [94.38]	 Train Time [22.21]
Round [103/200]	 Train Loss [0.1620]	 Train Acc [94.95]	 Train Time [45.77]
Round [104/200]	 Train Loss [0.1514]	 Train Acc [95.41]	 Train Time [30.07]
Round [105/200]	 Train Loss [0.1548]	 Train Acc [95.34]	 Train Time [44.38]
Round [106/200]	 Train Loss [0.1442]	 Train Acc [95.71]	 Train Time [31.64]
Round [107/200]	 Train Loss [0.1514]	 Train Acc [95.44]	 Train Time [33.64]
Round [108/200]	 Train Loss [0.1533]	 Train Acc [95.22]	 Train Time [42.43]
Round [109/200]	 Train Loss [0.1554]	 Train Acc [95.19]	 Train Time [38.72]
Round [110/200]	 Train Loss [0.1315]	 Train Acc [95.90]	 Train Time [37.13]
Round [111/200]	 Train Loss [0.1343]	 Train Acc [95.85]	 Train Time [41.30]
Round [112/200]	 Train Loss [0.1462]	 Train Acc [95.49]	 Train Time [47.06]
Round [113/200]	 Train Loss [0.1391]	 Train Acc [95.76]	 Train Time [32.27]
Round [114/200]	 Train Loss [0.1525]	 Train Acc [95.30]	 Train Time [35.84]
Round [115/200]	 Train Loss [0.1438]	 Train Acc [95.69]	 Train Time [31.39]
Round [116/200]	 Train Loss [0.1480]	 Train Acc [95.47]	 Train Time [33.72]
Round [117/200]	 Train Loss [0.1561]	 Train Acc [95.15]	 Train Time [39.19]
Round [118/200]	 Train Loss [0.1536]	 Train Acc [95.23]	 Train Time [39.55]
Round [119/200]	 Train Loss [0.1412]	 Train Acc [95.70]	 Train Time [32.38]
Round [120/200]	 Train Loss [0.1368]	 Train Acc [95.78]	 Train Time [48.82]
Round [121/200]	 Train Loss [0.1517]	 Train Acc [95.29]	 Train Time [42.19]
Round [122/200]	 Train Loss [0.1518]	 Train Acc [95.43]	 Train Time [35.53]
Round [123/200]	 Train Loss [0.1384]	 Train Acc [95.75]	 Train Time [38.37]
Round [124/200]	 Train Loss [0.1474]	 Train Acc [95.42]	 Train Time [33.47]
Round [125/200]	 Train Loss [0.1341]	 Train Acc [95.97]	 Train Time [31.62]
Round [126/200]	 Train Loss [0.1441]	 Train Acc [95.55]	 Train Time [33.94]
Round [127/200]	 Train Loss [0.1396]	 Train Acc [95.78]	 Train Time [38.79]
Round [128/200]	 Train Loss [0.1413]	 Train Acc [95.66]	 Train Time [43.69]
Round [129/200]	 Train Loss [0.1301]	 Train Acc [96.07]	 Train Time [45.93]
Round [130/200]	 Train Loss [0.1368]	 Train Acc [95.81]	 Train Time [30.88]
Round [131/200]	 Train Loss [0.1310]	 Train Acc [95.97]	 Train Time [33.35]
Round [132/200]	 Train Loss [0.1289]	 Train Acc [96.00]	 Train Time [41.29]
Round [133/200]	 Train Loss [0.1345]	 Train Acc [95.85]	 Train Time [30.68]
Round [134/200]	 Train Loss [0.1532]	 Train Acc [95.29]	 Train Time [36.46]
Round [135/200]	 Train Loss [0.1479]	 Train Acc [95.47]	 Train Time [30.93]
Round [136/200]	 Train Loss [0.1375]	 Train Acc [95.77]	 Train Time [28.65]
Round [137/200]	 Train Loss [0.1422]	 Train Acc [95.57]	 Train Time [44.54]
Round [138/200]	 Train Loss [0.1277]	 Train Acc [96.16]	 Train Time [32.94]
Round [139/200]	 Train Loss [0.1390]	 Train Acc [95.71]	 Train Time [33.47]
Round [140/200]	 Train Loss [0.1318]	 Train Acc [96.12]	 Train Time [41.61]
Round [141/200]	 Train Loss [0.1315]	 Train Acc [96.07]	 Train Time [28.19]
Round [142/200]	 Train Loss [0.1311]	 Train Acc [96.00]	 Train Time [32.23]
Round [143/200]	 Train Loss [0.1344]	 Train Acc [95.95]	 Train Time [37.54]
Round [144/200]	 Train Loss [0.1277]	 Train Acc [96.06]	 Train Time [34.11]
Round [145/200]	 Train Loss [0.1354]	 Train Acc [95.88]	 Train Time [42.84]
Round [146/200]	 Train Loss [0.1374]	 Train Acc [95.84]	 Train Time [31.48]
Round [147/200]	 Train Loss [0.1111]	 Train Acc [96.74]	 Train Time [43.04]
Round [148/200]	 Train Loss [0.1278]	 Train Acc [96.14]	 Train Time [39.33]
Round [149/200]	 Train Loss [0.1306]	 Train Acc [96.02]	 Train Time [32.28]
Round [150/200]	 Train Loss [0.1287]	 Train Acc [96.05]	 Train Time [44.79]
Round [151/200]	 Train Loss [0.1231]	 Train Acc [96.22]	 Train Time [36.91]
Round [152/200]	 Train Loss [0.1377]	 Train Acc [95.64]	 Train Time [35.47]
Round [153/200]	 Train Loss [0.1340]	 Train Acc [95.91]	 Train Time [37.22]
Round [154/200]	 Train Loss [0.1090]	 Train Acc [96.84]	 Train Time [34.63]
Round [155/200]	 Train Loss [0.1369]	 Train Acc [95.86]	 Train Time [33.29]
Round [156/200]	 Train Loss [0.1196]	 Train Acc [96.43]	 Train Time [30.95]
Round [157/200]	 Train Loss [0.1151]	 Train Acc [96.61]	 Train Time [32.53]
Round [158/200]	 Train Loss [0.1169]	 Train Acc [96.52]	 Train Time [38.61]
Round [159/200]	 Train Loss [0.1121]	 Train Acc [96.68]	 Train Time [37.79]
Round [160/200]	 Train Loss [0.1167]	 Train Acc [96.54]	 Train Time [49.38]
Round [161/200]	 Train Loss [0.1267]	 Train Acc [96.17]	 Train Time [33.58]
Round [162/200]	 Train Loss [0.1280]	 Train Acc [96.07]	 Train Time [27.01]
Round [163/200]	 Train Loss [0.1257]	 Train Acc [96.19]	 Train Time [41.28]
Round [164/200]	 Train Loss [0.1196]	 Train Acc [96.37]	 Train Time [41.04]
Round [165/200]	 Train Loss [0.1243]	 Train Acc [96.15]	 Train Time [43.74]
Round [166/200]	 Train Loss [0.1167]	 Train Acc [96.51]	 Train Time [38.82]
Round [167/200]	 Train Loss [0.1150]	 Train Acc [96.49]	 Train Time [34.39]
Round [168/200]	 Train Loss [0.1222]	 Train Acc [96.34]	 Train Time [35.46]
Round [169/200]	 Train Loss [0.1185]	 Train Acc [96.43]	 Train Time [31.02]
Round [170/200]	 Train Loss [0.1256]	 Train Acc [96.11]	 Train Time [50.66]
Round [171/200]	 Train Loss [0.1219]	 Train Acc [96.33]	 Train Time [41.85]
Round [172/200]	 Train Loss [0.1106]	 Train Acc [96.60]	 Train Time [31.08]
Round [173/200]	 Train Loss [0.1064]	 Train Acc [96.77]	 Train Time [38.13]
Round [174/200]	 Train Loss [0.1193]	 Train Acc [96.42]	 Train Time [33.64]
Round [175/200]	 Train Loss [0.1220]	 Train Acc [96.30]	 Train Time [33.07]
Round [176/200]	 Train Loss [0.1244]	 Train Acc [96.14]	 Train Time [37.80]
Round [177/200]	 Train Loss [0.1137]	 Train Acc [96.59]	 Train Time [31.30]
Round [178/200]	 Train Loss [0.1143]	 Train Acc [96.56]	 Train Time [36.21]
Round [179/200]	 Train Loss [0.1177]	 Train Acc [96.44]	 Train Time [39.71]
Round [180/200]	 Train Loss [0.1175]	 Train Acc [96.58]	 Train Time [24.40]
Round [181/200]	 Train Loss [0.1091]	 Train Acc [96.81]	 Train Time [46.31]
Round [182/200]	 Train Loss [0.1121]	 Train Acc [96.59]	 Train Time [40.16]
Round [183/200]	 Train Loss [0.1185]	 Train Acc [96.42]	 Train Time [37.48]
Round [184/200]	 Train Loss [0.1125]	 Train Acc [96.67]	 Train Time [41.40]
Round [185/200]	 Train Loss [0.1145]	 Train Acc [96.44]	 Train Time [38.53]
Round [186/200]	 Train Loss [0.1102]	 Train Acc [96.72]	 Train Time [40.40]
Round [187/200]	 Train Loss [0.1030]	 Train Acc [97.04]	 Train Time [46.99]
Round [188/200]	 Train Loss [0.1128]	 Train Acc [96.77]	 Train Time [35.00]
Round [189/200]	 Train Loss [0.1170]	 Train Acc [96.49]	 Train Time [24.82]
Round [190/200]	 Train Loss [0.1052]	 Train Acc [96.80]	 Train Time [46.55]
Round [191/200]	 Train Loss [0.1080]	 Train Acc [96.73]	 Train Time [41.19]
Round [192/200]	 Train Loss [0.1066]	 Train Acc [96.88]	 Train Time [27.68]
Round [193/200]	 Train Loss [0.1057]	 Train Acc [96.90]	 Train Time [38.30]
Round [194/200]	 Train Loss [0.1085]	 Train Acc [96.72]	 Train Time [36.78]
Round [195/200]	 Train Loss [0.1046]	 Train Acc [96.79]	 Train Time [36.09]
Round [196/200]	 Train Loss [0.1136]	 Train Acc [96.51]	 Train Time [36.13]
Round [197/200]	 Train Loss [0.1082]	 Train Acc [96.88]	 Train Time [46.72]
Round [198/200]	 Train Loss [0.1043]	 Train Acc [96.93]	 Train Time [28.52]
Round [199/200]	 Train Loss [0.0998]	 Train Acc [97.01]	 Train Time [38.94]
--- Round [200/200] Evaluation ---
  [Calibration] Brier: 0.7156, ECE: 0.0233
  [OOD Detection] AUROC: 0.5137, FPR@95TPR: 0.9472
  [Main] Train Loss: 0.1017, Train Acc: 97.03%
  [Main] Test Loss: 1.5565, Test Acc: 40.84% (std: 16.08)
  [Time] Train: 127.67s, Round: 127.84s
Method took (37.43 +/- 8.96) seconds per training iteration (client train + server agg).
Method took (7510.56) total seconds for all rounds.
